[23:24:34] rep=   0  mem=6089.3MB  === runner start, market = 11 , reps_per_session = 25 ===
[23:24:34] rep=   1  mem=6089.3MB  rep start
[23:24:34] rep=   1  mem=6089.3MB  filter market_data
[23:24:34] rep=   1  mem=6134.6MB  sample ids
[23:24:34] rep=   1  mem=6134.7MB  left_join (many-to-many)
[23:24:35] rep=   1  mem=6180.0MB  estimate_choice_model: start
[23:24:42] rep=   1  mem=6262.6MB  estimate_choice_model: done
[23:24:42] rep=   1  mem=6262.6MB  compute per_rep + ch_*
[23:24:43] rep=   1  mem=6269.4MB  free big intermediates
[23:24:43] rep=   1  mem=6096.0MB  summarize_boot_rep
[23:24:43] rep=   1  mem=6096.0MB  fwrite csv
[23:24:43] rep=   1  mem=6096.0MB  rep done in 9.4s
[23:24:43] rep=   2  mem=6089.3MB  rep start
[23:24:44] rep=   2  mem=6089.3MB  filter market_data
[23:24:44] rep=   2  mem=6134.6MB  sample ids
[23:24:44] rep=   2  mem=6134.7MB  left_join (many-to-many)
[23:24:44] rep=   2  mem=6180.0MB  estimate_choice_model: start
[23:24:52] rep=   2  mem=6262.7MB  estimate_choice_model: done
[23:24:52] rep=   2  mem=6262.7MB  compute per_rep + ch_*
[23:24:52] rep=   2  mem=6269.4MB  free big intermediates
[23:24:52] rep=   2  mem=6096.0MB  summarize_boot_rep
[23:24:53] rep=   2  mem=6096.0MB  fwrite csv
[23:24:53] rep=   2  mem=6096.0MB  rep done in 9.5s
[23:24:53] rep=   3  mem=6089.3MB  rep start
[23:24:53] rep=   3  mem=6089.3MB  filter market_data
[23:24:53] rep=   3  mem=6134.6MB  sample ids
[23:24:54] rep=   3  mem=6134.7MB  left_join (many-to-many)
[23:24:54] rep=   3  mem=6180.0MB  estimate_choice_model: start
[23:25:01] rep=   3  mem=6262.5MB  estimate_choice_model: done
[23:25:01] rep=   3  mem=6262.5MB  compute per_rep + ch_*
[23:25:02] rep=   3  mem=6269.2MB  free big intermediates
[23:25:02] rep=   3  mem=6096.0MB  summarize_boot_rep
[23:25:02] rep=   3  mem=6096.0MB  fwrite csv
[23:25:02] rep=   3  mem=6096.0MB  rep done in 9.4s
[23:25:03] rep=   4  mem=6089.3MB  rep start
[23:25:03] rep=   4  mem=6089.3MB  filter market_data
[23:25:03] rep=   4  mem=6134.6MB  sample ids
[23:25:03] rep=   4  mem=6134.7MB  left_join (many-to-many)
[23:25:03] rep=   4  mem=6180.1MB  estimate_choice_model: start
[23:25:11] rep=   4  mem=6262.8MB  estimate_choice_model: done
[23:25:11] rep=   4  mem=6262.8MB  compute per_rep + ch_*
[23:25:11] rep=   4  mem=6269.5MB  free big intermediates
[23:25:11] rep=   4  mem=6096.0MB  summarize_boot_rep
[23:25:12] rep=   4  mem=6096.0MB  fwrite csv
[23:25:12] rep=   4  mem=6096.0MB  rep done in 9.6s
[23:25:12] rep=   5  mem=6089.3MB  rep start
[23:25:12] rep=   5  mem=6089.3MB  filter market_data
[23:25:13] rep=   5  mem=6134.6MB  sample ids
[23:25:13] rep=   5  mem=6134.7MB  left_join (many-to-many)
[23:25:13] rep=   5  mem=6180.1MB  estimate_choice_model: start
[23:25:21] rep=   5  mem=6262.7MB  estimate_choice_model: done
[23:25:21] rep=   5  mem=6262.7MB  compute per_rep + ch_*
[23:25:21] rep=   5  mem=6269.4MB  free big intermediates
[23:25:21] rep=   5  mem=6096.0MB  summarize_boot_rep
[23:25:22] rep=   5  mem=6096.0MB  fwrite csv
[23:25:22] rep=   5  mem=6096.0MB  rep done in 9.5s
[23:25:22] rep=   6  mem=6089.3MB  rep start
[23:25:22] rep=   6  mem=6089.3MB  filter market_data
[23:25:22] rep=   6  mem=6134.6MB  sample ids
[23:25:22] rep=   6  mem=6134.7MB  left_join (many-to-many)
[23:25:22] rep=   6  mem=6180.2MB  estimate_choice_model: start
[23:25:30] rep=   6  mem=6263.0MB  estimate_choice_model: done
[23:25:30] rep=   6  mem=6263.0MB  compute per_rep + ch_*
[23:25:30] rep=   6  mem=6269.7MB  free big intermediates
[23:25:30] rep=   6  mem=6096.0MB  summarize_boot_rep
[23:25:31] rep=   6  mem=6096.0MB  fwrite csv
[23:25:31] rep=   6  mem=6096.0MB  rep done in 9.3s
[23:25:31] rep=   7  mem=6089.3MB  rep start
[23:25:31] rep=   7  mem=6089.3MB  filter market_data
[23:25:32] rep=   7  mem=6134.6MB  sample ids
[23:25:32] rep=   7  mem=6134.7MB  left_join (many-to-many)
[23:25:32] rep=   7  mem=6180.1MB  estimate_choice_model: start
[23:25:39] rep=   7  mem=6262.7MB  estimate_choice_model: done
[23:25:39] rep=   7  mem=6262.7MB  compute per_rep + ch_*
[23:25:40] rep=   7  mem=6269.4MB  free big intermediates
[23:25:40] rep=   7  mem=6096.0MB  summarize_boot_rep
[23:25:40] rep=   7  mem=6096.0MB  fwrite csv
[23:25:40] rep=   7  mem=6096.0MB  rep done in 9.2s
[23:25:41] rep=   8  mem=6089.3MB  rep start
[23:25:41] rep=   8  mem=6089.3MB  filter market_data
[23:25:41] rep=   8  mem=6134.6MB  sample ids
[23:25:41] rep=   8  mem=6134.7MB  left_join (many-to-many)
[23:25:41] rep=   8  mem=6180.1MB  estimate_choice_model: start
[23:25:49] rep=   8  mem=6262.7MB  estimate_choice_model: done
[23:25:49] rep=   8  mem=6262.7MB  compute per_rep + ch_*
[23:25:49] rep=   8  mem=6269.5MB  free big intermediates
[23:25:49] rep=   8  mem=6096.0MB  summarize_boot_rep
[23:25:50] rep=   8  mem=6096.0MB  fwrite csv
[23:25:50] rep=   8  mem=6096.0MB  rep done in 9.4s
[23:25:50] rep=   9  mem=6089.3MB  rep start
[23:25:50] rep=   9  mem=6089.3MB  filter market_data
[23:25:50] rep=   9  mem=6134.6MB  sample ids
[23:25:50] rep=   9  mem=6134.7MB  left_join (many-to-many)
[23:25:51] rep=   9  mem=6180.1MB  estimate_choice_model: start
[23:25:59] rep=   9  mem=6262.8MB  estimate_choice_model: done
[23:25:59] rep=   9  mem=6262.8MB  compute per_rep + ch_*
[23:25:59] rep=   9  mem=6269.5MB  free big intermediates
[23:25:59] rep=   9  mem=6096.0MB  summarize_boot_rep
[23:26:00] rep=   9  mem=6096.0MB  fwrite csv
[23:26:00] rep=   9  mem=6096.0MB  rep done in 10.0s
[23:26:00] rep=  10  mem=6089.3MB  rep start
[23:26:00] rep=  10  mem=6089.3MB  filter market_data
[23:26:01] rep=  10  mem=6134.6MB  sample ids
[23:26:01] rep=  10  mem=6134.7MB  left_join (many-to-many)
[23:26:01] rep=  10  mem=6180.1MB  estimate_choice_model: start
[23:26:08] rep=  10  mem=6262.7MB  estimate_choice_model: done
[23:26:08] rep=  10  mem=6262.7MB  compute per_rep + ch_*
[23:26:09] rep=  10  mem=6269.4MB  free big intermediates
[23:26:09] rep=  10  mem=6096.0MB  summarize_boot_rep
[23:26:09] rep=  10  mem=6096.0MB  fwrite csv
[23:26:09] rep=  10  mem=6096.0MB  rep done in 9.3s
[23:26:10] rep=  11  mem=6089.3MB  rep start
[23:26:10] rep=  11  mem=6089.3MB  filter market_data
[23:26:10] rep=  11  mem=6134.6MB  sample ids
[23:26:10] rep=  11  mem=6134.7MB  left_join (many-to-many)
[23:26:10] rep=  11  mem=6180.1MB  estimate_choice_model: start
[23:26:18] rep=  11  mem=6262.8MB  estimate_choice_model: done
[23:26:18] rep=  11  mem=6262.8MB  compute per_rep + ch_*
[23:26:18] rep=  11  mem=6269.6MB  free big intermediates
[23:26:18] rep=  11  mem=6096.0MB  summarize_boot_rep
[23:26:19] rep=  11  mem=6096.0MB  fwrite csv
[23:26:19] rep=  11  mem=6096.0MB  rep done in 9.4s
[23:26:19] rep=  12  mem=6089.3MB  rep start
[23:26:19] rep=  12  mem=6089.3MB  filter market_data
[23:26:19] rep=  12  mem=6134.6MB  sample ids
[23:26:20] rep=  12  mem=6134.7MB  left_join (many-to-many)
[23:26:20] rep=  12  mem=6180.1MB  estimate_choice_model: start
[23:26:27] rep=  12  mem=6262.7MB  estimate_choice_model: done
[23:26:28] rep=  12  mem=6262.7MB  compute per_rep + ch_*
[23:26:28] rep=  12  mem=6269.4MB  free big intermediates
[23:26:28] rep=  12  mem=6096.0MB  summarize_boot_rep
[23:26:28] rep=  12  mem=6096.0MB  fwrite csv
[23:26:28] rep=  12  mem=6096.0MB  rep done in 9.5s
[23:26:29] rep=  13  mem=6089.3MB  rep start
[23:26:29] rep=  13  mem=6089.3MB  filter market_data
[23:26:29] rep=  13  mem=6134.6MB  sample ids
[23:26:29] rep=  13  mem=6134.7MB  left_join (many-to-many)
[23:26:29] rep=  13  mem=6180.0MB  estimate_choice_model: start
[23:26:37] rep=  13  mem=6262.6MB  estimate_choice_model: done
[23:26:37] rep=  13  mem=6262.6MB  compute per_rep + ch_*
[23:26:37] rep=  13  mem=6269.3MB  free big intermediates
[23:26:37] rep=  13  mem=6096.0MB  summarize_boot_rep
[23:26:38] rep=  13  mem=6096.0MB  fwrite csv
[23:26:38] rep=  13  mem=6096.0MB  rep done in 9.3s
[23:26:38] rep=  14  mem=6089.3MB  rep start
[23:26:38] rep=  14  mem=6089.3MB  filter market_data
[23:26:38] rep=  14  mem=6134.6MB  sample ids
[23:26:39] rep=  14  mem=6134.7MB  left_join (many-to-many)
[23:26:39] rep=  14  mem=6180.1MB  estimate_choice_model: start
[23:26:47] rep=  14  mem=6262.8MB  estimate_choice_model: done
[23:26:47] rep=  14  mem=6262.8MB  compute per_rep + ch_*
[23:26:47] rep=  14  mem=6269.5MB  free big intermediates
[23:26:47] rep=  14  mem=6096.0MB  summarize_boot_rep
[23:26:47] rep=  14  mem=6096.0MB  fwrite csv
[23:26:48] rep=  14  mem=6096.0MB  rep done in 9.6s
[23:26:48] rep=  15  mem=6089.3MB  rep start
[23:26:48] rep=  15  mem=6089.3MB  filter market_data
[23:26:48] rep=  15  mem=6134.6MB  sample ids
[23:26:48] rep=  15  mem=6134.7MB  left_join (many-to-many)
[23:26:48] rep=  15  mem=6180.1MB  estimate_choice_model: start
[23:26:57] rep=  15  mem=6262.8MB  estimate_choice_model: done
[23:26:57] rep=  15  mem=6262.8MB  compute per_rep + ch_*
[23:26:57] rep=  15  mem=6269.6MB  free big intermediates
[23:26:58] rep=  15  mem=6096.0MB  summarize_boot_rep
[23:26:58] rep=  15  mem=6096.0MB  fwrite csv
[23:26:58] rep=  15  mem=6096.0MB  rep done in 10.6s
[23:26:58] rep=  16  mem=6089.3MB  rep start
[23:26:59] rep=  16  mem=6089.3MB  filter market_data
[23:26:59] rep=  16  mem=6134.6MB  sample ids
[23:26:59] rep=  16  mem=6134.7MB  left_join (many-to-many)
[23:26:59] rep=  16  mem=6180.1MB  estimate_choice_model: start
[23:27:07] rep=  16  mem=6262.8MB  estimate_choice_model: done
[23:27:07] rep=  16  mem=6262.8MB  compute per_rep + ch_*
[23:27:07] rep=  16  mem=6269.6MB  free big intermediates
[23:27:08] rep=  16  mem=6096.0MB  summarize_boot_rep
[23:27:08] rep=  16  mem=6096.0MB  fwrite csv
[23:27:08] rep=  16  mem=6096.0MB  rep done in 9.9s
[23:27:08] rep=  17  mem=6089.3MB  rep start
[23:27:08] rep=  17  mem=6089.3MB  filter market_data
[23:27:09] rep=  17  mem=6134.6MB  sample ids
[23:27:09] rep=  17  mem=6134.7MB  left_join (many-to-many)
[23:27:09] rep=  17  mem=6180.0MB  estimate_choice_model: start
[23:27:17] rep=  17  mem=6262.7MB  estimate_choice_model: done
[23:27:17] rep=  17  mem=6262.7MB  compute per_rep + ch_*
[23:27:17] rep=  17  mem=6269.4MB  free big intermediates
[23:27:17] rep=  17  mem=6096.0MB  summarize_boot_rep
[23:27:18] rep=  17  mem=6096.0MB  fwrite csv
[23:27:18] rep=  17  mem=6096.0MB  rep done in 9.5s
[23:27:18] rep=  18  mem=6089.3MB  rep start
[23:27:18] rep=  18  mem=6089.3MB  filter market_data
[23:27:18] rep=  18  mem=6134.6MB  sample ids
[23:27:18] rep=  18  mem=6134.7MB  left_join (many-to-many)
[23:27:19] rep=  18  mem=6180.1MB  estimate_choice_model: start
[23:27:26] rep=  18  mem=6262.7MB  estimate_choice_model: done
[23:27:27] rep=  18  mem=6262.7MB  compute per_rep + ch_*
[23:27:27] rep=  18  mem=6269.4MB  free big intermediates
[23:27:27] rep=  18  mem=6096.0MB  summarize_boot_rep
[23:27:27] rep=  18  mem=6096.0MB  fwrite csv
[23:27:27] rep=  18  mem=6096.0MB  rep done in 9.5s
[23:27:28] rep=  19  mem=6089.3MB  rep start
[23:27:28] rep=  19  mem=6089.3MB  filter market_data
[23:27:28] rep=  19  mem=6134.6MB  sample ids
[23:27:28] rep=  19  mem=6134.7MB  left_join (many-to-many)
[23:27:28] rep=  19  mem=6180.1MB  estimate_choice_model: start
[23:27:36] rep=  19  mem=6262.7MB  estimate_choice_model: done
[23:27:36] rep=  19  mem=6262.7MB  compute per_rep + ch_*
[23:27:36] rep=  19  mem=6269.4MB  free big intermediates
[23:27:36] rep=  19  mem=6096.0MB  summarize_boot_rep
[23:27:37] rep=  19  mem=6096.0MB  fwrite csv
[23:27:37] rep=  19  mem=6096.0MB  rep done in 9.4s
[23:27:37] rep=   0  mem=6089.3MB  === session quota of 25 reps reached, exiting ===
[07:05:59] rep=   0  mem=6087.8MB  === runner start, market = 11 , reps_per_session = 25 ===
[07:06:00] rep=  20  mem=6087.8MB  rep start
[07:06:00] rep=  20  mem=6087.8MB  filter market_data
[07:06:00] rep=  20  mem=6133.1MB  sample ids
[07:06:00] rep=  20  mem=6133.3MB  left_join (many-to-many)
[07:06:00] rep=  20  mem=6178.7MB  estimate_choice_model: start
[07:06:08] rep=  20  mem=6262.3MB  estimate_choice_model: done
[07:06:08] rep=  20  mem=6262.3MB  compute per_rep + ch_*
[07:06:08] rep=  20  mem=6269.0MB  free big intermediates
[07:06:08] rep=  20  mem=6095.6MB  summarize_boot_rep
[07:06:09] rep=  20  mem=6095.9MB  fwrite csv
[07:06:09] rep=  20  mem=6095.9MB  rep done in 9.5s
[07:06:09] rep=  21  mem=6089.3MB  rep start
[07:06:09] rep=  21  mem=6089.3MB  filter market_data
[07:06:10] rep=  21  mem=6134.6MB  sample ids
[07:06:10] rep=  21  mem=6134.7MB  left_join (many-to-many)
[07:06:10] rep=  21  mem=6180.0MB  estimate_choice_model: start
[07:06:17] rep=  21  mem=6262.5MB  estimate_choice_model: done
[07:06:17] rep=  21  mem=6262.5MB  compute per_rep + ch_*
[07:06:18] rep=  21  mem=6269.3MB  free big intermediates
[07:06:18] rep=  21  mem=6096.0MB  summarize_boot_rep
[07:06:18] rep=  21  mem=6096.0MB  fwrite csv
[07:06:18] rep=  21  mem=6096.0MB  rep done in 9.2s
[07:06:18] rep=  22  mem=6089.3MB  rep start
[07:06:19] rep=  22  mem=6089.3MB  filter market_data
[07:06:19] rep=  22  mem=6134.6MB  sample ids
[07:06:19] rep=  22  mem=6134.7MB  left_join (many-to-many)
[07:06:19] rep=  22  mem=6180.1MB  estimate_choice_model: start
[07:06:27] rep=  22  mem=6262.7MB  estimate_choice_model: done
[07:06:27] rep=  22  mem=6262.7MB  compute per_rep + ch_*
[07:06:27] rep=  22  mem=6269.5MB  free big intermediates
[07:06:27] rep=  22  mem=6096.0MB  summarize_boot_rep
[07:06:27] rep=  22  mem=6096.0MB  fwrite csv
[07:06:28] rep=  22  mem=6096.0MB  rep done in 9.2s
[07:06:28] rep=  23  mem=6089.3MB  rep start
[07:06:28] rep=  23  mem=6089.3MB  filter market_data
[07:06:28] rep=  23  mem=6134.6MB  sample ids
[07:06:28] rep=  23  mem=6134.7MB  left_join (many-to-many)
[07:06:28] rep=  23  mem=6180.0MB  estimate_choice_model: start
[07:06:36] rep=  23  mem=6262.6MB  estimate_choice_model: done
[07:06:36] rep=  23  mem=6262.6MB  compute per_rep + ch_*
[07:06:36] rep=  23  mem=6269.3MB  free big intermediates
[07:06:36] rep=  23  mem=6096.0MB  summarize_boot_rep
[07:06:37] rep=  23  mem=6096.0MB  fwrite csv
[07:06:37] rep=  23  mem=6096.0MB  rep done in 9.3s
[07:06:37] rep=  24  mem=6089.3MB  rep start
[07:06:37] rep=  24  mem=6089.3MB  filter market_data
[07:06:38] rep=  24  mem=6134.6MB  sample ids
[07:06:38] rep=  24  mem=6134.7MB  left_join (many-to-many)
[07:06:38] rep=  24  mem=6180.0MB  estimate_choice_model: start
[07:06:45] rep=  24  mem=6262.5MB  estimate_choice_model: done
[07:06:45] rep=  24  mem=6262.5MB  compute per_rep + ch_*
[07:06:46] rep=  24  mem=6269.2MB  free big intermediates
[07:06:46] rep=  24  mem=6096.0MB  summarize_boot_rep
[07:06:46] rep=  24  mem=6096.0MB  fwrite csv
[07:06:47] rep=  24  mem=6096.0MB  rep done in 9.5s
[07:06:47] rep=  25  mem=6089.3MB  rep start
[07:06:47] rep=  25  mem=6089.3MB  filter market_data
[07:06:47] rep=  25  mem=6134.6MB  sample ids
[07:06:47] rep=  25  mem=6134.7MB  left_join (many-to-many)
[07:06:47] rep=  25  mem=6180.1MB  estimate_choice_model: start
[07:06:57] rep=  25  mem=6262.7MB  estimate_choice_model: done
[07:06:57] rep=  25  mem=6262.7MB  compute per_rep + ch_*
[07:06:57] rep=  25  mem=6269.4MB  free big intermediates
[07:06:58] rep=  25  mem=6096.0MB  summarize_boot_rep
[07:06:58] rep=  25  mem=6096.0MB  fwrite csv
[07:06:58] rep=  25  mem=6096.0MB  rep done in 11.4s
[07:06:58] rep=  26  mem=6089.3MB  rep start
[07:06:58] rep=  26  mem=6089.3MB  filter market_data
[07:06:59] rep=  26  mem=6134.6MB  sample ids
[07:06:59] rep=  26  mem=6134.7MB  left_join (many-to-many)
[07:06:59] rep=  26  mem=6180.1MB  estimate_choice_model: start
[07:07:07] rep=  26  mem=6262.8MB  estimate_choice_model: done
[07:07:07] rep=  26  mem=6262.8MB  compute per_rep + ch_*
[07:07:07] rep=  26  mem=6269.6MB  free big intermediates
[07:07:07] rep=  26  mem=6096.0MB  summarize_boot_rep
[07:07:08] rep=  26  mem=6096.0MB  fwrite csv
[07:07:08] rep=  26  mem=6096.0MB  rep done in 9.5s
[07:07:08] rep=  27  mem=6089.3MB  rep start
[07:07:08] rep=  27  mem=6089.3MB  filter market_data
[07:07:08] rep=  27  mem=6134.6MB  sample ids
[07:07:08] rep=  27  mem=6134.7MB  left_join (many-to-many)
[07:07:08] rep=  27  mem=6180.1MB  estimate_choice_model: start
[07:07:18] rep=  27  mem=6262.7MB  estimate_choice_model: done
[07:07:18] rep=  27  mem=6262.7MB  compute per_rep + ch_*
[07:07:18] rep=  27  mem=6269.4MB  free big intermediates
[07:07:18] rep=  27  mem=6096.0MB  summarize_boot_rep
[07:07:19] rep=  27  mem=6096.0MB  fwrite csv
[07:07:19] rep=  27  mem=6096.0MB  rep done in 11.2s
[07:07:19] rep=  28  mem=6089.3MB  rep start
[07:07:19] rep=  28  mem=6089.3MB  filter market_data
[07:07:20] rep=  28  mem=6134.6MB  sample ids
[07:07:20] rep=  28  mem=6134.7MB  left_join (many-to-many)
[07:07:20] rep=  28  mem=6180.1MB  estimate_choice_model: start
[07:07:28] rep=  28  mem=6262.8MB  estimate_choice_model: done
[07:07:28] rep=  28  mem=6262.8MB  compute per_rep + ch_*
[07:07:28] rep=  28  mem=6269.5MB  free big intermediates
[07:07:28] rep=  28  mem=6096.0MB  summarize_boot_rep
[07:07:29] rep=  28  mem=6096.0MB  fwrite csv
[07:07:29] rep=  28  mem=6096.0MB  rep done in 9.6s
[07:07:29] rep=  29  mem=6089.3MB  rep start
[07:07:29] rep=  29  mem=6089.3MB  filter market_data
[07:07:29] rep=  29  mem=6134.6MB  sample ids
[07:07:29] rep=  29  mem=6134.7MB  left_join (many-to-many)
[07:07:30] rep=  29  mem=6180.1MB  estimate_choice_model: start
[07:07:38] rep=  29  mem=6262.8MB  estimate_choice_model: done
[07:07:38] rep=  29  mem=6262.8MB  compute per_rep + ch_*
[07:07:38] rep=  29  mem=6269.5MB  free big intermediates
[07:07:38] rep=  29  mem=6096.0MB  summarize_boot_rep
[07:07:38] rep=  29  mem=6096.0MB  fwrite csv
[07:07:39] rep=  29  mem=6096.0MB  rep done in 9.8s
[07:07:39] rep=  30  mem=6089.3MB  rep start
[07:07:39] rep=  30  mem=6089.3MB  filter market_data
[07:07:39] rep=  30  mem=6134.6MB  sample ids
[07:07:39] rep=  30  mem=6134.7MB  left_join (many-to-many)
[07:07:40] rep=  30  mem=6180.0MB  estimate_choice_model: start
[07:07:47] rep=  30  mem=6262.6MB  estimate_choice_model: done
[07:07:47] rep=  30  mem=6262.6MB  compute per_rep + ch_*
[07:07:48] rep=  30  mem=6269.3MB  free big intermediates
[07:07:48] rep=  30  mem=6096.0MB  summarize_boot_rep
[07:07:48] rep=  30  mem=6096.0MB  fwrite csv
[07:07:48] rep=  30  mem=6096.0MB  rep done in 9.6s
[07:07:48] rep=  31  mem=6089.3MB  rep start
[07:07:49] rep=  31  mem=6089.3MB  filter market_data
[07:07:49] rep=  31  mem=6134.6MB  sample ids
[07:07:49] rep=  31  mem=6134.7MB  left_join (many-to-many)
[07:07:49] rep=  31  mem=6180.1MB  estimate_choice_model: start
[07:07:57] rep=  31  mem=6262.7MB  estimate_choice_model: done
[07:07:57] rep=  31  mem=6262.7MB  compute per_rep + ch_*
[07:07:57] rep=  31  mem=6269.4MB  free big intermediates
[07:07:57] rep=  31  mem=6096.0MB  summarize_boot_rep
[07:07:57] rep=  31  mem=6096.0MB  fwrite csv
[07:07:58] rep=  31  mem=6096.0MB  rep done in 9.1s
[07:07:58] rep=  32  mem=6089.3MB  rep start
[07:07:58] rep=  32  mem=6089.3MB  filter market_data
[07:07:58] rep=  32  mem=6134.6MB  sample ids
[07:07:58] rep=  32  mem=6134.7MB  left_join (many-to-many)
[07:07:58] rep=  32  mem=6180.0MB  estimate_choice_model: start
[07:08:06] rep=  32  mem=6262.6MB  estimate_choice_model: done
[07:08:06] rep=  32  mem=6262.6MB  compute per_rep + ch_*
[07:08:06] rep=  32  mem=6269.4MB  free big intermediates
[07:08:06] rep=  32  mem=6096.0MB  summarize_boot_rep
[07:08:07] rep=  32  mem=6096.0MB  fwrite csv
[07:08:07] rep=  32  mem=6096.0MB  rep done in 9.3s
[07:08:07] rep=  33  mem=6089.3MB  rep start
[07:08:07] rep=  33  mem=6089.3MB  filter market_data
[07:08:07] rep=  33  mem=6134.6MB  sample ids
[07:08:08] rep=  33  mem=6134.7MB  left_join (many-to-many)
[07:08:08] rep=  33  mem=6180.1MB  estimate_choice_model: start
[07:08:15] rep=  33  mem=6262.6MB  estimate_choice_model: done
[07:08:15] rep=  33  mem=6262.6MB  compute per_rep + ch_*
[07:08:15] rep=  33  mem=6269.4MB  free big intermediates
[07:08:16] rep=  33  mem=6096.0MB  summarize_boot_rep
[07:08:16] rep=  33  mem=6096.0MB  fwrite csv
[07:08:16] rep=  33  mem=6096.0MB  rep done in 9.2s
[07:08:16] rep=  34  mem=6089.3MB  rep start
[07:08:17] rep=  34  mem=6089.3MB  filter market_data
[07:08:17] rep=  34  mem=6134.6MB  sample ids
[07:08:17] rep=  34  mem=6134.7MB  left_join (many-to-many)
[07:08:17] rep=  34  mem=6180.1MB  estimate_choice_model: start
[07:08:25] rep=  34  mem=6262.8MB  estimate_choice_model: done
[07:08:25] rep=  34  mem=6262.8MB  compute per_rep + ch_*
[07:08:25] rep=  34  mem=6269.6MB  free big intermediates
[07:08:25] rep=  34  mem=6096.0MB  summarize_boot_rep
[07:08:25] rep=  34  mem=6096.0MB  fwrite csv
[07:08:26] rep=  34  mem=6096.0MB  rep done in 9.2s
[07:08:26] rep=  35  mem=6089.3MB  rep start
[07:08:26] rep=  35  mem=6089.3MB  filter market_data
[07:08:26] rep=  35  mem=6134.6MB  sample ids
[07:08:26] rep=  35  mem=6134.7MB  left_join (many-to-many)
[07:08:26] rep=  35  mem=6180.1MB  estimate_choice_model: start
[07:08:34] rep=  35  mem=6262.8MB  estimate_choice_model: done
[07:08:34] rep=  35  mem=6262.8MB  compute per_rep + ch_*
[07:08:34] rep=  35  mem=6269.5MB  free big intermediates
[07:08:34] rep=  35  mem=6096.0MB  summarize_boot_rep
[07:08:35] rep=  35  mem=6096.0MB  fwrite csv
[07:08:35] rep=  35  mem=6096.0MB  rep done in 9.2s
[07:08:35] rep=  36  mem=6089.3MB  rep start
[07:08:35] rep=  36  mem=6089.3MB  filter market_data
[07:08:35] rep=  36  mem=6134.6MB  sample ids
[07:08:36] rep=  36  mem=6134.7MB  left_join (many-to-many)
[07:08:36] rep=  36  mem=6180.1MB  estimate_choice_model: start
[07:08:43] rep=  36  mem=6262.7MB  estimate_choice_model: done
[07:08:43] rep=  36  mem=6262.7MB  compute per_rep + ch_*
[07:08:44] rep=  36  mem=6269.5MB  free big intermediates
[07:08:44] rep=  36  mem=6096.0MB  summarize_boot_rep
[07:08:44] rep=  36  mem=6096.0MB  fwrite csv
[07:08:44] rep=  36  mem=6096.0MB  rep done in 9.3s
[07:08:45] rep=  37  mem=6089.3MB  rep start
[07:08:45] rep=  37  mem=6089.3MB  filter market_data
[07:08:45] rep=  37  mem=6134.6MB  sample ids
[07:08:45] rep=  37  mem=6134.7MB  left_join (many-to-many)
[07:08:45] rep=  37  mem=6180.1MB  estimate_choice_model: start
[07:08:53] rep=  37  mem=6262.7MB  estimate_choice_model: done
[07:08:53] rep=  37  mem=6262.7MB  compute per_rep + ch_*
[07:08:53] rep=  37  mem=6269.4MB  free big intermediates
[07:08:53] rep=  37  mem=6096.0MB  summarize_boot_rep
[07:08:54] rep=  37  mem=6096.0MB  fwrite csv
[07:08:54] rep=  37  mem=6096.0MB  rep done in 9.5s
[07:08:54] rep=  38  mem=6089.3MB  rep start
[07:08:54] rep=  38  mem=6089.3MB  filter market_data
[07:08:55] rep=  38  mem=6134.6MB  sample ids
[07:08:55] rep=  38  mem=6134.7MB  left_join (many-to-many)
[07:08:55] rep=  38  mem=6180.1MB  estimate_choice_model: start
[07:09:02] rep=  38  mem=6262.7MB  estimate_choice_model: done
[07:09:02] rep=  38  mem=6262.7MB  compute per_rep + ch_*
[07:09:03] rep=  38  mem=6269.4MB  free big intermediates
[07:09:03] rep=  38  mem=6096.0MB  summarize_boot_rep
[07:09:03] rep=  38  mem=6096.0MB  fwrite csv
[07:09:03] rep=  38  mem=6096.0MB  rep done in 9.3s
[07:09:04] rep=  39  mem=6089.3MB  rep start
[07:09:04] rep=  39  mem=6089.3MB  filter market_data
[07:09:04] rep=  39  mem=6134.6MB  sample ids
[07:09:04] rep=  39  mem=6134.7MB  left_join (many-to-many)
[07:09:04] rep=  39  mem=6180.0MB  estimate_choice_model: start
[07:09:15] rep=  39  mem=6262.6MB  estimate_choice_model: done
[07:09:15] rep=  39  mem=6262.6MB  compute per_rep + ch_*
[07:09:15] rep=  39  mem=6269.4MB  free big intermediates
[07:09:15] rep=  39  mem=6096.0MB  summarize_boot_rep
[07:09:16] rep=  39  mem=6096.0MB  fwrite csv
[07:09:16] rep=  39  mem=6096.0MB  rep done in 12.7s
[07:09:16] rep=  40  mem=6089.3MB  rep start
[07:09:16] rep=  40  mem=6089.3MB  filter market_data
[07:09:17] rep=  40  mem=6134.6MB  sample ids
[07:09:17] rep=  40  mem=6134.7MB  left_join (many-to-many)
[07:09:17] rep=  40  mem=6180.0MB  estimate_choice_model: start
[07:09:26] rep=  40  mem=6262.6MB  estimate_choice_model: done
[07:09:26] rep=  40  mem=6262.6MB  compute per_rep + ch_*
[07:09:26] rep=  40  mem=6269.4MB  free big intermediates
[07:09:26] rep=  40  mem=6096.0MB  summarize_boot_rep
[07:09:27] rep=  40  mem=6096.0MB  fwrite csv
[07:09:27] rep=  40  mem=6096.0MB  rep done in 10.7s
[07:09:27] rep=  41  mem=6089.3MB  rep start
[07:09:27] rep=  41  mem=6089.3MB  filter market_data
[07:09:27] rep=  41  mem=6134.6MB  sample ids
[07:09:28] rep=  41  mem=6134.7MB  left_join (many-to-many)
[07:09:28] rep=  41  mem=6180.1MB  estimate_choice_model: start
[07:09:36] rep=  41  mem=6262.8MB  estimate_choice_model: done
[07:09:36] rep=  41  mem=6262.8MB  compute per_rep + ch_*
[07:09:36] rep=  41  mem=6269.5MB  free big intermediates
[07:09:36] rep=  41  mem=6096.0MB  summarize_boot_rep
[07:09:37] rep=  41  mem=6096.0MB  fwrite csv
[07:09:37] rep=  41  mem=6096.0MB  rep done in 10.1s
[07:09:37] rep=  42  mem=6089.3MB  rep start
[07:09:37] rep=  42  mem=6089.3MB  filter market_data
[07:09:38] rep=  42  mem=6134.6MB  sample ids
[07:09:38] rep=  42  mem=6134.7MB  left_join (many-to-many)
[07:09:38] rep=  42  mem=6180.0MB  estimate_choice_model: start
[07:09:46] rep=  42  mem=6262.6MB  estimate_choice_model: done
[07:09:46] rep=  42  mem=6262.6MB  compute per_rep + ch_*
[07:09:46] rep=  42  mem=6269.3MB  free big intermediates
[07:09:46] rep=  42  mem=6096.0MB  summarize_boot_rep
[07:09:47] rep=  42  mem=6096.0MB  fwrite csv
[07:09:47] rep=  42  mem=6096.0MB  rep done in 9.5s
[07:09:47] rep=  43  mem=6089.3MB  rep start
[07:09:47] rep=  43  mem=6089.3MB  filter market_data
[07:09:47] rep=  43  mem=6134.6MB  sample ids
[07:09:47] rep=  43  mem=6134.7MB  left_join (many-to-many)
[07:09:47] rep=  43  mem=6180.0MB  estimate_choice_model: start
[07:09:55] rep=  43  mem=6262.7MB  estimate_choice_model: done
[07:09:55] rep=  43  mem=6262.7MB  compute per_rep + ch_*
[07:09:56] rep=  43  mem=6269.4MB  free big intermediates
[07:09:56] rep=  43  mem=6096.0MB  summarize_boot_rep
[07:09:56] rep=  43  mem=6096.0MB  fwrite csv
[07:09:56] rep=  43  mem=6096.0MB  rep done in 9.6s
[07:09:57] rep=  44  mem=6089.3MB  rep start
[07:09:57] rep=  44  mem=6089.3MB  filter market_data
[07:09:57] rep=  44  mem=6134.6MB  sample ids
[07:09:57] rep=  44  mem=6134.7MB  left_join (many-to-many)
[07:09:57] rep=  44  mem=6180.1MB  estimate_choice_model: start
[07:10:05] rep=  44  mem=6262.8MB  estimate_choice_model: done
[07:10:05] rep=  44  mem=6262.8MB  compute per_rep + ch_*
[07:10:05] rep=  44  mem=6269.5MB  free big intermediates
[07:10:05] rep=  44  mem=6096.0MB  summarize_boot_rep
[07:10:06] rep=  44  mem=6096.0MB  fwrite csv
[07:10:06] rep=  44  mem=6096.0MB  rep done in 9.4s
[07:10:06] rep=   0  mem=6089.3MB  === session quota of 25 reps reached, exiting ===
[07:10:28] rep=   0  mem=6087.8MB  === runner start, market = 11 , reps_per_session = 25 ===
[07:10:28] rep=  45  mem=6087.8MB  rep start
[07:10:28] rep=  45  mem=6087.8MB  filter market_data
[07:10:29] rep=  45  mem=6133.1MB  sample ids
[07:10:29] rep=  45  mem=6133.3MB  left_join (many-to-many)
[07:10:29] rep=  45  mem=6178.7MB  estimate_choice_model: start
[07:10:37] rep=  45  mem=6262.3MB  estimate_choice_model: done
[07:10:37] rep=  45  mem=6262.3MB  compute per_rep + ch_*
[07:10:37] rep=  45  mem=6269.0MB  free big intermediates
[07:10:37] rep=  45  mem=6095.6MB  summarize_boot_rep
[07:10:38] rep=  45  mem=6095.9MB  fwrite csv
[07:10:38] rep=  45  mem=6095.9MB  rep done in 9.5s
[07:10:38] rep=  46  mem=6089.3MB  rep start
[07:10:38] rep=  46  mem=6089.3MB  filter market_data
[07:10:38] rep=  46  mem=6134.6MB  sample ids
[07:10:38] rep=  46  mem=6134.7MB  left_join (many-to-many)
[07:10:38] rep=  46  mem=6180.1MB  estimate_choice_model: start
[07:10:46] rep=  46  mem=6262.6MB  estimate_choice_model: done
[07:10:46] rep=  46  mem=6262.6MB  compute per_rep + ch_*
[07:10:46] rep=  46  mem=6269.4MB  free big intermediates
[07:10:47] rep=  46  mem=6096.0MB  summarize_boot_rep
[07:10:47] rep=  46  mem=6096.0MB  fwrite csv
[07:10:47] rep=  46  mem=6096.0MB  rep done in 9.4s
[07:10:47] rep=  47  mem=6089.3MB  rep start
[07:10:47] rep=  47  mem=6089.3MB  filter market_data
[07:10:48] rep=  47  mem=6134.6MB  sample ids
[07:10:48] rep=  47  mem=6134.7MB  left_join (many-to-many)
[07:10:48] rep=  47  mem=6180.0MB  estimate_choice_model: start
[07:10:56] rep=  47  mem=6262.4MB  estimate_choice_model: done
[07:10:56] rep=  47  mem=6262.4MB  compute per_rep + ch_*
[07:10:56] rep=  47  mem=6269.2MB  free big intermediates
[07:10:57] rep=  47  mem=6096.0MB  summarize_boot_rep
[07:10:57] rep=  47  mem=6096.0MB  fwrite csv
[07:10:57] rep=  47  mem=6096.0MB  rep done in 9.8s
[07:10:57] rep=  48  mem=6089.3MB  rep start
[07:10:57] rep=  48  mem=6089.3MB  filter market_data
[07:10:58] rep=  48  mem=6134.6MB  sample ids
[07:10:58] rep=  48  mem=6134.7MB  left_join (many-to-many)
[07:10:58] rep=  48  mem=6180.0MB  estimate_choice_model: start
[07:11:06] rep=  48  mem=6262.6MB  estimate_choice_model: done
[07:11:06] rep=  48  mem=6262.6MB  compute per_rep + ch_*
[07:11:06] rep=  48  mem=6269.3MB  free big intermediates
[07:11:06] rep=  48  mem=6096.0MB  summarize_boot_rep
[07:11:07] rep=  48  mem=6096.0MB  fwrite csv
[07:11:07] rep=  48  mem=6096.0MB  rep done in 9.6s
[07:11:07] rep=  49  mem=6089.3MB  rep start
[07:11:07] rep=  49  mem=6089.3MB  filter market_data
[07:11:07] rep=  49  mem=6134.6MB  sample ids
[07:11:07] rep=  49  mem=6134.7MB  left_join (many-to-many)
[07:11:08] rep=  49  mem=6180.0MB  estimate_choice_model: start
[07:11:16] rep=  49  mem=6262.5MB  estimate_choice_model: done
[07:11:16] rep=  49  mem=6262.5MB  compute per_rep + ch_*
[07:11:16] rep=  49  mem=6269.2MB  free big intermediates
[07:11:17] rep=  49  mem=6096.0MB  summarize_boot_rep
[07:11:17] rep=  49  mem=6096.0MB  fwrite csv
[07:11:17] rep=  49  mem=6096.0MB  rep done in 10.2s
[07:11:17] rep=  50  mem=6089.3MB  rep start
[07:11:17] rep=  50  mem=6089.3MB  filter market_data
[07:11:18] rep=  50  mem=6134.6MB  sample ids
[07:11:18] rep=  50  mem=6134.7MB  left_join (many-to-many)
[07:11:18] rep=  50  mem=6180.1MB  estimate_choice_model: start
[07:11:26] rep=  50  mem=6262.8MB  estimate_choice_model: done
[07:11:26] rep=  50  mem=6262.8MB  compute per_rep + ch_*
[07:11:26] rep=  50  mem=6269.5MB  free big intermediates
[07:11:27] rep=  50  mem=6096.0MB  summarize_boot_rep
[07:11:27] rep=  50  mem=6096.0MB  fwrite csv
[07:11:27] rep=  50  mem=6096.0MB  rep done in 9.9s
[07:11:27] rep=  51  mem=6089.3MB  rep start
[07:11:27] rep=  51  mem=6089.3MB  filter market_data
[07:11:28] rep=  51  mem=6134.6MB  sample ids
[07:11:28] rep=  51  mem=6134.7MB  left_join (many-to-many)
[07:11:28] rep=  51  mem=6180.0MB  estimate_choice_model: start
[07:11:36] rep=  51  mem=6262.6MB  estimate_choice_model: done
[07:11:36] rep=  51  mem=6262.6MB  compute per_rep + ch_*
[07:11:36] rep=  51  mem=6269.3MB  free big intermediates
[07:11:36] rep=  51  mem=6096.0MB  summarize_boot_rep
[07:11:37] rep=  51  mem=6096.0MB  fwrite csv
[07:11:37] rep=  51  mem=6096.0MB  rep done in 9.8s
[07:11:37] rep=  52  mem=6089.3MB  rep start
[07:11:37] rep=  52  mem=6089.3MB  filter market_data
[07:11:38] rep=  52  mem=6134.6MB  sample ids
[07:11:38] rep=  52  mem=6134.7MB  left_join (many-to-many)
[07:11:38] rep=  52  mem=6180.1MB  estimate_choice_model: start
[07:11:46] rep=  52  mem=6262.7MB  estimate_choice_model: done
[07:11:46] rep=  52  mem=6262.7MB  compute per_rep + ch_*
[07:11:46] rep=  52  mem=6269.5MB  free big intermediates
[07:11:46] rep=  52  mem=6096.0MB  summarize_boot_rep
[07:11:47] rep=  52  mem=6096.0MB  fwrite csv
[07:11:47] rep=  52  mem=6096.0MB  rep done in 9.8s
[07:11:47] rep=  53  mem=6089.3MB  rep start
[07:11:47] rep=  53  mem=6089.3MB  filter market_data
[07:11:47] rep=  53  mem=6134.6MB  sample ids
[07:11:47] rep=  53  mem=6134.7MB  left_join (many-to-many)
[07:11:48] rep=  53  mem=6180.1MB  estimate_choice_model: start
[07:11:56] rep=  53  mem=6262.8MB  estimate_choice_model: done
[07:11:56] rep=  53  mem=6262.8MB  compute per_rep + ch_*
[07:11:56] rep=  53  mem=6269.5MB  free big intermediates
[07:11:56] rep=  53  mem=6096.0MB  summarize_boot_rep
[07:11:56] rep=  53  mem=6096.0MB  fwrite csv
[07:11:57] rep=  53  mem=6096.0MB  rep done in 9.7s
[07:11:57] rep=  54  mem=6089.3MB  rep start
[07:11:57] rep=  54  mem=6089.3MB  filter market_data
[07:11:57] rep=  54  mem=6134.6MB  sample ids
[07:11:57] rep=  54  mem=6134.7MB  left_join (many-to-many)
[07:11:57] rep=  54  mem=6180.2MB  estimate_choice_model: start
[07:12:05] rep=  54  mem=6263.0MB  estimate_choice_model: done
[07:12:05] rep=  54  mem=6263.0MB  compute per_rep + ch_*
[07:12:05] rep=  54  mem=6269.7MB  free big intermediates
[07:12:06] rep=  54  mem=6096.0MB  summarize_boot_rep
[07:12:06] rep=  54  mem=6096.0MB  fwrite csv
[07:12:06] rep=  54  mem=6096.0MB  rep done in 9.4s
[07:12:06] rep=  55  mem=6089.3MB  rep start
[07:12:06] rep=  55  mem=6089.3MB  filter market_data
[07:12:07] rep=  55  mem=6134.6MB  sample ids
[07:12:07] rep=  55  mem=6134.7MB  left_join (many-to-many)
[07:12:07] rep=  55  mem=6180.0MB  estimate_choice_model: start
[07:12:15] rep=  55  mem=6262.5MB  estimate_choice_model: done
[07:12:15] rep=  55  mem=6262.5MB  compute per_rep + ch_*
[07:12:15] rep=  55  mem=6269.2MB  free big intermediates
[07:12:15] rep=  55  mem=6096.0MB  summarize_boot_rep
[07:12:16] rep=  55  mem=6096.0MB  fwrite csv
[07:12:16] rep=  55  mem=6096.0MB  rep done in 9.5s
[07:12:16] rep=  56  mem=6089.3MB  rep start
[07:12:16] rep=  56  mem=6089.3MB  filter market_data
[07:12:16] rep=  56  mem=6134.6MB  sample ids
[07:12:16] rep=  56  mem=6134.7MB  left_join (many-to-many)
[07:12:17] rep=  56  mem=6180.0MB  estimate_choice_model: start
[07:12:24] rep=  56  mem=6262.5MB  estimate_choice_model: done
[07:12:25] rep=  56  mem=6262.5MB  compute per_rep + ch_*
[07:12:25] rep=  56  mem=6269.3MB  free big intermediates
[07:12:25] rep=  56  mem=6096.0MB  summarize_boot_rep
[07:12:25] rep=  56  mem=6096.0MB  fwrite csv
[07:12:25] rep=  56  mem=6096.0MB  rep done in 9.6s
[07:12:26] rep=  57  mem=6089.3MB  rep start
[07:12:26] rep=  57  mem=6089.3MB  filter market_data
[07:12:26] rep=  57  mem=6134.6MB  sample ids
[07:12:26] rep=  57  mem=6134.7MB  left_join (many-to-many)
[07:12:26] rep=  57  mem=6180.0MB  estimate_choice_model: start
[07:12:34] rep=  57  mem=6262.7MB  estimate_choice_model: done
[07:12:34] rep=  57  mem=6262.7MB  compute per_rep + ch_*
[07:12:34] rep=  57  mem=6269.4MB  free big intermediates
[07:12:35] rep=  57  mem=6096.0MB  summarize_boot_rep
[07:12:35] rep=  57  mem=6096.0MB  fwrite csv
[07:12:35] rep=  57  mem=6096.0MB  rep done in 9.5s
[07:12:35] rep=  58  mem=6089.3MB  rep start
[07:12:35] rep=  58  mem=6089.3MB  filter market_data
[07:12:36] rep=  58  mem=6134.6MB  sample ids
[07:12:36] rep=  58  mem=6134.7MB  left_join (many-to-many)
[07:12:36] rep=  58  mem=6180.1MB  estimate_choice_model: start
[07:12:43] rep=  58  mem=6262.7MB  estimate_choice_model: done
[07:12:44] rep=  58  mem=6262.7MB  compute per_rep + ch_*
[07:12:44] rep=  58  mem=6269.4MB  free big intermediates
[07:12:44] rep=  58  mem=6096.0MB  summarize_boot_rep
[07:12:44] rep=  58  mem=6096.0MB  fwrite csv
[07:12:44] rep=  58  mem=6096.0MB  rep done in 9.3s
[07:12:45] rep=  59  mem=6089.3MB  rep start
[07:12:45] rep=  59  mem=6089.3MB  filter market_data
[07:12:45] rep=  59  mem=6134.6MB  sample ids
[07:12:45] rep=  59  mem=6134.7MB  left_join (many-to-many)
[07:12:45] rep=  59  mem=6180.1MB  estimate_choice_model: start
[07:12:53] rep=  59  mem=6262.7MB  estimate_choice_model: done
[07:12:53] rep=  59  mem=6262.7MB  compute per_rep + ch_*
[07:12:53] rep=  59  mem=6269.5MB  free big intermediates
[07:12:53] rep=  59  mem=6096.0MB  summarize_boot_rep
[07:12:54] rep=  59  mem=6096.0MB  fwrite csv
[07:12:54] rep=  59  mem=6096.0MB  rep done in 9.4s
[07:12:54] rep=  60  mem=6089.3MB  rep start
[07:12:54] rep=  60  mem=6089.3MB  filter market_data
[07:12:55] rep=  60  mem=6134.6MB  sample ids
[07:12:55] rep=  60  mem=6134.7MB  left_join (many-to-many)
[07:12:55] rep=  60  mem=6180.1MB  estimate_choice_model: start
[07:13:02] rep=  60  mem=6262.7MB  estimate_choice_model: done
[07:13:03] rep=  60  mem=6262.7MB  compute per_rep + ch_*
[07:13:03] rep=  60  mem=6269.4MB  free big intermediates
[07:13:03] rep=  60  mem=6096.0MB  summarize_boot_rep
[07:13:03] rep=  60  mem=6096.0MB  fwrite csv
[07:13:03] rep=  60  mem=6096.0MB  rep done in 9.4s
[07:13:04] rep=  61  mem=6089.3MB  rep start
[07:13:04] rep=  61  mem=6089.3MB  filter market_data
[07:13:04] rep=  61  mem=6134.6MB  sample ids
[07:13:04] rep=  61  mem=6134.7MB  left_join (many-to-many)
[07:13:04] rep=  61  mem=6180.1MB  estimate_choice_model: start
[07:13:13] rep=  61  mem=6262.7MB  estimate_choice_model: done
[07:13:13] rep=  61  mem=6262.7MB  compute per_rep + ch_*
[07:13:13] rep=  61  mem=6269.4MB  free big intermediates
[07:13:13] rep=  61  mem=6096.0MB  summarize_boot_rep
[07:13:14] rep=  61  mem=6096.0MB  fwrite csv
[07:13:14] rep=  61  mem=6096.0MB  rep done in 10.2s
[07:13:14] rep=  62  mem=6089.3MB  rep start
[07:13:14] rep=  62  mem=6089.3MB  filter market_data
[07:13:14] rep=  62  mem=6134.6MB  sample ids
[07:13:15] rep=  62  mem=6134.7MB  left_join (many-to-many)
[07:13:15] rep=  62  mem=6180.0MB  estimate_choice_model: start
[07:13:23] rep=  62  mem=6262.5MB  estimate_choice_model: done
[07:13:23] rep=  62  mem=6262.5MB  compute per_rep + ch_*
[07:13:23] rep=  62  mem=6269.3MB  free big intermediates
[07:13:23] rep=  62  mem=6096.0MB  summarize_boot_rep
[07:13:24] rep=  62  mem=6096.0MB  fwrite csv
[07:13:24] rep=  62  mem=6096.0MB  rep done in 9.8s
[07:13:24] rep=  63  mem=6089.3MB  rep start
[07:13:24] rep=  63  mem=6089.3MB  filter market_data
[07:13:24] rep=  63  mem=6134.6MB  sample ids
[07:13:24] rep=  63  mem=6134.7MB  left_join (many-to-many)
[07:13:25] rep=  63  mem=6180.1MB  estimate_choice_model: start
[07:13:32] rep=  63  mem=6262.8MB  estimate_choice_model: done
[07:13:33] rep=  63  mem=6262.8MB  compute per_rep + ch_*
[07:13:33] rep=  63  mem=6269.6MB  free big intermediates
[07:13:33] rep=  63  mem=6096.0MB  summarize_boot_rep
[07:13:33] rep=  63  mem=6096.0MB  fwrite csv
[07:13:33] rep=  63  mem=6096.0MB  rep done in 9.7s
[07:13:34] rep=  64  mem=6089.3MB  rep start
[07:13:34] rep=  64  mem=6089.3MB  filter market_data
[07:13:34] rep=  64  mem=6134.6MB  sample ids
[07:13:34] rep=  64  mem=6134.7MB  left_join (many-to-many)
[07:13:34] rep=  64  mem=6180.0MB  estimate_choice_model: start
[07:13:42] rep=  64  mem=6262.6MB  estimate_choice_model: done
[07:13:42] rep=  64  mem=6262.6MB  compute per_rep + ch_*
[07:13:43] rep=  64  mem=6269.4MB  free big intermediates
[07:13:43] rep=  64  mem=6096.0MB  summarize_boot_rep
[07:13:43] rep=  64  mem=6096.0MB  fwrite csv
[07:13:43] rep=  64  mem=6096.0MB  rep done in 9.7s
[07:13:43] rep=  65  mem=6089.3MB  rep start
[07:13:44] rep=  65  mem=6089.3MB  filter market_data
[07:13:44] rep=  65  mem=6134.6MB  sample ids
[07:13:44] rep=  65  mem=6134.7MB  left_join (many-to-many)
[07:13:44] rep=  65  mem=6180.0MB  estimate_choice_model: start
[07:13:52] rep=  65  mem=6262.6MB  estimate_choice_model: done
[07:13:52] rep=  65  mem=6262.6MB  compute per_rep + ch_*
[07:13:52] rep=  65  mem=6269.3MB  free big intermediates
[07:13:52] rep=  65  mem=6096.0MB  summarize_boot_rep
[07:13:53] rep=  65  mem=6096.0MB  fwrite csv
[07:13:53] rep=  65  mem=6096.0MB  rep done in 9.6s
[07:13:53] rep=  66  mem=6089.3MB  rep start
[07:13:53] rep=  66  mem=6089.3MB  filter market_data
[07:13:54] rep=  66  mem=6134.6MB  sample ids
[07:13:54] rep=  66  mem=6134.7MB  left_join (many-to-many)
[07:13:54] rep=  66  mem=6180.1MB  estimate_choice_model: start
[07:14:02] rep=  66  mem=6262.8MB  estimate_choice_model: done
[07:14:02] rep=  66  mem=6262.8MB  compute per_rep + ch_*
[07:14:02] rep=  66  mem=6269.6MB  free big intermediates
[07:14:03] rep=  66  mem=6096.0MB  summarize_boot_rep
[07:14:03] rep=  66  mem=6096.0MB  fwrite csv
[07:14:03] rep=  66  mem=6096.0MB  rep done in 10.1s
[07:14:03] rep=  67  mem=6089.3MB  rep start
[07:14:03] rep=  67  mem=6089.3MB  filter market_data
[07:14:04] rep=  67  mem=6134.6MB  sample ids
[07:14:04] rep=  67  mem=6134.7MB  left_join (many-to-many)
[07:14:04] rep=  67  mem=6180.1MB  estimate_choice_model: start
[07:14:12] rep=  67  mem=6262.7MB  estimate_choice_model: done
[07:14:12] rep=  67  mem=6262.7MB  compute per_rep + ch_*
[07:14:12] rep=  67  mem=6269.4MB  free big intermediates
[07:14:12] rep=  67  mem=6096.0MB  summarize_boot_rep
[07:14:12] rep=  67  mem=6096.0MB  fwrite csv
[07:14:13] rep=  67  mem=6096.0MB  rep done in 9.4s
[07:14:13] rep=  68  mem=6089.3MB  rep start
[07:14:13] rep=  68  mem=6089.3MB  filter market_data
[07:14:13] rep=  68  mem=6134.6MB  sample ids
[07:14:13] rep=  68  mem=6134.7MB  left_join (many-to-many)
[07:14:13] rep=  68  mem=6180.0MB  estimate_choice_model: start
[07:14:22] rep=  68  mem=6262.6MB  estimate_choice_model: done
[07:14:22] rep=  68  mem=6262.6MB  compute per_rep + ch_*
[07:14:23] rep=  68  mem=6269.4MB  free big intermediates
[07:14:23] rep=  68  mem=6096.0MB  summarize_boot_rep
[07:14:23] rep=  68  mem=6096.0MB  fwrite csv
[07:14:23] rep=  68  mem=6096.0MB  rep done in 10.5s
[07:14:23] rep=  69  mem=6089.3MB  rep start
[07:14:24] rep=  69  mem=6089.3MB  filter market_data
[07:14:24] rep=  69  mem=6134.6MB  sample ids
[07:14:24] rep=  69  mem=6134.7MB  left_join (many-to-many)
[07:14:24] rep=  69  mem=6180.0MB  estimate_choice_model: start
[07:14:32] rep=  69  mem=6262.6MB  estimate_choice_model: done
[07:14:32] rep=  69  mem=6262.6MB  compute per_rep + ch_*
[07:14:32] rep=  69  mem=6269.3MB  free big intermediates
[07:14:33] rep=  69  mem=6096.0MB  summarize_boot_rep
[07:14:33] rep=  69  mem=6096.0MB  fwrite csv
[07:14:33] rep=  69  mem=6096.0MB  rep done in 9.8s
[07:14:33] rep=   0  mem=6089.3MB  === session quota of 25 reps reached, exiting ===
[07:14:56] rep=   0  mem=6087.9MB  === runner start, market = 11 , reps_per_session = 25 ===
[07:14:56] rep=  70  mem=6087.9MB  rep start
[07:14:57] rep=  70  mem=6087.9MB  filter market_data
[07:14:57] rep=  70  mem=6133.3MB  sample ids
[07:14:57] rep=  70  mem=6133.4MB  left_join (many-to-many)
[07:14:57] rep=  70  mem=6178.7MB  estimate_choice_model: start
[07:15:05] rep=  70  mem=6262.3MB  estimate_choice_model: done
[07:15:05] rep=  70  mem=6262.3MB  compute per_rep + ch_*
[07:15:05] rep=  70  mem=6269.0MB  free big intermediates
[07:15:06] rep=  70  mem=6095.7MB  summarize_boot_rep
[07:15:06] rep=  70  mem=6096.0MB  fwrite csv
[07:15:06] rep=  70  mem=6096.0MB  rep done in 9.9s
[07:15:06] rep=  71  mem=6089.3MB  rep start
[07:15:07] rep=  71  mem=6089.3MB  filter market_data
[07:15:07] rep=  71  mem=6134.7MB  sample ids
[07:15:07] rep=  71  mem=6134.9MB  left_join (many-to-many)
[07:15:07] rep=  71  mem=6180.1MB  estimate_choice_model: start
[07:15:15] rep=  71  mem=6262.7MB  estimate_choice_model: done
[07:15:15] rep=  71  mem=6262.7MB  compute per_rep + ch_*
[07:15:15] rep=  71  mem=6269.4MB  free big intermediates
[07:15:15] rep=  71  mem=6096.2MB  summarize_boot_rep
[07:15:16] rep=  71  mem=6096.2MB  fwrite csv
[07:15:16] rep=  71  mem=6096.2MB  rep done in 9.6s
[07:15:16] rep=  72  mem=6089.3MB  rep start
[07:15:16] rep=  72  mem=6089.3MB  filter market_data
[07:15:16] rep=  72  mem=6134.7MB  sample ids
[07:15:17] rep=  72  mem=6134.9MB  left_join (many-to-many)
[07:15:17] rep=  72  mem=6180.2MB  estimate_choice_model: start
[07:15:25] rep=  72  mem=6262.7MB  estimate_choice_model: done
[07:15:25] rep=  72  mem=6262.7MB  compute per_rep + ch_*
[07:15:25] rep=  72  mem=6269.5MB  free big intermediates
[07:15:26] rep=  72  mem=6096.2MB  summarize_boot_rep
[07:15:26] rep=  72  mem=6096.2MB  fwrite csv
[07:15:26] rep=  72  mem=6096.2MB  rep done in 10.1s
[07:15:26] rep=  73  mem=6089.3MB  rep start
[07:15:26] rep=  73  mem=6089.3MB  filter market_data
[07:15:27] rep=  73  mem=6134.7MB  sample ids
[07:15:27] rep=  73  mem=6134.9MB  left_join (many-to-many)
[07:15:27] rep=  73  mem=6180.2MB  estimate_choice_model: start
[07:15:57] rep=   0  mem=6087.8MB  === runner start, market = 11 , reps_per_session = 25 ===
[07:15:57] rep=  73  mem=6087.8MB  rep start
[07:15:57] rep=  73  mem=6087.8MB  filter market_data
[07:15:58] rep=  73  mem=6133.1MB  sample ids
[07:15:58] rep=  73  mem=6133.3MB  left_join (many-to-many)
[07:15:58] rep=  73  mem=6178.7MB  estimate_choice_model: start
[07:16:07] rep=  73  mem=6262.3MB  estimate_choice_model: done
[07:16:07] rep=  73  mem=6262.3MB  compute per_rep + ch_*
[07:16:08] rep=  73  mem=6269.0MB  free big intermediates
[07:16:08] rep=  73  mem=6095.6MB  summarize_boot_rep
[07:16:08] rep=  73  mem=6095.9MB  fwrite csv
[07:16:08] rep=  73  mem=6095.9MB  rep done in 11.0s
[07:16:08] rep=  74  mem=6089.3MB  rep start
[07:16:09] rep=  74  mem=6089.3MB  filter market_data
[07:16:09] rep=  74  mem=6134.6MB  sample ids
[07:16:09] rep=  74  mem=6134.7MB  left_join (many-to-many)
[07:16:09] rep=  74  mem=6180.1MB  estimate_choice_model: start
[07:16:17] rep=  74  mem=6262.8MB  estimate_choice_model: done
[07:16:17] rep=  74  mem=6262.8MB  compute per_rep + ch_*
[07:16:17] rep=  74  mem=6269.5MB  free big intermediates
[07:16:18] rep=  74  mem=6096.0MB  summarize_boot_rep
[07:16:18] rep=  74  mem=6096.0MB  fwrite csv
[07:16:18] rep=  74  mem=6096.0MB  rep done in 9.8s
[07:16:18] rep=  75  mem=6089.3MB  rep start
[07:16:18] rep=  75  mem=6089.3MB  filter market_data
[07:16:19] rep=  75  mem=6134.6MB  sample ids
[07:16:19] rep=  75  mem=6134.7MB  left_join (many-to-many)
[07:16:19] rep=  75  mem=6180.0MB  estimate_choice_model: start
[07:16:27] rep=  75  mem=6262.6MB  estimate_choice_model: done
[07:16:27] rep=  75  mem=6262.6MB  compute per_rep + ch_*
[07:16:27] rep=  75  mem=6269.4MB  free big intermediates
[07:16:27] rep=  75  mem=6096.0MB  summarize_boot_rep
[07:16:28] rep=  75  mem=6096.0MB  fwrite csv
[07:16:28] rep=  75  mem=6096.0MB  rep done in 9.4s
[07:16:28] rep=  76  mem=6089.3MB  rep start
[07:16:28] rep=  76  mem=6089.3MB  filter market_data
[07:16:28] rep=  76  mem=6134.6MB  sample ids
[07:16:28] rep=  76  mem=6134.7MB  left_join (many-to-many)
[07:16:28] rep=  76  mem=6180.1MB  estimate_choice_model: start
[07:16:36] rep=  76  mem=6262.8MB  estimate_choice_model: done
[07:16:36] rep=  76  mem=6262.8MB  compute per_rep + ch_*
[07:16:36] rep=  76  mem=6269.5MB  free big intermediates
[07:16:37] rep=  76  mem=6096.0MB  summarize_boot_rep
[07:16:37] rep=  76  mem=6096.0MB  fwrite csv
[07:16:37] rep=  76  mem=6096.0MB  rep done in 9.3s
[07:16:37] rep=  77  mem=6089.3MB  rep start
[07:16:37] rep=  77  mem=6089.3MB  filter market_data
[07:16:38] rep=  77  mem=6134.6MB  sample ids
[07:16:38] rep=  77  mem=6134.7MB  left_join (many-to-many)
[07:16:38] rep=  77  mem=6180.1MB  estimate_choice_model: start
[07:16:46] rep=  77  mem=6262.9MB  estimate_choice_model: done
[07:16:47] rep=  77  mem=6262.9MB  compute per_rep + ch_*
[07:16:47] rep=  77  mem=6269.6MB  free big intermediates
[07:16:47] rep=  77  mem=6096.0MB  summarize_boot_rep
[07:16:47] rep=  77  mem=6096.0MB  fwrite csv
[07:16:47] rep=  77  mem=6096.0MB  rep done in 10.2s
[07:16:48] rep=  78  mem=6089.3MB  rep start
[07:16:48] rep=  78  mem=6089.3MB  filter market_data
[07:16:48] rep=  78  mem=6134.6MB  sample ids
[07:16:48] rep=  78  mem=6134.7MB  left_join (many-to-many)
[07:16:48] rep=  78  mem=6180.1MB  estimate_choice_model: start
[07:16:56] rep=  78  mem=6262.9MB  estimate_choice_model: done
[07:16:56] rep=  78  mem=6262.9MB  compute per_rep + ch_*
[07:16:56] rep=  78  mem=6269.6MB  free big intermediates
[07:16:56] rep=  78  mem=6096.0MB  summarize_boot_rep
[07:16:57] rep=  78  mem=6096.0MB  fwrite csv
[07:16:57] rep=  78  mem=6096.0MB  rep done in 9.5s
[07:16:57] rep=  79  mem=6089.3MB  rep start
[07:16:57] rep=  79  mem=6089.3MB  filter market_data
[07:16:58] rep=  79  mem=6134.6MB  sample ids
[07:16:58] rep=  79  mem=6134.7MB  left_join (many-to-many)
[07:16:58] rep=  79  mem=6180.0MB  estimate_choice_model: start
[07:17:06] rep=  79  mem=6262.6MB  estimate_choice_model: done
[07:17:06] rep=  79  mem=6262.6MB  compute per_rep + ch_*
[07:17:06] rep=  79  mem=6269.3MB  free big intermediates
[07:17:06] rep=  79  mem=6096.0MB  summarize_boot_rep
[07:17:06] rep=  79  mem=6096.0MB  fwrite csv
[07:17:06] rep=  79  mem=6096.0MB  rep done in 9.5s
[07:17:07] rep=  80  mem=6089.3MB  rep start
[07:17:07] rep=  80  mem=6089.3MB  filter market_data
[07:17:07] rep=  80  mem=6134.6MB  sample ids
[07:17:07] rep=  80  mem=6134.7MB  left_join (many-to-many)
[07:17:07] rep=  80  mem=6180.1MB  estimate_choice_model: start
[07:17:15] rep=  80  mem=6262.8MB  estimate_choice_model: done
[07:17:15] rep=  80  mem=6262.8MB  compute per_rep + ch_*
[07:17:15] rep=  80  mem=6269.6MB  free big intermediates
[07:17:15] rep=  80  mem=6096.0MB  summarize_boot_rep
[07:17:16] rep=  80  mem=6096.0MB  fwrite csv
[07:17:16] rep=  80  mem=6096.0MB  rep done in 9.3s
[07:17:16] rep=  81  mem=6089.3MB  rep start
[07:17:16] rep=  81  mem=6089.3MB  filter market_data
[07:17:17] rep=  81  mem=6134.6MB  sample ids
[07:17:17] rep=  81  mem=6134.7MB  left_join (many-to-many)
[07:17:17] rep=  81  mem=6180.0MB  estimate_choice_model: start
[07:17:25] rep=  81  mem=6262.6MB  estimate_choice_model: done
[07:17:25] rep=  81  mem=6262.6MB  compute per_rep + ch_*
[07:17:25] rep=  81  mem=6269.3MB  free big intermediates
[07:17:25] rep=  81  mem=6096.0MB  summarize_boot_rep
[07:17:26] rep=  81  mem=6096.0MB  fwrite csv
[07:17:26] rep=  81  mem=6096.0MB  rep done in 9.6s
[07:17:26] rep=  82  mem=6089.3MB  rep start
[07:17:26] rep=  82  mem=6089.3MB  filter market_data
[07:17:26] rep=  82  mem=6134.6MB  sample ids
[07:17:26] rep=  82  mem=6134.7MB  left_join (many-to-many)
[07:17:26] rep=  82  mem=6180.1MB  estimate_choice_model: start
[07:17:35] rep=  82  mem=6262.7MB  estimate_choice_model: done
[07:17:35] rep=  82  mem=6262.7MB  compute per_rep + ch_*
[07:17:35] rep=  82  mem=6269.4MB  free big intermediates
[07:17:36] rep=  82  mem=6096.0MB  summarize_boot_rep
[07:17:36] rep=  82  mem=6096.0MB  fwrite csv
[07:17:36] rep=  82  mem=6096.0MB  rep done in 10.3s
[07:17:36] rep=  83  mem=6089.3MB  rep start
[07:17:36] rep=  83  mem=6089.3MB  filter market_data
[07:17:37] rep=  83  mem=6134.6MB  sample ids
[07:17:37] rep=  83  mem=6134.7MB  left_join (many-to-many)
[07:17:37] rep=  83  mem=6180.0MB  estimate_choice_model: start
[07:17:45] rep=  83  mem=6262.5MB  estimate_choice_model: done
[07:17:45] rep=  83  mem=6262.5MB  compute per_rep + ch_*
[07:17:45] rep=  83  mem=6269.3MB  free big intermediates
[07:17:45] rep=  83  mem=6096.0MB  summarize_boot_rep
[07:17:46] rep=  83  mem=6096.0MB  fwrite csv
[07:17:46] rep=  83  mem=6096.0MB  rep done in 9.6s
[07:17:46] rep=  84  mem=6089.3MB  rep start
[07:17:46] rep=  84  mem=6089.3MB  filter market_data
[07:17:46] rep=  84  mem=6134.6MB  sample ids
[07:17:46] rep=  84  mem=6134.7MB  left_join (many-to-many)
[07:17:47] rep=  84  mem=6180.1MB  estimate_choice_model: start
[07:17:55] rep=  84  mem=6262.7MB  estimate_choice_model: done
[07:17:55] rep=  84  mem=6262.7MB  compute per_rep + ch_*
[07:17:55] rep=  84  mem=6269.4MB  free big intermediates
[07:17:55] rep=  84  mem=6096.0MB  summarize_boot_rep
[07:17:56] rep=  84  mem=6096.0MB  fwrite csv
[07:17:56] rep=  84  mem=6096.0MB  rep done in 9.9s
[07:17:56] rep=  85  mem=6089.3MB  rep start
[07:17:56] rep=  85  mem=6089.3MB  filter market_data
[07:17:56] rep=  85  mem=6134.6MB  sample ids
[07:17:56] rep=  85  mem=6134.7MB  left_join (many-to-many)
[07:17:57] rep=  85  mem=6180.1MB  estimate_choice_model: start
[07:18:05] rep=  85  mem=6262.8MB  estimate_choice_model: done
[07:18:05] rep=  85  mem=6262.8MB  compute per_rep + ch_*
[07:18:05] rep=  85  mem=6269.6MB  free big intermediates
[07:18:05] rep=  85  mem=6096.0MB  summarize_boot_rep
[07:18:06] rep=  85  mem=6096.0MB  fwrite csv
[07:18:06] rep=  85  mem=6096.0MB  rep done in 9.8s
[07:18:06] rep=  86  mem=6089.3MB  rep start
[07:18:06] rep=  86  mem=6089.3MB  filter market_data
[07:18:06] rep=  86  mem=6134.6MB  sample ids
[07:18:06] rep=  86  mem=6134.7MB  left_join (many-to-many)
[07:18:06] rep=  86  mem=6180.1MB  estimate_choice_model: start
[07:18:15] rep=  86  mem=6262.8MB  estimate_choice_model: done
[07:18:15] rep=  86  mem=6262.8MB  compute per_rep + ch_*
[07:18:15] rep=  86  mem=6269.6MB  free big intermediates
[07:18:15] rep=  86  mem=6096.0MB  summarize_boot_rep
[07:18:15] rep=  86  mem=6096.0MB  fwrite csv
[07:18:16] rep=  86  mem=6096.0MB  rep done in 9.8s
[07:18:16] rep=  87  mem=6089.3MB  rep start
[07:18:16] rep=  87  mem=6089.3MB  filter market_data
[07:18:16] rep=  87  mem=6134.6MB  sample ids
[07:18:16] rep=  87  mem=6134.7MB  left_join (many-to-many)
[07:18:16] rep=  87  mem=6180.1MB  estimate_choice_model: start
[07:18:24] rep=  87  mem=6262.7MB  estimate_choice_model: done
[07:18:24] rep=  87  mem=6262.7MB  compute per_rep + ch_*
[07:18:24] rep=  87  mem=6269.5MB  free big intermediates
[07:18:25] rep=  87  mem=6096.0MB  summarize_boot_rep
[07:18:25] rep=  87  mem=6096.0MB  fwrite csv
[07:18:25] rep=  87  mem=6096.0MB  rep done in 9.5s
[07:18:25] rep=  88  mem=6089.3MB  rep start
[07:18:26] rep=  88  mem=6089.3MB  filter market_data
[07:18:26] rep=  88  mem=6134.6MB  sample ids
[07:18:26] rep=  88  mem=6134.7MB  left_join (many-to-many)
[07:18:26] rep=  88  mem=6180.0MB  estimate_choice_model: start
[07:18:34] rep=  88  mem=6262.6MB  estimate_choice_model: done
[07:18:34] rep=  88  mem=6262.6MB  compute per_rep + ch_*
[07:18:34] rep=  88  mem=6269.4MB  free big intermediates
[07:18:34] rep=  88  mem=6096.0MB  summarize_boot_rep
[07:18:35] rep=  88  mem=6096.0MB  fwrite csv
[07:18:35] rep=  88  mem=6096.0MB  rep done in 9.4s
[07:18:35] rep=  89  mem=6089.3MB  rep start
[07:18:35] rep=  89  mem=6089.3MB  filter market_data
[07:18:35] rep=  89  mem=6134.6MB  sample ids
[07:18:35] rep=  89  mem=6134.7MB  left_join (many-to-many)
[07:18:36] rep=  89  mem=6180.1MB  estimate_choice_model: start
[07:18:43] rep=  89  mem=6262.7MB  estimate_choice_model: done
[07:18:43] rep=  89  mem=6262.7MB  compute per_rep + ch_*
[07:18:44] rep=  89  mem=6269.4MB  free big intermediates
[07:18:44] rep=  89  mem=6096.0MB  summarize_boot_rep
[07:18:44] rep=  89  mem=6096.0MB  fwrite csv
[07:18:44] rep=  89  mem=6096.0MB  rep done in 9.5s
[07:18:45] rep=  90  mem=6089.3MB  rep start
[07:18:45] rep=  90  mem=6089.3MB  filter market_data
[07:18:45] rep=  90  mem=6134.6MB  sample ids
[07:18:45] rep=  90  mem=6134.7MB  left_join (many-to-many)
[07:18:45] rep=  90  mem=6180.1MB  estimate_choice_model: start
[07:18:53] rep=  90  mem=6262.7MB  estimate_choice_model: done
[07:18:53] rep=  90  mem=6262.7MB  compute per_rep + ch_*
[07:18:53] rep=  90  mem=6269.4MB  free big intermediates
[07:18:54] rep=  90  mem=6096.0MB  summarize_boot_rep
[07:18:54] rep=  90  mem=6096.0MB  fwrite csv
[07:18:54] rep=  90  mem=6096.0MB  rep done in 9.7s
[07:18:54] rep=  91  mem=6089.3MB  rep start
[07:18:54] rep=  91  mem=6089.3MB  filter market_data
[07:18:55] rep=  91  mem=6134.6MB  sample ids
[07:18:55] rep=  91  mem=6134.7MB  left_join (many-to-many)
[07:18:55] rep=  91  mem=6180.1MB  estimate_choice_model: start
[07:19:03] rep=  91  mem=6262.8MB  estimate_choice_model: done
[07:19:03] rep=  91  mem=6262.8MB  compute per_rep + ch_*
[07:19:03] rep=  91  mem=6269.6MB  free big intermediates
[07:19:03] rep=  91  mem=6096.0MB  summarize_boot_rep
[07:19:03] rep=  91  mem=6096.0MB  fwrite csv
[07:19:04] rep=  91  mem=6096.0MB  rep done in 9.3s
[07:19:04] rep=  92  mem=6089.3MB  rep start
[07:19:04] rep=  92  mem=6089.3MB  filter market_data
[07:19:04] rep=  92  mem=6134.6MB  sample ids
[07:19:04] rep=  92  mem=6134.7MB  left_join (many-to-many)
[07:19:04] rep=  92  mem=6180.1MB  estimate_choice_model: start
[07:19:13] rep=  92  mem=6262.8MB  estimate_choice_model: done
[07:19:13] rep=  92  mem=6262.8MB  compute per_rep + ch_*
[07:19:13] rep=  92  mem=6269.5MB  free big intermediates
[07:19:13] rep=  92  mem=6096.0MB  summarize_boot_rep
[07:19:13] rep=  92  mem=6096.0MB  fwrite csv
[07:19:14] rep=  92  mem=6096.0MB  rep done in 9.9s
[07:19:14] rep=  93  mem=6089.3MB  rep start
[07:19:14] rep=  93  mem=6089.3MB  filter market_data
[07:19:14] rep=  93  mem=6134.6MB  sample ids
[07:19:14] rep=  93  mem=6134.7MB  left_join (many-to-many)
[07:19:14] rep=  93  mem=6180.1MB  estimate_choice_model: start
[07:19:23] rep=  93  mem=6262.7MB  estimate_choice_model: done
[07:19:23] rep=  93  mem=6262.7MB  compute per_rep + ch_*
[07:19:24] rep=  93  mem=6269.5MB  free big intermediates
[07:19:24] rep=  93  mem=6096.0MB  summarize_boot_rep
[07:19:24] rep=  93  mem=6096.0MB  fwrite csv
[07:19:24] rep=  93  mem=6096.0MB  rep done in 10.6s
[07:19:24] rep=  94  mem=6089.3MB  rep start
[07:19:25] rep=  94  mem=6089.3MB  filter market_data
[07:19:25] rep=  94  mem=6134.6MB  sample ids
[07:19:25] rep=  94  mem=6134.7MB  left_join (many-to-many)
[07:19:25] rep=  94  mem=6180.1MB  estimate_choice_model: start
[07:19:33] rep=  94  mem=6262.7MB  estimate_choice_model: done
[07:19:33] rep=  94  mem=6262.7MB  compute per_rep + ch_*
[07:19:33] rep=  94  mem=6269.5MB  free big intermediates
[07:19:34] rep=  94  mem=6096.0MB  summarize_boot_rep
[07:19:34] rep=  94  mem=6096.0MB  fwrite csv
[07:19:34] rep=  94  mem=6096.0MB  rep done in 9.7s
[07:19:34] rep=  95  mem=6089.3MB  rep start
[07:19:34] rep=  95  mem=6089.3MB  filter market_data
[07:19:35] rep=  95  mem=6134.6MB  sample ids
[07:19:35] rep=  95  mem=6134.7MB  left_join (many-to-many)
[07:19:35] rep=  95  mem=6180.0MB  estimate_choice_model: start
[07:19:43] rep=  95  mem=6262.7MB  estimate_choice_model: done
[07:19:43] rep=  95  mem=6262.7MB  compute per_rep + ch_*
[07:19:43] rep=  95  mem=6269.4MB  free big intermediates
[07:19:43] rep=  95  mem=6096.0MB  summarize_boot_rep
[07:19:44] rep=  95  mem=6096.0MB  fwrite csv
[07:19:44] rep=  95  mem=6096.0MB  rep done in 9.8s
[07:19:44] rep=  96  mem=6089.3MB  rep start
[07:19:44] rep=  96  mem=6089.3MB  filter market_data
[07:19:45] rep=  96  mem=6134.6MB  sample ids
[07:19:45] rep=  96  mem=6134.7MB  left_join (many-to-many)
[07:19:45] rep=  96  mem=6180.1MB  estimate_choice_model: start
[07:19:53] rep=  96  mem=6262.8MB  estimate_choice_model: done
[07:19:53] rep=  96  mem=6262.8MB  compute per_rep + ch_*
[07:19:53] rep=  96  mem=6269.5MB  free big intermediates
[07:19:53] rep=  96  mem=6096.0MB  summarize_boot_rep
[07:19:54] rep=  96  mem=6096.0MB  fwrite csv
[07:19:54] rep=  96  mem=6096.0MB  rep done in 9.6s
[07:19:54] rep=  97  mem=6089.3MB  rep start
[07:19:54] rep=  97  mem=6089.3MB  filter market_data
[07:19:54] rep=  97  mem=6134.6MB  sample ids
[07:19:54] rep=  97  mem=6134.7MB  left_join (many-to-many)
[07:19:55] rep=  97  mem=6180.1MB  estimate_choice_model: start
[07:20:02] rep=  97  mem=6262.7MB  estimate_choice_model: done
[07:20:02] rep=  97  mem=6262.7MB  compute per_rep + ch_*
[07:20:03] rep=  97  mem=6269.4MB  free big intermediates
[07:20:03] rep=  97  mem=6096.0MB  summarize_boot_rep
[07:20:03] rep=  97  mem=6096.0MB  fwrite csv
[07:20:03] rep=  97  mem=6096.0MB  rep done in 9.4s
[07:20:03] rep=   0  mem=6089.3MB  === session quota of 25 reps reached, exiting ===
[07:20:27] rep=   0  mem=6087.8MB  === runner start, market = 11 , reps_per_session = 25 ===
[07:20:27] rep=  98  mem=6087.8MB  rep start
[07:20:27] rep=  98  mem=6087.8MB  filter market_data
[07:20:28] rep=  98  mem=6133.1MB  sample ids
[07:20:28] rep=  98  mem=6133.3MB  left_join (many-to-many)
[07:20:28] rep=  98  mem=6178.7MB  estimate_choice_model: start
[07:20:36] rep=  98  mem=6262.2MB  estimate_choice_model: done
[07:20:36] rep=  98  mem=6262.2MB  compute per_rep + ch_*
[07:20:37] rep=  98  mem=6269.0MB  free big intermediates
[07:20:37] rep=  98  mem=6095.6MB  summarize_boot_rep
[07:20:37] rep=  98  mem=6095.9MB  fwrite csv
[07:20:37] rep=  98  mem=6095.9MB  rep done in 10.1s
[07:20:38] rep=  99  mem=6089.3MB  rep start
[07:20:38] rep=  99  mem=6089.3MB  filter market_data
[07:20:38] rep=  99  mem=6134.6MB  sample ids
[07:20:38] rep=  99  mem=6134.7MB  left_join (many-to-many)
[07:20:38] rep=  99  mem=6180.0MB  estimate_choice_model: start
[07:20:46] rep=  99  mem=6262.6MB  estimate_choice_model: done
[07:20:46] rep=  99  mem=6262.6MB  compute per_rep + ch_*
[07:20:46] rep=  99  mem=6269.4MB  free big intermediates
[07:20:46] rep=  99  mem=6096.0MB  summarize_boot_rep
[07:20:47] rep=  99  mem=6096.0MB  fwrite csv
[07:20:47] rep=  99  mem=6096.0MB  rep done in 9.5s
[07:20:47] rep= 100  mem=6089.3MB  rep start
[07:20:47] rep= 100  mem=6089.3MB  filter market_data
[07:20:48] rep= 100  mem=6134.6MB  sample ids
[07:20:48] rep= 100  mem=6134.7MB  left_join (many-to-many)
[07:20:48] rep= 100  mem=6180.1MB  estimate_choice_model: start
[07:20:56] rep= 100  mem=6262.7MB  estimate_choice_model: done
[07:20:56] rep= 100  mem=6262.7MB  compute per_rep + ch_*
[07:20:56] rep= 100  mem=6269.4MB  free big intermediates
[07:20:56] rep= 100  mem=6096.0MB  summarize_boot_rep
[07:20:56] rep= 100  mem=6096.0MB  fwrite csv
[07:20:57] rep= 100  mem=6096.0MB  rep done in 9.5s
[07:20:57] rep= 101  mem=6089.3MB  rep start
[07:20:57] rep= 101  mem=6089.3MB  filter market_data
[07:20:57] rep= 101  mem=6134.6MB  sample ids
[07:20:57] rep= 101  mem=6134.7MB  left_join (many-to-many)
[07:20:57] rep= 101  mem=6180.1MB  estimate_choice_model: start
[07:21:05] rep= 101  mem=6262.8MB  estimate_choice_model: done
[07:21:06] rep= 101  mem=6262.8MB  compute per_rep + ch_*
[07:21:06] rep= 101  mem=6269.5MB  free big intermediates
[07:21:06] rep= 101  mem=6096.0MB  summarize_boot_rep
[07:21:06] rep= 101  mem=6096.0MB  fwrite csv
[07:21:06] rep= 101  mem=6096.0MB  rep done in 9.7s
[07:21:07] rep= 102  mem=6089.3MB  rep start
[07:21:07] rep= 102  mem=6089.3MB  filter market_data
[07:21:07] rep= 102  mem=6134.6MB  sample ids
[07:21:07] rep= 102  mem=6134.7MB  left_join (many-to-many)
[07:21:07] rep= 102  mem=6180.0MB  estimate_choice_model: start
[07:21:15] rep= 102  mem=6262.5MB  estimate_choice_model: done
[07:21:15] rep= 102  mem=6262.5MB  compute per_rep + ch_*
[07:21:16] rep= 102  mem=6269.3MB  free big intermediates
[07:21:16] rep= 102  mem=6096.0MB  summarize_boot_rep
[07:21:16] rep= 102  mem=6096.0MB  fwrite csv
[07:21:16] rep= 102  mem=6096.0MB  rep done in 9.8s
[07:21:17] rep= 103  mem=6089.3MB  rep start
[07:21:17] rep= 103  mem=6089.3MB  filter market_data
[07:21:17] rep= 103  mem=6134.6MB  sample ids
[07:21:17] rep= 103  mem=6134.7MB  left_join (many-to-many)
[07:21:17] rep= 103  mem=6180.1MB  estimate_choice_model: start
[07:21:25] rep= 103  mem=6262.8MB  estimate_choice_model: done
[07:21:25] rep= 103  mem=6262.8MB  compute per_rep + ch_*
[07:21:26] rep= 103  mem=6269.5MB  free big intermediates
[07:21:26] rep= 103  mem=6096.0MB  summarize_boot_rep
[07:21:26] rep= 103  mem=6096.0MB  fwrite csv
[07:21:26] rep= 103  mem=6096.0MB  rep done in 9.9s
[07:21:27] rep= 104  mem=6089.3MB  rep start
[07:21:27] rep= 104  mem=6089.3MB  filter market_data
[07:21:27] rep= 104  mem=6134.6MB  sample ids
[07:21:27] rep= 104  mem=6134.7MB  left_join (many-to-many)
[07:21:27] rep= 104  mem=6180.1MB  estimate_choice_model: start
[07:21:35] rep= 104  mem=6262.9MB  estimate_choice_model: done
[07:21:35] rep= 104  mem=6262.9MB  compute per_rep + ch_*
[07:21:35] rep= 104  mem=6269.6MB  free big intermediates
[07:21:36] rep= 104  mem=6096.0MB  summarize_boot_rep
[07:21:36] rep= 104  mem=6096.0MB  fwrite csv
[07:21:36] rep= 104  mem=6096.0MB  rep done in 9.8s
[07:21:36] rep= 105  mem=6089.3MB  rep start
[07:21:37] rep= 105  mem=6089.3MB  filter market_data
[07:21:37] rep= 105  mem=6134.6MB  sample ids
[07:21:37] rep= 105  mem=6134.7MB  left_join (many-to-many)
[07:21:37] rep= 105  mem=6180.1MB  estimate_choice_model: start
[07:21:45] rep= 105  mem=6262.7MB  estimate_choice_model: done
[07:21:45] rep= 105  mem=6262.7MB  compute per_rep + ch_*
[07:21:45] rep= 105  mem=6269.4MB  free big intermediates
[07:21:46] rep= 105  mem=6096.0MB  summarize_boot_rep
[07:21:46] rep= 105  mem=6096.0MB  fwrite csv
[07:21:46] rep= 105  mem=6096.0MB  rep done in 9.8s
[07:21:46] rep= 106  mem=6089.3MB  rep start
[07:21:46] rep= 106  mem=6089.3MB  filter market_data
[07:21:47] rep= 106  mem=6134.6MB  sample ids
[07:21:47] rep= 106  mem=6134.7MB  left_join (many-to-many)
[07:21:47] rep= 106  mem=6180.0MB  estimate_choice_model: start
[07:21:55] rep= 106  mem=6262.6MB  estimate_choice_model: done
[07:21:55] rep= 106  mem=6262.6MB  compute per_rep + ch_*
[07:21:55] rep= 106  mem=6269.3MB  free big intermediates
[07:21:55] rep= 106  mem=6096.0MB  summarize_boot_rep
[07:21:56] rep= 106  mem=6096.0MB  fwrite csv
[07:21:56] rep= 106  mem=6096.0MB  rep done in 9.5s
[07:21:56] rep= 107  mem=6089.3MB  rep start
[07:21:56] rep= 107  mem=6089.3MB  filter market_data
[07:21:56] rep= 107  mem=6134.6MB  sample ids
[07:21:56] rep= 107  mem=6134.7MB  left_join (many-to-many)
[07:21:57] rep= 107  mem=6180.0MB  estimate_choice_model: start
[07:22:04] rep= 107  mem=6262.7MB  estimate_choice_model: done
[07:22:05] rep= 107  mem=6262.7MB  compute per_rep + ch_*
[07:22:05] rep= 107  mem=6269.4MB  free big intermediates
[07:22:05] rep= 107  mem=6096.0MB  summarize_boot_rep
[07:22:05] rep= 107  mem=6096.0MB  fwrite csv
[07:22:05] rep= 107  mem=6096.0MB  rep done in 9.6s
[07:22:06] rep= 108  mem=6089.3MB  rep start
[07:22:06] rep= 108  mem=6089.3MB  filter market_data
[07:22:06] rep= 108  mem=6134.6MB  sample ids
[07:22:06] rep= 108  mem=6134.7MB  left_join (many-to-many)
[07:22:06] rep= 108  mem=6180.1MB  estimate_choice_model: start
[07:22:14] rep= 108  mem=6262.7MB  estimate_choice_model: done
[07:22:14] rep= 108  mem=6262.7MB  compute per_rep + ch_*
[07:22:14] rep= 108  mem=6269.4MB  free big intermediates
[07:22:14] rep= 108  mem=6096.0MB  summarize_boot_rep
[07:22:15] rep= 108  mem=6096.0MB  fwrite csv
[07:22:15] rep= 108  mem=6096.0MB  rep done in 9.5s
[07:22:15] rep= 109  mem=6089.3MB  rep start
[07:22:15] rep= 109  mem=6089.3MB  filter market_data
[07:22:16] rep= 109  mem=6134.6MB  sample ids
[07:22:16] rep= 109  mem=6134.7MB  left_join (many-to-many)
[07:22:16] rep= 109  mem=6180.1MB  estimate_choice_model: start
[07:22:24] rep= 109  mem=6262.7MB  estimate_choice_model: done
[07:22:24] rep= 109  mem=6262.7MB  compute per_rep + ch_*
[07:22:24] rep= 109  mem=6269.5MB  free big intermediates
[07:22:25] rep= 109  mem=6096.0MB  summarize_boot_rep
[07:22:25] rep= 109  mem=6096.0MB  fwrite csv
[07:22:25] rep= 109  mem=6096.0MB  rep done in 10.0s
[07:22:25] rep= 110  mem=6089.3MB  rep start
[07:22:25] rep= 110  mem=6089.3MB  filter market_data
[07:22:26] rep= 110  mem=6134.6MB  sample ids
[07:22:26] rep= 110  mem=6134.7MB  left_join (many-to-many)
[07:22:26] rep= 110  mem=6180.1MB  estimate_choice_model: start
[07:22:34] rep= 110  mem=6262.9MB  estimate_choice_model: done
[07:22:34] rep= 110  mem=6262.9MB  compute per_rep + ch_*
[07:22:34] rep= 110  mem=6269.6MB  free big intermediates
[07:22:35] rep= 110  mem=6096.0MB  summarize_boot_rep
[07:22:35] rep= 110  mem=6096.0MB  fwrite csv
[07:22:35] rep= 110  mem=6096.0MB  rep done in 9.9s
[07:22:35] rep= 111  mem=6089.3MB  rep start
[07:22:35] rep= 111  mem=6089.3MB  filter market_data
[07:22:36] rep= 111  mem=6134.6MB  sample ids
[07:22:36] rep= 111  mem=6134.7MB  left_join (many-to-many)
[07:22:36] rep= 111  mem=6180.0MB  estimate_choice_model: start
[07:22:44] rep= 111  mem=6262.6MB  estimate_choice_model: done
[07:22:44] rep= 111  mem=6262.6MB  compute per_rep + ch_*
[07:22:44] rep= 111  mem=6269.3MB  free big intermediates
[07:22:44] rep= 111  mem=6096.0MB  summarize_boot_rep
[07:22:45] rep= 111  mem=6096.0MB  fwrite csv
[07:22:45] rep= 111  mem=6096.0MB  rep done in 9.6s
[07:22:45] rep= 112  mem=6089.3MB  rep start
[07:22:45] rep= 112  mem=6089.3MB  filter market_data
[07:22:45] rep= 112  mem=6134.6MB  sample ids
[07:22:45] rep= 112  mem=6134.7MB  left_join (many-to-many)
[07:22:46] rep= 112  mem=6180.1MB  estimate_choice_model: start
[07:22:53] rep= 112  mem=6262.7MB  estimate_choice_model: done
[07:22:54] rep= 112  mem=6262.7MB  compute per_rep + ch_*
[07:22:54] rep= 112  mem=6269.4MB  free big intermediates
[07:22:54] rep= 112  mem=6096.0MB  summarize_boot_rep
[07:22:54] rep= 112  mem=6096.0MB  fwrite csv
[07:22:54] rep= 112  mem=6096.0MB  rep done in 9.5s
[07:22:55] rep= 113  mem=6089.3MB  rep start
[07:22:55] rep= 113  mem=6089.3MB  filter market_data
[07:22:55] rep= 113  mem=6134.6MB  sample ids
[07:22:55] rep= 113  mem=6134.7MB  left_join (many-to-many)
[07:22:55] rep= 113  mem=6180.0MB  estimate_choice_model: start
[07:23:03] rep= 113  mem=6262.5MB  estimate_choice_model: done
[07:23:03] rep= 113  mem=6262.5MB  compute per_rep + ch_*
[07:23:04] rep= 113  mem=6269.3MB  free big intermediates
[07:23:04] rep= 113  mem=6096.0MB  summarize_boot_rep
[07:23:04] rep= 113  mem=6096.0MB  fwrite csv
[07:23:04] rep= 113  mem=6096.0MB  rep done in 9.7s
[07:23:04] rep= 114  mem=6089.3MB  rep start
[07:23:05] rep= 114  mem=6089.3MB  filter market_data
[07:23:05] rep= 114  mem=6134.6MB  sample ids
[07:23:05] rep= 114  mem=6134.7MB  left_join (many-to-many)
[07:23:05] rep= 114  mem=6180.1MB  estimate_choice_model: start
[07:23:13] rep= 114  mem=6262.7MB  estimate_choice_model: done
[07:23:13] rep= 114  mem=6262.7MB  compute per_rep + ch_*
[07:23:13] rep= 114  mem=6269.4MB  free big intermediates
[07:23:13] rep= 114  mem=6096.0MB  summarize_boot_rep
[07:23:14] rep= 114  mem=6096.0MB  fwrite csv
[07:23:14] rep= 114  mem=6096.0MB  rep done in 9.3s
[07:23:14] rep= 115  mem=6089.3MB  rep start
[07:23:14] rep= 115  mem=6089.3MB  filter market_data
[07:23:14] rep= 115  mem=6134.6MB  sample ids
[07:23:14] rep= 115  mem=6134.7MB  left_join (many-to-many)
[07:23:14] rep= 115  mem=6180.0MB  estimate_choice_model: start
[07:23:22] rep= 115  mem=6262.6MB  estimate_choice_model: done
[07:23:22] rep= 115  mem=6262.6MB  compute per_rep + ch_*
[07:23:22] rep= 115  mem=6269.4MB  free big intermediates
[07:23:23] rep= 115  mem=6096.0MB  summarize_boot_rep
[07:23:23] rep= 115  mem=6096.0MB  fwrite csv
[07:23:23] rep= 115  mem=6096.0MB  rep done in 9.4s
[07:23:23] rep= 116  mem=6089.3MB  rep start
[07:23:23] rep= 116  mem=6089.3MB  filter market_data
[07:23:24] rep= 116  mem=6134.6MB  sample ids
[07:23:24] rep= 116  mem=6134.7MB  left_join (many-to-many)
[07:23:24] rep= 116  mem=6180.1MB  estimate_choice_model: start
[07:23:32] rep= 116  mem=6262.7MB  estimate_choice_model: done
[07:23:32] rep= 116  mem=6262.7MB  compute per_rep + ch_*
[07:23:32] rep= 116  mem=6269.4MB  free big intermediates
[07:23:33] rep= 116  mem=6096.0MB  summarize_boot_rep
[07:23:33] rep= 116  mem=6096.0MB  fwrite csv
[07:23:33] rep= 116  mem=6096.0MB  rep done in 9.8s
[07:23:33] rep= 117  mem=6089.3MB  rep start
[07:23:33] rep= 117  mem=6089.3MB  filter market_data
[07:23:34] rep= 117  mem=6134.6MB  sample ids
[07:23:34] rep= 117  mem=6134.7MB  left_join (many-to-many)
[07:23:34] rep= 117  mem=6180.1MB  estimate_choice_model: start
[07:23:42] rep= 117  mem=6262.7MB  estimate_choice_model: done
[07:23:42] rep= 117  mem=6262.7MB  compute per_rep + ch_*
[07:23:42] rep= 117  mem=6269.4MB  free big intermediates
[07:23:42] rep= 117  mem=6096.0MB  summarize_boot_rep
[07:23:43] rep= 117  mem=6096.0MB  fwrite csv
[07:23:43] rep= 117  mem=6096.0MB  rep done in 9.5s
[07:23:43] rep= 118  mem=6089.3MB  rep start
[07:23:43] rep= 118  mem=6089.3MB  filter market_data
[07:23:43] rep= 118  mem=6134.6MB  sample ids
[07:23:43] rep= 118  mem=6134.7MB  left_join (many-to-many)
[07:23:43] rep= 118  mem=6180.1MB  estimate_choice_model: start
[07:23:51] rep= 118  mem=6262.8MB  estimate_choice_model: done
[07:23:52] rep= 118  mem=6262.8MB  compute per_rep + ch_*
[07:23:52] rep= 118  mem=6269.6MB  free big intermediates
[07:23:52] rep= 118  mem=6096.0MB  summarize_boot_rep
[07:23:52] rep= 118  mem=6096.0MB  fwrite csv
[07:23:52] rep= 118  mem=6096.0MB  rep done in 9.6s
[07:23:53] rep= 119  mem=6089.3MB  rep start
[07:23:53] rep= 119  mem=6089.3MB  filter market_data
[07:23:53] rep= 119  mem=6134.6MB  sample ids
[07:23:53] rep= 119  mem=6134.7MB  left_join (many-to-many)
[07:23:53] rep= 119  mem=6180.1MB  estimate_choice_model: start
[07:24:01] rep= 119  mem=6262.7MB  estimate_choice_model: done
[07:24:01] rep= 119  mem=6262.7MB  compute per_rep + ch_*
[07:24:01] rep= 119  mem=6269.4MB  free big intermediates
[07:24:02] rep= 119  mem=6096.0MB  summarize_boot_rep
[07:24:02] rep= 119  mem=6096.0MB  fwrite csv
[07:24:02] rep= 119  mem=6096.0MB  rep done in 9.6s
[07:24:02] rep= 120  mem=6089.3MB  rep start
[07:24:02] rep= 120  mem=6089.3MB  filter market_data
[07:24:03] rep= 120  mem=6134.6MB  sample ids
[07:24:03] rep= 120  mem=6134.7MB  left_join (many-to-many)
[07:24:03] rep= 120  mem=6180.1MB  estimate_choice_model: start
[07:24:11] rep= 120  mem=6262.7MB  estimate_choice_model: done
[07:24:11] rep= 120  mem=6262.7MB  compute per_rep + ch_*
[07:24:11] rep= 120  mem=6269.4MB  free big intermediates
[07:24:11] rep= 120  mem=6096.0MB  summarize_boot_rep
[07:24:12] rep= 120  mem=6096.0MB  fwrite csv
[07:24:12] rep= 120  mem=6096.0MB  rep done in 9.5s
[07:24:12] rep= 121  mem=6089.3MB  rep start
[07:24:12] rep= 121  mem=6089.3MB  filter market_data
[07:24:12] rep= 121  mem=6134.6MB  sample ids
[07:24:12] rep= 121  mem=6134.7MB  left_join (many-to-many)
[07:24:13] rep= 121  mem=6180.0MB  estimate_choice_model: start
[07:24:21] rep= 121  mem=6262.7MB  estimate_choice_model: done
[07:24:21] rep= 121  mem=6262.7MB  compute per_rep + ch_*
[07:24:21] rep= 121  mem=6269.4MB  free big intermediates
[07:24:21] rep= 121  mem=6096.0MB  summarize_boot_rep
[07:24:22] rep= 121  mem=6096.0MB  fwrite csv
[07:24:22] rep= 121  mem=6096.0MB  rep done in 9.9s
[07:24:22] rep= 122  mem=6089.3MB  rep start
[07:24:22] rep= 122  mem=6089.3MB  filter market_data
[07:24:22] rep= 122  mem=6134.6MB  sample ids
[07:24:23] rep= 122  mem=6134.7MB  left_join (many-to-many)
[07:24:23] rep= 122  mem=6180.1MB  estimate_choice_model: start
[07:24:31] rep= 122  mem=6262.8MB  estimate_choice_model: done
[07:24:31] rep= 122  mem=6262.8MB  compute per_rep + ch_*
[07:24:31] rep= 122  mem=6269.5MB  free big intermediates
[07:24:31] rep= 122  mem=6096.0MB  summarize_boot_rep
[07:24:32] rep= 122  mem=6096.0MB  fwrite csv
[07:24:32] rep= 122  mem=6096.0MB  rep done in 9.7s
[07:24:32] rep=   0  mem=6089.3MB  === session quota of 25 reps reached, exiting ===
[07:24:55] rep=   0  mem=6087.8MB  === runner start, market = 11 , reps_per_session = 25 ===
[07:24:55] rep= 123  mem=6087.8MB  rep start
[07:24:55] rep= 123  mem=6087.8MB  filter market_data
[07:24:55] rep= 123  mem=6133.1MB  sample ids
[07:24:55] rep= 123  mem=6133.3MB  left_join (many-to-many)
[07:24:55] rep= 123  mem=6178.7MB  estimate_choice_model: start
[07:25:03] rep= 123  mem=6262.2MB  estimate_choice_model: done
[07:25:03] rep= 123  mem=6262.2MB  compute per_rep + ch_*
[07:25:03] rep= 123  mem=6268.9MB  free big intermediates
[07:25:04] rep= 123  mem=6095.6MB  summarize_boot_rep
[07:25:04] rep= 123  mem=6095.9MB  fwrite csv
[07:25:04] rep= 123  mem=6095.9MB  rep done in 9.5s
[07:25:04] rep= 124  mem=6089.3MB  rep start
[07:25:04] rep= 124  mem=6089.3MB  filter market_data
[07:25:05] rep= 124  mem=6134.6MB  sample ids
[07:25:05] rep= 124  mem=6134.7MB  left_join (many-to-many)
[07:25:05] rep= 124  mem=6180.1MB  estimate_choice_model: start
[07:25:13] rep= 124  mem=6262.8MB  estimate_choice_model: done
[07:25:13] rep= 124  mem=6262.8MB  compute per_rep + ch_*
[07:25:13] rep= 124  mem=6269.6MB  free big intermediates
[07:25:13] rep= 124  mem=6096.0MB  summarize_boot_rep
[07:25:14] rep= 124  mem=6096.0MB  fwrite csv
[07:25:14] rep= 124  mem=6096.0MB  rep done in 9.5s
[07:25:14] rep= 125  mem=6089.3MB  rep start
[07:25:14] rep= 125  mem=6089.3MB  filter market_data
[07:25:14] rep= 125  mem=6134.6MB  sample ids
[07:25:14] rep= 125  mem=6134.7MB  left_join (many-to-many)
[07:25:15] rep= 125  mem=6180.0MB  estimate_choice_model: start
[07:25:23] rep= 125  mem=6262.6MB  estimate_choice_model: done
[07:25:23] rep= 125  mem=6262.6MB  compute per_rep + ch_*
[07:25:23] rep= 125  mem=6269.4MB  free big intermediates
[07:25:23] rep= 125  mem=6096.0MB  summarize_boot_rep
[07:25:24] rep= 125  mem=6096.0MB  fwrite csv
[07:25:24] rep= 125  mem=6096.0MB  rep done in 9.9s
[07:25:24] rep= 126  mem=6089.3MB  rep start
[07:25:24] rep= 126  mem=6089.3MB  filter market_data
[07:25:24] rep= 126  mem=6134.6MB  sample ids
[07:25:24] rep= 126  mem=6134.7MB  left_join (many-to-many)
[07:25:25] rep= 126  mem=6180.1MB  estimate_choice_model: start
[07:25:32] rep= 126  mem=6262.7MB  estimate_choice_model: done
[07:25:32] rep= 126  mem=6262.7MB  compute per_rep + ch_*
[07:25:33] rep= 126  mem=6269.5MB  free big intermediates
[07:25:33] rep= 126  mem=6096.0MB  summarize_boot_rep
[07:25:33] rep= 126  mem=6096.0MB  fwrite csv
[07:25:33] rep= 126  mem=6096.0MB  rep done in 9.6s
[07:25:34] rep= 127  mem=6089.3MB  rep start
[07:25:34] rep= 127  mem=6089.3MB  filter market_data
[07:25:34] rep= 127  mem=6134.6MB  sample ids
[07:25:34] rep= 127  mem=6134.7MB  left_join (many-to-many)
[07:25:34] rep= 127  mem=6180.1MB  estimate_choice_model: start
[07:25:42] rep= 127  mem=6262.7MB  estimate_choice_model: done
[07:25:43] rep= 127  mem=6262.7MB  compute per_rep + ch_*
[07:25:43] rep= 127  mem=6269.4MB  free big intermediates
[07:25:43] rep= 127  mem=6096.0MB  summarize_boot_rep
[07:25:43] rep= 127  mem=6096.0MB  fwrite csv
[07:25:43] rep= 127  mem=6096.0MB  rep done in 9.9s
[07:25:44] rep= 128  mem=6089.3MB  rep start
[07:25:44] rep= 128  mem=6089.3MB  filter market_data
[07:25:44] rep= 128  mem=6134.6MB  sample ids
[07:25:44] rep= 128  mem=6134.7MB  left_join (many-to-many)
[07:25:44] rep= 128  mem=6180.1MB  estimate_choice_model: start
[07:25:52] rep= 128  mem=6262.7MB  estimate_choice_model: done
[07:25:52] rep= 128  mem=6262.7MB  compute per_rep + ch_*
[07:25:53] rep= 128  mem=6269.4MB  free big intermediates
[07:25:53] rep= 128  mem=6096.0MB  summarize_boot_rep
[07:25:53] rep= 128  mem=6096.0MB  fwrite csv
[07:25:53] rep= 128  mem=6096.0MB  rep done in 9.7s
[07:25:53] rep= 129  mem=6089.3MB  rep start
[07:25:54] rep= 129  mem=6089.3MB  filter market_data
[07:25:54] rep= 129  mem=6134.6MB  sample ids
[07:25:54] rep= 129  mem=6134.7MB  left_join (many-to-many)
[07:25:54] rep= 129  mem=6180.1MB  estimate_choice_model: start
[07:26:02] rep= 129  mem=6262.8MB  estimate_choice_model: done
[07:26:02] rep= 129  mem=6262.8MB  compute per_rep + ch_*
[07:26:02] rep= 129  mem=6269.5MB  free big intermediates
[07:26:02] rep= 129  mem=6096.0MB  summarize_boot_rep
[07:26:03] rep= 129  mem=6096.0MB  fwrite csv
[07:26:03] rep= 129  mem=6096.0MB  rep done in 9.3s
[07:26:03] rep= 130  mem=6089.3MB  rep start
[07:26:03] rep= 130  mem=6089.3MB  filter market_data
[07:26:03] rep= 130  mem=6134.6MB  sample ids
[07:26:03] rep= 130  mem=6134.7MB  left_join (many-to-many)
[07:26:03] rep= 130  mem=6180.1MB  estimate_choice_model: start
[07:26:11] rep= 130  mem=6262.8MB  estimate_choice_model: done
[07:26:11] rep= 130  mem=6262.8MB  compute per_rep + ch_*
[07:26:12] rep= 130  mem=6269.5MB  free big intermediates
[07:26:12] rep= 130  mem=6096.0MB  summarize_boot_rep
[07:26:12] rep= 130  mem=6096.0MB  fwrite csv
[07:26:12] rep= 130  mem=6096.0MB  rep done in 9.6s
[07:26:13] rep= 131  mem=6089.3MB  rep start
[07:26:13] rep= 131  mem=6089.3MB  filter market_data
[07:26:13] rep= 131  mem=6134.6MB  sample ids
[07:26:13] rep= 131  mem=6134.7MB  left_join (many-to-many)
[07:26:13] rep= 131  mem=6180.1MB  estimate_choice_model: start
[07:26:21] rep= 131  mem=6262.7MB  estimate_choice_model: done
[07:26:21] rep= 131  mem=6262.7MB  compute per_rep + ch_*
[07:26:21] rep= 131  mem=6269.5MB  free big intermediates
[07:26:21] rep= 131  mem=6096.0MB  summarize_boot_rep
[07:26:22] rep= 131  mem=6096.0MB  fwrite csv
[07:26:22] rep= 131  mem=6096.0MB  rep done in 9.5s
[07:26:22] rep= 132  mem=6089.3MB  rep start
[07:26:22] rep= 132  mem=6089.3MB  filter market_data
[07:26:23] rep= 132  mem=6134.6MB  sample ids
[07:26:23] rep= 132  mem=6134.7MB  left_join (many-to-many)
[07:26:23] rep= 132  mem=6180.1MB  estimate_choice_model: start
[07:26:31] rep= 132  mem=6262.9MB  estimate_choice_model: done
[07:26:31] rep= 132  mem=6262.9MB  compute per_rep + ch_*
[07:26:31] rep= 132  mem=6269.6MB  free big intermediates
[07:26:32] rep= 132  mem=6096.0MB  summarize_boot_rep
[07:26:32] rep= 132  mem=6096.0MB  fwrite csv
[07:26:32] rep= 132  mem=6096.0MB  rep done in 10.1s
[07:26:32] rep= 133  mem=6089.3MB  rep start
[07:26:33] rep= 133  mem=6089.3MB  filter market_data
[07:26:33] rep= 133  mem=6134.6MB  sample ids
[07:26:33] rep= 133  mem=6134.7MB  left_join (many-to-many)
[07:26:33] rep= 133  mem=6180.0MB  estimate_choice_model: start
[07:26:41] rep= 133  mem=6262.4MB  estimate_choice_model: done
[07:26:41] rep= 133  mem=6262.4MB  compute per_rep + ch_*
[07:26:41] rep= 133  mem=6269.1MB  free big intermediates
[07:26:42] rep= 133  mem=6096.0MB  summarize_boot_rep
[07:26:42] rep= 133  mem=6096.0MB  fwrite csv
[07:26:42] rep= 133  mem=6096.0MB  rep done in 9.9s
[07:26:42] rep= 134  mem=6089.3MB  rep start
[07:26:42] rep= 134  mem=6089.3MB  filter market_data
[07:26:43] rep= 134  mem=6134.6MB  sample ids
[07:26:43] rep= 134  mem=6134.7MB  left_join (many-to-many)
[07:26:43] rep= 134  mem=6180.1MB  estimate_choice_model: start
[07:26:51] rep= 134  mem=6262.7MB  estimate_choice_model: done
[07:26:51] rep= 134  mem=6262.7MB  compute per_rep + ch_*
[07:26:51] rep= 134  mem=6269.5MB  free big intermediates
[07:26:51] rep= 134  mem=6096.0MB  summarize_boot_rep
[07:26:52] rep= 134  mem=6096.0MB  fwrite csv
[07:26:52] rep= 134  mem=6096.0MB  rep done in 9.4s
[07:26:52] rep= 135  mem=6089.3MB  rep start
[07:26:52] rep= 135  mem=6089.3MB  filter market_data
[07:26:52] rep= 135  mem=6134.6MB  sample ids
[07:26:52] rep= 135  mem=6134.7MB  left_join (many-to-many)
[07:26:53] rep= 135  mem=6180.1MB  estimate_choice_model: start
[07:27:00] rep= 135  mem=6262.7MB  estimate_choice_model: done
[07:27:00] rep= 135  mem=6262.7MB  compute per_rep + ch_*
[07:27:01] rep= 135  mem=6269.4MB  free big intermediates
[07:27:01] rep= 135  mem=6096.0MB  summarize_boot_rep
[07:27:01] rep= 135  mem=6096.0MB  fwrite csv
[07:27:01] rep= 135  mem=6096.0MB  rep done in 9.6s
[07:27:02] rep= 136  mem=6089.3MB  rep start
[07:27:02] rep= 136  mem=6089.3MB  filter market_data
[07:27:02] rep= 136  mem=6134.6MB  sample ids
[07:27:02] rep= 136  mem=6134.7MB  left_join (many-to-many)
[07:27:02] rep= 136  mem=6180.0MB  estimate_choice_model: start
[07:27:10] rep= 136  mem=6262.6MB  estimate_choice_model: done
[07:27:10] rep= 136  mem=6262.6MB  compute per_rep + ch_*
[07:27:10] rep= 136  mem=6269.3MB  free big intermediates
[07:27:11] rep= 136  mem=6096.0MB  summarize_boot_rep
[07:27:11] rep= 136  mem=6096.0MB  fwrite csv
[07:27:11] rep= 136  mem=6096.0MB  rep done in 9.6s
[07:27:11] rep= 137  mem=6089.3MB  rep start
[07:27:11] rep= 137  mem=6089.3MB  filter market_data
[07:27:12] rep= 137  mem=6134.6MB  sample ids
[07:27:12] rep= 137  mem=6134.7MB  left_join (many-to-many)
[07:27:12] rep= 137  mem=6180.0MB  estimate_choice_model: start
[07:27:20] rep= 137  mem=6262.5MB  estimate_choice_model: done
[07:27:20] rep= 137  mem=6262.5MB  compute per_rep + ch_*
[07:27:20] rep= 137  mem=6269.3MB  free big intermediates
[07:27:20] rep= 137  mem=6096.0MB  summarize_boot_rep
[07:27:21] rep= 137  mem=6096.0MB  fwrite csv
[07:27:21] rep= 137  mem=6096.0MB  rep done in 9.5s
[07:27:21] rep= 138  mem=6089.3MB  rep start
[07:27:21] rep= 138  mem=6089.3MB  filter market_data
[07:27:21] rep= 138  mem=6134.6MB  sample ids
[07:27:21] rep= 138  mem=6134.7MB  left_join (many-to-many)
[07:27:22] rep= 138  mem=6180.1MB  estimate_choice_model: start
[07:27:29] rep= 138  mem=6262.7MB  estimate_choice_model: done
[07:27:30] rep= 138  mem=6262.7MB  compute per_rep + ch_*
[07:27:30] rep= 138  mem=6269.4MB  free big intermediates
[07:27:30] rep= 138  mem=6096.0MB  summarize_boot_rep
[07:27:30] rep= 138  mem=6096.0MB  fwrite csv
[07:27:30] rep= 138  mem=6096.0MB  rep done in 9.6s
[07:27:31] rep= 139  mem=6089.3MB  rep start
[07:27:31] rep= 139  mem=6089.3MB  filter market_data
[07:27:31] rep= 139  mem=6134.6MB  sample ids
[07:27:31] rep= 139  mem=6134.7MB  left_join (many-to-many)
[07:27:31] rep= 139  mem=6180.0MB  estimate_choice_model: start
[07:27:40] rep= 139  mem=6262.5MB  estimate_choice_model: done
[07:27:40] rep= 139  mem=6262.5MB  compute per_rep + ch_*
[07:27:40] rep= 139  mem=6269.3MB  free big intermediates
[07:27:40] rep= 139  mem=6096.0MB  summarize_boot_rep
[07:27:40] rep= 139  mem=6096.0MB  fwrite csv
[07:27:41] rep= 139  mem=6096.0MB  rep done in 10.0s
[07:27:41] rep= 140  mem=6089.3MB  rep start
[07:27:41] rep= 140  mem=6089.3MB  filter market_data
[07:27:41] rep= 140  mem=6134.6MB  sample ids
[07:27:41] rep= 140  mem=6134.7MB  left_join (many-to-many)
[07:27:41] rep= 140  mem=6180.1MB  estimate_choice_model: start
[07:27:49] rep= 140  mem=6262.7MB  estimate_choice_model: done
[07:27:49] rep= 140  mem=6262.7MB  compute per_rep + ch_*
[07:27:49] rep= 140  mem=6269.4MB  free big intermediates
[07:27:50] rep= 140  mem=6096.0MB  summarize_boot_rep
[07:27:50] rep= 140  mem=6096.0MB  fwrite csv
[07:27:50] rep= 140  mem=6096.0MB  rep done in 9.5s
[07:27:50] rep= 141  mem=6089.3MB  rep start
[07:27:50] rep= 141  mem=6089.3MB  filter market_data
[07:27:51] rep= 141  mem=6134.6MB  sample ids
[07:27:51] rep= 141  mem=6134.7MB  left_join (many-to-many)
[07:27:51] rep= 141  mem=6180.1MB  estimate_choice_model: start
[07:27:59] rep= 141  mem=6262.8MB  estimate_choice_model: done
[07:27:59] rep= 141  mem=6262.8MB  compute per_rep + ch_*
[07:27:59] rep= 141  mem=6269.6MB  free big intermediates
[07:27:59] rep= 141  mem=6096.0MB  summarize_boot_rep
[07:28:00] rep= 141  mem=6096.0MB  fwrite csv
[07:28:00] rep= 141  mem=6096.0MB  rep done in 9.5s
[07:28:00] rep= 142  mem=6089.3MB  rep start
[07:28:00] rep= 142  mem=6089.3MB  filter market_data
[07:28:00] rep= 142  mem=6134.6MB  sample ids
[07:28:00] rep= 142  mem=6134.7MB  left_join (many-to-many)
[07:28:01] rep= 142  mem=6180.1MB  estimate_choice_model: start
[07:28:09] rep= 142  mem=6262.8MB  estimate_choice_model: done
[07:28:09] rep= 142  mem=6262.8MB  compute per_rep + ch_*
[07:28:09] rep= 142  mem=6269.5MB  free big intermediates
[07:28:09] rep= 142  mem=6096.0MB  summarize_boot_rep
[07:28:10] rep= 142  mem=6096.0MB  fwrite csv
[07:28:10] rep= 142  mem=6096.0MB  rep done in 9.8s
[07:28:10] rep= 143  mem=6089.3MB  rep start
[07:28:10] rep= 143  mem=6089.3MB  filter market_data
[07:28:10] rep= 143  mem=6134.6MB  sample ids
[07:28:10] rep= 143  mem=6134.7MB  left_join (many-to-many)
[07:28:11] rep= 143  mem=6180.0MB  estimate_choice_model: start
[07:28:18] rep= 143  mem=6262.6MB  estimate_choice_model: done
[07:28:19] rep= 143  mem=6262.6MB  compute per_rep + ch_*
[07:28:19] rep= 143  mem=6269.3MB  free big intermediates
[07:28:19] rep= 143  mem=6096.0MB  summarize_boot_rep
[07:28:19] rep= 143  mem=6096.0MB  fwrite csv
[07:28:19] rep= 143  mem=6096.0MB  rep done in 9.6s
[07:28:20] rep= 144  mem=6089.3MB  rep start
[07:28:20] rep= 144  mem=6089.3MB  filter market_data
[07:28:20] rep= 144  mem=6134.6MB  sample ids
[07:28:20] rep= 144  mem=6134.7MB  left_join (many-to-many)
[07:28:20] rep= 144  mem=6180.0MB  estimate_choice_model: start
[07:28:28] rep= 144  mem=6262.6MB  estimate_choice_model: done
[07:28:28] rep= 144  mem=6262.6MB  compute per_rep + ch_*
[07:28:28] rep= 144  mem=6269.4MB  free big intermediates
[07:28:29] rep= 144  mem=6096.0MB  summarize_boot_rep
[07:28:29] rep= 144  mem=6096.0MB  fwrite csv
[07:28:29] rep= 144  mem=6096.0MB  rep done in 9.7s
[07:28:29] rep= 145  mem=6089.3MB  rep start
[07:28:30] rep= 145  mem=6089.3MB  filter market_data
[07:28:30] rep= 145  mem=6134.6MB  sample ids
[07:28:30] rep= 145  mem=6134.7MB  left_join (many-to-many)
[07:28:30] rep= 145  mem=6180.1MB  estimate_choice_model: start
[07:28:38] rep= 145  mem=6262.8MB  estimate_choice_model: done
[07:28:38] rep= 145  mem=6262.8MB  compute per_rep + ch_*
[07:28:38] rep= 145  mem=6269.5MB  free big intermediates
[07:28:39] rep= 145  mem=6096.0MB  summarize_boot_rep
[07:28:39] rep= 145  mem=6096.0MB  fwrite csv
[07:28:39] rep= 145  mem=6096.0MB  rep done in 9.9s
[07:28:39] rep= 146  mem=6089.3MB  rep start
[07:28:40] rep= 146  mem=6089.3MB  filter market_data
[07:28:40] rep= 146  mem=6134.6MB  sample ids
[07:28:40] rep= 146  mem=6134.7MB  left_join (many-to-many)
[07:28:40] rep= 146  mem=6180.1MB  estimate_choice_model: start
[07:28:49] rep= 146  mem=6262.8MB  estimate_choice_model: done
[07:28:49] rep= 146  mem=6262.8MB  compute per_rep + ch_*
[07:28:49] rep= 146  mem=6269.5MB  free big intermediates
[07:28:49] rep= 146  mem=6096.0MB  summarize_boot_rep
[07:28:50] rep= 146  mem=6096.0MB  fwrite csv
[07:28:50] rep= 146  mem=6096.0MB  rep done in 10.5s
[07:28:50] rep= 147  mem=6089.3MB  rep start
[07:28:50] rep= 147  mem=6089.3MB  filter market_data
[07:28:50] rep= 147  mem=6134.6MB  sample ids
[07:28:50] rep= 147  mem=6134.7MB  left_join (many-to-many)
[07:28:51] rep= 147  mem=6180.0MB  estimate_choice_model: start
[07:28:59] rep= 147  mem=6262.6MB  estimate_choice_model: done
[07:28:59] rep= 147  mem=6262.6MB  compute per_rep + ch_*
[07:28:59] rep= 147  mem=6269.3MB  free big intermediates
[07:28:59] rep= 147  mem=6096.0MB  summarize_boot_rep
[07:29:00] rep= 147  mem=6096.0MB  fwrite csv
[07:29:00] rep= 147  mem=6096.0MB  rep done in 9.9s
[07:29:00] rep=   0  mem=6089.3MB  === session quota of 25 reps reached, exiting ===
[07:29:22] rep=   0  mem=6087.8MB  === runner start, market = 11 , reps_per_session = 25 ===
[07:29:22] rep= 148  mem=6087.8MB  rep start
[07:29:22] rep= 148  mem=6087.8MB  filter market_data
[07:29:23] rep= 148  mem=6133.1MB  sample ids
[07:29:23] rep= 148  mem=6133.3MB  left_join (many-to-many)
[07:29:23] rep= 148  mem=6178.7MB  estimate_choice_model: start
[07:29:31] rep= 148  mem=6262.4MB  estimate_choice_model: done
[07:29:31] rep= 148  mem=6262.4MB  compute per_rep + ch_*
[07:29:31] rep= 148  mem=6269.1MB  free big intermediates
[07:29:31] rep= 148  mem=6095.6MB  summarize_boot_rep
[07:29:32] rep= 148  mem=6095.9MB  fwrite csv
[07:29:32] rep= 148  mem=6095.9MB  rep done in 9.7s
[07:29:32] rep= 149  mem=6089.3MB  rep start
[07:29:32] rep= 149  mem=6089.3MB  filter market_data
[07:29:33] rep= 149  mem=6134.6MB  sample ids
[07:29:33] rep= 149  mem=6134.7MB  left_join (many-to-many)
[07:29:33] rep= 149  mem=6180.0MB  estimate_choice_model: start
[07:29:41] rep= 149  mem=6262.6MB  estimate_choice_model: done
[07:29:41] rep= 149  mem=6262.6MB  compute per_rep + ch_*
[07:29:41] rep= 149  mem=6269.3MB  free big intermediates
[07:29:41] rep= 149  mem=6096.0MB  summarize_boot_rep
[07:29:42] rep= 149  mem=6096.0MB  fwrite csv
[07:29:42] rep= 149  mem=6096.0MB  rep done in 9.5s
[07:29:42] rep= 150  mem=6089.3MB  rep start
[07:29:42] rep= 150  mem=6089.3MB  filter market_data
[07:29:42] rep= 150  mem=6134.6MB  sample ids
[07:29:42] rep= 150  mem=6134.7MB  left_join (many-to-many)
[07:29:42] rep= 150  mem=6180.0MB  estimate_choice_model: start
[07:29:50] rep= 150  mem=6262.5MB  estimate_choice_model: done
[07:29:50] rep= 150  mem=6262.5MB  compute per_rep + ch_*
[07:29:51] rep= 150  mem=6269.3MB  free big intermediates
[07:29:51] rep= 150  mem=6096.0MB  summarize_boot_rep
[07:29:51] rep= 150  mem=6096.0MB  fwrite csv
[07:29:51] rep= 150  mem=6096.0MB  rep done in 9.6s
