[12:09:39] rep=   0  mem=6087.8MB  === runner start, market = 9 , reps_per_session = 25 ===
[12:09:39] rep=   1  mem=6087.8MB  rep start
[12:09:39] rep=   1  mem=6087.8MB  filter market_data
[12:09:41] rep=   1  mem=11199.9MB  sample ids
[12:09:41] rep=   1  mem=11201.5MB  left_join (many-to-many)
[12:09:45] rep=   1  mem=16313.4MB  estimate_choice_model: start
[12:17:12] rep=   1  mem=25554.5MB  estimate_choice_model: done
[12:17:13] rep=   1  mem=25554.5MB  compute per_rep + ch_*
[12:17:19] rep=   1  mem=25637.9MB  free big intermediates
[12:17:21] rep=   1  mem=6235.8MB  summarize_boot_rep
[12:17:24] rep=   1  mem=6236.1MB  fwrite csv
[12:17:24] rep=   1  mem=6236.1MB  rep done in 465.4s
[12:17:24] rep=   2  mem=6152.8MB  rep start
[12:17:25] rep=   2  mem=6152.8MB  filter market_data
[12:17:30] rep=   2  mem=11264.8MB  sample ids
[12:17:31] rep=   2  mem=11266.5MB  left_join (many-to-many)
[12:17:34] rep=   2  mem=16378.4MB  estimate_choice_model: start
[12:25:13] rep=   2  mem=25555.2MB  estimate_choice_model: done
[12:25:14] rep=   2  mem=25555.2MB  compute per_rep + ch_*
[12:25:21] rep=   2  mem=25638.6MB  free big intermediates
[12:25:22] rep=   2  mem=6236.2MB  summarize_boot_rep
[12:25:25] rep=   2  mem=6236.2MB  fwrite csv
[12:25:25] rep=   2  mem=6236.2MB  rep done in 480.9s
[12:25:26] rep=   3  mem=6152.8MB  rep start
[12:25:26] rep=   3  mem=6152.8MB  filter market_data
[12:25:32] rep=   3  mem=11264.8MB  sample ids
[12:25:33] rep=   3  mem=11266.5MB  left_join (many-to-many)
[12:25:36] rep=   3  mem=16378.4MB  estimate_choice_model: start
[12:33:11] rep=   3  mem=25554.4MB  estimate_choice_model: done
[12:33:12] rep=   3  mem=25554.4MB  compute per_rep + ch_*
[12:33:18] rep=   3  mem=25637.8MB  free big intermediates
[12:33:19] rep=   3  mem=6236.2MB  summarize_boot_rep
[12:33:23] rep=   3  mem=6236.2MB  fwrite csv
[12:33:23] rep=   3  mem=6236.2MB  rep done in 477.3s
[12:33:23] rep=   4  mem=6152.8MB  rep start
[12:33:23] rep=   4  mem=6152.8MB  filter market_data
[12:33:27] rep=   4  mem=11264.8MB  sample ids
[12:33:28] rep=   4  mem=11266.5MB  left_join (many-to-many)
[12:33:31] rep=   4  mem=16378.4MB  estimate_choice_model: start
[12:47:46] rep=   0  mem=6087.8MB  === runner start, market = 9 , reps_per_session = 25 ===
[12:47:46] rep=   4  mem=6087.8MB  rep start
[12:47:46] rep=   4  mem=6087.8MB  filter market_data
[12:47:48] rep=   4  mem=11199.9MB  sample ids
[12:47:48] rep=   4  mem=11201.5MB  left_join (many-to-many)
[12:47:51] rep=   4  mem=16313.6MB  estimate_choice_model: start
[12:54:55] rep=   4  mem=25554.6MB  estimate_choice_model: done
[12:54:56] rep=   4  mem=25554.6MB  compute per_rep + ch_*
[12:55:03] rep=   4  mem=25638.0MB  free big intermediates
[12:55:04] rep=   4  mem=6235.8MB  summarize_boot_rep
[12:55:07] rep=   4  mem=6236.1MB  fwrite csv
[12:55:07] rep=   4  mem=6236.1MB  rep done in 441.1s
[12:55:08] rep=   5  mem=6152.8MB  rep start
[12:55:08] rep=   5  mem=6152.8MB  filter market_data
[12:55:12] rep=   5  mem=11264.8MB  sample ids
[12:55:13] rep=   5  mem=11266.5MB  left_join (many-to-many)
[12:55:15] rep=   5  mem=16378.5MB  estimate_choice_model: start
[13:02:35] rep=   5  mem=25554.2MB  estimate_choice_model: done
[13:02:35] rep=   5  mem=25554.2MB  compute per_rep + ch_*
[13:02:42] rep=   5  mem=25637.6MB  free big intermediates
[13:02:43] rep=   5  mem=6236.2MB  summarize_boot_rep
[13:02:46] rep=   5  mem=6236.2MB  fwrite csv
[13:02:46] rep=   5  mem=6236.2MB  rep done in 459.1s
[13:02:47] rep=   6  mem=6152.8MB  rep start
[13:02:47] rep=   6  mem=6152.8MB  filter market_data
[13:02:52] rep=   6  mem=11264.8MB  sample ids
[13:02:53] rep=   6  mem=11266.5MB  left_join (many-to-many)
[13:02:56] rep=   6  mem=16378.6MB  estimate_choice_model: start
[13:09:54] rep=   6  mem=25556.5MB  estimate_choice_model: done
[13:09:55] rep=   6  mem=25556.5MB  compute per_rep + ch_*
[13:10:01] rep=   6  mem=25639.9MB  free big intermediates
[13:10:03] rep=   6  mem=6236.2MB  summarize_boot_rep
[13:10:06] rep=   6  mem=6236.2MB  fwrite csv
[13:10:07] rep=   6  mem=6236.2MB  rep done in 439.9s
[13:10:07] rep=   7  mem=6152.8MB  rep start
[13:10:07] rep=   7  mem=6152.8MB  filter market_data
[13:10:09] rep=   7  mem=11264.8MB  sample ids
[13:10:10] rep=   7  mem=11266.5MB  left_join (many-to-many)
[13:10:13] rep=   7  mem=16378.7MB  estimate_choice_model: start
[13:17:09] rep=   7  mem=25555.5MB  estimate_choice_model: done
[13:17:09] rep=   7  mem=25555.5MB  compute per_rep + ch_*
[13:17:15] rep=   7  mem=25638.9MB  free big intermediates
[13:17:17] rep=   7  mem=6236.2MB  summarize_boot_rep
[13:17:42] rep=   0  mem=6087.8MB  === runner start, market = 9 , reps_per_session = 25 ===
[13:17:42] rep=   7  mem=6087.8MB  rep start
[13:17:42] rep=   7  mem=6087.8MB  filter market_data
[13:17:44] rep=   7  mem=11199.9MB  sample ids
[13:17:45] rep=   7  mem=11201.5MB  left_join (many-to-many)
[13:17:48] rep=   7  mem=16313.8MB  estimate_choice_model: start
[13:40:01] rep=   0  mem=6087.8MB  === runner start, market = 9 , reps_per_session = 3 ===
[13:40:01] rep=   7  mem=6087.8MB  rep start
[13:40:01] rep=   7  mem=6087.8MB  filter market_data
[13:40:03] rep=   7  mem=11199.9MB  sample ids
[13:40:03] rep=   7  mem=11201.5MB  left_join (many-to-many)
[13:40:06] rep=   7  mem=16313.8MB  estimate_choice_model: start
[13:48:07] rep=   0  mem=6087.8MB  === runner start, market = 9 , reps_per_session = 3 ===
[13:48:07] rep=   7  mem=6087.8MB  rep start
[13:48:08] rep=   7  mem=6087.8MB  filter market_data
[13:48:09] rep=   7  mem=11199.9MB  sample ids
[13:48:09] rep=   7  mem=11201.5MB  left_join (many-to-many)
[13:48:12] rep=   7  mem=16313.8MB  estimate_choice_model: start
[13:55:16] rep=   7  mem=25555.1MB  estimate_choice_model: done
[13:55:16] rep=   7  mem=25555.1MB  compute per_rep + ch_*
[13:55:22] rep=   7  mem=25638.5MB  free big intermediates
[13:55:23] rep=   7  mem=6235.8MB  summarize_boot_rep
[13:55:26] rep=   7  mem=6236.1MB  fwrite csv
[13:55:26] rep=   7  mem=6236.1MB  rep done in 438.7s
[13:55:26] rep=   8  mem=6152.8MB  rep start
[13:55:26] rep=   8  mem=6152.8MB  filter market_data
[13:55:30] rep=   8  mem=11264.8MB  sample ids
[13:55:30] rep=   8  mem=11266.5MB  left_join (many-to-many)
[13:55:33] rep=   8  mem=16378.4MB  estimate_choice_model: start
[14:02:47] rep=   8  mem=25554.9MB  estimate_choice_model: done
[14:02:47] rep=   8  mem=25554.9MB  compute per_rep + ch_*
[14:02:53] rep=   8  mem=25638.4MB  free big intermediates
[14:02:55] rep=   8  mem=6236.2MB  summarize_boot_rep
[14:02:58] rep=   8  mem=6236.2MB  fwrite csv
[14:02:58] rep=   8  mem=6236.2MB  rep done in 451.5s
[14:02:58] rep=   9  mem=6152.8MB  rep start
[14:02:58] rep=   9  mem=6152.8MB  filter market_data
[14:03:03] rep=   9  mem=11264.8MB  sample ids
[14:03:03] rep=   9  mem=11266.5MB  left_join (many-to-many)
[14:03:06] rep=   9  mem=16378.4MB  estimate_choice_model: start
[14:10:06] rep=   9  mem=25555.1MB  estimate_choice_model: done
[14:10:06] rep=   9  mem=25555.1MB  compute per_rep + ch_*
[14:10:12] rep=   9  mem=25638.5MB  free big intermediates
[14:10:14] rep=   9  mem=6236.2MB  summarize_boot_rep
[14:10:16] rep=   9  mem=6236.2MB  fwrite csv
[14:10:17] rep=   9  mem=6236.2MB  rep done in 438.8s
[14:10:17] rep=   0  mem=6152.8MB  === session quota of 3 reps reached, exiting ===
[14:10:41] rep=   0  mem=6087.8MB  === runner start, market = 9 , reps_per_session = 3 ===
[14:10:41] rep=  10  mem=6087.8MB  rep start
[14:10:41] rep=  10  mem=6087.8MB  filter market_data
[14:10:43] rep=  10  mem=11199.9MB  sample ids
[14:10:44] rep=  10  mem=11201.5MB  left_join (many-to-many)
[14:10:46] rep=  10  mem=16313.4MB  estimate_choice_model: start
[14:18:11] rep=   0  mem=6087.8MB  === runner start, market = 9 , reps_per_session = 3 ===
[14:18:11] rep=  10  mem=6087.8MB  rep start
[14:18:11] rep=  10  mem=6087.8MB  filter market_data
[14:18:13] rep=  10  mem=11199.9MB  sample ids
[14:18:14] rep=  10  mem=11201.5MB  left_join (many-to-many)
[14:18:16] rep=  10  mem=16313.4MB  estimate_choice_model: start
[14:25:13] rep=  10  mem=25554.2MB  estimate_choice_model: done
[14:25:14] rep=  10  mem=25554.2MB  compute per_rep + ch_*
[14:25:20] rep=  10  mem=25637.7MB  free big intermediates
[14:25:21] rep=  10  mem=6235.8MB  summarize_boot_rep
[14:25:24] rep=  10  mem=6236.1MB  fwrite csv
[14:25:24] rep=  10  mem=6236.1MB  rep done in 433.0s
[14:25:24] rep=  11  mem=6152.8MB  rep start
[14:25:25] rep=  11  mem=6152.8MB  filter market_data
[14:25:27] rep=  11  mem=11264.8MB  sample ids
[14:25:28] rep=  11  mem=11266.5MB  left_join (many-to-many)
[14:25:30] rep=  11  mem=16378.6MB  estimate_choice_model: start
[14:32:38] rep=  11  mem=25555.2MB  estimate_choice_model: done
[14:32:39] rep=  11  mem=25555.2MB  compute per_rep + ch_*
[14:32:45] rep=  11  mem=25638.6MB  free big intermediates
[14:32:46] rep=  11  mem=6236.2MB  summarize_boot_rep
[14:32:50] rep=  11  mem=6236.2MB  fwrite csv
[14:32:50] rep=  11  mem=6236.2MB  rep done in 445.4s
[14:32:50] rep=  12  mem=6152.8MB  rep start
[14:32:50] rep=  12  mem=6152.8MB  filter market_data
[14:32:54] rep=  12  mem=11264.8MB  sample ids
[14:32:55] rep=  12  mem=11266.5MB  left_join (many-to-many)
[14:32:57] rep=  12  mem=16378.5MB  estimate_choice_model: start
[14:40:02] rep=  12  mem=25554.8MB  estimate_choice_model: done
[14:40:03] rep=  12  mem=25554.8MB  compute per_rep + ch_*
[14:40:08] rep=  12  mem=25638.2MB  free big intermediates
[14:40:10] rep=  12  mem=6236.2MB  summarize_boot_rep
[14:40:13] rep=  12  mem=6236.2MB  fwrite csv
[14:40:13] rep=  12  mem=6236.2MB  rep done in 443.3s
[14:40:13] rep=   0  mem=6152.8MB  === session quota of 3 reps reached, exiting ===
[14:40:39] rep=   0  mem=6087.8MB  === runner start, market = 9 , reps_per_session = 3 ===
[14:40:39] rep=  13  mem=6087.8MB  rep start
[14:40:39] rep=  13  mem=6087.8MB  filter market_data
[14:40:41] rep=  13  mem=11199.9MB  sample ids
[14:40:42] rep=  13  mem=11201.5MB  left_join (many-to-many)
[14:40:45] rep=  13  mem=16313.7MB  estimate_choice_model: start
[14:47:42] rep=  13  mem=25554.7MB  estimate_choice_model: done
[14:47:42] rep=  13  mem=25554.7MB  compute per_rep + ch_*
[14:47:48] rep=  13  mem=25638.1MB  free big intermediates
[14:47:50] rep=  13  mem=6235.8MB  summarize_boot_rep
[14:47:53] rep=  13  mem=6236.1MB  fwrite csv
[14:47:53] rep=  13  mem=6236.1MB  rep done in 433.8s
[14:47:53] rep=  14  mem=6152.8MB  rep start
[14:47:53] rep=  14  mem=6152.8MB  filter market_data
[14:47:56] rep=  14  mem=11264.8MB  sample ids
[14:47:57] rep=  14  mem=11266.5MB  left_join (many-to-many)
[14:48:00] rep=  14  mem=16378.7MB  estimate_choice_model: start
[14:55:10] rep=  14  mem=25555.1MB  estimate_choice_model: done
[14:55:10] rep=  14  mem=25555.1MB  compute per_rep + ch_*
[14:55:17] rep=  14  mem=25638.5MB  free big intermediates
[14:55:18] rep=  14  mem=6236.2MB  summarize_boot_rep
[14:55:21] rep=  14  mem=6236.2MB  fwrite csv
[14:55:21] rep=  14  mem=6236.2MB  rep done in 447.9s
[14:55:21] rep=  15  mem=6152.8MB  rep start
[14:55:22] rep=  15  mem=6152.8MB  filter market_data
[14:55:25] rep=  15  mem=11264.8MB  sample ids
[14:55:25] rep=  15  mem=11266.5MB  left_join (many-to-many)
[14:55:28] rep=  15  mem=16378.7MB  estimate_choice_model: start
[15:02:11] rep=  15  mem=25556.1MB  estimate_choice_model: done
[15:02:11] rep=  15  mem=25556.1MB  compute per_rep + ch_*
[15:02:17] rep=  15  mem=25639.5MB  free big intermediates
[15:02:19] rep=  15  mem=6236.2MB  summarize_boot_rep
[15:02:22] rep=  15  mem=6236.2MB  fwrite csv
[15:02:22] rep=  15  mem=6236.2MB  rep done in 420.5s
[15:02:22] rep=   0  mem=6152.8MB  === session quota of 3 reps reached, exiting ===
[15:02:46] rep=   0  mem=6087.8MB  === runner start, market = 9 , reps_per_session = 3 ===
[15:02:47] rep=  16  mem=6087.8MB  rep start
[15:02:47] rep=  16  mem=6087.8MB  filter market_data
[15:02:48] rep=  16  mem=11199.9MB  sample ids
[15:02:49] rep=  16  mem=11201.5MB  left_join (many-to-many)
[15:02:52] rep=  16  mem=16313.8MB  estimate_choice_model: start
[15:09:31] rep=  16  mem=25555.1MB  estimate_choice_model: done
[15:09:31] rep=  16  mem=25555.1MB  compute per_rep + ch_*
[15:09:37] rep=  16  mem=25638.5MB  free big intermediates
[15:09:39] rep=  16  mem=6235.8MB  summarize_boot_rep
[15:09:42] rep=  16  mem=6236.1MB  fwrite csv
[15:09:42] rep=  16  mem=6236.1MB  rep done in 415.3s
[15:09:42] rep=  17  mem=6152.8MB  rep start
[15:09:42] rep=  17  mem=6152.8MB  filter market_data
[15:09:45] rep=  17  mem=11264.8MB  sample ids
[15:09:45] rep=  17  mem=11266.5MB  left_join (many-to-many)
[15:09:48] rep=  17  mem=16378.5MB  estimate_choice_model: start
[16:58:38] rep=   0  mem=6087.8MB  === runner start, market = 9 , reps_per_session = 3 ===
[16:58:38] rep=  17  mem=6087.8MB  rep start
[16:58:38] rep=  17  mem=6087.8MB  filter market_data
[16:58:40] rep=  17  mem=11199.9MB  sample ids
[16:58:40] rep=  17  mem=11201.5MB  left_join (many-to-many)
[16:58:43] rep=  17  mem=16313.6MB  estimate_choice_model: start
[17:05:47] rep=  17  mem=25555.0MB  estimate_choice_model: done
[17:05:47] rep=  17  mem=25555.0MB  compute per_rep + ch_*
[17:05:53] rep=  17  mem=25638.4MB  free big intermediates
[17:05:55] rep=  17  mem=6235.8MB  summarize_boot_rep
[17:05:58] rep=  17  mem=6236.1MB  fwrite csv
[17:05:58] rep=  17  mem=6236.1MB  rep done in 440.0s
[17:05:58] rep=  18  mem=6152.8MB  rep start
[17:05:58] rep=  18  mem=6152.8MB  filter market_data
[17:06:02] rep=  18  mem=11264.8MB  sample ids
[17:06:03] rep=  18  mem=11266.5MB  left_join (many-to-many)
[17:06:06] rep=  18  mem=16378.6MB  estimate_choice_model: start
[17:13:58] rep=  18  mem=25555.9MB  estimate_choice_model: done
[17:13:58] rep=  18  mem=25555.9MB  compute per_rep + ch_*
[17:14:05] rep=  18  mem=25639.4MB  free big intermediates
[17:14:06] rep=  18  mem=6236.2MB  summarize_boot_rep
[17:14:09] rep=  18  mem=6236.2MB  fwrite csv
[17:14:10] rep=  18  mem=6236.2MB  rep done in 491.3s
[17:14:10] rep=  19  mem=6152.8MB  rep start
[17:14:10] rep=  19  mem=6152.8MB  filter market_data
[17:14:14] rep=  19  mem=11264.8MB  sample ids
[17:14:15] rep=  19  mem=11266.5MB  left_join (many-to-many)
[17:14:18] rep=  19  mem=16378.5MB  estimate_choice_model: start
[17:21:54] rep=  19  mem=25555.1MB  estimate_choice_model: done
[17:21:54] rep=  19  mem=25555.1MB  compute per_rep + ch_*
[17:22:01] rep=  19  mem=25638.6MB  free big intermediates
[17:22:03] rep=  19  mem=6236.2MB  summarize_boot_rep
[17:22:05] rep=  19  mem=6236.2MB  fwrite csv
[17:22:06] rep=  19  mem=6236.2MB  rep done in 475.9s
[17:22:06] rep=   0  mem=6152.8MB  === session quota of 3 reps reached, exiting ===
[17:22:30] rep=   0  mem=6087.8MB  === runner start, market = 9 , reps_per_session = 3 ===
[17:22:30] rep=  20  mem=6087.8MB  rep start
[17:22:30] rep=  20  mem=6087.8MB  filter market_data
[17:22:32] rep=  20  mem=11199.9MB  sample ids
[17:22:33] rep=  20  mem=11201.5MB  left_join (many-to-many)
[17:22:36] rep=  20  mem=16313.5MB  estimate_choice_model: start
[17:29:59] rep=  20  mem=25554.4MB  estimate_choice_model: done
[17:30:00] rep=  20  mem=25554.4MB  compute per_rep + ch_*
[17:30:06] rep=  20  mem=25637.9MB  free big intermediates
[17:30:08] rep=  20  mem=6235.8MB  summarize_boot_rep
[17:30:11] rep=  20  mem=6236.1MB  fwrite csv
[17:30:11] rep=  20  mem=6236.1MB  rep done in 460.6s
[17:30:11] rep=  21  mem=6152.7MB  rep start
[17:30:11] rep=  21  mem=6152.7MB  filter market_data
[17:30:13] rep=  21  mem=11264.7MB  sample ids
[17:30:14] rep=  21  mem=11266.3MB  left_join (many-to-many)
[17:30:17] rep=  21  mem=16378.3MB  estimate_choice_model: start
[17:38:01] rep=  21  mem=25554.5MB  estimate_choice_model: done
[17:38:01] rep=  21  mem=25554.5MB  compute per_rep + ch_*
[17:38:07] rep=  21  mem=25638.0MB  free big intermediates
[17:38:09] rep=  21  mem=6236.1MB  summarize_boot_rep
[17:38:12] rep=  21  mem=6236.1MB  fwrite csv
[17:38:12] rep=  21  mem=6236.1MB  rep done in 481.2s
[17:38:13] rep=  22  mem=6152.7MB  rep start
[17:38:13] rep=  22  mem=6152.7MB  filter market_data
[17:38:15] rep=  22  mem=11264.7MB  sample ids
[17:38:16] rep=  22  mem=11266.3MB  left_join (many-to-many)
[17:38:19] rep=  22  mem=16378.5MB  estimate_choice_model: start
[17:45:55] rep=  22  mem=25555.9MB  estimate_choice_model: done
[17:45:56] rep=  22  mem=25555.9MB  compute per_rep + ch_*
[17:46:01] rep=  22  mem=25639.3MB  free big intermediates
[17:46:03] rep=  22  mem=6236.1MB  summarize_boot_rep
[17:46:06] rep=  22  mem=6236.1MB  fwrite csv
[17:46:06] rep=  22  mem=6236.1MB  rep done in 473.7s
[17:46:06] rep=   0  mem=6152.7MB  === session quota of 3 reps reached, exiting ===
[17:46:32] rep=   0  mem=6087.9MB  === runner start, market = 9 , reps_per_session = 3 ===
[17:46:32] rep=  23  mem=6087.9MB  rep start
[17:46:32] rep=  23  mem=6087.9MB  filter market_data
[17:46:34] rep=  23  mem=11200.0MB  sample ids
[17:46:34] rep=  23  mem=11201.6MB  left_join (many-to-many)
[17:46:37] rep=  23  mem=16313.5MB  estimate_choice_model: start
[17:53:51] rep=  23  mem=25554.8MB  estimate_choice_model: done
[17:53:52] rep=  23  mem=25554.8MB  compute per_rep + ch_*
[17:53:57] rep=  23  mem=25638.2MB  free big intermediates
[17:53:59] rep=  23  mem=6236.0MB  summarize_boot_rep
[17:54:02] rep=  23  mem=6236.2MB  fwrite csv
[17:54:02] rep=  23  mem=6236.2MB  rep done in 450.1s
[17:54:02] rep=  24  mem=6152.8MB  rep start
[17:54:02] rep=  24  mem=6152.8MB  filter market_data
[17:54:04] rep=  24  mem=11265.0MB  sample ids
[17:54:05] rep=  24  mem=11266.6MB  left_join (many-to-many)
[17:54:08] rep=  24  mem=16378.7MB  estimate_choice_model: start
[18:06:27] rep=   0  mem=6087.8MB  === runner start, market = 9 , reps_per_session = 3 ===
[18:06:27] rep=  24  mem=6087.8MB  rep start
[18:06:27] rep=  24  mem=6087.8MB  filter market_data
[18:06:29] rep=  24  mem=11199.9MB  sample ids
[18:06:29] rep=  24  mem=11201.5MB  left_join (many-to-many)
[18:06:32] rep=  24  mem=16313.7MB  estimate_choice_model: start
[18:13:03] rep=  24  mem=25555.2MB  estimate_choice_model: done
[18:13:04] rep=  24  mem=25555.2MB  compute per_rep + ch_*
[18:13:09] rep=  24  mem=25638.6MB  free big intermediates
[18:13:11] rep=  24  mem=6235.8MB  summarize_boot_rep
[18:13:13] rep=  24  mem=6236.1MB  fwrite csv
[18:13:14] rep=  24  mem=6236.1MB  rep done in 406.7s
[18:13:14] rep=  25  mem=6152.8MB  rep start
[18:13:14] rep=  25  mem=6152.8MB  filter market_data
[18:13:18] rep=  25  mem=11264.8MB  sample ids
[18:13:18] rep=  25  mem=11266.5MB  left_join (many-to-many)
[18:13:21] rep=  25  mem=16378.4MB  estimate_choice_model: start
[18:20:03] rep=  25  mem=25554.5MB  estimate_choice_model: done
[18:20:04] rep=  25  mem=25554.5MB  compute per_rep + ch_*
[18:20:10] rep=  25  mem=25637.9MB  free big intermediates
[18:20:12] rep=  25  mem=6236.2MB  summarize_boot_rep
[18:20:15] rep=  25  mem=6236.2MB  fwrite csv
[18:20:15] rep=  25  mem=6236.2MB  rep done in 421.0s
[18:20:15] rep=  26  mem=6152.8MB  rep start
[18:20:15] rep=  26  mem=6152.8MB  filter market_data
[18:20:20] rep=  26  mem=11264.8MB  sample ids
[18:20:20] rep=  26  mem=11266.5MB  left_join (many-to-many)
[18:20:23] rep=  26  mem=16378.6MB  estimate_choice_model: start
[18:27:02] rep=  26  mem=25555.4MB  estimate_choice_model: done
[18:27:02] rep=  26  mem=25555.4MB  compute per_rep + ch_*
[18:27:08] rep=  26  mem=25638.8MB  free big intermediates
[18:27:10] rep=  26  mem=6236.2MB  summarize_boot_rep
[18:27:12] rep=  26  mem=6236.2MB  fwrite csv
[18:27:13] rep=  26  mem=6236.2MB  rep done in 417.7s
[18:27:13] rep=   0  mem=6152.8MB  === session quota of 3 reps reached, exiting ===
[18:27:37] rep=   0  mem=6087.8MB  === runner start, market = 9 , reps_per_session = 3 ===
[18:27:38] rep=  27  mem=6087.8MB  rep start
[18:27:38] rep=  27  mem=6087.8MB  filter market_data
[18:27:40] rep=  27  mem=11200.0MB  sample ids
[18:27:40] rep=  27  mem=11201.6MB  left_join (many-to-many)
[18:27:43] rep=  27  mem=16313.6MB  estimate_choice_model: start
[18:34:15] rep=  27  mem=25554.3MB  estimate_choice_model: done
[18:34:16] rep=  27  mem=25554.3MB  compute per_rep + ch_*
[18:34:21] rep=  27  mem=25637.8MB  free big intermediates
[18:34:23] rep=  27  mem=6235.8MB  summarize_boot_rep
[18:34:25] rep=  27  mem=6236.2MB  fwrite csv
[18:34:26] rep=  27  mem=6236.2MB  rep done in 408.1s
[18:34:26] rep=  28  mem=6152.8MB  rep start
[18:34:26] rep=  28  mem=6152.8MB  filter market_data
[18:34:28] rep=  28  mem=11264.9MB  sample ids
[18:34:28] rep=  28  mem=11266.5MB  left_join (many-to-many)
[18:34:31] rep=  28  mem=16378.5MB  estimate_choice_model: start
[18:41:18] rep=  28  mem=25555.4MB  estimate_choice_model: done
[18:41:19] rep=  28  mem=25555.4MB  compute per_rep + ch_*
[18:41:25] rep=  28  mem=25638.8MB  free big intermediates
[18:41:26] rep=  28  mem=6236.2MB  summarize_boot_rep
[18:41:29] rep=  28  mem=6236.3MB  fwrite csv
[18:41:29] rep=  28  mem=6236.3MB  rep done in 423.6s
[18:41:30] rep=  29  mem=6152.8MB  rep start
[18:41:30] rep=  29  mem=6152.8MB  filter market_data
[18:41:34] rep=  29  mem=11264.9MB  sample ids
[18:41:34] rep=  29  mem=11266.5MB  left_join (many-to-many)
[18:41:37] rep=  29  mem=16378.5MB  estimate_choice_model: start
[18:48:14] rep=  29  mem=25555.6MB  estimate_choice_model: done
[18:48:14] rep=  29  mem=25555.6MB  compute per_rep + ch_*
[18:48:20] rep=  29  mem=25639.0MB  free big intermediates
[18:48:22] rep=  29  mem=6236.2MB  summarize_boot_rep
[18:48:24] rep=  29  mem=6236.3MB  fwrite csv
[18:48:25] rep=  29  mem=6236.3MB  rep done in 415.0s
[18:48:25] rep=   0  mem=6152.8MB  === session quota of 3 reps reached, exiting ===
[18:48:49] rep=   0  mem=6087.8MB  === runner start, market = 9 , reps_per_session = 3 ===
[18:48:49] rep=  30  mem=6087.8MB  rep start
[18:48:49] rep=  30  mem=6087.8MB  filter market_data
[18:48:51] rep=  30  mem=11199.9MB  sample ids
[18:48:51] rep=  30  mem=11201.5MB  left_join (many-to-many)
[18:48:54] rep=  30  mem=16313.7MB  estimate_choice_model: start
[18:55:33] rep=  30  mem=25555.5MB  estimate_choice_model: done
[18:55:33] rep=  30  mem=25555.5MB  compute per_rep + ch_*
[18:55:39] rep=  30  mem=25638.9MB  free big intermediates
[18:55:40] rep=  30  mem=6235.8MB  summarize_boot_rep
[18:55:43] rep=  30  mem=6236.1MB  fwrite csv
[18:55:43] rep=  30  mem=6236.1MB  rep done in 414.4s
[18:55:43] rep=  31  mem=6152.7MB  rep start
[18:55:44] rep=  31  mem=6152.7MB  filter market_data
[18:55:46] rep=  31  mem=11264.7MB  sample ids
[18:55:46] rep=  31  mem=11266.3MB  left_join (many-to-many)
[18:55:49] rep=  31  mem=16378.5MB  estimate_choice_model: start
[19:02:31] rep=  31  mem=25554.7MB  estimate_choice_model: done
[19:02:31] rep=  31  mem=25554.7MB  compute per_rep + ch_*
[19:02:37] rep=  31  mem=25638.2MB  free big intermediates
[19:02:39] rep=  31  mem=6236.1MB  summarize_boot_rep
[19:02:42] rep=  31  mem=6236.1MB  fwrite csv
[19:02:42] rep=  31  mem=6236.1MB  rep done in 418.7s
[19:02:42] rep=  32  mem=6152.7MB  rep start
[19:02:42] rep=  32  mem=6152.7MB  filter market_data
[19:02:46] rep=  32  mem=11264.7MB  sample ids
[19:02:46] rep=  32  mem=11266.3MB  left_join (many-to-many)
[19:02:49] rep=  32  mem=16378.5MB  estimate_choice_model: start
[19:09:34] rep=  32  mem=25554.9MB  estimate_choice_model: done
[19:09:34] rep=  32  mem=25554.9MB  compute per_rep + ch_*
[19:09:40] rep=  32  mem=25638.3MB  free big intermediates
[19:09:42] rep=  32  mem=6236.1MB  summarize_boot_rep
[19:09:45] rep=  32  mem=6236.1MB  fwrite csv
[19:09:45] rep=  32  mem=6236.1MB  rep done in 422.9s
[19:09:45] rep=   0  mem=6152.7MB  === session quota of 3 reps reached, exiting ===
[19:10:10] rep=   0  mem=6087.8MB  === runner start, market = 9 , reps_per_session = 3 ===
[19:10:10] rep=  33  mem=6087.8MB  rep start
[19:10:10] rep=  33  mem=6087.8MB  filter market_data
[19:10:12] rep=  33  mem=11199.9MB  sample ids
[19:10:13] rep=  33  mem=11201.5MB  left_join (many-to-many)
[19:10:15] rep=  33  mem=16313.6MB  estimate_choice_model: start
[19:16:56] rep=  33  mem=25555.6MB  estimate_choice_model: done
[19:16:57] rep=  33  mem=25555.6MB  compute per_rep + ch_*
[19:17:02] rep=  33  mem=25639.1MB  free big intermediates
[19:17:04] rep=  33  mem=6235.8MB  summarize_boot_rep
[19:17:07] rep=  33  mem=6236.1MB  fwrite csv
[19:17:07] rep=  33  mem=6236.1MB  rep done in 416.8s
[19:17:07] rep=  34  mem=6152.8MB  rep start
[19:17:07] rep=  34  mem=6152.8MB  filter market_data
[19:17:11] rep=  34  mem=11264.8MB  sample ids
[19:17:11] rep=  34  mem=11266.5MB  left_join (many-to-many)
[19:17:14] rep=  34  mem=16378.5MB  estimate_choice_model: start
[19:24:01] rep=  34  mem=25555.2MB  estimate_choice_model: done
[19:24:01] rep=  34  mem=25555.2MB  compute per_rep + ch_*
[19:24:08] rep=  34  mem=25638.6MB  free big intermediates
[19:24:09] rep=  34  mem=6236.2MB  summarize_boot_rep
[19:24:12] rep=  34  mem=6236.2MB  fwrite csv
[19:24:12] rep=  34  mem=6236.2MB  rep done in 425.2s
[19:24:13] rep=  35  mem=6152.8MB  rep start
[19:24:13] rep=  35  mem=6152.8MB  filter market_data
[19:24:17] rep=  35  mem=11264.8MB  sample ids
[19:24:18] rep=  35  mem=11266.5MB  left_join (many-to-many)
[19:24:20] rep=  35  mem=16378.6MB  estimate_choice_model: start
[19:30:57] rep=  35  mem=25555.4MB  estimate_choice_model: done
[19:30:57] rep=  35  mem=25555.4MB  compute per_rep + ch_*
[19:31:02] rep=  35  mem=25638.9MB  free big intermediates
[19:31:04] rep=  35  mem=6236.2MB  summarize_boot_rep
[19:31:07] rep=  35  mem=6236.2MB  fwrite csv
[19:31:07] rep=  35  mem=6236.2MB  rep done in 414.6s
[19:31:07] rep=   0  mem=6152.8MB  === session quota of 3 reps reached, exiting ===
[19:31:31] rep=   0  mem=6087.8MB  === runner start, market = 9 , reps_per_session = 3 ===
[19:31:31] rep=  36  mem=6087.8MB  rep start
[19:31:31] rep=  36  mem=6087.8MB  filter market_data
[19:31:33] rep=  36  mem=11199.9MB  sample ids
[19:31:34] rep=  36  mem=11201.5MB  left_join (many-to-many)
[19:31:36] rep=  36  mem=16313.7MB  estimate_choice_model: start
[19:38:07] rep=  36  mem=25554.9MB  estimate_choice_model: done
[19:38:07] rep=  36  mem=25554.9MB  compute per_rep + ch_*
[19:38:13] rep=  36  mem=25638.3MB  free big intermediates
[19:38:15] rep=  36  mem=6235.8MB  summarize_boot_rep
[19:38:17] rep=  36  mem=6236.1MB  fwrite csv
[19:38:18] rep=  36  mem=6236.1MB  rep done in 406.4s
[19:38:18] rep=  37  mem=6152.7MB  rep start
[19:38:18] rep=  37  mem=6152.7MB  filter market_data
[19:38:20] rep=  37  mem=11264.7MB  sample ids
[19:38:20] rep=  37  mem=11266.3MB  left_join (many-to-many)
[19:38:23] rep=  37  mem=16378.6MB  estimate_choice_model: start
[19:45:06] rep=  37  mem=25556.4MB  estimate_choice_model: done
[19:45:06] rep=  37  mem=25556.4MB  compute per_rep + ch_*
[19:45:12] rep=  37  mem=25639.8MB  free big intermediates
[19:45:13] rep=  37  mem=6236.1MB  summarize_boot_rep
[19:45:16] rep=  37  mem=6236.1MB  fwrite csv
[19:45:16] rep=  37  mem=6236.1MB  rep done in 418.8s
[19:45:17] rep=  38  mem=6152.7MB  rep start
[19:45:17] rep=  38  mem=6152.7MB  filter market_data
[19:45:20] rep=  38  mem=11264.7MB  sample ids
[19:45:20] rep=  38  mem=11266.3MB  left_join (many-to-many)
[19:45:23] rep=  38  mem=16378.5MB  estimate_choice_model: start
[19:52:08] rep=  38  mem=25555.5MB  estimate_choice_model: done
[19:52:08] rep=  38  mem=25555.5MB  compute per_rep + ch_*
[19:52:14] rep=  38  mem=25639.0MB  free big intermediates
[19:52:16] rep=  38  mem=6236.1MB  summarize_boot_rep
[19:52:19] rep=  38  mem=6236.1MB  fwrite csv
[19:52:19] rep=  38  mem=6236.1MB  rep done in 422.2s
[19:52:19] rep=   0  mem=6152.7MB  === session quota of 3 reps reached, exiting ===
[19:52:44] rep=   0  mem=6087.8MB  === runner start, market = 9 , reps_per_session = 3 ===
[19:52:44] rep=  39  mem=6087.8MB  rep start
[19:52:44] rep=  39  mem=6087.8MB  filter market_data
[19:52:46] rep=  39  mem=11199.9MB  sample ids
[19:52:46] rep=  39  mem=11201.5MB  left_join (many-to-many)
[19:52:49] rep=  39  mem=16313.6MB  estimate_choice_model: start
[19:59:17] rep=  39  mem=25554.6MB  estimate_choice_model: done
[19:59:17] rep=  39  mem=25554.6MB  compute per_rep + ch_*
[19:59:23] rep=  39  mem=25638.1MB  free big intermediates
[19:59:24] rep=  39  mem=6235.8MB  summarize_boot_rep
[19:59:27] rep=  39  mem=6236.1MB  fwrite csv
[19:59:27] rep=  39  mem=6236.1MB  rep done in 403.8s
[19:59:28] rep=  40  mem=6152.8MB  rep start
[19:59:28] rep=  40  mem=6152.8MB  filter market_data
[19:59:31] rep=  40  mem=11264.8MB  sample ids
[19:59:32] rep=  40  mem=11266.5MB  left_join (many-to-many)
[19:59:35] rep=  40  mem=16378.6MB  estimate_choice_model: start
[20:06:20] rep=  40  mem=25555.9MB  estimate_choice_model: done
[20:06:21] rep=  40  mem=25555.9MB  compute per_rep + ch_*
[20:06:27] rep=  40  mem=25639.3MB  free big intermediates
[20:06:28] rep=  40  mem=6236.2MB  summarize_boot_rep
[20:06:31] rep=  40  mem=6236.2MB  fwrite csv
[20:06:31] rep=  40  mem=6236.2MB  rep done in 423.6s
[20:06:31] rep=  41  mem=6152.8MB  rep start
[20:06:32] rep=  41  mem=6152.8MB  filter market_data
[20:06:34] rep=  41  mem=11264.8MB  sample ids
[20:06:35] rep=  41  mem=11266.5MB  left_join (many-to-many)
[20:06:37] rep=  41  mem=16378.4MB  estimate_choice_model: start
[20:13:27] rep=  41  mem=25555.5MB  estimate_choice_model: done
[20:13:27] rep=  41  mem=25555.5MB  compute per_rep + ch_*
[20:13:33] rep=  41  mem=25638.9MB  free big intermediates
[20:13:35] rep=  41  mem=6236.2MB  summarize_boot_rep
[20:13:37] rep=  41  mem=6236.2MB  fwrite csv
[20:13:38] rep=  41  mem=6236.2MB  rep done in 426.2s
[20:13:38] rep=   0  mem=6152.8MB  === session quota of 3 reps reached, exiting ===
[20:14:02] rep=   0  mem=6087.8MB  === runner start, market = 9 , reps_per_session = 3 ===
[20:14:02] rep=  42  mem=6087.8MB  rep start
[20:14:02] rep=  42  mem=6087.8MB  filter market_data
[20:14:04] rep=  42  mem=11199.9MB  sample ids
[20:14:05] rep=  42  mem=11201.5MB  left_join (many-to-many)
[20:14:07] rep=  42  mem=16313.5MB  estimate_choice_model: start
[20:20:34] rep=  42  mem=25554.9MB  estimate_choice_model: done
[20:20:34] rep=  42  mem=25554.9MB  compute per_rep + ch_*
[20:20:40] rep=  42  mem=25638.4MB  free big intermediates
[20:20:41] rep=  42  mem=6235.8MB  summarize_boot_rep
[20:20:44] rep=  42  mem=6236.1MB  fwrite csv
[20:20:44] rep=  42  mem=6236.1MB  rep done in 402.2s
[20:20:45] rep=  43  mem=6152.7MB  rep start
[20:20:45] rep=  43  mem=6152.7MB  filter market_data
[20:20:47] rep=  43  mem=11264.7MB  sample ids
[20:20:47] rep=  43  mem=11266.3MB  left_join (many-to-many)
[20:20:50] rep=  43  mem=16378.5MB  estimate_choice_model: start
[20:27:33] rep=  43  mem=25555.8MB  estimate_choice_model: done
[20:27:34] rep=  43  mem=25555.8MB  compute per_rep + ch_*
[20:27:39] rep=  43  mem=25639.2MB  free big intermediates
[20:27:41] rep=  43  mem=6236.1MB  summarize_boot_rep
[20:27:44] rep=  43  mem=6236.1MB  fwrite csv
[20:27:44] rep=  43  mem=6236.1MB  rep done in 419.6s
[20:27:44] rep=  44  mem=6152.7MB  rep start
[20:27:45] rep=  44  mem=6152.7MB  filter market_data
[20:27:48] rep=  44  mem=11264.7MB  sample ids
[20:27:48] rep=  44  mem=11266.3MB  left_join (many-to-many)
[20:27:51] rep=  44  mem=16378.4MB  estimate_choice_model: start
[20:34:35] rep=  44  mem=25555.1MB  estimate_choice_model: done
[20:34:36] rep=  44  mem=25555.1MB  compute per_rep + ch_*
[20:34:42] rep=  44  mem=25638.5MB  free big intermediates
[20:34:43] rep=  44  mem=6236.1MB  summarize_boot_rep
[20:34:46] rep=  44  mem=6236.1MB  fwrite csv
[20:34:46] rep=  44  mem=6236.1MB  rep done in 422.1s
[20:34:47] rep=   0  mem=6152.7MB  === session quota of 3 reps reached, exiting ===
[20:35:12] rep=   0  mem=6087.8MB  === runner start, market = 9 , reps_per_session = 3 ===
[20:35:12] rep=  45  mem=6087.8MB  rep start
[20:35:12] rep=  45  mem=6087.8MB  filter market_data
[20:35:14] rep=  45  mem=11199.9MB  sample ids
[20:35:15] rep=  45  mem=11201.5MB  left_join (many-to-many)
[20:35:17] rep=  45  mem=16313.9MB  estimate_choice_model: start
[20:41:50] rep=  45  mem=25555.8MB  estimate_choice_model: done
[20:41:51] rep=  45  mem=25555.8MB  compute per_rep + ch_*
[20:41:56] rep=  45  mem=25639.2MB  free big intermediates
[20:41:58] rep=  45  mem=6235.8MB  summarize_boot_rep
[20:42:01] rep=  45  mem=6236.1MB  fwrite csv
[20:42:01] rep=  45  mem=6236.1MB  rep done in 408.7s
[20:42:01] rep=  46  mem=6152.8MB  rep start
[20:42:01] rep=  46  mem=6152.8MB  filter market_data
[20:42:04] rep=  46  mem=11264.8MB  sample ids
[20:42:04] rep=  46  mem=11266.5MB  left_join (many-to-many)
[20:42:07] rep=  46  mem=16378.5MB  estimate_choice_model: start
[20:48:51] rep=  46  mem=25555.4MB  estimate_choice_model: done
[20:48:51] rep=  46  mem=25555.4MB  compute per_rep + ch_*
[20:48:57] rep=  46  mem=25638.8MB  free big intermediates
[20:48:59] rep=  46  mem=6236.2MB  summarize_boot_rep
[20:49:02] rep=  46  mem=6236.2MB  fwrite csv
[20:49:02] rep=  46  mem=6236.2MB  rep done in 421.0s
[20:49:02] rep=  47  mem=6152.8MB  rep start
[20:49:02] rep=  47  mem=6152.8MB  filter market_data
[20:49:07] rep=  47  mem=11264.8MB  sample ids
[20:49:08] rep=  47  mem=11266.5MB  left_join (many-to-many)
[20:49:10] rep=  47  mem=16378.6MB  estimate_choice_model: start
[20:55:48] rep=  47  mem=25555.4MB  estimate_choice_model: done
[20:55:49] rep=  47  mem=25555.4MB  compute per_rep + ch_*
[20:55:54] rep=  47  mem=25638.8MB  free big intermediates
[20:55:56] rep=  47  mem=6236.2MB  summarize_boot_rep
[20:55:59] rep=  47  mem=6236.2MB  fwrite csv
[20:55:59] rep=  47  mem=6236.2MB  rep done in 416.5s
[20:55:59] rep=   0  mem=6152.8MB  === session quota of 3 reps reached, exiting ===
[22:43:43] rep=   0  mem=6087.8MB  === runner start, market = 9 , reps_per_session = 3 ===
[22:43:43] rep=  48  mem=6087.8MB  rep start
[22:43:43] rep=  48  mem=6087.8MB  filter market_data
[22:43:45] rep=  48  mem=11199.9MB  sample ids
[22:43:45] rep=  48  mem=11201.5MB  left_join (many-to-many)
[22:43:48] rep=  48  mem=16313.8MB  estimate_choice_model: start
[22:50:17] rep=  48  mem=25555.2MB  estimate_choice_model: done
[22:50:17] rep=  48  mem=25555.2MB  compute per_rep + ch_*
[22:50:23] rep=  48  mem=25638.7MB  free big intermediates
[22:50:25] rep=  48  mem=6235.8MB  summarize_boot_rep
[22:50:28] rep=  48  mem=6236.1MB  fwrite csv
[22:50:28] rep=  48  mem=6236.1MB  rep done in 405.1s
[22:50:28] rep=  49  mem=6152.8MB  rep start
[22:50:28] rep=  49  mem=6152.8MB  filter market_data
[22:50:31] rep=  49  mem=11264.8MB  sample ids
[22:50:32] rep=  49  mem=11266.5MB  left_join (many-to-many)
[22:50:35] rep=  49  mem=16378.5MB  estimate_choice_model: start
[22:57:08] rep=  49  mem=25555.3MB  estimate_choice_model: done
[22:57:08] rep=  49  mem=25555.3MB  compute per_rep + ch_*
[22:57:14] rep=  49  mem=25638.7MB  free big intermediates
[22:57:16] rep=  49  mem=6236.2MB  summarize_boot_rep
[22:57:19] rep=  49  mem=6236.2MB  fwrite csv
[22:57:19] rep=  49  mem=6236.2MB  rep done in 410.7s
[22:57:19] rep=  50  mem=6152.8MB  rep start
[22:57:19] rep=  50  mem=6152.8MB  filter market_data
[22:57:23] rep=  50  mem=11264.8MB  sample ids
[22:57:24] rep=  50  mem=11266.5MB  left_join (many-to-many)
[22:57:27] rep=  50  mem=16378.4MB  estimate_choice_model: start
[23:03:57] rep=  50  mem=25554.9MB  estimate_choice_model: done
[23:03:58] rep=  50  mem=25554.9MB  compute per_rep + ch_*
[23:04:03] rep=  50  mem=25638.3MB  free big intermediates
[23:04:05] rep=  50  mem=6236.2MB  summarize_boot_rep
[23:04:08] rep=  50  mem=6236.2MB  fwrite csv
[23:04:08] rep=  50  mem=6236.2MB  rep done in 409.0s
[23:04:08] rep=   0  mem=6152.8MB  === session quota of 3 reps reached, exiting ===
[23:04:32] rep=   0  mem=6087.8MB  === runner start, market = 9 , reps_per_session = 3 ===
[23:04:32] rep=  51  mem=6087.8MB  rep start
[23:04:32] rep=  51  mem=6087.8MB  filter market_data
[23:04:34] rep=  51  mem=11199.9MB  sample ids
[23:04:34] rep=  51  mem=11201.5MB  left_join (many-to-many)
[23:04:37] rep=  51  mem=16313.7MB  estimate_choice_model: start
[23:11:04] rep=  51  mem=25554.1MB  estimate_choice_model: done
[23:11:04] rep=  51  mem=25554.1MB  compute per_rep + ch_*
[23:11:10] rep=  51  mem=25637.6MB  free big intermediates
[23:11:12] rep=  51  mem=6235.8MB  summarize_boot_rep
[23:11:14] rep=  51  mem=6236.1MB  fwrite csv
[23:11:15] rep=  51  mem=6236.1MB  rep done in 402.7s
[23:11:15] rep=  52  mem=6152.8MB  rep start
[23:11:15] rep=  52  mem=6152.8MB  filter market_data
[23:11:18] rep=  52  mem=11264.8MB  sample ids
[23:11:19] rep=  52  mem=11266.5MB  left_join (many-to-many)
[23:11:21] rep=  52  mem=16378.6MB  estimate_choice_model: start
[23:18:11] rep=  52  mem=25555.1MB  estimate_choice_model: done
[23:18:11] rep=  52  mem=25555.1MB  compute per_rep + ch_*
[23:18:17] rep=  52  mem=25638.6MB  free big intermediates
[23:18:19] rep=  52  mem=6236.2MB  summarize_boot_rep
[23:18:22] rep=  52  mem=6236.2MB  fwrite csv
[23:18:22] rep=  52  mem=6236.2MB  rep done in 427.0s
[23:18:22] rep=  53  mem=6152.8MB  rep start
[23:18:22] rep=  53  mem=6152.8MB  filter market_data
[23:18:26] rep=  53  mem=11264.8MB  sample ids
[23:18:27] rep=  53  mem=11266.5MB  left_join (many-to-many)
[23:18:30] rep=  53  mem=16378.6MB  estimate_choice_model: start
[23:25:03] rep=  53  mem=25555.4MB  estimate_choice_model: done
[23:25:03] rep=  53  mem=25555.4MB  compute per_rep + ch_*
[23:25:09] rep=  53  mem=25638.8MB  free big intermediates
[23:25:11] rep=  53  mem=6236.2MB  summarize_boot_rep
[23:25:13] rep=  53  mem=6236.2MB  fwrite csv
[23:25:14] rep=  53  mem=6236.2MB  rep done in 411.7s
[23:25:14] rep=   0  mem=6152.8MB  === session quota of 3 reps reached, exiting ===
[23:25:38] rep=   0  mem=6087.8MB  === runner start, market = 9 , reps_per_session = 3 ===
[23:25:38] rep=  54  mem=6087.8MB  rep start
[23:25:38] rep=  54  mem=6087.8MB  filter market_data
[23:25:40] rep=  54  mem=11199.9MB  sample ids
[23:25:40] rep=  54  mem=11201.5MB  left_join (many-to-many)
[23:25:43] rep=  54  mem=16313.7MB  estimate_choice_model: start
[23:32:12] rep=  54  mem=25555.4MB  estimate_choice_model: done
[23:32:12] rep=  54  mem=25555.4MB  compute per_rep + ch_*
[23:32:18] rep=  54  mem=25638.8MB  free big intermediates
[23:32:19] rep=  54  mem=6235.8MB  summarize_boot_rep
[23:32:22] rep=  54  mem=6236.1MB  fwrite csv
[23:32:22] rep=  54  mem=6236.1MB  rep done in 404.9s
[23:32:23] rep=  55  mem=6152.8MB  rep start
[23:32:23] rep=  55  mem=6152.8MB  filter market_data
[23:32:25] rep=  55  mem=11264.8MB  sample ids
[23:32:25] rep=  55  mem=11266.5MB  left_join (many-to-many)
[23:32:28] rep=  55  mem=16378.6MB  estimate_choice_model: start
[23:39:16] rep=  55  mem=25555.9MB  estimate_choice_model: done
[23:39:17] rep=  55  mem=25555.9MB  compute per_rep + ch_*
[23:39:23] rep=  55  mem=25639.3MB  free big intermediates
[23:39:24] rep=  55  mem=6236.2MB  summarize_boot_rep
[23:39:27] rep=  55  mem=6236.2MB  fwrite csv
[23:39:27] rep=  55  mem=6236.2MB  rep done in 424.8s
[23:39:28] rep=  56  mem=6152.8MB  rep start
[23:39:28] rep=  56  mem=6152.8MB  filter market_data
[23:39:33] rep=  56  mem=11264.8MB  sample ids
[23:39:33] rep=  56  mem=11266.5MB  left_join (many-to-many)
[23:39:36] rep=  56  mem=16378.5MB  estimate_choice_model: start
[23:46:14] rep=  56  mem=25555.0MB  estimate_choice_model: done
[23:46:15] rep=  56  mem=25555.0MB  compute per_rep + ch_*
[23:46:20] rep=  56  mem=25638.4MB  free big intermediates
[23:46:22] rep=  56  mem=6236.2MB  summarize_boot_rep
[23:46:25] rep=  56  mem=6236.2MB  fwrite csv
[23:46:25] rep=  56  mem=6236.2MB  rep done in 417.7s
[23:46:25] rep=   0  mem=6152.8MB  === session quota of 3 reps reached, exiting ===
[23:46:50] rep=   0  mem=6087.8MB  === runner start, market = 9 , reps_per_session = 3 ===
[23:46:50] rep=  57  mem=6087.8MB  rep start
[23:46:50] rep=  57  mem=6087.8MB  filter market_data
[23:46:52] rep=  57  mem=11199.9MB  sample ids
[23:46:52] rep=  57  mem=11201.5MB  left_join (many-to-many)
[23:46:55] rep=  57  mem=16313.4MB  estimate_choice_model: start
[23:53:22] rep=  57  mem=25554.0MB  estimate_choice_model: done
[23:53:23] rep=  57  mem=25554.0MB  compute per_rep + ch_*
[23:53:28] rep=  57  mem=25637.6MB  free big intermediates
[23:53:30] rep=  57  mem=6235.8MB  summarize_boot_rep
[23:53:33] rep=  57  mem=6236.1MB  fwrite csv
[23:53:33] rep=  57  mem=6236.1MB  rep done in 403.4s
[23:53:33] rep=  58  mem=6152.8MB  rep start
[23:53:33] rep=  58  mem=6152.8MB  filter market_data
[23:53:37] rep=  58  mem=11264.8MB  sample ids
[23:53:37] rep=  58  mem=11266.5MB  left_join (many-to-many)
[23:53:40] rep=  58  mem=16378.5MB  estimate_choice_model: start
[00:00:20] rep=  58  mem=25555.6MB  estimate_choice_model: done
[00:00:20] rep=  58  mem=25555.6MB  compute per_rep + ch_*
[00:00:26] rep=  58  mem=25639.1MB  free big intermediates
[00:00:28] rep=  58  mem=6236.2MB  summarize_boot_rep
[00:00:30] rep=  58  mem=6236.2MB  fwrite csv
[00:00:31] rep=  58  mem=6236.2MB  rep done in 417.4s
[00:00:31] rep=  59  mem=6152.8MB  rep start
[00:00:31] rep=  59  mem=6152.8MB  filter market_data
[00:00:34] rep=  59  mem=11264.8MB  sample ids
[00:00:34] rep=  59  mem=11266.5MB  left_join (many-to-many)
[00:00:37] rep=  59  mem=16378.5MB  estimate_choice_model: start
[00:07:16] rep=  59  mem=25555.4MB  estimate_choice_model: done
[00:07:17] rep=  59  mem=25555.4MB  compute per_rep + ch_*
[00:07:23] rep=  59  mem=25638.8MB  free big intermediates
[00:07:24] rep=  59  mem=6236.2MB  summarize_boot_rep
[00:07:27] rep=  59  mem=6236.2MB  fwrite csv
[00:07:27] rep=  59  mem=6236.2MB  rep done in 416.6s
[00:07:28] rep=   0  mem=6152.8MB  === session quota of 3 reps reached, exiting ===
[00:07:52] rep=   0  mem=6087.8MB  === runner start, market = 9 , reps_per_session = 3 ===
[00:07:52] rep=  60  mem=6087.8MB  rep start
[00:07:52] rep=  60  mem=6087.8MB  filter market_data
[00:07:54] rep=  60  mem=11199.9MB  sample ids
[00:07:54] rep=  60  mem=11201.5MB  left_join (many-to-many)
[00:07:57] rep=  60  mem=16313.6MB  estimate_choice_model: start
[00:14:29] rep=  60  mem=25555.0MB  estimate_choice_model: done
[00:14:30] rep=  60  mem=25555.0MB  compute per_rep + ch_*
[00:14:35] rep=  60  mem=25638.5MB  free big intermediates
[00:14:37] rep=  60  mem=6235.8MB  summarize_boot_rep
[00:14:40] rep=  60  mem=6236.1MB  fwrite csv
[00:14:40] rep=  60  mem=6236.1MB  rep done in 407.9s
[00:14:40] rep=  61  mem=6152.8MB  rep start
[00:14:40] rep=  61  mem=6152.8MB  filter market_data
[00:14:43] rep=  61  mem=11264.8MB  sample ids
[00:14:43] rep=  61  mem=11266.5MB  left_join (many-to-many)
[00:14:46] rep=  61  mem=16378.5MB  estimate_choice_model: start
[00:21:27] rep=  61  mem=25555.7MB  estimate_choice_model: done
[00:21:27] rep=  61  mem=25555.7MB  compute per_rep + ch_*
[00:21:33] rep=  61  mem=25639.1MB  free big intermediates
[00:21:35] rep=  61  mem=6236.2MB  summarize_boot_rep
[00:21:38] rep=  61  mem=6236.2MB  fwrite csv
[00:21:38] rep=  61  mem=6236.2MB  rep done in 417.8s
[00:21:38] rep=  62  mem=6152.8MB  rep start
[00:21:38] rep=  62  mem=6152.8MB  filter market_data
[00:21:41] rep=  62  mem=11264.8MB  sample ids
[00:21:42] rep=  62  mem=11266.5MB  left_join (many-to-many)
[00:21:45] rep=  62  mem=16378.5MB  estimate_choice_model: start
[00:28:17] rep=  62  mem=25554.7MB  estimate_choice_model: done
[00:28:17] rep=  62  mem=25554.7MB  compute per_rep + ch_*
[00:28:23] rep=  62  mem=25638.1MB  free big intermediates
[00:28:25] rep=  62  mem=6236.2MB  summarize_boot_rep
[00:28:28] rep=  62  mem=6236.2MB  fwrite csv
[00:28:28] rep=  62  mem=6236.2MB  rep done in 409.8s
[00:28:28] rep=   0  mem=6152.8MB  === session quota of 3 reps reached, exiting ===
[00:28:52] rep=   0  mem=6087.8MB  === runner start, market = 9 , reps_per_session = 3 ===
[00:28:52] rep=  63  mem=6087.8MB  rep start
[00:28:52] rep=  63  mem=6087.8MB  filter market_data
[00:28:54] rep=  63  mem=11199.9MB  sample ids
[00:28:54] rep=  63  mem=11201.5MB  left_join (many-to-many)
[00:28:57] rep=  63  mem=16313.9MB  estimate_choice_model: start
[00:35:29] rep=  63  mem=25555.8MB  estimate_choice_model: done
[00:35:30] rep=  63  mem=25555.8MB  compute per_rep + ch_*
[00:35:36] rep=  63  mem=25639.2MB  free big intermediates
[00:35:38] rep=  63  mem=6235.8MB  summarize_boot_rep
[00:35:41] rep=  63  mem=6236.1MB  fwrite csv
[00:35:41] rep=  63  mem=6236.1MB  rep done in 409.1s
[00:35:41] rep=  64  mem=6152.8MB  rep start
[00:35:41] rep=  64  mem=6152.8MB  filter market_data
[00:35:44] rep=  64  mem=11264.8MB  sample ids
[00:35:44] rep=  64  mem=11266.5MB  left_join (many-to-many)
[00:35:47] rep=  64  mem=16378.7MB  estimate_choice_model: start
[00:42:46] rep=  64  mem=25555.5MB  estimate_choice_model: done
[00:42:47] rep=  64  mem=25555.5MB  compute per_rep + ch_*
[00:42:53] rep=  64  mem=25639.0MB  free big intermediates
[00:42:55] rep=  64  mem=6236.2MB  summarize_boot_rep
[00:42:58] rep=  64  mem=6236.2MB  fwrite csv
[00:42:58] rep=  64  mem=6236.2MB  rep done in 436.7s
[00:42:58] rep=  65  mem=6152.8MB  rep start
[00:42:58] rep=  65  mem=6152.8MB  filter market_data
[00:43:03] rep=  65  mem=11264.8MB  sample ids
[00:43:03] rep=  65  mem=11266.5MB  left_join (many-to-many)
[00:43:06] rep=  65  mem=16378.5MB  estimate_choice_model: start
[00:49:55] rep=  65  mem=25554.8MB  estimate_choice_model: done
[00:49:56] rep=  65  mem=25554.8MB  compute per_rep + ch_*
[00:50:02] rep=  65  mem=25638.3MB  free big intermediates
[00:50:03] rep=  65  mem=6236.2MB  summarize_boot_rep
[00:50:06] rep=  65  mem=6236.2MB  fwrite csv
[00:50:07] rep=  65  mem=6236.2MB  rep done in 428.7s
[00:50:07] rep=   0  mem=6152.8MB  === session quota of 3 reps reached, exiting ===
[00:50:31] rep=   0  mem=6087.8MB  === runner start, market = 9 , reps_per_session = 3 ===
[00:50:31] rep=  66  mem=6087.8MB  rep start
[00:50:31] rep=  66  mem=6087.8MB  filter market_data
[00:50:33] rep=  66  mem=11199.9MB  sample ids
[00:50:33] rep=  66  mem=11201.5MB  left_join (many-to-many)
[00:50:36] rep=  66  mem=16313.8MB  estimate_choice_model: start
[00:57:29] rep=  66  mem=25554.8MB  estimate_choice_model: done
[00:57:30] rep=  66  mem=25554.8MB  compute per_rep + ch_*
[00:57:35] rep=  66  mem=25638.2MB  free big intermediates
[00:57:37] rep=  66  mem=6235.8MB  summarize_boot_rep
[00:57:40] rep=  66  mem=6236.1MB  fwrite csv
[00:57:40] rep=  66  mem=6236.1MB  rep done in 429.1s
[00:57:40] rep=  67  mem=6152.8MB  rep start
[00:57:40] rep=  67  mem=6152.8MB  filter market_data
[00:57:43] rep=  67  mem=11264.8MB  sample ids
[00:57:43] rep=  67  mem=11266.5MB  left_join (many-to-many)
[00:57:46] rep=  67  mem=16378.3MB  estimate_choice_model: start
[01:04:47] rep=  67  mem=25555.0MB  estimate_choice_model: done
[01:04:47] rep=  67  mem=25555.0MB  compute per_rep + ch_*
[01:04:53] rep=  67  mem=25638.4MB  free big intermediates
[01:04:55] rep=  67  mem=6236.2MB  summarize_boot_rep
[01:04:58] rep=  67  mem=6236.2MB  fwrite csv
[01:04:58] rep=  67  mem=6236.2MB  rep done in 438.0s
[01:04:58] rep=  68  mem=6152.8MB  rep start
[01:04:58] rep=  68  mem=6152.8MB  filter market_data
[01:05:03] rep=  68  mem=11264.8MB  sample ids
[01:05:04] rep=  68  mem=11266.5MB  left_join (many-to-many)
[01:05:06] rep=  68  mem=16378.7MB  estimate_choice_model: start
[01:11:59] rep=  68  mem=25555.3MB  estimate_choice_model: done
[01:12:00] rep=  68  mem=25555.3MB  compute per_rep + ch_*
[01:12:05] rep=  68  mem=25638.7MB  free big intermediates
[01:12:07] rep=  68  mem=6236.2MB  summarize_boot_rep
[01:12:10] rep=  68  mem=6236.2MB  fwrite csv
[01:12:10] rep=  68  mem=6236.2MB  rep done in 432.1s
[01:12:10] rep=   0  mem=6152.8MB  === session quota of 3 reps reached, exiting ===
[01:12:35] rep=   0  mem=6087.8MB  === runner start, market = 9 , reps_per_session = 3 ===
[01:12:35] rep=  69  mem=6087.8MB  rep start
[01:12:35] rep=  69  mem=6087.8MB  filter market_data
[01:12:37] rep=  69  mem=11199.9MB  sample ids
[01:12:38] rep=  69  mem=11201.5MB  left_join (many-to-many)
[01:12:40] rep=  69  mem=16313.5MB  estimate_choice_model: start
[01:19:37] rep=  69  mem=25554.7MB  estimate_choice_model: done
[01:19:38] rep=  69  mem=25554.7MB  compute per_rep + ch_*
[01:19:44] rep=  69  mem=25638.1MB  free big intermediates
[01:19:45] rep=  69  mem=6235.8MB  summarize_boot_rep
[01:19:48] rep=  69  mem=6236.1MB  fwrite csv
[01:19:49] rep=  69  mem=6236.1MB  rep done in 433.6s
[01:19:49] rep=  70  mem=6152.8MB  rep start
[01:19:49] rep=  70  mem=6152.8MB  filter market_data
[01:19:52] rep=  70  mem=11264.8MB  sample ids
[01:19:53] rep=  70  mem=11266.5MB  left_join (many-to-many)
[01:19:55] rep=  70  mem=16378.6MB  estimate_choice_model: start
[01:27:09] rep=  70  mem=25555.6MB  estimate_choice_model: done
[01:27:09] rep=  70  mem=25555.6MB  compute per_rep + ch_*
[01:27:15] rep=  70  mem=25639.0MB  free big intermediates
[01:27:17] rep=  70  mem=6236.2MB  summarize_boot_rep
[01:27:20] rep=  70  mem=6236.2MB  fwrite csv
[01:27:20] rep=  70  mem=6236.2MB  rep done in 451.6s
[01:27:21] rep=  71  mem=6152.8MB  rep start
[01:27:21] rep=  71  mem=6152.8MB  filter market_data
[01:27:25] rep=  71  mem=11264.8MB  sample ids
[01:27:26] rep=  71  mem=11266.5MB  left_join (many-to-many)
[01:27:29] rep=  71  mem=16378.5MB  estimate_choice_model: start
[01:34:33] rep=  71  mem=25555.0MB  estimate_choice_model: done
[01:34:34] rep=  71  mem=25555.0MB  compute per_rep + ch_*
[01:34:39] rep=  71  mem=25638.5MB  free big intermediates
[01:34:41] rep=  71  mem=6236.2MB  summarize_boot_rep
[01:34:44] rep=  71  mem=6236.2MB  fwrite csv
[01:34:44] rep=  71  mem=6236.2MB  rep done in 443.6s
[01:34:44] rep=   0  mem=6152.8MB  === session quota of 3 reps reached, exiting ===
[01:35:10] rep=   0  mem=6087.8MB  === runner start, market = 9 , reps_per_session = 3 ===
[01:35:10] rep=  72  mem=6087.8MB  rep start
[01:35:10] rep=  72  mem=6087.8MB  filter market_data
[01:35:11] rep=  72  mem=11199.9MB  sample ids
[01:35:12] rep=  72  mem=11201.5MB  left_join (many-to-many)
[01:35:15] rep=  72  mem=16313.6MB  estimate_choice_model: start
[01:42:09] rep=  72  mem=25556.0MB  estimate_choice_model: done
[01:42:09] rep=  72  mem=25556.0MB  compute per_rep + ch_*
[01:42:15] rep=  72  mem=25639.5MB  free big intermediates
[01:42:17] rep=  72  mem=6235.8MB  summarize_boot_rep
