[21:38:28] rep=   0  mem=6089.3MB  === runner start, market = 7 , reps_per_session = 25 ===
[21:38:28] rep=   1  mem=6089.3MB  rep start
[21:38:28] rep=   1  mem=6089.3MB  filter market_data
[21:38:29] rep=   1  mem=6143.4MB  sample ids
[21:38:29] rep=   1  mem=6143.4MB  left_join (many-to-many)
[21:38:29] rep=   1  mem=6197.5MB  estimate_choice_model: start
[21:38:36] rep=   1  mem=6296.8MB  estimate_choice_model: done
[21:38:36] rep=   1  mem=6296.8MB  compute per_rep + ch_*
[21:38:36] rep=   1  mem=6301.2MB  free big intermediates
[21:38:37] rep=   1  mem=6094.3MB  summarize_boot_rep
[21:38:37] rep=   1  mem=6094.3MB  fwrite csv
[21:38:37] rep=   1  mem=6094.3MB  rep done in 9.0s
[21:38:37] rep=   2  mem=6089.8MB  rep start
[21:38:37] rep=   2  mem=6089.8MB  filter market_data
[21:38:38] rep=   2  mem=6143.9MB  sample ids
[21:38:38] rep=   2  mem=6143.9MB  left_join (many-to-many)
[21:38:38] rep=   2  mem=6198.0MB  estimate_choice_model: start
[21:38:45] rep=   2  mem=6296.8MB  estimate_choice_model: done
[21:38:45] rep=   2  mem=6296.8MB  compute per_rep + ch_*
[21:38:45] rep=   2  mem=6301.2MB  free big intermediates
[21:38:46] rep=   2  mem=6094.3MB  summarize_boot_rep
[21:38:46] rep=   2  mem=6094.3MB  fwrite csv
[21:38:46] rep=   2  mem=6094.3MB  rep done in 8.7s
[21:38:46] rep=   3  mem=6089.8MB  rep start
[21:38:46] rep=   3  mem=6089.8MB  filter market_data
[21:38:47] rep=   3  mem=6143.9MB  sample ids
[21:38:47] rep=   3  mem=6143.9MB  left_join (many-to-many)
[21:38:47] rep=   3  mem=6198.0MB  estimate_choice_model: start
[21:38:55] rep=   3  mem=6296.8MB  estimate_choice_model: done
[21:38:55] rep=   3  mem=6296.8MB  compute per_rep + ch_*
[21:38:55] rep=   3  mem=6301.3MB  free big intermediates
[21:38:55] rep=   3  mem=6094.3MB  summarize_boot_rep
[21:38:56] rep=   3  mem=6094.3MB  fwrite csv
[21:38:56] rep=   3  mem=6094.3MB  rep done in 9.6s
[21:38:56] rep=   4  mem=6089.8MB  rep start
[21:38:56] rep=   4  mem=6089.8MB  filter market_data
[21:38:56] rep=   4  mem=6143.9MB  sample ids
[21:38:56] rep=   4  mem=6143.9MB  left_join (many-to-many)
[21:38:57] rep=   4  mem=6198.0MB  estimate_choice_model: start
[21:39:04] rep=   4  mem=6296.8MB  estimate_choice_model: done
[21:39:04] rep=   4  mem=6296.8MB  compute per_rep + ch_*
[21:39:04] rep=   4  mem=6301.2MB  free big intermediates
[21:39:04] rep=   4  mem=6094.3MB  summarize_boot_rep
[21:39:05] rep=   4  mem=6094.3MB  fwrite csv
[21:39:05] rep=   4  mem=6094.3MB  rep done in 8.9s
[21:39:05] rep=   5  mem=6089.8MB  rep start
[21:39:05] rep=   5  mem=6089.8MB  filter market_data
[21:39:05] rep=   5  mem=6143.9MB  sample ids
[21:39:05] rep=   5  mem=6143.9MB  left_join (many-to-many)
[21:39:06] rep=   5  mem=6198.0MB  estimate_choice_model: start
[21:39:13] rep=   5  mem=6296.8MB  estimate_choice_model: done
[21:39:13] rep=   5  mem=6296.8MB  compute per_rep + ch_*
[21:39:14] rep=   5  mem=6301.2MB  free big intermediates
[21:39:14] rep=   5  mem=6094.3MB  summarize_boot_rep
[21:39:14] rep=   5  mem=6094.3MB  fwrite csv
[21:39:14] rep=   5  mem=6094.3MB  rep done in 9.5s
[21:39:15] rep=   6  mem=6089.8MB  rep start
[21:39:15] rep=   6  mem=6089.8MB  filter market_data
[21:39:15] rep=   6  mem=6143.9MB  sample ids
[21:39:15] rep=   6  mem=6143.9MB  left_join (many-to-many)
[21:39:15] rep=   6  mem=6198.0MB  estimate_choice_model: start
[21:39:23] rep=   6  mem=6296.8MB  estimate_choice_model: done
[21:39:23] rep=   6  mem=6296.8MB  compute per_rep + ch_*
[21:39:23] rep=   6  mem=6301.3MB  free big intermediates
[21:39:23] rep=   6  mem=6094.3MB  summarize_boot_rep
[21:39:23] rep=   6  mem=6094.3MB  fwrite csv
[21:39:23] rep=   6  mem=6094.3MB  rep done in 9.1s
[21:39:24] rep=   7  mem=6089.8MB  rep start
[21:39:24] rep=   7  mem=6089.8MB  filter market_data
[21:39:24] rep=   7  mem=6143.9MB  sample ids
[21:39:24] rep=   7  mem=6143.9MB  left_join (many-to-many)
[21:39:24] rep=   7  mem=6198.0MB  estimate_choice_model: start
[21:39:32] rep=   7  mem=6296.8MB  estimate_choice_model: done
[21:39:32] rep=   7  mem=6296.8MB  compute per_rep + ch_*
[21:39:32] rep=   7  mem=6301.2MB  free big intermediates
[21:39:32] rep=   7  mem=6094.3MB  summarize_boot_rep
[21:39:33] rep=   7  mem=6094.3MB  fwrite csv
[21:39:33] rep=   7  mem=6094.3MB  rep done in 9.2s
[21:39:33] rep=   8  mem=6089.8MB  rep start
[21:39:33] rep=   8  mem=6089.8MB  filter market_data
[21:39:33] rep=   8  mem=6143.9MB  sample ids
[21:39:34] rep=   8  mem=6143.9MB  left_join (many-to-many)
[21:39:34] rep=   8  mem=6198.0MB  estimate_choice_model: start
[21:39:41] rep=   8  mem=6296.8MB  estimate_choice_model: done
[21:39:41] rep=   8  mem=6296.8MB  compute per_rep + ch_*
[21:39:41] rep=   8  mem=6301.2MB  free big intermediates
[21:39:42] rep=   8  mem=6094.3MB  summarize_boot_rep
[21:39:42] rep=   8  mem=6094.3MB  fwrite csv
[21:39:42] rep=   8  mem=6094.3MB  rep done in 9.2s
[21:39:42] rep=   9  mem=6089.8MB  rep start
[21:39:42] rep=   9  mem=6089.8MB  filter market_data
[21:39:43] rep=   9  mem=6143.9MB  sample ids
[21:39:43] rep=   9  mem=6143.9MB  left_join (many-to-many)
[21:39:43] rep=   9  mem=6198.0MB  estimate_choice_model: start
[21:39:51] rep=   9  mem=6296.8MB  estimate_choice_model: done
[21:39:51] rep=   9  mem=6296.8MB  compute per_rep + ch_*
[21:39:51] rep=   9  mem=6301.2MB  free big intermediates
[21:39:51] rep=   9  mem=6094.3MB  summarize_boot_rep
[21:39:52] rep=   9  mem=6094.3MB  fwrite csv
[21:39:52] rep=   9  mem=6094.3MB  rep done in 9.5s
[21:39:52] rep=   0  mem=6089.8MB  === session quota of 25 reps reached, exiting ===
[21:40:16] rep=   0  mem=6087.8MB  === runner start, market = 7 , reps_per_session = 25 ===
[21:40:16] rep=  10  mem=6087.8MB  rep start
[21:40:16] rep=  10  mem=6087.8MB  filter market_data
[21:40:16] rep=  10  mem=6141.9MB  sample ids
[21:40:16] rep=  10  mem=6142.0MB  left_join (many-to-many)
[21:40:16] rep=  10  mem=6196.1MB  estimate_choice_model: start
[21:40:24] rep=  10  mem=6296.4MB  estimate_choice_model: done
[21:40:24] rep=  10  mem=6296.4MB  compute per_rep + ch_*
[21:40:24] rep=  10  mem=6300.8MB  free big intermediates
[21:40:24] rep=  10  mem=6093.9MB  summarize_boot_rep
[21:40:24] rep=  10  mem=6094.1MB  fwrite csv
[21:40:25] rep=  10  mem=6094.2MB  rep done in 9.0s
[21:40:25] rep=  11  mem=6089.8MB  rep start
[21:40:25] rep=  11  mem=6089.8MB  filter market_data
[21:40:25] rep=  11  mem=6143.9MB  sample ids
[21:40:25] rep=  11  mem=6143.9MB  left_join (many-to-many)
[21:40:25] rep=  11  mem=6198.0MB  estimate_choice_model: start
[21:40:33] rep=  11  mem=6296.8MB  estimate_choice_model: done
[21:40:34] rep=  11  mem=6296.8MB  compute per_rep + ch_*
[21:40:34] rep=  11  mem=6301.3MB  free big intermediates
[21:40:34] rep=  11  mem=6094.3MB  summarize_boot_rep
[21:40:34] rep=  11  mem=6094.3MB  fwrite csv
[21:40:34] rep=  11  mem=6094.3MB  rep done in 9.8s
[21:40:35] rep=  12  mem=6089.8MB  rep start
[21:40:35] rep=  12  mem=6089.8MB  filter market_data
[21:40:35] rep=  12  mem=6143.9MB  sample ids
[21:40:35] rep=  12  mem=6143.9MB  left_join (many-to-many)
[21:40:35] rep=  12  mem=6198.0MB  estimate_choice_model: start
[21:40:43] rep=  12  mem=6296.8MB  estimate_choice_model: done
[21:40:43] rep=  12  mem=6296.8MB  compute per_rep + ch_*
[21:40:44] rep=  12  mem=6301.3MB  free big intermediates
[21:40:44] rep=  12  mem=6094.3MB  summarize_boot_rep
[21:40:44] rep=  12  mem=6094.3MB  fwrite csv
[21:40:44] rep=  12  mem=6094.3MB  rep done in 9.6s
[21:40:44] rep=  13  mem=6089.8MB  rep start
[21:40:45] rep=  13  mem=6089.8MB  filter market_data
[21:40:45] rep=  13  mem=6143.9MB  sample ids
[21:40:45] rep=  13  mem=6143.9MB  left_join (many-to-many)
[21:40:45] rep=  13  mem=6198.0MB  estimate_choice_model: start
[21:40:52] rep=  13  mem=6296.8MB  estimate_choice_model: done
[21:40:53] rep=  13  mem=6296.8MB  compute per_rep + ch_*
[21:40:53] rep=  13  mem=6301.3MB  free big intermediates
[21:40:53] rep=  13  mem=6094.3MB  summarize_boot_rep
[21:40:53] rep=  13  mem=6094.3MB  fwrite csv
[21:40:54] rep=  13  mem=6094.3MB  rep done in 9.2s
[21:40:54] rep=  14  mem=6089.8MB  rep start
[21:40:54] rep=  14  mem=6089.8MB  filter market_data
[21:40:54] rep=  14  mem=6143.9MB  sample ids
[21:40:54] rep=  14  mem=6143.9MB  left_join (many-to-many)
[21:40:54] rep=  14  mem=6198.0MB  estimate_choice_model: start
[21:41:02] rep=  14  mem=6296.8MB  estimate_choice_model: done
[21:41:02] rep=  14  mem=6296.8MB  compute per_rep + ch_*
[21:41:03] rep=  14  mem=6301.2MB  free big intermediates
[21:41:03] rep=  14  mem=6094.3MB  summarize_boot_rep
[21:41:03] rep=  14  mem=6094.3MB  fwrite csv
[21:41:03] rep=  14  mem=6094.3MB  rep done in 9.6s
[21:41:04] rep=  15  mem=6089.8MB  rep start
[21:41:04] rep=  15  mem=6089.8MB  filter market_data
[21:41:04] rep=  15  mem=6143.9MB  sample ids
[21:41:04] rep=  15  mem=6143.9MB  left_join (many-to-many)
[21:41:04] rep=  15  mem=6198.0MB  estimate_choice_model: start
[21:41:11] rep=  15  mem=6296.8MB  estimate_choice_model: done
[21:41:12] rep=  15  mem=6296.8MB  compute per_rep + ch_*
[21:41:12] rep=  15  mem=6301.3MB  free big intermediates
[21:41:12] rep=  15  mem=6094.3MB  summarize_boot_rep
[21:41:12] rep=  15  mem=6094.3MB  fwrite csv
[21:41:12] rep=  15  mem=6094.3MB  rep done in 9.0s
[21:41:13] rep=  16  mem=6089.8MB  rep start
[21:41:13] rep=  16  mem=6089.8MB  filter market_data
[21:41:13] rep=  16  mem=6143.9MB  sample ids
[21:41:13] rep=  16  mem=6143.9MB  left_join (many-to-many)
[21:41:13] rep=  16  mem=6198.0MB  estimate_choice_model: start
[21:41:21] rep=  16  mem=6296.8MB  estimate_choice_model: done
[21:41:21] rep=  16  mem=6296.8MB  compute per_rep + ch_*
[21:41:21] rep=  16  mem=6301.2MB  free big intermediates
[21:41:21] rep=  16  mem=6094.3MB  summarize_boot_rep
[21:41:22] rep=  16  mem=6094.3MB  fwrite csv
[21:41:22] rep=  16  mem=6094.3MB  rep done in 9.3s
[21:41:22] rep=  17  mem=6089.8MB  rep start
[21:41:22] rep=  17  mem=6089.8MB  filter market_data
[21:41:22] rep=  17  mem=6143.9MB  sample ids
[21:41:23] rep=  17  mem=6143.9MB  left_join (many-to-many)
[21:41:23] rep=  17  mem=6198.0MB  estimate_choice_model: start
[21:41:30] rep=  17  mem=6296.8MB  estimate_choice_model: done
[21:41:30] rep=  17  mem=6296.8MB  compute per_rep + ch_*
[21:41:30] rep=  17  mem=6301.3MB  free big intermediates
[21:41:31] rep=  17  mem=6094.3MB  summarize_boot_rep
[21:41:31] rep=  17  mem=6094.3MB  fwrite csv
[21:41:31] rep=  17  mem=6094.3MB  rep done in 9.3s
[21:41:31] rep=  18  mem=6089.8MB  rep start
[21:41:32] rep=  18  mem=6089.8MB  filter market_data
[21:41:32] rep=  18  mem=6143.9MB  sample ids
[21:41:32] rep=  18  mem=6143.9MB  left_join (many-to-many)
[21:41:32] rep=  18  mem=6198.0MB  estimate_choice_model: start
[21:41:40] rep=  18  mem=6296.8MB  estimate_choice_model: done
[21:41:40] rep=  18  mem=6296.8MB  compute per_rep + ch_*
[21:41:40] rep=  18  mem=6301.2MB  free big intermediates
[21:41:40] rep=  18  mem=6094.3MB  summarize_boot_rep
[21:41:41] rep=  18  mem=6094.3MB  fwrite csv
[21:41:41] rep=  18  mem=6094.3MB  rep done in 9.4s
[21:41:41] rep=  19  mem=6089.8MB  rep start
[21:41:41] rep=  19  mem=6089.8MB  filter market_data
[21:41:41] rep=  19  mem=6143.9MB  sample ids
[21:41:41] rep=  19  mem=6143.9MB  left_join (many-to-many)
[21:41:42] rep=  19  mem=6198.0MB  estimate_choice_model: start
[21:41:49] rep=  19  mem=6296.8MB  estimate_choice_model: done
[21:41:49] rep=  19  mem=6296.8MB  compute per_rep + ch_*
[21:41:49] rep=  19  mem=6301.3MB  free big intermediates
[21:41:50] rep=  19  mem=6094.3MB  summarize_boot_rep
[21:41:50] rep=  19  mem=6094.3MB  fwrite csv
[21:41:50] rep=  19  mem=6094.3MB  rep done in 9.1s
[21:41:50] rep=  20  mem=6089.8MB  rep start
[21:41:50] rep=  20  mem=6089.8MB  filter market_data
[21:41:51] rep=  20  mem=6143.9MB  sample ids
[21:41:51] rep=  20  mem=6143.9MB  left_join (many-to-many)
[21:41:51] rep=  20  mem=6198.0MB  estimate_choice_model: start
[21:41:59] rep=  20  mem=6296.8MB  estimate_choice_model: done
[21:41:59] rep=  20  mem=6296.8MB  compute per_rep + ch_*
[21:41:59] rep=  20  mem=6301.2MB  free big intermediates
[21:41:59] rep=  20  mem=6094.3MB  summarize_boot_rep
[21:41:59] rep=  20  mem=6094.3MB  fwrite csv
[21:42:00] rep=  20  mem=6094.3MB  rep done in 9.4s
[21:42:00] rep=  21  mem=6089.8MB  rep start
[21:42:00] rep=  21  mem=6089.8MB  filter market_data
[21:42:00] rep=  21  mem=6143.9MB  sample ids
[21:42:00] rep=  21  mem=6143.9MB  left_join (many-to-many)
[21:42:00] rep=  21  mem=6198.0MB  estimate_choice_model: start
[21:42:09] rep=  21  mem=6296.8MB  estimate_choice_model: done
[21:42:09] rep=  21  mem=6296.8MB  compute per_rep + ch_*
[21:42:09] rep=  21  mem=6301.2MB  free big intermediates
[21:42:09] rep=  21  mem=6094.3MB  summarize_boot_rep
[21:42:10] rep=  21  mem=6094.3MB  fwrite csv
[21:42:10] rep=  21  mem=6094.3MB  rep done in 10.2s
[21:42:10] rep=  22  mem=6089.8MB  rep start
[21:42:10] rep=  22  mem=6089.8MB  filter market_data
[21:42:10] rep=  22  mem=6143.9MB  sample ids
[21:42:11] rep=  22  mem=6143.9MB  left_join (many-to-many)
[21:42:11] rep=  22  mem=6198.0MB  estimate_choice_model: start
[21:42:18] rep=  22  mem=6296.8MB  estimate_choice_model: done
[21:42:18] rep=  22  mem=6296.8MB  compute per_rep + ch_*
[21:42:18] rep=  22  mem=6301.2MB  free big intermediates
[21:42:18] rep=  22  mem=6094.3MB  summarize_boot_rep
[21:42:19] rep=  22  mem=6094.3MB  fwrite csv
[21:42:19] rep=  22  mem=6094.3MB  rep done in 8.7s
[21:42:19] rep=  23  mem=6089.8MB  rep start
[21:42:19] rep=  23  mem=6089.8MB  filter market_data
[21:42:19] rep=  23  mem=6143.9MB  sample ids
[21:42:19] rep=  23  mem=6143.9MB  left_join (many-to-many)
[21:42:20] rep=  23  mem=6198.0MB  estimate_choice_model: start
[21:42:27] rep=  23  mem=6296.8MB  estimate_choice_model: done
[21:42:27] rep=  23  mem=6296.8MB  compute per_rep + ch_*
[21:42:27] rep=  23  mem=6301.2MB  free big intermediates
[21:42:28] rep=  23  mem=6094.3MB  summarize_boot_rep
[21:42:28] rep=  23  mem=6094.3MB  fwrite csv
[21:42:28] rep=  23  mem=6094.3MB  rep done in 9.3s
[21:42:28] rep=  24  mem=6089.8MB  rep start
[21:42:28] rep=  24  mem=6089.8MB  filter market_data
[21:42:29] rep=  24  mem=6143.9MB  sample ids
[21:42:29] rep=  24  mem=6143.9MB  left_join (many-to-many)
[21:42:29] rep=  24  mem=6198.0MB  estimate_choice_model: start
[21:42:36] rep=  24  mem=6296.8MB  estimate_choice_model: done
[21:42:36] rep=  24  mem=6296.8MB  compute per_rep + ch_*
[21:42:37] rep=  24  mem=6301.2MB  free big intermediates
[21:42:37] rep=  24  mem=6094.3MB  summarize_boot_rep
[21:42:37] rep=  24  mem=6094.3MB  fwrite csv
[21:42:37] rep=  24  mem=6094.3MB  rep done in 9.2s
[21:42:38] rep=  25  mem=6089.8MB  rep start
[21:42:38] rep=  25  mem=6089.8MB  filter market_data
[21:42:38] rep=  25  mem=6143.9MB  sample ids
[21:42:38] rep=  25  mem=6143.9MB  left_join (many-to-many)
[21:42:38] rep=  25  mem=6198.0MB  estimate_choice_model: start
[21:42:47] rep=  25  mem=6296.8MB  estimate_choice_model: done
[21:42:47] rep=  25  mem=6296.8MB  compute per_rep + ch_*
[21:42:47] rep=  25  mem=6301.3MB  free big intermediates
[21:42:47] rep=  25  mem=6094.3MB  summarize_boot_rep
[21:42:48] rep=  25  mem=6094.3MB  fwrite csv
[21:42:48] rep=  25  mem=6094.3MB  rep done in 10.1s
[21:42:48] rep=  26  mem=6089.8MB  rep start
[21:42:48] rep=  26  mem=6089.8MB  filter market_data
[21:42:48] rep=  26  mem=6143.9MB  sample ids
[21:42:48] rep=  26  mem=6143.9MB  left_join (many-to-many)
[21:42:48] rep=  26  mem=6198.0MB  estimate_choice_model: start
[21:42:56] rep=  26  mem=6296.8MB  estimate_choice_model: done
[21:42:56] rep=  26  mem=6296.8MB  compute per_rep + ch_*
[21:42:56] rep=  26  mem=6301.3MB  free big intermediates
[21:42:57] rep=  26  mem=6094.3MB  summarize_boot_rep
[21:42:57] rep=  26  mem=6094.3MB  fwrite csv
[21:42:57] rep=  26  mem=6094.3MB  rep done in 9.4s
[21:42:57] rep=  27  mem=6089.8MB  rep start
[21:42:58] rep=  27  mem=6089.8MB  filter market_data
[21:42:58] rep=  27  mem=6143.9MB  sample ids
[21:42:58] rep=  27  mem=6143.9MB  left_join (many-to-many)
[21:42:58] rep=  27  mem=6198.0MB  estimate_choice_model: start
[21:43:05] rep=  27  mem=6296.8MB  estimate_choice_model: done
[21:43:06] rep=  27  mem=6296.8MB  compute per_rep + ch_*
[21:43:06] rep=  27  mem=6301.3MB  free big intermediates
[21:43:06] rep=  27  mem=6094.3MB  summarize_boot_rep
[21:43:06] rep=  27  mem=6094.3MB  fwrite csv
[21:43:06] rep=  27  mem=6094.3MB  rep done in 9.1s
[21:43:07] rep=  28  mem=6089.8MB  rep start
[21:43:07] rep=  28  mem=6089.8MB  filter market_data
[21:43:07] rep=  28  mem=6143.9MB  sample ids
[21:43:07] rep=  28  mem=6143.9MB  left_join (many-to-many)
[21:43:07] rep=  28  mem=6198.0MB  estimate_choice_model: start
[21:43:14] rep=  28  mem=6296.8MB  estimate_choice_model: done
[21:43:15] rep=  28  mem=6296.8MB  compute per_rep + ch_*
[21:43:15] rep=  28  mem=6301.3MB  free big intermediates
[21:43:15] rep=  28  mem=6094.3MB  summarize_boot_rep
[21:43:15] rep=  28  mem=6094.3MB  fwrite csv
[21:43:15] rep=  28  mem=6094.3MB  rep done in 8.9s
[21:43:16] rep=  29  mem=6089.8MB  rep start
[21:43:16] rep=  29  mem=6089.8MB  filter market_data
[21:43:16] rep=  29  mem=6143.9MB  sample ids
[21:43:16] rep=  29  mem=6143.9MB  left_join (many-to-many)
[21:43:16] rep=  29  mem=6198.0MB  estimate_choice_model: start
[21:43:24] rep=  29  mem=6296.8MB  estimate_choice_model: done
[21:43:24] rep=  29  mem=6296.8MB  compute per_rep + ch_*
[21:43:24] rep=  29  mem=6301.3MB  free big intermediates
[21:43:24] rep=  29  mem=6094.3MB  summarize_boot_rep
[21:43:25] rep=  29  mem=6094.3MB  fwrite csv
[21:43:25] rep=  29  mem=6094.3MB  rep done in 9.2s
[21:43:25] rep=  30  mem=6089.8MB  rep start
[21:43:25] rep=  30  mem=6089.8MB  filter market_data
[21:43:25] rep=  30  mem=6143.9MB  sample ids
[21:43:25] rep=  30  mem=6143.9MB  left_join (many-to-many)
[21:43:26] rep=  30  mem=6198.0MB  estimate_choice_model: start
[21:43:32] rep=  30  mem=6296.8MB  estimate_choice_model: done
[21:43:32] rep=  30  mem=6296.8MB  compute per_rep + ch_*
[21:43:32] rep=  30  mem=6301.2MB  free big intermediates
[21:43:33] rep=  30  mem=6094.3MB  summarize_boot_rep
[21:43:33] rep=  30  mem=6094.3MB  fwrite csv
[21:43:33] rep=  30  mem=6094.3MB  rep done in 8.1s
[21:43:33] rep=  31  mem=6089.8MB  rep start
[21:43:33] rep=  31  mem=6089.8MB  filter market_data
[21:43:34] rep=  31  mem=6143.9MB  sample ids
[21:43:34] rep=  31  mem=6143.9MB  left_join (many-to-many)
[21:43:34] rep=  31  mem=6198.0MB  estimate_choice_model: start
[21:43:40] rep=  31  mem=6296.8MB  estimate_choice_model: done
[21:43:41] rep=  31  mem=6296.8MB  compute per_rep + ch_*
[21:43:41] rep=  31  mem=6301.2MB  free big intermediates
[21:43:41] rep=  31  mem=6094.3MB  summarize_boot_rep
[21:43:41] rep=  31  mem=6094.3MB  fwrite csv
[21:43:41] rep=  31  mem=6094.3MB  rep done in 8.2s
[21:43:42] rep=  32  mem=6089.8MB  rep start
[21:43:42] rep=  32  mem=6089.8MB  filter market_data
[21:43:42] rep=  32  mem=6143.9MB  sample ids
[21:43:42] rep=  32  mem=6143.9MB  left_join (many-to-many)
[21:43:42] rep=  32  mem=6198.0MB  estimate_choice_model: start
[21:43:49] rep=  32  mem=6296.8MB  estimate_choice_model: done
[21:43:49] rep=  32  mem=6296.8MB  compute per_rep + ch_*
[21:43:49] rep=  32  mem=6301.2MB  free big intermediates
[21:43:49] rep=  32  mem=6094.3MB  summarize_boot_rep
[21:43:50] rep=  32  mem=6094.3MB  fwrite csv
[21:43:50] rep=  32  mem=6094.3MB  rep done in 8.2s
[21:43:50] rep=  33  mem=6089.8MB  rep start
[21:43:50] rep=  33  mem=6089.8MB  filter market_data
[21:43:50] rep=  33  mem=6143.9MB  sample ids
[21:43:50] rep=  33  mem=6143.9MB  left_join (many-to-many)
[21:43:50] rep=  33  mem=6198.0MB  estimate_choice_model: start
[21:43:57] rep=  33  mem=6296.8MB  estimate_choice_model: done
[21:43:57] rep=  33  mem=6296.8MB  compute per_rep + ch_*
[21:43:57] rep=  33  mem=6301.2MB  free big intermediates
[21:43:58] rep=  33  mem=6094.3MB  summarize_boot_rep
[21:43:58] rep=  33  mem=6094.3MB  fwrite csv
[21:43:58] rep=  33  mem=6094.3MB  rep done in 8.3s
[21:43:58] rep=  34  mem=6089.8MB  rep start
[21:43:58] rep=  34  mem=6089.8MB  filter market_data
[21:43:59] rep=  34  mem=6143.9MB  sample ids
[21:43:59] rep=  34  mem=6143.9MB  left_join (many-to-many)
[21:43:59] rep=  34  mem=6198.0MB  estimate_choice_model: start
[21:44:05] rep=  34  mem=6296.8MB  estimate_choice_model: done
[21:44:05] rep=  34  mem=6296.8MB  compute per_rep + ch_*
[21:44:06] rep=  34  mem=6301.3MB  free big intermediates
[21:44:06] rep=  34  mem=6094.3MB  summarize_boot_rep
[21:44:06] rep=  34  mem=6094.3MB  fwrite csv
[21:44:06] rep=  34  mem=6094.3MB  rep done in 8.1s
[21:44:06] rep=   0  mem=6089.8MB  === session quota of 25 reps reached, exiting ===
[21:44:28] rep=   0  mem=6087.8MB  === runner start, market = 7 , reps_per_session = 25 ===
[21:44:28] rep=  35  mem=6087.8MB  rep start
[21:44:29] rep=  35  mem=6087.8MB  filter market_data
[21:44:29] rep=  35  mem=6141.9MB  sample ids
[21:44:29] rep=  35  mem=6142.0MB  left_join (many-to-many)
[21:44:29] rep=  35  mem=6196.1MB  estimate_choice_model: start
[21:44:36] rep=  35  mem=6296.4MB  estimate_choice_model: done
[21:44:36] rep=  35  mem=6296.4MB  compute per_rep + ch_*
[21:44:36] rep=  35  mem=6300.8MB  free big intermediates
[21:44:36] rep=  35  mem=6093.9MB  summarize_boot_rep
[21:44:36] rep=  35  mem=6094.1MB  fwrite csv
[21:44:37] rep=  35  mem=6094.2MB  rep done in 8.3s
[21:44:37] rep=  36  mem=6089.8MB  rep start
[21:44:37] rep=  36  mem=6089.8MB  filter market_data
[21:44:37] rep=  36  mem=6143.9MB  sample ids
[21:44:37] rep=  36  mem=6143.9MB  left_join (many-to-many)
[21:44:37] rep=  36  mem=6198.0MB  estimate_choice_model: start
[21:44:44] rep=  36  mem=6296.8MB  estimate_choice_model: done
[21:44:44] rep=  36  mem=6296.8MB  compute per_rep + ch_*
[21:44:44] rep=  36  mem=6301.3MB  free big intermediates
[21:44:44] rep=  36  mem=6094.3MB  summarize_boot_rep
[21:44:45] rep=  36  mem=6094.3MB  fwrite csv
[21:44:45] rep=  36  mem=6094.3MB  rep done in 8.2s
[21:44:45] rep=  37  mem=6089.8MB  rep start
[21:44:45] rep=  37  mem=6089.8MB  filter market_data
[21:44:45] rep=  37  mem=6143.9MB  sample ids
[21:44:46] rep=  37  mem=6143.9MB  left_join (many-to-many)
[21:44:46] rep=  37  mem=6198.0MB  estimate_choice_model: start
[21:44:52] rep=  37  mem=6296.8MB  estimate_choice_model: done
[21:44:52] rep=  37  mem=6296.8MB  compute per_rep + ch_*
[21:44:53] rep=  37  mem=6301.3MB  free big intermediates
[21:44:53] rep=  37  mem=6094.3MB  summarize_boot_rep
[21:44:53] rep=  37  mem=6094.3MB  fwrite csv
[21:44:53] rep=  37  mem=6094.3MB  rep done in 8.3s
[21:44:54] rep=  38  mem=6089.8MB  rep start
[21:44:54] rep=  38  mem=6089.8MB  filter market_data
[21:44:54] rep=  38  mem=6143.9MB  sample ids
[21:44:54] rep=  38  mem=6143.9MB  left_join (many-to-many)
[21:44:54] rep=  38  mem=6198.0MB  estimate_choice_model: start
[21:45:01] rep=  38  mem=6296.8MB  estimate_choice_model: done
[21:45:01] rep=  38  mem=6296.8MB  compute per_rep + ch_*
[21:45:01] rep=  38  mem=6301.2MB  free big intermediates
[21:45:01] rep=  38  mem=6094.3MB  summarize_boot_rep
[21:45:02] rep=  38  mem=6094.3MB  fwrite csv
[21:45:02] rep=  38  mem=6094.3MB  rep done in 8.2s
[21:45:02] rep=  39  mem=6089.8MB  rep start
[21:45:02] rep=  39  mem=6089.8MB  filter market_data
[21:45:02] rep=  39  mem=6143.9MB  sample ids
[21:45:02] rep=  39  mem=6143.9MB  left_join (many-to-many)
[21:45:03] rep=  39  mem=6198.0MB  estimate_choice_model: start
[21:45:09] rep=  39  mem=6296.8MB  estimate_choice_model: done
[21:45:09] rep=  39  mem=6296.8MB  compute per_rep + ch_*
[21:45:10] rep=  39  mem=6301.3MB  free big intermediates
[21:45:10] rep=  39  mem=6094.3MB  summarize_boot_rep
[21:45:10] rep=  39  mem=6094.3MB  fwrite csv
[21:45:10] rep=  39  mem=6094.3MB  rep done in 8.5s
[21:45:10] rep=  40  mem=6089.8MB  rep start
[21:45:11] rep=  40  mem=6089.8MB  filter market_data
[21:45:11] rep=  40  mem=6143.9MB  sample ids
[21:45:11] rep=  40  mem=6143.9MB  left_join (many-to-many)
[21:45:11] rep=  40  mem=6198.0MB  estimate_choice_model: start
[21:45:19] rep=  40  mem=6296.8MB  estimate_choice_model: done
[21:45:19] rep=  40  mem=6296.8MB  compute per_rep + ch_*
[21:45:19] rep=  40  mem=6301.3MB  free big intermediates
[21:45:19] rep=  40  mem=6094.3MB  summarize_boot_rep
[21:45:20] rep=  40  mem=6094.3MB  fwrite csv
[21:45:20] rep=  40  mem=6094.3MB  rep done in 9.3s
[21:45:20] rep=  41  mem=6089.8MB  rep start
[21:45:20] rep=  41  mem=6089.8MB  filter market_data
[21:45:20] rep=  41  mem=6143.9MB  sample ids
[21:45:20] rep=  41  mem=6143.9MB  left_join (many-to-many)
[21:45:21] rep=  41  mem=6198.0MB  estimate_choice_model: start
[21:45:28] rep=  41  mem=6296.8MB  estimate_choice_model: done
[21:45:28] rep=  41  mem=6296.8MB  compute per_rep + ch_*
[21:45:29] rep=  41  mem=6301.2MB  free big intermediates
[21:45:29] rep=  41  mem=6094.3MB  summarize_boot_rep
[21:45:29] rep=  41  mem=6094.3MB  fwrite csv
[21:45:29] rep=  41  mem=6094.3MB  rep done in 9.5s
[21:45:29] rep=  42  mem=6089.8MB  rep start
[21:45:30] rep=  42  mem=6089.8MB  filter market_data
[21:45:30] rep=  42  mem=6143.9MB  sample ids
[21:45:30] rep=  42  mem=6143.9MB  left_join (many-to-many)
[21:45:30] rep=  42  mem=6198.0MB  estimate_choice_model: start
[21:45:38] rep=  42  mem=6296.8MB  estimate_choice_model: done
[21:45:38] rep=  42  mem=6296.8MB  compute per_rep + ch_*
[21:45:38] rep=  42  mem=6301.2MB  free big intermediates
[21:45:38] rep=  42  mem=6094.3MB  summarize_boot_rep
[21:45:39] rep=  42  mem=6094.3MB  fwrite csv
[21:45:39] rep=  42  mem=6094.3MB  rep done in 9.4s
[21:45:39] rep=  43  mem=6089.8MB  rep start
[21:45:39] rep=  43  mem=6089.8MB  filter market_data
[21:45:39] rep=  43  mem=6143.9MB  sample ids
[21:45:39] rep=  43  mem=6143.9MB  left_join (many-to-many)
[21:45:40] rep=  43  mem=6198.0MB  estimate_choice_model: start
[21:45:47] rep=  43  mem=6296.8MB  estimate_choice_model: done
[21:45:47] rep=  43  mem=6296.8MB  compute per_rep + ch_*
[21:45:47] rep=  43  mem=6301.3MB  free big intermediates
[21:45:48] rep=  43  mem=6094.3MB  summarize_boot_rep
[21:45:48] rep=  43  mem=6094.3MB  fwrite csv
[21:45:48] rep=  43  mem=6094.3MB  rep done in 9.3s
[21:45:48] rep=  44  mem=6089.8MB  rep start
[21:45:49] rep=  44  mem=6089.8MB  filter market_data
[21:45:49] rep=  44  mem=6143.9MB  sample ids
[21:45:49] rep=  44  mem=6143.9MB  left_join (many-to-many)
[21:45:49] rep=  44  mem=6198.0MB  estimate_choice_model: start
[21:45:58] rep=  44  mem=6296.8MB  estimate_choice_model: done
[21:45:58] rep=  44  mem=6296.8MB  compute per_rep + ch_*
[21:45:58] rep=  44  mem=6301.3MB  free big intermediates
[21:45:58] rep=  44  mem=6094.3MB  summarize_boot_rep
[21:45:59] rep=  44  mem=6094.3MB  fwrite csv
[21:45:59] rep=  44  mem=6094.3MB  rep done in 10.4s
[21:45:59] rep=  45  mem=6089.8MB  rep start
[21:45:59] rep=  45  mem=6089.8MB  filter market_data
[21:45:59] rep=  45  mem=6143.9MB  sample ids
[21:45:59] rep=  45  mem=6143.9MB  left_join (many-to-many)
[21:46:00] rep=  45  mem=6198.0MB  estimate_choice_model: start
[21:46:07] rep=  45  mem=6296.8MB  estimate_choice_model: done
[21:46:07] rep=  45  mem=6296.8MB  compute per_rep + ch_*
[21:46:08] rep=  45  mem=6301.2MB  free big intermediates
[21:46:08] rep=  45  mem=6094.3MB  summarize_boot_rep
[21:46:08] rep=  45  mem=6094.3MB  fwrite csv
[21:46:08] rep=  45  mem=6094.3MB  rep done in 9.6s
[21:46:09] rep=  46  mem=6089.8MB  rep start
[21:46:09] rep=  46  mem=6089.8MB  filter market_data
[21:46:09] rep=  46  mem=6143.9MB  sample ids
[21:46:09] rep=  46  mem=6143.9MB  left_join (many-to-many)
[21:46:09] rep=  46  mem=6198.0MB  estimate_choice_model: start
[21:46:16] rep=  46  mem=6296.8MB  estimate_choice_model: done
[21:46:16] rep=  46  mem=6296.8MB  compute per_rep + ch_*
[21:46:17] rep=  46  mem=6301.2MB  free big intermediates
[21:46:17] rep=  46  mem=6094.3MB  summarize_boot_rep
[21:46:17] rep=  46  mem=6094.3MB  fwrite csv
[21:46:17] rep=  46  mem=6094.3MB  rep done in 8.9s
[21:46:18] rep=  47  mem=6089.8MB  rep start
[21:46:18] rep=  47  mem=6089.8MB  filter market_data
[21:46:18] rep=  47  mem=6143.9MB  sample ids
[21:46:18] rep=  47  mem=6143.9MB  left_join (many-to-many)
[21:46:18] rep=  47  mem=6198.0MB  estimate_choice_model: start
[21:46:26] rep=  47  mem=6296.8MB  estimate_choice_model: done
[21:46:26] rep=  47  mem=6296.8MB  compute per_rep + ch_*
[21:46:26] rep=  47  mem=6301.2MB  free big intermediates
[21:46:27] rep=  47  mem=6094.3MB  summarize_boot_rep
[21:46:27] rep=  47  mem=6094.3MB  fwrite csv
[21:46:27] rep=  47  mem=6094.3MB  rep done in 9.6s
[21:46:27] rep=  48  mem=6089.8MB  rep start
[21:46:27] rep=  48  mem=6089.8MB  filter market_data
[21:46:28] rep=  48  mem=6143.9MB  sample ids
[21:46:28] rep=  48  mem=6143.9MB  left_join (many-to-many)
[21:46:28] rep=  48  mem=6198.0MB  estimate_choice_model: start
[21:46:36] rep=  48  mem=6296.8MB  estimate_choice_model: done
[21:46:36] rep=  48  mem=6296.8MB  compute per_rep + ch_*
[21:46:36] rep=  48  mem=6301.3MB  free big intermediates
[21:46:36] rep=  48  mem=6094.3MB  summarize_boot_rep
[21:46:37] rep=  48  mem=6094.3MB  fwrite csv
[21:46:37] rep=  48  mem=6094.3MB  rep done in 9.7s
[21:46:37] rep=  49  mem=6089.8MB  rep start
[21:46:37] rep=  49  mem=6089.8MB  filter market_data
[21:46:38] rep=  49  mem=6143.9MB  sample ids
[21:46:38] rep=  49  mem=6143.9MB  left_join (many-to-many)
[21:46:38] rep=  49  mem=6198.0MB  estimate_choice_model: start
[21:46:45] rep=  49  mem=6296.8MB  estimate_choice_model: done
[21:46:45] rep=  49  mem=6296.8MB  compute per_rep + ch_*
[21:46:45] rep=  49  mem=6301.2MB  free big intermediates
[21:46:46] rep=  49  mem=6094.3MB  summarize_boot_rep
[21:46:46] rep=  49  mem=6094.3MB  fwrite csv
[21:46:46] rep=  49  mem=6094.3MB  rep done in 9.1s
[21:46:46] rep=  50  mem=6089.8MB  rep start
[21:46:46] rep=  50  mem=6089.8MB  filter market_data
[21:46:47] rep=  50  mem=6143.9MB  sample ids
[21:46:47] rep=  50  mem=6143.9MB  left_join (many-to-many)
[21:46:47] rep=  50  mem=6198.0MB  estimate_choice_model: start
[21:46:55] rep=  50  mem=6296.8MB  estimate_choice_model: done
[21:46:55] rep=  50  mem=6296.8MB  compute per_rep + ch_*
[21:46:55] rep=  50  mem=6301.2MB  free big intermediates
[21:46:56] rep=  50  mem=6094.3MB  summarize_boot_rep
[21:46:56] rep=  50  mem=6094.3MB  fwrite csv
[21:46:56] rep=  50  mem=6094.3MB  rep done in 10.1s
[21:46:57] rep=  51  mem=6089.8MB  rep start
[21:46:57] rep=  51  mem=6089.8MB  filter market_data
[21:46:57] rep=  51  mem=6143.9MB  sample ids
[21:46:57] rep=  51  mem=6143.9MB  left_join (many-to-many)
[21:46:57] rep=  51  mem=6198.0MB  estimate_choice_model: start
[21:47:05] rep=  51  mem=6296.8MB  estimate_choice_model: done
[21:47:05] rep=  51  mem=6296.8MB  compute per_rep + ch_*
[21:47:05] rep=  51  mem=6301.3MB  free big intermediates
[21:47:05] rep=  51  mem=6094.3MB  summarize_boot_rep
[21:47:06] rep=  51  mem=6094.3MB  fwrite csv
[21:47:06] rep=  51  mem=6094.3MB  rep done in 9.4s
[21:47:06] rep=  52  mem=6089.8MB  rep start
[21:47:06] rep=  52  mem=6089.8MB  filter market_data
[21:47:06] rep=  52  mem=6143.9MB  sample ids
[21:47:07] rep=  52  mem=6143.9MB  left_join (many-to-many)
[21:47:07] rep=  52  mem=6198.0MB  estimate_choice_model: start
[21:47:15] rep=  52  mem=6296.8MB  estimate_choice_model: done
[21:47:15] rep=  52  mem=6296.8MB  compute per_rep + ch_*
[21:47:15] rep=  52  mem=6301.3MB  free big intermediates
[21:47:15] rep=  52  mem=6094.3MB  summarize_boot_rep
[21:47:16] rep=  52  mem=6094.3MB  fwrite csv
[21:47:16] rep=  52  mem=6094.3MB  rep done in 9.7s
[21:47:16] rep=  53  mem=6089.8MB  rep start
[21:47:16] rep=  53  mem=6089.8MB  filter market_data
[21:47:16] rep=  53  mem=6143.9MB  sample ids
[21:47:17] rep=  53  mem=6143.9MB  left_join (many-to-many)
[21:47:17] rep=  53  mem=6198.0MB  estimate_choice_model: start
[21:47:24] rep=  53  mem=6296.8MB  estimate_choice_model: done
[21:47:24] rep=  53  mem=6296.8MB  compute per_rep + ch_*
[21:47:24] rep=  53  mem=6301.2MB  free big intermediates
[21:47:24] rep=  53  mem=6094.3MB  summarize_boot_rep
[21:47:25] rep=  53  mem=6094.3MB  fwrite csv
[21:47:25] rep=  53  mem=6094.3MB  rep done in 9.1s
[21:47:25] rep=  54  mem=6089.8MB  rep start
[21:47:25] rep=  54  mem=6089.8MB  filter market_data
[21:47:26] rep=  54  mem=6143.9MB  sample ids
[21:47:26] rep=  54  mem=6143.9MB  left_join (many-to-many)
[21:47:26] rep=  54  mem=6198.0MB  estimate_choice_model: start
[21:47:34] rep=  54  mem=6296.8MB  estimate_choice_model: done
[21:47:34] rep=  54  mem=6296.8MB  compute per_rep + ch_*
[21:47:35] rep=  54  mem=6301.2MB  free big intermediates
[21:47:35] rep=  54  mem=6094.3MB  summarize_boot_rep
[21:47:35] rep=  54  mem=6094.3MB  fwrite csv
[21:47:35] rep=  54  mem=6094.3MB  rep done in 10.3s
[21:47:35] rep=  55  mem=6089.8MB  rep start
[21:47:36] rep=  55  mem=6089.8MB  filter market_data
[21:47:36] rep=  55  mem=6143.9MB  sample ids
[21:47:36] rep=  55  mem=6143.9MB  left_join (many-to-many)
[21:47:36] rep=  55  mem=6198.0MB  estimate_choice_model: start
[21:47:44] rep=  55  mem=6296.8MB  estimate_choice_model: done
[21:47:44] rep=  55  mem=6296.8MB  compute per_rep + ch_*
[21:47:44] rep=  55  mem=6301.3MB  free big intermediates
[21:47:44] rep=  55  mem=6094.3MB  summarize_boot_rep
[21:47:45] rep=  55  mem=6094.3MB  fwrite csv
[21:47:45] rep=  55  mem=6094.3MB  rep done in 9.5s
[21:47:45] rep=  56  mem=6089.8MB  rep start
[21:47:45] rep=  56  mem=6089.8MB  filter market_data
[21:47:46] rep=  56  mem=6143.9MB  sample ids
[21:47:46] rep=  56  mem=6143.9MB  left_join (many-to-many)
[21:47:46] rep=  56  mem=6198.0MB  estimate_choice_model: start
[21:47:53] rep=  56  mem=6296.8MB  estimate_choice_model: done
[21:47:53] rep=  56  mem=6296.8MB  compute per_rep + ch_*
[21:47:53] rep=  56  mem=6301.2MB  free big intermediates
[21:47:53] rep=  56  mem=6094.3MB  summarize_boot_rep
[21:47:54] rep=  56  mem=6094.3MB  fwrite csv
[21:47:54] rep=  56  mem=6094.3MB  rep done in 8.6s
[21:47:54] rep=  57  mem=6089.8MB  rep start
[21:47:54] rep=  57  mem=6089.8MB  filter market_data
[21:47:54] rep=  57  mem=6143.9MB  sample ids
[21:47:54] rep=  57  mem=6143.9MB  left_join (many-to-many)
[21:47:55] rep=  57  mem=6198.0MB  estimate_choice_model: start
[21:48:02] rep=  57  mem=6296.8MB  estimate_choice_model: done
[21:48:02] rep=  57  mem=6296.8MB  compute per_rep + ch_*
[21:48:02] rep=  57  mem=6301.3MB  free big intermediates
[21:48:02] rep=  57  mem=6094.3MB  summarize_boot_rep
[21:48:03] rep=  57  mem=6094.3MB  fwrite csv
[21:48:03] rep=  57  mem=6094.3MB  rep done in 9.1s
[21:48:03] rep=  58  mem=6089.8MB  rep start
[21:48:03] rep=  58  mem=6089.8MB  filter market_data
[21:48:04] rep=  58  mem=6143.9MB  sample ids
[21:48:04] rep=  58  mem=6143.9MB  left_join (many-to-many)
[21:48:04] rep=  58  mem=6198.0MB  estimate_choice_model: start
[21:48:11] rep=  58  mem=6296.8MB  estimate_choice_model: done
[21:48:11] rep=  58  mem=6296.8MB  compute per_rep + ch_*
[21:48:12] rep=  58  mem=6301.2MB  free big intermediates
[21:48:12] rep=  58  mem=6094.3MB  summarize_boot_rep
[21:48:12] rep=  58  mem=6094.3MB  fwrite csv
[21:48:12] rep=  58  mem=6094.3MB  rep done in 9.3s
[21:48:12] rep=  59  mem=6089.8MB  rep start
[21:48:13] rep=  59  mem=6089.8MB  filter market_data
[21:48:13] rep=  59  mem=6143.9MB  sample ids
[21:48:13] rep=  59  mem=6143.9MB  left_join (many-to-many)
[21:48:13] rep=  59  mem=6198.0MB  estimate_choice_model: start
[21:48:20] rep=  59  mem=6296.8MB  estimate_choice_model: done
[21:48:20] rep=  59  mem=6296.8MB  compute per_rep + ch_*
[21:48:20] rep=  59  mem=6301.2MB  free big intermediates
[21:48:21] rep=  59  mem=6094.3MB  summarize_boot_rep
[21:48:21] rep=  59  mem=6094.3MB  fwrite csv
[21:48:21] rep=  59  mem=6094.3MB  rep done in 8.7s
[21:48:21] rep=   0  mem=6089.8MB  === session quota of 25 reps reached, exiting ===
[21:48:47] rep=   0  mem=6087.8MB  === runner start, market = 7 , reps_per_session = 25 ===
[21:48:47] rep=  60  mem=6087.8MB  rep start
[21:48:47] rep=  60  mem=6087.8MB  filter market_data
[21:48:47] rep=  60  mem=6141.9MB  sample ids
[21:48:47] rep=  60  mem=6142.0MB  left_join (many-to-many)
[21:48:47] rep=  60  mem=6196.1MB  estimate_choice_model: start
[21:48:54] rep=  60  mem=6296.4MB  estimate_choice_model: done
[21:48:54] rep=  60  mem=6296.4MB  compute per_rep + ch_*
[21:48:55] rep=  60  mem=6300.9MB  free big intermediates
[21:48:55] rep=  60  mem=6093.9MB  summarize_boot_rep
[21:48:55] rep=  60  mem=6094.1MB  fwrite csv
[21:48:55] rep=  60  mem=6094.2MB  rep done in 8.8s
[21:48:56] rep=  61  mem=6089.8MB  rep start
[21:48:56] rep=  61  mem=6089.8MB  filter market_data
[21:48:56] rep=  61  mem=6143.9MB  sample ids
[21:48:56] rep=  61  mem=6143.9MB  left_join (many-to-many)
[21:48:56] rep=  61  mem=6198.0MB  estimate_choice_model: start
[21:49:03] rep=  61  mem=6296.8MB  estimate_choice_model: done
[21:49:04] rep=  61  mem=6296.8MB  compute per_rep + ch_*
[21:49:04] rep=  61  mem=6301.2MB  free big intermediates
[21:49:04] rep=  61  mem=6094.3MB  summarize_boot_rep
[21:49:04] rep=  61  mem=6094.3MB  fwrite csv
[21:49:04] rep=  61  mem=6094.3MB  rep done in 9.0s
[21:49:05] rep=  62  mem=6089.8MB  rep start
[21:49:05] rep=  62  mem=6089.8MB  filter market_data
[21:49:05] rep=  62  mem=6143.9MB  sample ids
[21:49:05] rep=  62  mem=6143.9MB  left_join (many-to-many)
[21:49:05] rep=  62  mem=6198.0MB  estimate_choice_model: start
[21:49:12] rep=  62  mem=6296.8MB  estimate_choice_model: done
[21:49:13] rep=  62  mem=6296.8MB  compute per_rep + ch_*
[21:49:13] rep=  62  mem=6301.2MB  free big intermediates
[21:49:13] rep=  62  mem=6094.3MB  summarize_boot_rep
[21:49:13] rep=  62  mem=6094.3MB  fwrite csv
[21:49:13] rep=  62  mem=6094.3MB  rep done in 8.9s
[21:49:14] rep=  63  mem=6089.8MB  rep start
[21:49:14] rep=  63  mem=6089.8MB  filter market_data
[21:49:14] rep=  63  mem=6143.9MB  sample ids
[21:49:14] rep=  63  mem=6143.9MB  left_join (many-to-many)
[21:49:14] rep=  63  mem=6198.0MB  estimate_choice_model: start
[21:49:22] rep=  63  mem=6296.8MB  estimate_choice_model: done
[21:49:22] rep=  63  mem=6296.8MB  compute per_rep + ch_*
[21:49:22] rep=  63  mem=6301.3MB  free big intermediates
[21:49:22] rep=  63  mem=6094.3MB  summarize_boot_rep
[21:49:23] rep=  63  mem=6094.3MB  fwrite csv
[21:49:23] rep=  63  mem=6094.3MB  rep done in 9.3s
[21:49:23] rep=  64  mem=6089.8MB  rep start
[21:49:23] rep=  64  mem=6089.8MB  filter market_data
[21:49:23] rep=  64  mem=6143.9MB  sample ids
[21:49:24] rep=  64  mem=6143.9MB  left_join (many-to-many)
[21:49:24] rep=  64  mem=6198.0MB  estimate_choice_model: start
[21:50:00] rep=   0  mem=6087.8MB  === runner start, market = 7 , reps_per_session = 25 ===
[21:50:00] rep=  64  mem=6087.8MB  rep start
[21:50:00] rep=  64  mem=6087.8MB  filter market_data
[21:50:01] rep=  64  mem=6141.9MB  sample ids
[21:50:01] rep=  64  mem=6142.0MB  left_join (many-to-many)
[21:50:01] rep=  64  mem=6196.1MB  estimate_choice_model: start
[21:50:09] rep=  64  mem=6296.4MB  estimate_choice_model: done
[21:50:09] rep=  64  mem=6296.4MB  compute per_rep + ch_*
[21:50:09] rep=  64  mem=6300.8MB  free big intermediates
[21:50:09] rep=  64  mem=6093.9MB  summarize_boot_rep
[21:50:10] rep=  64  mem=6094.1MB  fwrite csv
[21:50:10] rep=  64  mem=6094.2MB  rep done in 9.9s
[21:50:10] rep=  65  mem=6089.8MB  rep start
[21:50:10] rep=  65  mem=6089.8MB  filter market_data
[21:50:11] rep=  65  mem=6143.9MB  sample ids
[21:50:11] rep=  65  mem=6143.9MB  left_join (many-to-many)
[21:50:11] rep=  65  mem=6198.0MB  estimate_choice_model: start
[21:50:18] rep=  65  mem=6296.8MB  estimate_choice_model: done
[21:50:19] rep=  65  mem=6296.8MB  compute per_rep + ch_*
[21:50:19] rep=  65  mem=6301.3MB  free big intermediates
[21:50:19] rep=  65  mem=6094.3MB  summarize_boot_rep
[21:50:19] rep=  65  mem=6094.3MB  fwrite csv
[21:50:19] rep=  65  mem=6094.3MB  rep done in 9.4s
[21:50:20] rep=  66  mem=6089.8MB  rep start
[21:50:20] rep=  66  mem=6089.8MB  filter market_data
[21:50:20] rep=  66  mem=6143.9MB  sample ids
[21:50:20] rep=  66  mem=6143.9MB  left_join (many-to-many)
[21:50:20] rep=  66  mem=6198.0MB  estimate_choice_model: start
[21:50:28] rep=  66  mem=6296.8MB  estimate_choice_model: done
[21:50:28] rep=  66  mem=6296.8MB  compute per_rep + ch_*
[21:50:28] rep=  66  mem=6301.2MB  free big intermediates
[21:50:28] rep=  66  mem=6094.3MB  summarize_boot_rep
[21:50:29] rep=  66  mem=6094.3MB  fwrite csv
[21:50:29] rep=  66  mem=6094.3MB  rep done in 9.2s
[21:50:29] rep=  67  mem=6089.8MB  rep start
[21:50:29] rep=  67  mem=6089.8MB  filter market_data
[21:50:29] rep=  67  mem=6143.9MB  sample ids
[21:50:30] rep=  67  mem=6143.9MB  left_join (many-to-many)
[21:50:30] rep=  67  mem=6198.0MB  estimate_choice_model: start
[21:50:37] rep=  67  mem=6296.8MB  estimate_choice_model: done
[21:50:37] rep=  67  mem=6296.8MB  compute per_rep + ch_*
[21:50:37] rep=  67  mem=6301.3MB  free big intermediates
[21:50:37] rep=  67  mem=6094.3MB  summarize_boot_rep
[21:50:38] rep=  67  mem=6094.3MB  fwrite csv
[21:50:38] rep=  67  mem=6094.3MB  rep done in 9.0s
[21:50:38] rep=  68  mem=6089.8MB  rep start
[21:50:38] rep=  68  mem=6089.8MB  filter market_data
[21:50:39] rep=  68  mem=6143.9MB  sample ids
[21:50:39] rep=  68  mem=6143.9MB  left_join (many-to-many)
[21:50:39] rep=  68  mem=6198.0MB  estimate_choice_model: start
[21:50:46] rep=  68  mem=6296.8MB  estimate_choice_model: done
[21:50:46] rep=  68  mem=6296.8MB  compute per_rep + ch_*
[21:50:46] rep=  68  mem=6301.2MB  free big intermediates
[21:50:47] rep=  68  mem=6094.3MB  summarize_boot_rep
[21:50:47] rep=  68  mem=6094.3MB  fwrite csv
[21:50:47] rep=  68  mem=6094.3MB  rep done in 9.0s
[21:50:47] rep=  69  mem=6089.8MB  rep start
[21:50:47] rep=  69  mem=6089.8MB  filter market_data
[21:50:48] rep=  69  mem=6143.9MB  sample ids
[21:50:48] rep=  69  mem=6143.9MB  left_join (many-to-many)
[21:50:48] rep=  69  mem=6198.0MB  estimate_choice_model: start
[21:50:55] rep=  69  mem=6296.8MB  estimate_choice_model: done
[21:50:55] rep=  69  mem=6296.8MB  compute per_rep + ch_*
[21:50:56] rep=  69  mem=6301.3MB  free big intermediates
[21:50:56] rep=  69  mem=6094.3MB  summarize_boot_rep
[21:50:56] rep=  69  mem=6094.3MB  fwrite csv
[21:50:56] rep=  69  mem=6094.3MB  rep done in 9.1s
[21:50:57] rep=  70  mem=6089.8MB  rep start
[21:50:57] rep=  70  mem=6089.8MB  filter market_data
[21:50:57] rep=  70  mem=6143.9MB  sample ids
[21:50:57] rep=  70  mem=6143.9MB  left_join (many-to-many)
[21:50:57] rep=  70  mem=6198.0MB  estimate_choice_model: start
[21:51:06] rep=  70  mem=6296.8MB  estimate_choice_model: done
[21:51:06] rep=  70  mem=6296.8MB  compute per_rep + ch_*
[21:51:06] rep=  70  mem=6301.2MB  free big intermediates
[21:51:06] rep=  70  mem=6094.3MB  summarize_boot_rep
[21:51:07] rep=  70  mem=6094.3MB  fwrite csv
[21:51:07] rep=  70  mem=6094.3MB  rep done in 10.4s
[21:51:07] rep=  71  mem=6089.8MB  rep start
[21:51:07] rep=  71  mem=6089.8MB  filter market_data
[21:51:07] rep=  71  mem=6143.9MB  sample ids
[21:51:08] rep=  71  mem=6143.9MB  left_join (many-to-many)
[21:51:08] rep=  71  mem=6198.0MB  estimate_choice_model: start
[21:51:15] rep=  71  mem=6296.8MB  estimate_choice_model: done
[21:51:15] rep=  71  mem=6296.8MB  compute per_rep + ch_*
[21:51:15] rep=  71  mem=6301.3MB  free big intermediates
[21:51:15] rep=  71  mem=6094.3MB  summarize_boot_rep
[21:51:16] rep=  71  mem=6094.3MB  fwrite csv
[21:51:16] rep=  71  mem=6094.3MB  rep done in 8.9s
[21:51:16] rep=  72  mem=6089.8MB  rep start
[21:51:16] rep=  72  mem=6089.8MB  filter market_data
[21:51:16] rep=  72  mem=6143.9MB  sample ids
[21:51:16] rep=  72  mem=6143.9MB  left_join (many-to-many)
[21:51:17] rep=  72  mem=6198.0MB  estimate_choice_model: start
[21:51:25] rep=  72  mem=6296.8MB  estimate_choice_model: done
[21:51:25] rep=  72  mem=6296.8MB  compute per_rep + ch_*
[21:51:25] rep=  72  mem=6301.3MB  free big intermediates
[21:51:25] rep=  72  mem=6094.3MB  summarize_boot_rep
[21:51:25] rep=  72  mem=6094.3MB  fwrite csv
[21:51:26] rep=  72  mem=6094.3MB  rep done in 9.7s
[21:51:26] rep=  73  mem=6089.8MB  rep start
[21:51:26] rep=  73  mem=6089.8MB  filter market_data
[21:51:26] rep=  73  mem=6143.9MB  sample ids
[21:51:26] rep=  73  mem=6143.9MB  left_join (many-to-many)
[21:51:26] rep=  73  mem=6198.0MB  estimate_choice_model: start
[21:51:58] rep=   0  mem=6087.8MB  === runner start, market = 7 , reps_per_session = 25 ===
[21:51:59] rep=  73  mem=6087.8MB  rep start
[21:51:59] rep=  73  mem=6087.8MB  filter market_data
[21:51:59] rep=  73  mem=6141.9MB  sample ids
[21:51:59] rep=  73  mem=6142.0MB  left_join (many-to-many)
[21:51:59] rep=  73  mem=6196.1MB  estimate_choice_model: start
[21:52:07] rep=  73  mem=6296.4MB  estimate_choice_model: done
[21:52:07] rep=  73  mem=6296.4MB  compute per_rep + ch_*
[21:52:07] rep=  73  mem=6300.8MB  free big intermediates
[21:52:07] rep=  73  mem=6093.9MB  summarize_boot_rep
[21:52:08] rep=  73  mem=6094.1MB  fwrite csv
[21:52:08] rep=  73  mem=6094.2MB  rep done in 9.5s
[21:52:08] rep=  74  mem=6089.8MB  rep start
[21:52:08] rep=  74  mem=6089.8MB  filter market_data
[21:52:08] rep=  74  mem=6143.9MB  sample ids
[21:52:09] rep=  74  mem=6143.9MB  left_join (many-to-many)
[21:52:09] rep=  74  mem=6198.0MB  estimate_choice_model: start
[21:52:17] rep=  74  mem=6296.8MB  estimate_choice_model: done
[21:52:17] rep=  74  mem=6296.8MB  compute per_rep + ch_*
[21:52:17] rep=  74  mem=6301.2MB  free big intermediates
[21:52:18] rep=  74  mem=6094.3MB  summarize_boot_rep
[21:52:18] rep=  74  mem=6094.3MB  fwrite csv
[21:52:18] rep=  74  mem=6094.3MB  rep done in 10.0s
[21:52:18] rep=  75  mem=6089.8MB  rep start
[21:52:18] rep=  75  mem=6089.8MB  filter market_data
[21:52:19] rep=  75  mem=6143.9MB  sample ids
[21:52:19] rep=  75  mem=6143.9MB  left_join (many-to-many)
[21:52:19] rep=  75  mem=6198.0MB  estimate_choice_model: start
[21:52:26] rep=  75  mem=6296.8MB  estimate_choice_model: done
[21:52:26] rep=  75  mem=6296.8MB  compute per_rep + ch_*
[21:52:26] rep=  75  mem=6301.2MB  free big intermediates
[21:52:26] rep=  75  mem=6094.3MB  summarize_boot_rep
[21:52:27] rep=  75  mem=6094.3MB  fwrite csv
[21:52:27] rep=  75  mem=6094.3MB  rep done in 8.8s
[21:52:27] rep=  76  mem=6089.8MB  rep start
[21:52:27] rep=  76  mem=6089.8MB  filter market_data
[21:52:27] rep=  76  mem=6143.9MB  sample ids
[21:52:28] rep=  76  mem=6143.9MB  left_join (many-to-many)
[21:52:28] rep=  76  mem=6198.0MB  estimate_choice_model: start
[21:52:36] rep=  76  mem=6296.8MB  estimate_choice_model: done
[21:52:36] rep=  76  mem=6296.8MB  compute per_rep + ch_*
[21:52:36] rep=  76  mem=6301.2MB  free big intermediates
[21:52:37] rep=  76  mem=6094.3MB  summarize_boot_rep
[21:52:37] rep=  76  mem=6094.3MB  fwrite csv
[21:52:37] rep=  76  mem=6094.3MB  rep done in 10.1s
[21:52:37] rep=  77  mem=6089.8MB  rep start
[21:52:37] rep=  77  mem=6089.8MB  filter market_data
[21:52:38] rep=  77  mem=6143.9MB  sample ids
[21:52:38] rep=  77  mem=6143.9MB  left_join (many-to-many)
[21:52:38] rep=  77  mem=6198.0MB  estimate_choice_model: start
[21:52:46] rep=  77  mem=6296.8MB  estimate_choice_model: done
[21:52:46] rep=  77  mem=6296.8MB  compute per_rep + ch_*
[21:52:46] rep=  77  mem=6301.3MB  free big intermediates
[21:52:46] rep=  77  mem=6094.3MB  summarize_boot_rep
[21:52:46] rep=  77  mem=6094.3MB  fwrite csv
[21:52:46] rep=  77  mem=6094.3MB  rep done in 9.3s
[21:52:47] rep=  78  mem=6089.8MB  rep start
[21:52:47] rep=  78  mem=6089.8MB  filter market_data
[21:52:47] rep=  78  mem=6143.9MB  sample ids
[21:52:47] rep=  78  mem=6143.9MB  left_join (many-to-many)
[21:52:47] rep=  78  mem=6198.0MB  estimate_choice_model: start
[21:52:55] rep=  78  mem=6296.8MB  estimate_choice_model: done
[21:52:55] rep=  78  mem=6296.8MB  compute per_rep + ch_*
[21:52:55] rep=  78  mem=6301.2MB  free big intermediates
[21:52:55] rep=  78  mem=6094.3MB  summarize_boot_rep
[21:52:56] rep=  78  mem=6094.3MB  fwrite csv
[21:52:56] rep=  78  mem=6094.3MB  rep done in 9.4s
[21:52:56] rep=  79  mem=6089.8MB  rep start
[21:52:56] rep=  79  mem=6089.8MB  filter market_data
[21:52:57] rep=  79  mem=6143.9MB  sample ids
[21:52:57] rep=  79  mem=6143.9MB  left_join (many-to-many)
[21:52:57] rep=  79  mem=6198.0MB  estimate_choice_model: start
[21:53:04] rep=  79  mem=6296.8MB  estimate_choice_model: done
[21:53:04] rep=  79  mem=6296.8MB  compute per_rep + ch_*
[21:53:05] rep=  79  mem=6301.3MB  free big intermediates
[21:53:05] rep=  79  mem=6094.3MB  summarize_boot_rep
[21:53:05] rep=  79  mem=6094.3MB  fwrite csv
[21:53:05] rep=  79  mem=6094.3MB  rep done in 9.2s
[21:53:05] rep=  80  mem=6089.8MB  rep start
[21:53:06] rep=  80  mem=6089.8MB  filter market_data
[21:53:06] rep=  80  mem=6143.9MB  sample ids
[21:53:06] rep=  80  mem=6143.9MB  left_join (many-to-many)
[21:53:06] rep=  80  mem=6198.0MB  estimate_choice_model: start
[21:53:14] rep=  80  mem=6296.8MB  estimate_choice_model: done
[21:53:14] rep=  80  mem=6296.8MB  compute per_rep + ch_*
[21:53:14] rep=  80  mem=6301.2MB  free big intermediates
[21:53:14] rep=  80  mem=6094.3MB  summarize_boot_rep
[21:53:15] rep=  80  mem=6094.3MB  fwrite csv
[21:53:15] rep=  80  mem=6094.3MB  rep done in 9.3s
[21:53:15] rep=  81  mem=6089.8MB  rep start
[21:53:15] rep=  81  mem=6089.8MB  filter market_data
[21:53:15] rep=  81  mem=6143.9MB  sample ids
[21:53:15] rep=  81  mem=6143.9MB  left_join (many-to-many)
[21:53:16] rep=  81  mem=6198.0MB  estimate_choice_model: start
[21:53:23] rep=  81  mem=6296.8MB  estimate_choice_model: done
[21:53:23] rep=  81  mem=6296.8MB  compute per_rep + ch_*
[21:53:23] rep=  81  mem=6301.2MB  free big intermediates
[21:53:23] rep=  81  mem=6094.3MB  summarize_boot_rep
[21:53:24] rep=  81  mem=6094.3MB  fwrite csv
[21:53:24] rep=  81  mem=6094.3MB  rep done in 9.1s
[21:53:24] rep=  82  mem=6089.8MB  rep start
[21:53:24] rep=  82  mem=6089.8MB  filter market_data
[21:53:25] rep=  82  mem=6143.9MB  sample ids
[21:53:25] rep=  82  mem=6143.9MB  left_join (many-to-many)
[21:53:25] rep=  82  mem=6198.0MB  estimate_choice_model: start
[21:53:32] rep=  82  mem=6296.8MB  estimate_choice_model: done
[21:53:32] rep=  82  mem=6296.8MB  compute per_rep + ch_*
[21:53:32] rep=  82  mem=6301.3MB  free big intermediates
[21:53:33] rep=  82  mem=6094.3MB  summarize_boot_rep
[21:53:33] rep=  82  mem=6094.3MB  fwrite csv
[21:53:33] rep=  82  mem=6094.3MB  rep done in 8.9s
[21:53:33] rep=  83  mem=6089.8MB  rep start
[21:53:33] rep=  83  mem=6089.8MB  filter market_data
[21:53:34] rep=  83  mem=6143.9MB  sample ids
[21:53:34] rep=  83  mem=6143.9MB  left_join (many-to-many)
[21:53:34] rep=  83  mem=6198.0MB  estimate_choice_model: start
[21:53:41] rep=  83  mem=6296.8MB  estimate_choice_model: done
[21:53:41] rep=  83  mem=6296.8MB  compute per_rep + ch_*
[21:53:41] rep=  83  mem=6301.2MB  free big intermediates
[21:53:41] rep=  83  mem=6094.3MB  summarize_boot_rep
[21:53:42] rep=  83  mem=6094.3MB  fwrite csv
[21:53:42] rep=  83  mem=6094.3MB  rep done in 8.8s
[21:53:42] rep=  84  mem=6089.8MB  rep start
[21:53:42] rep=  84  mem=6089.8MB  filter market_data
[21:53:42] rep=  84  mem=6143.9MB  sample ids
[21:53:43] rep=  84  mem=6143.9MB  left_join (many-to-many)
[21:53:43] rep=  84  mem=6198.0MB  estimate_choice_model: start
[21:53:50] rep=  84  mem=6296.8MB  estimate_choice_model: done
[21:53:50] rep=  84  mem=6296.8MB  compute per_rep + ch_*
[21:53:50] rep=  84  mem=6301.3MB  free big intermediates
[21:53:51] rep=  84  mem=6094.3MB  summarize_boot_rep
[21:53:51] rep=  84  mem=6094.3MB  fwrite csv
[21:53:51] rep=  84  mem=6094.3MB  rep done in 9.1s
[21:53:51] rep=  85  mem=6089.8MB  rep start
[21:53:51] rep=  85  mem=6089.8MB  filter market_data
[21:53:52] rep=  85  mem=6143.9MB  sample ids
[21:53:52] rep=  85  mem=6143.9MB  left_join (many-to-many)
[21:53:52] rep=  85  mem=6198.0MB  estimate_choice_model: start
[21:53:59] rep=  85  mem=6296.8MB  estimate_choice_model: done
[21:53:59] rep=  85  mem=6296.8MB  compute per_rep + ch_*
[21:53:59] rep=  85  mem=6301.3MB  free big intermediates
[21:54:00] rep=  85  mem=6094.3MB  summarize_boot_rep
[21:54:00] rep=  85  mem=6094.3MB  fwrite csv
[21:54:00] rep=  85  mem=6094.3MB  rep done in 8.9s
[21:54:00] rep=  86  mem=6089.8MB  rep start
[21:54:00] rep=  86  mem=6089.8MB  filter market_data
[21:54:01] rep=  86  mem=6143.9MB  sample ids
[21:54:01] rep=  86  mem=6143.9MB  left_join (many-to-many)
[21:54:01] rep=  86  mem=6198.0MB  estimate_choice_model: start
[21:54:08] rep=  86  mem=6296.8MB  estimate_choice_model: done
[21:54:08] rep=  86  mem=6296.8MB  compute per_rep + ch_*
[21:54:08] rep=  86  mem=6301.3MB  free big intermediates
[21:54:09] rep=  86  mem=6094.3MB  summarize_boot_rep
[21:54:09] rep=  86  mem=6094.3MB  fwrite csv
[21:54:09] rep=  86  mem=6094.3MB  rep done in 8.9s
[21:54:09] rep=  87  mem=6089.8MB  rep start
[21:54:09] rep=  87  mem=6089.8MB  filter market_data
[21:54:10] rep=  87  mem=6143.9MB  sample ids
[21:54:10] rep=  87  mem=6143.9MB  left_join (many-to-many)
[21:54:10] rep=  87  mem=6198.0MB  estimate_choice_model: start
[21:54:17] rep=  87  mem=6296.8MB  estimate_choice_model: done
[21:54:17] rep=  87  mem=6296.8MB  compute per_rep + ch_*
[21:54:18] rep=  87  mem=6301.3MB  free big intermediates
[21:54:18] rep=  87  mem=6094.3MB  summarize_boot_rep
[21:54:18] rep=  87  mem=6094.3MB  fwrite csv
[21:54:18] rep=  87  mem=6094.3MB  rep done in 9.1s
[21:54:19] rep=  88  mem=6089.8MB  rep start
[21:54:19] rep=  88  mem=6089.8MB  filter market_data
[21:54:19] rep=  88  mem=6143.9MB  sample ids
[21:54:19] rep=  88  mem=6143.9MB  left_join (many-to-many)
[21:54:19] rep=  88  mem=6198.0MB  estimate_choice_model: start
[21:54:27] rep=  88  mem=6296.8MB  estimate_choice_model: done
[21:54:27] rep=  88  mem=6296.8MB  compute per_rep + ch_*
[21:54:27] rep=  88  mem=6301.3MB  free big intermediates
[21:54:27] rep=  88  mem=6094.3MB  summarize_boot_rep
[21:54:28] rep=  88  mem=6094.3MB  fwrite csv
[21:54:28] rep=  88  mem=6094.3MB  rep done in 9.5s
[21:54:28] rep=  89  mem=6089.8MB  rep start
[21:54:28] rep=  89  mem=6089.8MB  filter market_data
[21:54:29] rep=  89  mem=6143.9MB  sample ids
[21:54:29] rep=  89  mem=6143.9MB  left_join (many-to-many)
[21:54:29] rep=  89  mem=6198.0MB  estimate_choice_model: start
[21:54:36] rep=  89  mem=6296.8MB  estimate_choice_model: done
[21:54:37] rep=  89  mem=6296.8MB  compute per_rep + ch_*
[21:54:37] rep=  89  mem=6301.3MB  free big intermediates
[21:54:37] rep=  89  mem=6094.3MB  summarize_boot_rep
[21:54:37] rep=  89  mem=6094.3MB  fwrite csv
[21:54:37] rep=  89  mem=6094.3MB  rep done in 9.3s
[21:54:38] rep=  90  mem=6089.8MB  rep start
[21:54:38] rep=  90  mem=6089.8MB  filter market_data
[21:54:38] rep=  90  mem=6143.9MB  sample ids
[21:54:38] rep=  90  mem=6143.9MB  left_join (many-to-many)
[21:54:38] rep=  90  mem=6198.0MB  estimate_choice_model: start
[21:54:46] rep=  90  mem=6296.8MB  estimate_choice_model: done
[21:54:46] rep=  90  mem=6296.8MB  compute per_rep + ch_*
[21:54:46] rep=  90  mem=6301.2MB  free big intermediates
[21:54:47] rep=  90  mem=6094.3MB  summarize_boot_rep
[21:54:47] rep=  90  mem=6094.3MB  fwrite csv
[21:54:47] rep=  90  mem=6094.3MB  rep done in 9.7s
[21:54:47] rep=  91  mem=6089.8MB  rep start
[21:54:47] rep=  91  mem=6089.8MB  filter market_data
[21:54:48] rep=  91  mem=6143.9MB  sample ids
[21:54:48] rep=  91  mem=6143.9MB  left_join (many-to-many)
[21:54:48] rep=  91  mem=6198.0MB  estimate_choice_model: start
[21:54:55] rep=  91  mem=6296.8MB  estimate_choice_model: done
[21:54:55] rep=  91  mem=6296.8MB  compute per_rep + ch_*
[21:54:56] rep=  91  mem=6301.2MB  free big intermediates
[21:54:56] rep=  91  mem=6094.3MB  summarize_boot_rep
[21:54:56] rep=  91  mem=6094.3MB  fwrite csv
[21:54:56] rep=  91  mem=6094.3MB  rep done in 9.1s
[21:54:57] rep=  92  mem=6089.8MB  rep start
[21:54:57] rep=  92  mem=6089.8MB  filter market_data
[21:54:57] rep=  92  mem=6143.9MB  sample ids
[21:54:57] rep=  92  mem=6143.9MB  left_join (many-to-many)
[21:54:57] rep=  92  mem=6198.0MB  estimate_choice_model: start
[21:55:04] rep=  92  mem=6296.8MB  estimate_choice_model: done
[21:55:05] rep=  92  mem=6296.8MB  compute per_rep + ch_*
[21:55:05] rep=  92  mem=6301.2MB  free big intermediates
[21:55:05] rep=  92  mem=6094.3MB  summarize_boot_rep
[21:55:05] rep=  92  mem=6094.3MB  fwrite csv
[21:55:05] rep=  92  mem=6094.3MB  rep done in 8.9s
[21:55:06] rep=  93  mem=6089.8MB  rep start
[21:55:06] rep=  93  mem=6089.8MB  filter market_data
[21:55:06] rep=  93  mem=6143.9MB  sample ids
[21:55:06] rep=  93  mem=6143.9MB  left_join (many-to-many)
[21:55:06] rep=  93  mem=6198.0MB  estimate_choice_model: start
[21:55:57] rep=   0  mem=6087.8MB  === runner start, market = 7 , reps_per_session = 25 ===
[21:55:57] rep=  93  mem=6087.8MB  rep start
[21:55:57] rep=  93  mem=6087.8MB  filter market_data
[21:55:57] rep=  93  mem=6141.9MB  sample ids
[21:55:58] rep=  93  mem=6142.0MB  left_join (many-to-many)
[21:55:58] rep=  93  mem=6196.1MB  estimate_choice_model: start
[21:56:04] rep=  93  mem=6296.4MB  estimate_choice_model: done
[21:56:05] rep=  93  mem=6296.4MB  compute per_rep + ch_*
[21:56:05] rep=  93  mem=6300.8MB  free big intermediates
[21:56:05] rep=  93  mem=6093.9MB  summarize_boot_rep
[21:56:05] rep=  93  mem=6094.1MB  fwrite csv
[21:56:05] rep=  93  mem=6094.2MB  rep done in 8.4s
[21:56:06] rep=  94  mem=6089.8MB  rep start
[21:56:06] rep=  94  mem=6089.8MB  filter market_data
[21:56:06] rep=  94  mem=6143.9MB  sample ids
[21:56:06] rep=  94  mem=6143.9MB  left_join (many-to-many)
[21:56:06] rep=  94  mem=6198.0MB  estimate_choice_model: start
[21:56:13] rep=  94  mem=6296.8MB  estimate_choice_model: done
[21:56:13] rep=  94  mem=6296.8MB  compute per_rep + ch_*
[21:56:13] rep=  94  mem=6301.3MB  free big intermediates
[21:56:13] rep=  94  mem=6094.3MB  summarize_boot_rep
[21:56:14] rep=  94  mem=6094.3MB  fwrite csv
[21:56:14] rep=  94  mem=6094.3MB  rep done in 8.4s
[21:56:14] rep=  95  mem=6089.8MB  rep start
[21:56:14] rep=  95  mem=6089.8MB  filter market_data
[21:56:14] rep=  95  mem=6143.9MB  sample ids
[21:56:15] rep=  95  mem=6143.9MB  left_join (many-to-many)
[21:56:15] rep=  95  mem=6198.0MB  estimate_choice_model: start
[21:56:21] rep=  95  mem=6296.8MB  estimate_choice_model: done
[21:56:21] rep=  95  mem=6296.8MB  compute per_rep + ch_*
[21:56:22] rep=  95  mem=6301.3MB  free big intermediates
[21:56:22] rep=  95  mem=6094.3MB  summarize_boot_rep
[21:56:22] rep=  95  mem=6094.3MB  fwrite csv
[21:56:22] rep=  95  mem=6094.3MB  rep done in 8.2s
[21:56:22] rep=  96  mem=6089.8MB  rep start
[21:56:23] rep=  96  mem=6089.8MB  filter market_data
[21:56:23] rep=  96  mem=6143.9MB  sample ids
[21:56:23] rep=  96  mem=6143.9MB  left_join (many-to-many)
[21:56:23] rep=  96  mem=6198.0MB  estimate_choice_model: start
[21:56:30] rep=  96  mem=6296.8MB  estimate_choice_model: done
[21:56:30] rep=  96  mem=6296.8MB  compute per_rep + ch_*
[21:56:30] rep=  96  mem=6301.2MB  free big intermediates
[21:56:30] rep=  96  mem=6094.3MB  summarize_boot_rep
[21:56:30] rep=  96  mem=6094.3MB  fwrite csv
[21:56:30] rep=  96  mem=6094.3MB  rep done in 8.1s
[21:56:31] rep=  97  mem=6089.8MB  rep start
[21:56:31] rep=  97  mem=6089.8MB  filter market_data
[21:56:31] rep=  97  mem=6143.9MB  sample ids
[21:56:31] rep=  97  mem=6143.9MB  left_join (many-to-many)
[21:56:31] rep=  97  mem=6198.0MB  estimate_choice_model: start
[21:56:38] rep=  97  mem=6296.8MB  estimate_choice_model: done
[21:56:38] rep=  97  mem=6296.8MB  compute per_rep + ch_*
[21:56:38] rep=  97  mem=6301.2MB  free big intermediates
[21:56:38] rep=  97  mem=6094.3MB  summarize_boot_rep
[21:56:39] rep=  97  mem=6094.3MB  fwrite csv
[21:56:39] rep=  97  mem=6094.3MB  rep done in 8.2s
[21:56:39] rep=  98  mem=6089.8MB  rep start
[21:56:39] rep=  98  mem=6089.8MB  filter market_data
[21:56:39] rep=  98  mem=6143.9MB  sample ids
[21:56:39] rep=  98  mem=6143.9MB  left_join (many-to-many)
[21:56:40] rep=  98  mem=6198.0MB  estimate_choice_model: start
[21:56:46] rep=  98  mem=6296.8MB  estimate_choice_model: done
[21:56:46] rep=  98  mem=6296.8MB  compute per_rep + ch_*
[21:56:46] rep=  98  mem=6301.2MB  free big intermediates
[21:56:47] rep=  98  mem=6094.3MB  summarize_boot_rep
[21:56:47] rep=  98  mem=6094.3MB  fwrite csv
[21:56:47] rep=  98  mem=6094.3MB  rep done in 8.2s
[21:56:47] rep=  99  mem=6089.8MB  rep start
[21:56:47] rep=  99  mem=6089.8MB  filter market_data
[21:56:48] rep=  99  mem=6143.9MB  sample ids
[21:56:48] rep=  99  mem=6143.9MB  left_join (many-to-many)
[21:56:48] rep=  99  mem=6198.0MB  estimate_choice_model: start
[21:56:54] rep=  99  mem=6296.8MB  estimate_choice_model: done
[21:56:55] rep=  99  mem=6296.8MB  compute per_rep + ch_*
[21:56:55] rep=  99  mem=6301.3MB  free big intermediates
[21:56:55] rep=  99  mem=6094.3MB  summarize_boot_rep
[21:56:55] rep=  99  mem=6094.3MB  fwrite csv
[21:56:55] rep=  99  mem=6094.3MB  rep done in 8.2s
[21:56:56] rep= 100  mem=6089.8MB  rep start
[21:56:56] rep= 100  mem=6089.8MB  filter market_data
[21:56:56] rep= 100  mem=6143.9MB  sample ids
[21:56:56] rep= 100  mem=6143.9MB  left_join (many-to-many)
[21:56:56] rep= 100  mem=6198.0MB  estimate_choice_model: start
[21:57:03] rep= 100  mem=6296.8MB  estimate_choice_model: done
[21:57:03] rep= 100  mem=6296.8MB  compute per_rep + ch_*
[21:57:03] rep= 100  mem=6301.3MB  free big intermediates
[21:57:03] rep= 100  mem=6094.3MB  summarize_boot_rep
[21:57:04] rep= 100  mem=6094.3MB  fwrite csv
[21:57:04] rep= 100  mem=6094.3MB  rep done in 8.3s
[21:57:04] rep= 101  mem=6089.8MB  rep start
[21:57:04] rep= 101  mem=6089.8MB  filter market_data
[21:57:04] rep= 101  mem=6143.9MB  sample ids
[21:57:05] rep= 101  mem=6143.9MB  left_join (many-to-many)
[21:57:05] rep= 101  mem=6198.0MB  estimate_choice_model: start
[21:57:11] rep= 101  mem=6296.8MB  estimate_choice_model: done
[21:57:11] rep= 101  mem=6296.8MB  compute per_rep + ch_*
[21:57:11] rep= 101  mem=6301.2MB  free big intermediates
[21:57:12] rep= 101  mem=6094.3MB  summarize_boot_rep
[21:57:12] rep= 101  mem=6094.3MB  fwrite csv
[21:57:12] rep= 101  mem=6094.3MB  rep done in 8.1s
[21:57:12] rep= 102  mem=6089.8MB  rep start
[21:57:12] rep= 102  mem=6089.8MB  filter market_data
[21:57:13] rep= 102  mem=6143.9MB  sample ids
[21:57:13] rep= 102  mem=6143.9MB  left_join (many-to-many)
[21:57:13] rep= 102  mem=6198.0MB  estimate_choice_model: start
[21:57:20] rep= 102  mem=6296.8MB  estimate_choice_model: done
[21:57:20] rep= 102  mem=6296.8MB  compute per_rep + ch_*
[21:57:20] rep= 102  mem=6301.2MB  free big intermediates
[21:57:20] rep= 102  mem=6094.3MB  summarize_boot_rep
[21:57:20] rep= 102  mem=6094.3MB  fwrite csv
[21:57:20] rep= 102  mem=6094.3MB  rep done in 8.3s
[21:57:21] rep= 103  mem=6089.8MB  rep start
[21:57:21] rep= 103  mem=6089.8MB  filter market_data
[21:57:21] rep= 103  mem=6143.9MB  sample ids
[21:57:21] rep= 103  mem=6143.9MB  left_join (many-to-many)
[21:57:21] rep= 103  mem=6198.0MB  estimate_choice_model: start
[21:57:28] rep= 103  mem=6296.8MB  estimate_choice_model: done
[21:57:28] rep= 103  mem=6296.8MB  compute per_rep + ch_*
[21:57:28] rep= 103  mem=6301.2MB  free big intermediates
[21:57:28] rep= 103  mem=6094.3MB  summarize_boot_rep
[21:57:29] rep= 103  mem=6094.3MB  fwrite csv
[21:57:29] rep= 103  mem=6094.3MB  rep done in 8.2s
[21:57:29] rep= 104  mem=6089.8MB  rep start
[21:57:29] rep= 104  mem=6089.8MB  filter market_data
[21:57:29] rep= 104  mem=6143.9MB  sample ids
[21:57:29] rep= 104  mem=6143.9MB  left_join (many-to-many)
[21:57:30] rep= 104  mem=6198.0MB  estimate_choice_model: start
[21:57:36] rep= 104  mem=6296.8MB  estimate_choice_model: done
[21:57:36] rep= 104  mem=6296.8MB  compute per_rep + ch_*
[21:57:36] rep= 104  mem=6301.3MB  free big intermediates
[21:57:37] rep= 104  mem=6094.3MB  summarize_boot_rep
[21:57:37] rep= 104  mem=6094.3MB  fwrite csv
[21:57:37] rep= 104  mem=6094.3MB  rep done in 8.2s
[21:57:37] rep= 105  mem=6089.8MB  rep start
[21:57:37] rep= 105  mem=6089.8MB  filter market_data
[21:57:38] rep= 105  mem=6143.9MB  sample ids
[21:57:38] rep= 105  mem=6143.9MB  left_join (many-to-many)
[21:57:38] rep= 105  mem=6198.0MB  estimate_choice_model: start
[21:57:44] rep= 105  mem=6296.8MB  estimate_choice_model: done
[21:57:45] rep= 105  mem=6296.8MB  compute per_rep + ch_*
[21:57:45] rep= 105  mem=6301.2MB  free big intermediates
[21:57:45] rep= 105  mem=6094.3MB  summarize_boot_rep
[21:57:45] rep= 105  mem=6094.3MB  fwrite csv
[21:57:45] rep= 105  mem=6094.3MB  rep done in 8.1s
[21:57:46] rep= 106  mem=6089.8MB  rep start
[21:57:46] rep= 106  mem=6089.8MB  filter market_data
[21:57:46] rep= 106  mem=6143.9MB  sample ids
[21:57:46] rep= 106  mem=6143.9MB  left_join (many-to-many)
[21:57:46] rep= 106  mem=6198.0MB  estimate_choice_model: start
[21:57:53] rep= 106  mem=6296.8MB  estimate_choice_model: done
[21:57:53] rep= 106  mem=6296.8MB  compute per_rep + ch_*
[21:57:53] rep= 106  mem=6301.2MB  free big intermediates
[21:57:53] rep= 106  mem=6094.3MB  summarize_boot_rep
[21:57:54] rep= 106  mem=6094.3MB  fwrite csv
[21:57:54] rep= 106  mem=6094.3MB  rep done in 8.3s
[21:57:54] rep= 107  mem=6089.8MB  rep start
[21:57:54] rep= 107  mem=6089.8MB  filter market_data
[21:57:54] rep= 107  mem=6143.9MB  sample ids
[21:57:54] rep= 107  mem=6143.9MB  left_join (many-to-many)
[21:57:55] rep= 107  mem=6198.0MB  estimate_choice_model: start
[21:58:01] rep= 107  mem=6296.8MB  estimate_choice_model: done
[21:58:01] rep= 107  mem=6296.8MB  compute per_rep + ch_*
[21:58:01] rep= 107  mem=6301.2MB  free big intermediates
[21:58:02] rep= 107  mem=6094.3MB  summarize_boot_rep
[21:58:02] rep= 107  mem=6094.3MB  fwrite csv
[21:58:02] rep= 107  mem=6094.3MB  rep done in 8.3s
[21:58:02] rep= 108  mem=6089.8MB  rep start
[21:58:02] rep= 108  mem=6089.8MB  filter market_data
[21:58:03] rep= 108  mem=6143.9MB  sample ids
[21:58:03] rep= 108  mem=6143.9MB  left_join (many-to-many)
[21:58:03] rep= 108  mem=6198.0MB  estimate_choice_model: start
[21:58:09] rep= 108  mem=6296.8MB  estimate_choice_model: done
[21:58:09] rep= 108  mem=6296.8MB  compute per_rep + ch_*
[21:58:10] rep= 108  mem=6301.3MB  free big intermediates
[21:58:10] rep= 108  mem=6094.3MB  summarize_boot_rep
[21:58:10] rep= 108  mem=6094.3MB  fwrite csv
[21:58:10] rep= 108  mem=6094.3MB  rep done in 8.1s
[21:58:11] rep= 109  mem=6089.8MB  rep start
[21:58:11] rep= 109  mem=6089.8MB  filter market_data
[21:58:11] rep= 109  mem=6143.9MB  sample ids
[21:58:11] rep= 109  mem=6143.9MB  left_join (many-to-many)
[21:58:11] rep= 109  mem=6198.0MB  estimate_choice_model: start
[21:58:18] rep= 109  mem=6296.8MB  estimate_choice_model: done
[21:58:18] rep= 109  mem=6296.8MB  compute per_rep + ch_*
[21:58:18] rep= 109  mem=6301.3MB  free big intermediates
[21:58:18] rep= 109  mem=6094.3MB  summarize_boot_rep
[21:58:19] rep= 109  mem=6094.3MB  fwrite csv
[21:58:19] rep= 109  mem=6094.3MB  rep done in 8.2s
[21:58:19] rep= 110  mem=6089.8MB  rep start
[21:58:19] rep= 110  mem=6089.8MB  filter market_data
[21:58:19] rep= 110  mem=6143.9MB  sample ids
[21:58:19] rep= 110  mem=6143.9MB  left_join (many-to-many)
[21:58:19] rep= 110  mem=6198.0MB  estimate_choice_model: start
[21:58:26] rep= 110  mem=6296.8MB  estimate_choice_model: done
[21:58:26] rep= 110  mem=6296.8MB  compute per_rep + ch_*
[21:58:26] rep= 110  mem=6301.2MB  free big intermediates
[21:58:27] rep= 110  mem=6094.3MB  summarize_boot_rep
[21:58:27] rep= 110  mem=6094.3MB  fwrite csv
[21:58:27] rep= 110  mem=6094.3MB  rep done in 8.3s
[21:58:27] rep= 111  mem=6089.8MB  rep start
[21:58:27] rep= 111  mem=6089.8MB  filter market_data
[21:58:28] rep= 111  mem=6143.9MB  sample ids
[21:58:28] rep= 111  mem=6143.9MB  left_join (many-to-many)
[21:58:28] rep= 111  mem=6198.0MB  estimate_choice_model: start
[21:58:34] rep= 111  mem=6296.8MB  estimate_choice_model: done
[21:58:34] rep= 111  mem=6296.8MB  compute per_rep + ch_*
[21:58:35] rep= 111  mem=6301.2MB  free big intermediates
[21:58:35] rep= 111  mem=6094.3MB  summarize_boot_rep
[21:58:35] rep= 111  mem=6094.3MB  fwrite csv
[21:58:35] rep= 111  mem=6094.3MB  rep done in 8.2s
[21:58:36] rep= 112  mem=6089.8MB  rep start
[21:58:36] rep= 112  mem=6089.8MB  filter market_data
[21:58:36] rep= 112  mem=6143.9MB  sample ids
[21:58:36] rep= 112  mem=6143.9MB  left_join (many-to-many)
[21:58:36] rep= 112  mem=6198.0MB  estimate_choice_model: start
[21:58:43] rep= 112  mem=6296.8MB  estimate_choice_model: done
[21:58:43] rep= 112  mem=6296.8MB  compute per_rep + ch_*
[21:58:43] rep= 112  mem=6301.2MB  free big intermediates
[21:58:43] rep= 112  mem=6094.3MB  summarize_boot_rep
[21:58:43] rep= 112  mem=6094.3MB  fwrite csv
[21:58:44] rep= 112  mem=6094.3MB  rep done in 8.2s
[21:58:44] rep= 113  mem=6089.8MB  rep start
[21:58:44] rep= 113  mem=6089.8MB  filter market_data
[21:58:44] rep= 113  mem=6143.9MB  sample ids
[21:58:44] rep= 113  mem=6143.9MB  left_join (many-to-many)
[21:58:44] rep= 113  mem=6198.0MB  estimate_choice_model: start
[21:58:51] rep= 113  mem=6296.8MB  estimate_choice_model: done
[21:58:51] rep= 113  mem=6296.8MB  compute per_rep + ch_*
[21:58:51] rep= 113  mem=6301.2MB  free big intermediates
[21:58:51] rep= 113  mem=6094.3MB  summarize_boot_rep
[21:58:52] rep= 113  mem=6094.3MB  fwrite csv
[21:58:52] rep= 113  mem=6094.3MB  rep done in 8.2s
[21:58:52] rep= 114  mem=6089.8MB  rep start
[21:58:52] rep= 114  mem=6089.8MB  filter market_data
[21:58:52] rep= 114  mem=6143.9MB  sample ids
[21:58:53] rep= 114  mem=6143.9MB  left_join (many-to-many)
[21:58:53] rep= 114  mem=6198.0MB  estimate_choice_model: start
[21:58:59] rep= 114  mem=6296.8MB  estimate_choice_model: done
[21:58:59] rep= 114  mem=6296.8MB  compute per_rep + ch_*
[21:59:00] rep= 114  mem=6301.2MB  free big intermediates
[21:59:00] rep= 114  mem=6094.3MB  summarize_boot_rep
[21:59:00] rep= 114  mem=6094.3MB  fwrite csv
[21:59:00] rep= 114  mem=6094.3MB  rep done in 8.3s
[21:59:00] rep= 115  mem=6089.8MB  rep start
[21:59:01] rep= 115  mem=6089.8MB  filter market_data
[21:59:01] rep= 115  mem=6143.9MB  sample ids
[21:59:01] rep= 115  mem=6143.9MB  left_join (many-to-many)
[21:59:01] rep= 115  mem=6198.0MB  estimate_choice_model: start
[21:59:30] rep=   0  mem=6087.8MB  === runner start, market = 7 , reps_per_session = 25 ===
[21:59:31] rep= 115  mem=6087.8MB  rep start
[21:59:31] rep= 115  mem=6087.8MB  filter market_data
[21:59:31] rep= 115  mem=6141.9MB  sample ids
[21:59:31] rep= 115  mem=6142.0MB  left_join (many-to-many)
[21:59:31] rep= 115  mem=6196.1MB  estimate_choice_model: start
[21:59:38] rep= 115  mem=6296.4MB  estimate_choice_model: done
[21:59:38] rep= 115  mem=6296.4MB  compute per_rep + ch_*
[21:59:38] rep= 115  mem=6300.8MB  free big intermediates
[21:59:38] rep= 115  mem=6093.9MB  summarize_boot_rep
[21:59:39] rep= 115  mem=6094.1MB  fwrite csv
[21:59:39] rep= 115  mem=6094.2MB  rep done in 8.2s
[21:59:39] rep= 116  mem=6089.8MB  rep start
[21:59:39] rep= 116  mem=6089.8MB  filter market_data
[21:59:39] rep= 116  mem=6143.9MB  sample ids
[21:59:39] rep= 116  mem=6143.9MB  left_join (many-to-many)
[21:59:39] rep= 116  mem=6198.0MB  estimate_choice_model: start
[21:59:46] rep= 116  mem=6296.8MB  estimate_choice_model: done
[21:59:46] rep= 116  mem=6296.8MB  compute per_rep + ch_*
[21:59:46] rep= 116  mem=6301.2MB  free big intermediates
[21:59:47] rep= 116  mem=6094.3MB  summarize_boot_rep
[21:59:47] rep= 116  mem=6094.3MB  fwrite csv
[21:59:47] rep= 116  mem=6094.3MB  rep done in 8.2s
[21:59:47] rep= 117  mem=6089.8MB  rep start
[21:59:47] rep= 117  mem=6089.8MB  filter market_data
[21:59:48] rep= 117  mem=6143.9MB  sample ids
[21:59:48] rep= 117  mem=6143.9MB  left_join (many-to-many)
[21:59:48] rep= 117  mem=6198.0MB  estimate_choice_model: start
[21:59:54] rep= 117  mem=6296.8MB  estimate_choice_model: done
[21:59:55] rep= 117  mem=6296.8MB  compute per_rep + ch_*
[21:59:55] rep= 117  mem=6301.2MB  free big intermediates
[21:59:55] rep= 117  mem=6094.3MB  summarize_boot_rep
[21:59:55] rep= 117  mem=6094.3MB  fwrite csv
[21:59:55] rep= 117  mem=6094.3MB  rep done in 8.2s
[21:59:56] rep= 118  mem=6089.8MB  rep start
[21:59:56] rep= 118  mem=6089.8MB  filter market_data
[21:59:56] rep= 118  mem=6143.9MB  sample ids
[21:59:56] rep= 118  mem=6143.9MB  left_join (many-to-many)
[21:59:56] rep= 118  mem=6198.0MB  estimate_choice_model: start
[22:00:03] rep= 118  mem=6296.8MB  estimate_choice_model: done
[22:00:03] rep= 118  mem=6296.8MB  compute per_rep + ch_*
[22:00:03] rep= 118  mem=6301.3MB  free big intermediates
[22:00:03] rep= 118  mem=6094.3MB  summarize_boot_rep
[22:00:04] rep= 118  mem=6094.3MB  fwrite csv
[22:00:04] rep= 118  mem=6094.3MB  rep done in 8.1s
[22:00:04] rep= 119  mem=6089.8MB  rep start
[22:00:04] rep= 119  mem=6089.8MB  filter market_data
[22:00:04] rep= 119  mem=6143.9MB  sample ids
[22:00:04] rep= 119  mem=6143.9MB  left_join (many-to-many)
[22:00:04] rep= 119  mem=6198.0MB  estimate_choice_model: start
[22:00:38] rep=   0  mem=6087.8MB  === runner start, market = 7 , reps_per_session = 25 ===
[22:00:38] rep= 119  mem=6087.8MB  rep start
[22:00:38] rep= 119  mem=6087.8MB  filter market_data
[22:00:38] rep= 119  mem=6141.9MB  sample ids
[22:00:38] rep= 119  mem=6142.0MB  left_join (many-to-many)
[22:00:39] rep= 119  mem=6196.1MB  estimate_choice_model: start
[22:00:45] rep= 119  mem=6296.4MB  estimate_choice_model: done
[22:00:46] rep= 119  mem=6296.4MB  compute per_rep + ch_*
[22:00:46] rep= 119  mem=6300.8MB  free big intermediates
[22:00:46] rep= 119  mem=6093.9MB  summarize_boot_rep
[22:00:46] rep= 119  mem=6094.1MB  fwrite csv
[22:00:46] rep= 119  mem=6094.2MB  rep done in 8.6s
[22:00:47] rep= 120  mem=6089.8MB  rep start
[22:00:47] rep= 120  mem=6089.8MB  filter market_data
[22:00:47] rep= 120  mem=6143.9MB  sample ids
[22:00:47] rep= 120  mem=6143.9MB  left_join (many-to-many)
[22:00:47] rep= 120  mem=6198.0MB  estimate_choice_model: start
[22:00:54] rep= 120  mem=6296.8MB  estimate_choice_model: done
[22:00:54] rep= 120  mem=6296.8MB  compute per_rep + ch_*
[22:00:54] rep= 120  mem=6301.3MB  free big intermediates
[22:00:54] rep= 120  mem=6094.3MB  summarize_boot_rep
[22:00:55] rep= 120  mem=6094.3MB  fwrite csv
[22:00:55] rep= 120  mem=6094.3MB  rep done in 8.4s
[22:00:55] rep= 121  mem=6089.8MB  rep start
[22:00:55] rep= 121  mem=6089.8MB  filter market_data
[22:00:56] rep= 121  mem=6143.9MB  sample ids
[22:00:56] rep= 121  mem=6143.9MB  left_join (many-to-many)
[22:00:56] rep= 121  mem=6198.0MB  estimate_choice_model: start
[22:01:03] rep= 121  mem=6296.8MB  estimate_choice_model: done
[22:01:03] rep= 121  mem=6296.8MB  compute per_rep + ch_*
[22:01:03] rep= 121  mem=6301.2MB  free big intermediates
[22:01:03] rep= 121  mem=6094.3MB  summarize_boot_rep
[22:01:04] rep= 121  mem=6094.3MB  fwrite csv
[22:01:04] rep= 121  mem=6094.3MB  rep done in 8.6s
[22:01:04] rep= 122  mem=6089.8MB  rep start
[22:01:04] rep= 122  mem=6089.8MB  filter market_data
[22:01:04] rep= 122  mem=6143.9MB  sample ids
[22:01:04] rep= 122  mem=6143.9MB  left_join (many-to-many)
[22:01:04] rep= 122  mem=6198.0MB  estimate_choice_model: start
[22:01:11] rep= 122  mem=6296.8MB  estimate_choice_model: done
[22:01:11] rep= 122  mem=6296.8MB  compute per_rep + ch_*
[22:01:11] rep= 122  mem=6301.2MB  free big intermediates
[22:01:12] rep= 122  mem=6094.3MB  summarize_boot_rep
[22:01:12] rep= 122  mem=6094.3MB  fwrite csv
[22:01:12] rep= 122  mem=6094.3MB  rep done in 8.4s
[22:01:12] rep= 123  mem=6089.8MB  rep start
[22:01:12] rep= 123  mem=6089.8MB  filter market_data
[22:01:13] rep= 123  mem=6143.9MB  sample ids
[22:01:13] rep= 123  mem=6143.9MB  left_join (many-to-many)
[22:01:13] rep= 123  mem=6198.0MB  estimate_choice_model: start
[22:01:20] rep= 123  mem=6296.8MB  estimate_choice_model: done
[22:01:20] rep= 123  mem=6296.8MB  compute per_rep + ch_*
[22:01:20] rep= 123  mem=6301.2MB  free big intermediates
[22:01:20] rep= 123  mem=6094.3MB  summarize_boot_rep
[22:01:21] rep= 123  mem=6094.3MB  fwrite csv
[22:01:21] rep= 123  mem=6094.3MB  rep done in 8.4s
[22:01:21] rep= 124  mem=6089.8MB  rep start
[22:01:21] rep= 124  mem=6089.8MB  filter market_data
[22:01:21] rep= 124  mem=6143.9MB  sample ids
[22:01:21] rep= 124  mem=6143.9MB  left_join (many-to-many)
[22:01:22] rep= 124  mem=6198.0MB  estimate_choice_model: start
[22:01:28] rep= 124  mem=6296.8MB  estimate_choice_model: done
[22:01:28] rep= 124  mem=6296.8MB  compute per_rep + ch_*
[22:01:29] rep= 124  mem=6301.3MB  free big intermediates
[22:01:29] rep= 124  mem=6094.3MB  summarize_boot_rep
[22:01:29] rep= 124  mem=6094.3MB  fwrite csv
[22:01:29] rep= 124  mem=6094.3MB  rep done in 8.5s
[22:01:29] rep= 125  mem=6089.8MB  rep start
[22:01:30] rep= 125  mem=6089.8MB  filter market_data
[22:01:30] rep= 125  mem=6143.9MB  sample ids
[22:01:30] rep= 125  mem=6143.9MB  left_join (many-to-many)
[22:01:30] rep= 125  mem=6198.0MB  estimate_choice_model: start
[22:01:37] rep= 125  mem=6296.8MB  estimate_choice_model: done
[22:01:37] rep= 125  mem=6296.8MB  compute per_rep + ch_*
[22:01:37] rep= 125  mem=6301.3MB  free big intermediates
[22:01:37] rep= 125  mem=6094.3MB  summarize_boot_rep
[22:01:38] rep= 125  mem=6094.3MB  fwrite csv
[22:01:38] rep= 125  mem=6094.3MB  rep done in 8.4s
[22:01:38] rep= 126  mem=6089.8MB  rep start
[22:01:38] rep= 126  mem=6089.8MB  filter market_data
[22:01:38] rep= 126  mem=6143.9MB  sample ids
[22:01:38] rep= 126  mem=6143.9MB  left_join (many-to-many)
[22:01:39] rep= 126  mem=6198.0MB  estimate_choice_model: start
[22:01:45] rep= 126  mem=6296.8MB  estimate_choice_model: done
[22:01:45] rep= 126  mem=6296.8MB  compute per_rep + ch_*
[22:01:46] rep= 126  mem=6301.2MB  free big intermediates
[22:01:46] rep= 126  mem=6094.3MB  summarize_boot_rep
[22:01:46] rep= 126  mem=6094.3MB  fwrite csv
[22:01:46] rep= 126  mem=6094.3MB  rep done in 8.4s
[22:01:46] rep= 127  mem=6089.8MB  rep start
[22:01:47] rep= 127  mem=6089.8MB  filter market_data
[22:01:47] rep= 127  mem=6143.9MB  sample ids
[22:01:47] rep= 127  mem=6143.9MB  left_join (many-to-many)
[22:01:47] rep= 127  mem=6198.0MB  estimate_choice_model: start
[22:01:54] rep= 127  mem=6296.8MB  estimate_choice_model: done
[22:01:54] rep= 127  mem=6296.8MB  compute per_rep + ch_*
[22:01:54] rep= 127  mem=6301.3MB  free big intermediates
[22:01:54] rep= 127  mem=6094.3MB  summarize_boot_rep
[22:01:55] rep= 127  mem=6094.3MB  fwrite csv
[22:01:55] rep= 127  mem=6094.3MB  rep done in 8.4s
[22:01:55] rep= 128  mem=6089.8MB  rep start
[22:01:55] rep= 128  mem=6089.8MB  filter market_data
[22:01:55] rep= 128  mem=6143.9MB  sample ids
[22:01:56] rep= 128  mem=6143.9MB  left_join (many-to-many)
[22:01:56] rep= 128  mem=6198.0MB  estimate_choice_model: start
[22:02:03] rep= 128  mem=6296.8MB  estimate_choice_model: done
[22:02:03] rep= 128  mem=6296.8MB  compute per_rep + ch_*
[22:02:03] rep= 128  mem=6301.3MB  free big intermediates
[22:02:03] rep= 128  mem=6094.3MB  summarize_boot_rep
[22:02:04] rep= 128  mem=6094.3MB  fwrite csv
[22:02:04] rep= 128  mem=6094.3MB  rep done in 8.8s
[22:02:04] rep= 129  mem=6089.8MB  rep start
[22:02:04] rep= 129  mem=6089.8MB  filter market_data
[22:02:04] rep= 129  mem=6143.9MB  sample ids
[22:02:04] rep= 129  mem=6143.9MB  left_join (many-to-many)
[22:02:04] rep= 129  mem=6198.0MB  estimate_choice_model: start
[22:02:11] rep= 129  mem=6296.8MB  estimate_choice_model: done
[22:02:11] rep= 129  mem=6296.8MB  compute per_rep + ch_*
[22:02:12] rep= 129  mem=6301.2MB  free big intermediates
[22:02:12] rep= 129  mem=6094.3MB  summarize_boot_rep
[22:02:12] rep= 129  mem=6094.3MB  fwrite csv
[22:02:12] rep= 129  mem=6094.3MB  rep done in 8.6s
[22:02:13] rep= 130  mem=6089.8MB  rep start
[22:02:13] rep= 130  mem=6089.8MB  filter market_data
[22:02:13] rep= 130  mem=6143.9MB  sample ids
[22:02:13] rep= 130  mem=6143.9MB  left_join (many-to-many)
[22:02:13] rep= 130  mem=6198.0MB  estimate_choice_model: start
[22:02:20] rep= 130  mem=6296.8MB  estimate_choice_model: done
[22:02:20] rep= 130  mem=6296.8MB  compute per_rep + ch_*
[22:02:20] rep= 130  mem=6301.3MB  free big intermediates
[22:02:20] rep= 130  mem=6094.3MB  summarize_boot_rep
[22:02:21] rep= 130  mem=6094.3MB  fwrite csv
[22:02:21] rep= 130  mem=6094.3MB  rep done in 8.5s
[22:02:21] rep= 131  mem=6089.8MB  rep start
[22:02:21] rep= 131  mem=6089.8MB  filter market_data
[22:02:22] rep= 131  mem=6143.9MB  sample ids
[22:02:22] rep= 131  mem=6143.9MB  left_join (many-to-many)
[22:02:22] rep= 131  mem=6198.0MB  estimate_choice_model: start
[22:02:28] rep= 131  mem=6296.8MB  estimate_choice_model: done
[22:02:28] rep= 131  mem=6296.8MB  compute per_rep + ch_*
[22:02:29] rep= 131  mem=6301.2MB  free big intermediates
[22:02:29] rep= 131  mem=6094.3MB  summarize_boot_rep
[22:02:29] rep= 131  mem=6094.3MB  fwrite csv
[22:02:29] rep= 131  mem=6094.3MB  rep done in 8.2s
[22:02:29] rep= 132  mem=6089.8MB  rep start
[22:02:30] rep= 132  mem=6089.8MB  filter market_data
[22:02:30] rep= 132  mem=6143.9MB  sample ids
[22:02:30] rep= 132  mem=6143.9MB  left_join (many-to-many)
[22:02:30] rep= 132  mem=6198.0MB  estimate_choice_model: start
[22:02:38] rep= 132  mem=6296.8MB  estimate_choice_model: done
[22:02:38] rep= 132  mem=6296.8MB  compute per_rep + ch_*
[22:02:38] rep= 132  mem=6301.3MB  free big intermediates
[22:02:38] rep= 132  mem=6094.3MB  summarize_boot_rep
[22:02:39] rep= 132  mem=6094.3MB  fwrite csv
[22:02:39] rep= 132  mem=6094.3MB  rep done in 9.3s
[22:02:39] rep= 133  mem=6089.8MB  rep start
[22:02:39] rep= 133  mem=6089.8MB  filter market_data
[22:02:39] rep= 133  mem=6143.9MB  sample ids
[22:02:39] rep= 133  mem=6143.9MB  left_join (many-to-many)
[22:02:40] rep= 133  mem=6198.0MB  estimate_choice_model: start
[22:02:46] rep= 133  mem=6296.8MB  estimate_choice_model: done
[22:02:46] rep= 133  mem=6296.8MB  compute per_rep + ch_*
[22:02:47] rep= 133  mem=6301.3MB  free big intermediates
[22:02:47] rep= 133  mem=6094.3MB  summarize_boot_rep
[22:02:47] rep= 133  mem=6094.3MB  fwrite csv
[22:02:47] rep= 133  mem=6094.3MB  rep done in 8.5s
[22:02:47] rep= 134  mem=6089.8MB  rep start
[22:02:48] rep= 134  mem=6089.8MB  filter market_data
[22:02:48] rep= 134  mem=6143.9MB  sample ids
[22:02:48] rep= 134  mem=6143.9MB  left_join (many-to-many)
[22:02:48] rep= 134  mem=6198.0MB  estimate_choice_model: start
[22:02:55] rep= 134  mem=6296.8MB  estimate_choice_model: done
[22:02:55] rep= 134  mem=6296.8MB  compute per_rep + ch_*
[22:02:55] rep= 134  mem=6301.3MB  free big intermediates
[22:02:55] rep= 134  mem=6094.3MB  summarize_boot_rep
[22:02:56] rep= 134  mem=6094.3MB  fwrite csv
[22:02:56] rep= 134  mem=6094.3MB  rep done in 8.4s
[22:02:56] rep= 135  mem=6089.8MB  rep start
[22:02:56] rep= 135  mem=6089.8MB  filter market_data
[22:02:56] rep= 135  mem=6143.9MB  sample ids
[22:02:56] rep= 135  mem=6143.9MB  left_join (many-to-many)
[22:02:57] rep= 135  mem=6198.0MB  estimate_choice_model: start
[22:03:04] rep= 135  mem=6296.8MB  estimate_choice_model: done
[22:03:04] rep= 135  mem=6296.8MB  compute per_rep + ch_*
[22:03:04] rep= 135  mem=6301.2MB  free big intermediates
[22:03:04] rep= 135  mem=6094.3MB  summarize_boot_rep
[22:03:04] rep= 135  mem=6094.3MB  fwrite csv
[22:03:04] rep= 135  mem=6094.3MB  rep done in 8.6s
[22:03:05] rep= 136  mem=6089.8MB  rep start
[22:03:05] rep= 136  mem=6089.8MB  filter market_data
[22:03:05] rep= 136  mem=6143.9MB  sample ids
[22:03:05] rep= 136  mem=6143.9MB  left_join (many-to-many)
[22:03:05] rep= 136  mem=6198.0MB  estimate_choice_model: start
[22:03:12] rep= 136  mem=6296.8MB  estimate_choice_model: done
[22:03:12] rep= 136  mem=6296.8MB  compute per_rep + ch_*
[22:03:12] rep= 136  mem=6301.3MB  free big intermediates
[22:03:13] rep= 136  mem=6094.3MB  summarize_boot_rep
[22:03:13] rep= 136  mem=6094.3MB  fwrite csv
[22:03:13] rep= 136  mem=6094.3MB  rep done in 8.6s
[22:03:13] rep= 137  mem=6089.8MB  rep start
[22:03:13] rep= 137  mem=6089.8MB  filter market_data
[22:03:14] rep= 137  mem=6143.9MB  sample ids
[22:03:14] rep= 137  mem=6143.9MB  left_join (many-to-many)
[22:03:14] rep= 137  mem=6198.0MB  estimate_choice_model: start
[22:03:21] rep= 137  mem=6296.8MB  estimate_choice_model: done
[22:03:21] rep= 137  mem=6296.8MB  compute per_rep + ch_*
[22:03:21] rep= 137  mem=6301.2MB  free big intermediates
[22:03:21] rep= 137  mem=6094.3MB  summarize_boot_rep
[22:03:22] rep= 137  mem=6094.3MB  fwrite csv
[22:03:22] rep= 137  mem=6094.3MB  rep done in 8.4s
[22:03:22] rep= 138  mem=6089.8MB  rep start
[22:03:22] rep= 138  mem=6089.8MB  filter market_data
[22:03:22] rep= 138  mem=6143.9MB  sample ids
[22:03:22] rep= 138  mem=6143.9MB  left_join (many-to-many)
[22:03:23] rep= 138  mem=6198.0MB  estimate_choice_model: start
[22:03:29] rep= 138  mem=6296.8MB  estimate_choice_model: done
[22:03:29] rep= 138  mem=6296.8MB  compute per_rep + ch_*
[22:03:30] rep= 138  mem=6301.2MB  free big intermediates
[22:03:30] rep= 138  mem=6094.3MB  summarize_boot_rep
[22:03:30] rep= 138  mem=6094.3MB  fwrite csv
[22:03:30] rep= 138  mem=6094.3MB  rep done in 8.5s
[22:03:31] rep= 139  mem=6089.8MB  rep start
[22:03:31] rep= 139  mem=6089.8MB  filter market_data
[22:03:31] rep= 139  mem=6143.9MB  sample ids
[22:03:31] rep= 139  mem=6143.9MB  left_join (many-to-many)
[22:03:31] rep= 139  mem=6198.0MB  estimate_choice_model: start
[22:03:38] rep= 139  mem=6296.8MB  estimate_choice_model: done
[22:03:38] rep= 139  mem=6296.8MB  compute per_rep + ch_*
[22:03:38] rep= 139  mem=6301.2MB  free big intermediates
[22:03:38] rep= 139  mem=6094.3MB  summarize_boot_rep
[22:03:39] rep= 139  mem=6094.3MB  fwrite csv
[22:03:39] rep= 139  mem=6094.3MB  rep done in 8.3s
[22:03:39] rep= 140  mem=6089.8MB  rep start
[22:03:39] rep= 140  mem=6089.8MB  filter market_data
[22:03:39] rep= 140  mem=6143.9MB  sample ids
[22:03:39] rep= 140  mem=6143.9MB  left_join (many-to-many)
[22:03:40] rep= 140  mem=6198.0MB  estimate_choice_model: start
[22:03:46] rep= 140  mem=6296.8MB  estimate_choice_model: done
[22:03:46] rep= 140  mem=6296.8MB  compute per_rep + ch_*
[22:03:47] rep= 140  mem=6301.3MB  free big intermediates
[22:03:47] rep= 140  mem=6094.3MB  summarize_boot_rep
[22:03:47] rep= 140  mem=6094.3MB  fwrite csv
[22:03:47] rep= 140  mem=6094.3MB  rep done in 8.4s
[22:03:47] rep= 141  mem=6089.8MB  rep start
[22:03:48] rep= 141  mem=6089.8MB  filter market_data
[22:03:48] rep= 141  mem=6143.9MB  sample ids
[22:03:48] rep= 141  mem=6143.9MB  left_join (many-to-many)
[22:03:48] rep= 141  mem=6198.0MB  estimate_choice_model: start
[22:03:55] rep= 141  mem=6296.8MB  estimate_choice_model: done
[22:03:55] rep= 141  mem=6296.8MB  compute per_rep + ch_*
[22:03:55] rep= 141  mem=6301.2MB  free big intermediates
[22:03:55] rep= 141  mem=6094.3MB  summarize_boot_rep
[22:03:56] rep= 141  mem=6094.3MB  fwrite csv
[22:03:56] rep= 141  mem=6094.3MB  rep done in 8.3s
[22:03:56] rep= 142  mem=6089.8MB  rep start
[22:03:56] rep= 142  mem=6089.8MB  filter market_data
[22:03:56] rep= 142  mem=6143.9MB  sample ids
[22:03:56] rep= 142  mem=6143.9MB  left_join (many-to-many)
[22:03:57] rep= 142  mem=6198.0MB  estimate_choice_model: start
[22:04:04] rep= 142  mem=6296.8MB  estimate_choice_model: done
[22:04:04] rep= 142  mem=6296.8MB  compute per_rep + ch_*
[22:04:04] rep= 142  mem=6301.3MB  free big intermediates
[22:04:04] rep= 142  mem=6094.3MB  summarize_boot_rep
[22:04:05] rep= 142  mem=6094.3MB  fwrite csv
[22:04:05] rep= 142  mem=6094.3MB  rep done in 9.0s
[22:04:05] rep= 143  mem=6089.8MB  rep start
[22:04:05] rep= 143  mem=6089.8MB  filter market_data
[22:04:05] rep= 143  mem=6143.9MB  sample ids
[22:04:06] rep= 143  mem=6143.9MB  left_join (many-to-many)
[22:04:06] rep= 143  mem=6198.0MB  estimate_choice_model: start
[22:04:13] rep= 143  mem=6296.8MB  estimate_choice_model: done
[22:04:13] rep= 143  mem=6296.8MB  compute per_rep + ch_*
[22:04:13] rep= 143  mem=6301.3MB  free big intermediates
[22:04:13] rep= 143  mem=6094.3MB  summarize_boot_rep
[22:04:14] rep= 143  mem=6094.3MB  fwrite csv
[22:04:14] rep= 143  mem=6094.3MB  rep done in 8.8s
[22:04:14] rep=   0  mem=6089.8MB  === session quota of 25 reps reached, exiting ===
[22:04:36] rep=   0  mem=6087.8MB  === runner start, market = 7 , reps_per_session = 25 ===
[22:04:36] rep= 144  mem=6087.8MB  rep start
[22:04:36] rep= 144  mem=6087.8MB  filter market_data
[22:04:36] rep= 144  mem=6141.9MB  sample ids
[22:04:36] rep= 144  mem=6142.0MB  left_join (many-to-many)
[22:04:37] rep= 144  mem=6196.1MB  estimate_choice_model: start
[22:04:43] rep= 144  mem=6296.4MB  estimate_choice_model: done
[22:04:43] rep= 144  mem=6296.4MB  compute per_rep + ch_*
[22:04:44] rep= 144  mem=6300.8MB  free big intermediates
[22:04:44] rep= 144  mem=6093.9MB  summarize_boot_rep
[22:04:44] rep= 144  mem=6094.1MB  fwrite csv
[22:04:44] rep= 144  mem=6094.2MB  rep done in 8.4s
[22:04:44] rep= 145  mem=6089.8MB  rep start
[22:04:45] rep= 145  mem=6089.8MB  filter market_data
[22:04:45] rep= 145  mem=6143.9MB  sample ids
[22:04:45] rep= 145  mem=6143.9MB  left_join (many-to-many)
[22:04:45] rep= 145  mem=6198.0MB  estimate_choice_model: start
[22:04:52] rep= 145  mem=6296.8MB  estimate_choice_model: done
[22:04:52] rep= 145  mem=6296.8MB  compute per_rep + ch_*
[22:04:52] rep= 145  mem=6301.2MB  free big intermediates
[22:04:52] rep= 145  mem=6094.3MB  summarize_boot_rep
[22:04:52] rep= 145  mem=6094.3MB  fwrite csv
[22:04:53] rep= 145  mem=6094.3MB  rep done in 8.3s
[22:04:53] rep= 146  mem=6089.8MB  rep start
[22:04:53] rep= 146  mem=6089.8MB  filter market_data
[22:04:53] rep= 146  mem=6143.9MB  sample ids
[22:04:53] rep= 146  mem=6143.9MB  left_join (many-to-many)
[22:04:53] rep= 146  mem=6198.0MB  estimate_choice_model: start
[22:05:00] rep= 146  mem=6296.8MB  estimate_choice_model: done
[22:05:00] rep= 146  mem=6296.8MB  compute per_rep + ch_*
[22:05:00] rep= 146  mem=6301.2MB  free big intermediates
[22:05:01] rep= 146  mem=6094.3MB  summarize_boot_rep
[22:05:01] rep= 146  mem=6094.3MB  fwrite csv
[22:05:01] rep= 146  mem=6094.3MB  rep done in 8.3s
[22:05:01] rep= 147  mem=6089.8MB  rep start
[22:05:01] rep= 147  mem=6089.8MB  filter market_data
[22:05:02] rep= 147  mem=6143.9MB  sample ids
[22:05:02] rep= 147  mem=6143.9MB  left_join (many-to-many)
[22:05:02] rep= 147  mem=6198.0MB  estimate_choice_model: start
[22:05:08] rep= 147  mem=6296.8MB  estimate_choice_model: done
[22:05:09] rep= 147  mem=6296.8MB  compute per_rep + ch_*
[22:05:09] rep= 147  mem=6301.2MB  free big intermediates
[22:05:09] rep= 147  mem=6094.3MB  summarize_boot_rep
[22:05:09] rep= 147  mem=6094.3MB  fwrite csv
[22:05:09] rep= 147  mem=6094.3MB  rep done in 8.3s
[22:05:10] rep= 148  mem=6089.8MB  rep start
[22:05:10] rep= 148  mem=6089.8MB  filter market_data
[22:05:10] rep= 148  mem=6143.9MB  sample ids
[22:05:10] rep= 148  mem=6143.9MB  left_join (many-to-many)
[22:05:10] rep= 148  mem=6198.0MB  estimate_choice_model: start
[22:05:17] rep= 148  mem=6296.8MB  estimate_choice_model: done
[22:05:17] rep= 148  mem=6296.8MB  compute per_rep + ch_*
[22:05:17] rep= 148  mem=6301.3MB  free big intermediates
[22:05:17] rep= 148  mem=6094.3MB  summarize_boot_rep
[22:05:18] rep= 148  mem=6094.3MB  fwrite csv
[22:05:18] rep= 148  mem=6094.3MB  rep done in 8.4s
[22:05:18] rep= 149  mem=6089.8MB  rep start
[22:05:18] rep= 149  mem=6089.8MB  filter market_data
[22:05:18] rep= 149  mem=6143.9MB  sample ids
[22:05:18] rep= 149  mem=6143.9MB  left_join (many-to-many)
[22:05:19] rep= 149  mem=6198.0MB  estimate_choice_model: start
[22:05:25] rep= 149  mem=6296.8MB  estimate_choice_model: done
[22:05:25] rep= 149  mem=6296.8MB  compute per_rep + ch_*
[22:05:26] rep= 149  mem=6301.3MB  free big intermediates
[22:05:26] rep= 149  mem=6094.3MB  summarize_boot_rep
[22:05:26] rep= 149  mem=6094.3MB  fwrite csv
[22:05:26] rep= 149  mem=6094.3MB  rep done in 8.2s
[22:05:26] rep= 150  mem=6089.8MB  rep start
[22:05:26] rep= 150  mem=6089.8MB  filter market_data
[22:05:27] rep= 150  mem=6143.9MB  sample ids
[22:05:27] rep= 150  mem=6143.9MB  left_join (many-to-many)
[22:05:27] rep= 150  mem=6198.0MB  estimate_choice_model: start
[22:05:34] rep= 150  mem=6296.8MB  estimate_choice_model: done
[22:05:34] rep= 150  mem=6296.8MB  compute per_rep + ch_*
[22:05:34] rep= 150  mem=6301.2MB  free big intermediates
[22:05:34] rep= 150  mem=6094.3MB  summarize_boot_rep
[22:05:34] rep= 150  mem=6094.3MB  fwrite csv
[22:05:34] rep= 150  mem=6094.3MB  rep done in 8.2s
