[18:07:28] rep=   0  mem=6089.3MB  === runner start, market = 5 , reps_per_session = 25 ===
[18:07:28] rep=   1  mem=6089.3MB  rep start
[18:07:28] rep=   1  mem=6089.3MB  filter market_data
[18:07:29] rep=   1  mem=6429.3MB  sample ids
[18:07:29] rep=   1  mem=6429.6MB  left_join (many-to-many)
[18:07:29] rep=   1  mem=6769.5MB  estimate_choice_model: start
[18:08:00] rep=   1  mem=7377.5MB  estimate_choice_model: done
[18:08:01] rep=   1  mem=7377.5MB  compute per_rep + ch_*
[18:08:01] rep=   1  mem=7391.5MB  free big intermediates
[18:08:01] rep=   1  mem=6106.8MB  summarize_boot_rep
[18:08:02] rep=   1  mem=6106.8MB  fwrite csv
[18:08:02] rep=   1  mem=6106.8MB  rep done in 34.1s
[18:08:02] rep=   2  mem=6092.8MB  rep start
[18:08:02] rep=   2  mem=6092.8MB  filter market_data
[18:08:03] rep=   2  mem=6432.8MB  sample ids
[18:08:03] rep=   2  mem=6433.1MB  left_join (many-to-many)
[18:08:03] rep=   2  mem=6773.0MB  estimate_choice_model: start
[18:08:34] rep=   2  mem=7377.5MB  estimate_choice_model: done
[18:08:34] rep=   2  mem=7377.5MB  compute per_rep + ch_*
[18:08:34] rep=   2  mem=7391.5MB  free big intermediates
[18:08:35] rep=   2  mem=6106.8MB  summarize_boot_rep
[18:08:35] rep=   2  mem=6106.8MB  fwrite csv
[18:08:35] rep=   2  mem=6106.8MB  rep done in 33.4s
[18:08:36] rep=   3  mem=6092.8MB  rep start
[18:08:36] rep=   3  mem=6092.8MB  filter market_data
[18:08:36] rep=   3  mem=6432.8MB  sample ids
[18:08:36] rep=   3  mem=6433.1MB  left_join (many-to-many)
[18:08:37] rep=   3  mem=6773.0MB  estimate_choice_model: start
[18:09:09] rep=   3  mem=7377.5MB  estimate_choice_model: done
[18:09:09] rep=   3  mem=7377.5MB  compute per_rep + ch_*
[18:09:09] rep=   3  mem=7391.5MB  free big intermediates
[18:09:09] rep=   3  mem=6106.8MB  summarize_boot_rep
[18:09:10] rep=   3  mem=6106.8MB  fwrite csv
[18:09:10] rep=   3  mem=6106.8MB  rep done in 34.6s
[18:09:10] rep=   4  mem=6092.8MB  rep start
[18:09:10] rep=   4  mem=6092.8MB  filter market_data
[18:09:11] rep=   4  mem=6432.8MB  sample ids
[18:09:11] rep=   4  mem=6433.1MB  left_join (many-to-many)
[18:09:11] rep=   4  mem=6773.0MB  estimate_choice_model: start
[18:09:43] rep=   4  mem=7377.5MB  estimate_choice_model: done
[18:09:43] rep=   4  mem=7377.5MB  compute per_rep + ch_*
[18:09:43] rep=   4  mem=7391.5MB  free big intermediates
[18:09:44] rep=   4  mem=6106.8MB  summarize_boot_rep
[18:09:44] rep=   4  mem=6106.8MB  fwrite csv
[18:09:44] rep=   4  mem=6106.8MB  rep done in 34.1s
[18:09:45] rep=   5  mem=6092.8MB  rep start
[18:09:45] rep=   5  mem=6092.8MB  filter market_data
[18:09:45] rep=   5  mem=6432.8MB  sample ids
[18:09:45] rep=   5  mem=6433.1MB  left_join (many-to-many)
[18:09:45] rep=   5  mem=6773.0MB  estimate_choice_model: start
[18:10:18] rep=   5  mem=7377.5MB  estimate_choice_model: done
[18:10:18] rep=   5  mem=7377.5MB  compute per_rep + ch_*
[18:10:18] rep=   5  mem=7391.5MB  free big intermediates
[18:10:18] rep=   5  mem=6106.8MB  summarize_boot_rep
[18:10:19] rep=   5  mem=6106.8MB  fwrite csv
[18:10:19] rep=   5  mem=6106.8MB  rep done in 34.7s
[18:10:19] rep=   6  mem=6092.8MB  rep start
[18:10:19] rep=   6  mem=6092.8MB  filter market_data
[18:10:20] rep=   6  mem=6432.8MB  sample ids
[18:10:20] rep=   6  mem=6433.1MB  left_join (many-to-many)
[18:10:20] rep=   6  mem=6773.0MB  estimate_choice_model: start
[18:10:52] rep=   6  mem=7377.5MB  estimate_choice_model: done
[18:10:52] rep=   6  mem=7377.5MB  compute per_rep + ch_*
[18:10:53] rep=   6  mem=7391.5MB  free big intermediates
[18:10:53] rep=   6  mem=6106.8MB  summarize_boot_rep
[18:10:54] rep=   6  mem=6106.8MB  fwrite csv
[18:10:54] rep=   6  mem=6106.8MB  rep done in 34.5s
[18:10:54] rep=   7  mem=6092.8MB  rep start
[18:10:54] rep=   7  mem=6092.8MB  filter market_data
[18:10:55] rep=   7  mem=6432.8MB  sample ids
[18:10:55] rep=   7  mem=6433.1MB  left_join (many-to-many)
[18:10:55] rep=   7  mem=6773.0MB  estimate_choice_model: start
[18:11:26] rep=   7  mem=7377.6MB  estimate_choice_model: done
[18:11:27] rep=   7  mem=7377.6MB  compute per_rep + ch_*
[18:11:27] rep=   7  mem=7391.6MB  free big intermediates
[18:11:27] rep=   7  mem=6106.8MB  summarize_boot_rep
[18:11:28] rep=   7  mem=6106.8MB  fwrite csv
[18:11:28] rep=   7  mem=6106.8MB  rep done in 34.1s
[18:11:28] rep=   8  mem=6092.8MB  rep start
[18:11:28] rep=   8  mem=6092.8MB  filter market_data
[18:11:29] rep=   8  mem=6432.8MB  sample ids
[18:11:29] rep=   8  mem=6433.1MB  left_join (many-to-many)
[18:11:29] rep=   8  mem=6773.0MB  estimate_choice_model: start
[18:12:01] rep=   8  mem=7377.5MB  estimate_choice_model: done
[18:12:01] rep=   8  mem=7377.5MB  compute per_rep + ch_*
[18:12:02] rep=   8  mem=7391.5MB  free big intermediates
[18:12:02] rep=   8  mem=6106.8MB  summarize_boot_rep
[18:12:03] rep=   8  mem=6106.8MB  fwrite csv
[18:12:03] rep=   8  mem=6106.8MB  rep done in 34.6s
[18:12:03] rep=   9  mem=6092.8MB  rep start
[18:12:03] rep=   9  mem=6092.8MB  filter market_data
[18:12:03] rep=   9  mem=6432.8MB  sample ids
[18:12:04] rep=   9  mem=6433.1MB  left_join (many-to-many)
[18:12:04] rep=   9  mem=6773.0MB  estimate_choice_model: start
[18:12:35] rep=   9  mem=7377.5MB  estimate_choice_model: done
[18:12:35] rep=   9  mem=7377.5MB  compute per_rep + ch_*
[18:12:36] rep=   9  mem=7391.5MB  free big intermediates
[18:12:36] rep=   9  mem=6106.8MB  summarize_boot_rep
[18:12:37] rep=   9  mem=6106.8MB  fwrite csv
[18:12:37] rep=   9  mem=6106.8MB  rep done in 34.2s
[18:12:37] rep=  10  mem=6092.8MB  rep start
[18:12:37] rep=  10  mem=6092.8MB  filter market_data
[18:12:38] rep=  10  mem=6432.8MB  sample ids
[18:12:38] rep=  10  mem=6433.1MB  left_join (many-to-many)
[18:12:38] rep=  10  mem=6773.0MB  estimate_choice_model: start
[18:13:10] rep=  10  mem=7377.4MB  estimate_choice_model: done
[18:13:10] rep=  10  mem=7377.4MB  compute per_rep + ch_*
[18:13:10] rep=  10  mem=7391.5MB  free big intermediates
[18:13:11] rep=  10  mem=6106.8MB  summarize_boot_rep
[18:13:11] rep=  10  mem=6106.8MB  fwrite csv
[18:13:11] rep=  10  mem=6106.8MB  rep done in 34.3s
[18:13:12] rep=  11  mem=6092.8MB  rep start
[18:13:12] rep=  11  mem=6092.8MB  filter market_data
[18:13:12] rep=  11  mem=6432.8MB  sample ids
[18:13:12] rep=  11  mem=6433.1MB  left_join (many-to-many)
[18:13:13] rep=  11  mem=6773.0MB  estimate_choice_model: start
[18:13:44] rep=  11  mem=7377.5MB  estimate_choice_model: done
[18:13:44] rep=  11  mem=7377.5MB  compute per_rep + ch_*
[18:13:45] rep=  11  mem=7391.5MB  free big intermediates
[18:13:45] rep=  11  mem=6106.8MB  summarize_boot_rep
[18:13:45] rep=  11  mem=6106.8MB  fwrite csv
[18:13:46] rep=  11  mem=6106.8MB  rep done in 34.1s
[18:13:46] rep=   0  mem=6092.8MB  === session quota of 25 reps reached, exiting ===
[18:14:08] rep=   0  mem=6087.8MB  === runner start, market = 5 , reps_per_session = 25 ===
[18:14:08] rep=  12  mem=6087.8MB  rep start
[18:14:08] rep=  12  mem=6087.8MB  filter market_data
[18:14:08] rep=  12  mem=6427.8MB  sample ids
[18:14:08] rep=  12  mem=6428.1MB  left_join (many-to-many)
[18:14:09] rep=  12  mem=6768.2MB  estimate_choice_model: start
[18:14:41] rep=  12  mem=7377.1MB  estimate_choice_model: done
[18:14:41] rep=  12  mem=7377.1MB  compute per_rep + ch_*
[18:14:41] rep=  12  mem=7391.1MB  free big intermediates
[18:14:41] rep=  12  mem=6106.4MB  summarize_boot_rep
[18:14:42] rep=  12  mem=6106.7MB  fwrite csv
[18:14:42] rep=  12  mem=6106.7MB  rep done in 34.4s
[18:14:42] rep=  13  mem=6092.8MB  rep start
[18:14:42] rep=  13  mem=6092.8MB  filter market_data
[18:14:43] rep=  13  mem=6432.8MB  sample ids
[18:14:43] rep=  13  mem=6433.1MB  left_join (many-to-many)
[18:14:43] rep=  13  mem=6773.0MB  estimate_choice_model: start
[18:15:15] rep=  13  mem=7377.4MB  estimate_choice_model: done
[18:15:15] rep=  13  mem=7377.4MB  compute per_rep + ch_*
[18:15:16] rep=  13  mem=7391.5MB  free big intermediates
[18:15:16] rep=  13  mem=6106.8MB  summarize_boot_rep
[18:15:17] rep=  13  mem=6106.8MB  fwrite csv
[18:15:17] rep=  13  mem=6106.8MB  rep done in 34.6s
[18:15:17] rep=  14  mem=6092.8MB  rep start
[18:15:17] rep=  14  mem=6092.8MB  filter market_data
[18:15:18] rep=  14  mem=6432.8MB  sample ids
[18:15:18] rep=  14  mem=6433.1MB  left_join (many-to-many)
[18:15:18] rep=  14  mem=6773.0MB  estimate_choice_model: start
[18:15:50] rep=  14  mem=7377.5MB  estimate_choice_model: done
[18:15:50] rep=  14  mem=7377.5MB  compute per_rep + ch_*
[18:15:50] rep=  14  mem=7391.5MB  free big intermediates
[18:15:50] rep=  14  mem=6106.8MB  summarize_boot_rep
[18:15:51] rep=  14  mem=6106.8MB  fwrite csv
[18:15:51] rep=  14  mem=6106.8MB  rep done in 34.3s
[18:15:51] rep=  15  mem=6092.8MB  rep start
[18:15:51] rep=  15  mem=6092.8MB  filter market_data
[18:15:52] rep=  15  mem=6432.8MB  sample ids
[18:15:52] rep=  15  mem=6433.1MB  left_join (many-to-many)
[18:15:52] rep=  15  mem=6773.0MB  estimate_choice_model: start
[18:16:24] rep=  15  mem=7377.5MB  estimate_choice_model: done
[18:16:24] rep=  15  mem=7377.5MB  compute per_rep + ch_*
[18:16:24] rep=  15  mem=7391.5MB  free big intermediates
[18:16:25] rep=  15  mem=6106.8MB  summarize_boot_rep
[18:16:25] rep=  15  mem=6106.8MB  fwrite csv
[18:16:25] rep=  15  mem=6106.8MB  rep done in 34.2s
[18:16:26] rep=  16  mem=6092.8MB  rep start
[18:16:26] rep=  16  mem=6092.8MB  filter market_data
[18:16:26] rep=  16  mem=6432.8MB  sample ids
[18:16:26] rep=  16  mem=6433.1MB  left_join (many-to-many)
[18:16:27] rep=  16  mem=6773.0MB  estimate_choice_model: start
[18:16:58] rep=  16  mem=7377.5MB  estimate_choice_model: done
[18:16:58] rep=  16  mem=7377.5MB  compute per_rep + ch_*
[18:16:59] rep=  16  mem=7391.5MB  free big intermediates
[18:16:59] rep=  16  mem=6106.8MB  summarize_boot_rep
[18:17:00] rep=  16  mem=6106.8MB  fwrite csv
[18:17:00] rep=  16  mem=6106.8MB  rep done in 34.3s
[18:17:00] rep=  17  mem=6092.8MB  rep start
[18:17:00] rep=  17  mem=6092.8MB  filter market_data
[18:17:01] rep=  17  mem=6432.8MB  sample ids
[18:17:01] rep=  17  mem=6433.1MB  left_join (many-to-many)
[18:17:01] rep=  17  mem=6773.0MB  estimate_choice_model: start
[18:17:32] rep=  17  mem=7377.5MB  estimate_choice_model: done
[18:17:33] rep=  17  mem=7377.5MB  compute per_rep + ch_*
[18:17:33] rep=  17  mem=7391.5MB  free big intermediates
[18:17:33] rep=  17  mem=6106.8MB  summarize_boot_rep
[18:17:34] rep=  17  mem=6106.8MB  fwrite csv
[18:17:34] rep=  17  mem=6106.8MB  rep done in 34.0s
[18:17:34] rep=  18  mem=6092.8MB  rep start
[18:17:34] rep=  18  mem=6092.8MB  filter market_data
[18:17:35] rep=  18  mem=6432.8MB  sample ids
[18:17:35] rep=  18  mem=6433.1MB  left_join (many-to-many)
[18:17:35] rep=  18  mem=6773.0MB  estimate_choice_model: start
[18:18:07] rep=  18  mem=7377.4MB  estimate_choice_model: done
[18:18:07] rep=  18  mem=7377.4MB  compute per_rep + ch_*
[18:18:07] rep=  18  mem=7391.5MB  free big intermediates
[18:18:08] rep=  18  mem=6106.8MB  summarize_boot_rep
[18:18:08] rep=  18  mem=6106.8MB  fwrite csv
[18:18:08] rep=  18  mem=6106.8MB  rep done in 34.2s
[18:18:09] rep=  19  mem=6092.8MB  rep start
[18:18:09] rep=  19  mem=6092.8MB  filter market_data
[18:18:09] rep=  19  mem=6432.8MB  sample ids
[18:18:09] rep=  19  mem=6433.1MB  left_join (many-to-many)
[18:18:09] rep=  19  mem=6773.0MB  estimate_choice_model: start
[18:18:41] rep=  19  mem=7377.4MB  estimate_choice_model: done
[18:18:41] rep=  19  mem=7377.4MB  compute per_rep + ch_*
[18:18:41] rep=  19  mem=7391.4MB  free big intermediates
[18:18:42] rep=  19  mem=6106.8MB  summarize_boot_rep
[18:18:42] rep=  19  mem=6106.8MB  fwrite csv
[18:18:42] rep=  19  mem=6106.8MB  rep done in 33.8s
[18:18:42] rep=  20  mem=6092.8MB  rep start
[18:18:43] rep=  20  mem=6092.8MB  filter market_data
[18:18:43] rep=  20  mem=6432.8MB  sample ids
[18:18:43] rep=  20  mem=6433.1MB  left_join (many-to-many)
[18:18:43] rep=  20  mem=6773.0MB  estimate_choice_model: start
[18:19:15] rep=  20  mem=7377.5MB  estimate_choice_model: done
[18:19:15] rep=  20  mem=7377.5MB  compute per_rep + ch_*
[18:19:15] rep=  20  mem=7391.5MB  free big intermediates
[18:19:16] rep=  20  mem=6106.8MB  summarize_boot_rep
[18:19:16] rep=  20  mem=6106.8MB  fwrite csv
[18:19:16] rep=  20  mem=6106.8MB  rep done in 34.0s
[18:19:17] rep=  21  mem=6092.8MB  rep start
[18:19:17] rep=  21  mem=6092.8MB  filter market_data
[18:19:17] rep=  21  mem=6432.8MB  sample ids
[18:19:17] rep=  21  mem=6433.1MB  left_join (many-to-many)
[18:19:17] rep=  21  mem=6773.0MB  estimate_choice_model: start
[18:19:49] rep=  21  mem=7377.5MB  estimate_choice_model: done
[18:19:49] rep=  21  mem=7377.5MB  compute per_rep + ch_*
[18:19:49] rep=  21  mem=7391.5MB  free big intermediates
[18:19:50] rep=  21  mem=6106.8MB  summarize_boot_rep
[18:19:50] rep=  21  mem=6106.8MB  fwrite csv
[18:19:50] rep=  21  mem=6106.8MB  rep done in 33.9s
[18:19:51] rep=  22  mem=6092.8MB  rep start
[18:19:51] rep=  22  mem=6092.8MB  filter market_data
[18:19:51] rep=  22  mem=6432.8MB  sample ids
[18:19:51] rep=  22  mem=6433.1MB  left_join (many-to-many)
[18:19:51] rep=  22  mem=6773.0MB  estimate_choice_model: start
[18:20:23] rep=  22  mem=7377.5MB  estimate_choice_model: done
[18:20:23] rep=  22  mem=7377.5MB  compute per_rep + ch_*
[18:20:23] rep=  22  mem=7391.6MB  free big intermediates
[18:20:24] rep=  22  mem=6106.8MB  summarize_boot_rep
[18:20:24] rep=  22  mem=6106.8MB  fwrite csv
[18:20:24] rep=  22  mem=6106.8MB  rep done in 33.8s
[18:20:24] rep=  23  mem=6092.8MB  rep start
[18:20:25] rep=  23  mem=6092.8MB  filter market_data
[18:20:25] rep=  23  mem=6432.8MB  sample ids
[18:20:25] rep=  23  mem=6433.1MB  left_join (many-to-many)
[18:20:25] rep=  23  mem=6773.0MB  estimate_choice_model: start
[18:20:57] rep=  23  mem=7377.4MB  estimate_choice_model: done
[18:20:57] rep=  23  mem=7377.4MB  compute per_rep + ch_*
[18:20:57] rep=  23  mem=7391.5MB  free big intermediates
[18:20:57] rep=  23  mem=6106.8MB  summarize_boot_rep
[18:20:58] rep=  23  mem=6106.8MB  fwrite csv
[18:20:58] rep=  23  mem=6106.8MB  rep done in 33.8s
[18:20:58] rep=  24  mem=6092.8MB  rep start
[18:20:58] rep=  24  mem=6092.8MB  filter market_data
[18:20:59] rep=  24  mem=6432.8MB  sample ids
[18:20:59] rep=  24  mem=6433.1MB  left_join (many-to-many)
[18:20:59] rep=  24  mem=6773.0MB  estimate_choice_model: start
[18:21:31] rep=  24  mem=7377.5MB  estimate_choice_model: done
[18:21:31] rep=  24  mem=7377.5MB  compute per_rep + ch_*
[18:21:31] rep=  24  mem=7391.5MB  free big intermediates
[18:21:31] rep=  24  mem=6106.8MB  summarize_boot_rep
[18:21:32] rep=  24  mem=6106.8MB  fwrite csv
[18:21:32] rep=  24  mem=6106.8MB  rep done in 33.8s
[18:21:32] rep=  25  mem=6092.8MB  rep start
[18:21:32] rep=  25  mem=6092.8MB  filter market_data
[18:21:33] rep=  25  mem=6432.8MB  sample ids
[18:21:33] rep=  25  mem=6433.1MB  left_join (many-to-many)
[18:21:33] rep=  25  mem=6773.0MB  estimate_choice_model: start
[18:22:04] rep=  25  mem=7377.4MB  estimate_choice_model: done
[18:22:05] rep=  25  mem=7377.4MB  compute per_rep + ch_*
[18:22:05] rep=  25  mem=7391.5MB  free big intermediates
[18:22:05] rep=  25  mem=6106.8MB  summarize_boot_rep
[18:22:06] rep=  25  mem=6106.8MB  fwrite csv
[18:22:06] rep=  25  mem=6106.8MB  rep done in 33.9s
[18:22:06] rep=  26  mem=6092.8MB  rep start
[18:22:06] rep=  26  mem=6092.8MB  filter market_data
[18:22:07] rep=  26  mem=6432.8MB  sample ids
[18:22:07] rep=  26  mem=6433.1MB  left_join (many-to-many)
[18:22:07] rep=  26  mem=6773.0MB  estimate_choice_model: start
[18:22:38] rep=  26  mem=7377.5MB  estimate_choice_model: done
[18:22:38] rep=  26  mem=7377.5MB  compute per_rep + ch_*
[18:22:38] rep=  26  mem=7391.5MB  free big intermediates
[18:22:39] rep=  26  mem=6106.8MB  summarize_boot_rep
[18:22:39] rep=  26  mem=6106.8MB  fwrite csv
[18:22:39] rep=  26  mem=6106.8MB  rep done in 33.3s
[18:22:40] rep=  27  mem=6092.8MB  rep start
[18:22:40] rep=  27  mem=6092.8MB  filter market_data
[18:22:40] rep=  27  mem=6432.8MB  sample ids
[18:22:40] rep=  27  mem=6433.1MB  left_join (many-to-many)
[18:22:41] rep=  27  mem=6773.0MB  estimate_choice_model: start
[18:23:12] rep=  27  mem=7377.4MB  estimate_choice_model: done
[18:23:12] rep=  27  mem=7377.4MB  compute per_rep + ch_*
[18:23:13] rep=  27  mem=7391.5MB  free big intermediates
[18:23:13] rep=  27  mem=6106.8MB  summarize_boot_rep
[18:23:13] rep=  27  mem=6106.8MB  fwrite csv
[18:23:14] rep=  27  mem=6106.8MB  rep done in 34.0s
[18:23:14] rep=  28  mem=6092.8MB  rep start
[18:23:14] rep=  28  mem=6092.8MB  filter market_data
[18:23:14] rep=  28  mem=6432.8MB  sample ids
[18:23:14] rep=  28  mem=6433.1MB  left_join (many-to-many)
[18:23:15] rep=  28  mem=6773.0MB  estimate_choice_model: start
[18:23:46] rep=  28  mem=7377.4MB  estimate_choice_model: done
[18:23:46] rep=  28  mem=7377.4MB  compute per_rep + ch_*
[18:23:46] rep=  28  mem=7391.4MB  free big intermediates
[18:23:47] rep=  28  mem=6106.8MB  summarize_boot_rep
[18:23:47] rep=  28  mem=6106.8MB  fwrite csv
[18:23:47] rep=  28  mem=6106.8MB  rep done in 33.6s
[18:23:47] rep=  29  mem=6092.8MB  rep start
[18:23:48] rep=  29  mem=6092.8MB  filter market_data
[18:23:48] rep=  29  mem=6432.8MB  sample ids
[18:23:48] rep=  29  mem=6433.1MB  left_join (many-to-many)
[18:23:48] rep=  29  mem=6773.0MB  estimate_choice_model: start
[18:24:19] rep=  29  mem=7377.5MB  estimate_choice_model: done
[18:24:20] rep=  29  mem=7377.5MB  compute per_rep + ch_*
[18:24:20] rep=  29  mem=7391.5MB  free big intermediates
[18:24:20] rep=  29  mem=6106.8MB  summarize_boot_rep
[18:24:21] rep=  29  mem=6106.8MB  fwrite csv
[18:24:21] rep=  29  mem=6106.8MB  rep done in 33.7s
[18:24:21] rep=  30  mem=6092.8MB  rep start
[18:24:21] rep=  30  mem=6092.8MB  filter market_data
[18:24:22] rep=  30  mem=6432.8MB  sample ids
[18:24:22] rep=  30  mem=6433.1MB  left_join (many-to-many)
[18:24:22] rep=  30  mem=6773.0MB  estimate_choice_model: start
[18:24:53] rep=  30  mem=7377.5MB  estimate_choice_model: done
[18:24:53] rep=  30  mem=7377.5MB  compute per_rep + ch_*
[18:24:53] rep=  30  mem=7391.5MB  free big intermediates
[18:24:54] rep=  30  mem=6106.8MB  summarize_boot_rep
[18:24:54] rep=  30  mem=6106.8MB  fwrite csv
[18:24:54] rep=  30  mem=6106.8MB  rep done in 33.3s
[18:24:55] rep=  31  mem=6092.8MB  rep start
[18:24:55] rep=  31  mem=6092.8MB  filter market_data
[18:24:55] rep=  31  mem=6432.8MB  sample ids
[18:24:55] rep=  31  mem=6433.1MB  left_join (many-to-many)
[18:24:56] rep=  31  mem=6773.0MB  estimate_choice_model: start
[18:25:26] rep=  31  mem=7377.5MB  estimate_choice_model: done
[18:25:26] rep=  31  mem=7377.5MB  compute per_rep + ch_*
[18:25:27] rep=  31  mem=7391.5MB  free big intermediates
[18:25:27] rep=  31  mem=6106.8MB  summarize_boot_rep
[18:25:27] rep=  31  mem=6106.8MB  fwrite csv
[18:25:27] rep=  31  mem=6106.8MB  rep done in 32.9s
[18:25:28] rep=  32  mem=6092.8MB  rep start
[18:25:28] rep=  32  mem=6092.8MB  filter market_data
[18:25:28] rep=  32  mem=6432.8MB  sample ids
[18:25:28] rep=  32  mem=6433.1MB  left_join (many-to-many)
[18:25:29] rep=  32  mem=6773.0MB  estimate_choice_model: start
[18:26:00] rep=  32  mem=7377.5MB  estimate_choice_model: done
[18:26:00] rep=  32  mem=7377.5MB  compute per_rep + ch_*
[18:26:00] rep=  32  mem=7391.5MB  free big intermediates
[18:26:00] rep=  32  mem=6106.8MB  summarize_boot_rep
[18:26:01] rep=  32  mem=6106.8MB  fwrite csv
[18:26:01] rep=  32  mem=6106.8MB  rep done in 33.6s
[18:26:01] rep=  33  mem=6092.8MB  rep start
[18:26:01] rep=  33  mem=6092.8MB  filter market_data
[18:26:02] rep=  33  mem=6432.8MB  sample ids
[18:26:02] rep=  33  mem=6433.1MB  left_join (many-to-many)
[18:26:02] rep=  33  mem=6773.0MB  estimate_choice_model: start
[18:26:33] rep=  33  mem=7377.4MB  estimate_choice_model: done
[18:26:33] rep=  33  mem=7377.4MB  compute per_rep + ch_*
[18:26:34] rep=  33  mem=7391.5MB  free big intermediates
[18:26:34] rep=  33  mem=6106.8MB  summarize_boot_rep
[18:26:34] rep=  33  mem=6106.8MB  fwrite csv
[18:26:34] rep=  33  mem=6106.8MB  rep done in 33.2s
[18:26:35] rep=  34  mem=6092.8MB  rep start
[18:26:35] rep=  34  mem=6092.8MB  filter market_data
[18:26:35] rep=  34  mem=6432.8MB  sample ids
[18:26:35] rep=  34  mem=6433.1MB  left_join (many-to-many)
[18:26:36] rep=  34  mem=6773.0MB  estimate_choice_model: start
[18:27:07] rep=  34  mem=7377.5MB  estimate_choice_model: done
[18:27:07] rep=  34  mem=7377.5MB  compute per_rep + ch_*
[18:27:07] rep=  34  mem=7391.5MB  free big intermediates
[18:27:08] rep=  34  mem=6106.8MB  summarize_boot_rep
[18:27:08] rep=  34  mem=6106.8MB  fwrite csv
[18:27:08] rep=  34  mem=6106.8MB  rep done in 33.8s
[18:27:09] rep=  35  mem=6092.8MB  rep start
[18:27:09] rep=  35  mem=6092.8MB  filter market_data
[18:27:09] rep=  35  mem=6432.8MB  sample ids
[18:27:09] rep=  35  mem=6433.1MB  left_join (many-to-many)
[18:27:09] rep=  35  mem=6773.0MB  estimate_choice_model: start
[18:27:41] rep=  35  mem=7377.4MB  estimate_choice_model: done
[18:27:41] rep=  35  mem=7377.4MB  compute per_rep + ch_*
[18:27:41] rep=  35  mem=7391.5MB  free big intermediates
[18:27:41] rep=  35  mem=6106.8MB  summarize_boot_rep
[18:27:42] rep=  35  mem=6106.8MB  fwrite csv
[18:27:42] rep=  35  mem=6106.8MB  rep done in 33.6s
[18:27:42] rep=  36  mem=6092.8MB  rep start
[18:27:42] rep=  36  mem=6092.8MB  filter market_data
[18:27:43] rep=  36  mem=6432.8MB  sample ids
[18:27:43] rep=  36  mem=6433.1MB  left_join (many-to-many)
[18:27:43] rep=  36  mem=6773.0MB  estimate_choice_model: start
[18:28:14] rep=  36  mem=7377.5MB  estimate_choice_model: done
[18:28:14] rep=  36  mem=7377.5MB  compute per_rep + ch_*
[18:28:15] rep=  36  mem=7391.5MB  free big intermediates
[18:28:15] rep=  36  mem=6106.8MB  summarize_boot_rep
[18:28:16] rep=  36  mem=6106.8MB  fwrite csv
[18:28:16] rep=  36  mem=6106.8MB  rep done in 33.6s
[18:28:16] rep=   0  mem=6092.8MB  === session quota of 25 reps reached, exiting ===
[18:28:38] rep=   0  mem=6087.8MB  === runner start, market = 5 , reps_per_session = 25 ===
[18:28:38] rep=  37  mem=6087.8MB  rep start
[18:28:38] rep=  37  mem=6087.8MB  filter market_data
[18:28:39] rep=  37  mem=6427.8MB  sample ids
[18:28:39] rep=  37  mem=6428.1MB  left_join (many-to-many)
[18:28:39] rep=  37  mem=6768.2MB  estimate_choice_model: start
[18:29:10] rep=  37  mem=7377.1MB  estimate_choice_model: done
[18:29:10] rep=  37  mem=7377.1MB  compute per_rep + ch_*
[18:29:11] rep=  37  mem=7391.1MB  free big intermediates
[18:29:11] rep=  37  mem=6106.4MB  summarize_boot_rep
[18:29:12] rep=  37  mem=6106.7MB  fwrite csv
[18:29:12] rep=  37  mem=6106.7MB  rep done in 33.9s
[18:29:12] rep=  38  mem=6092.8MB  rep start
[18:29:12] rep=  38  mem=6092.8MB  filter market_data
[18:29:13] rep=  38  mem=6432.8MB  sample ids
[18:29:13] rep=  38  mem=6433.1MB  left_join (many-to-many)
[18:29:13] rep=  38  mem=6773.0MB  estimate_choice_model: start
[18:29:43] rep=  38  mem=7377.5MB  estimate_choice_model: done
[18:29:44] rep=  38  mem=7377.5MB  compute per_rep + ch_*
[18:29:44] rep=  38  mem=7391.5MB  free big intermediates
[18:29:44] rep=  38  mem=6106.8MB  summarize_boot_rep
[18:29:45] rep=  38  mem=6106.8MB  fwrite csv
[18:29:45] rep=  38  mem=6106.8MB  rep done in 33.1s
[18:29:45] rep=  39  mem=6092.8MB  rep start
[18:29:45] rep=  39  mem=6092.8MB  filter market_data
[18:29:46] rep=  39  mem=6432.8MB  sample ids
[18:29:46] rep=  39  mem=6433.1MB  left_join (many-to-many)
[18:29:46] rep=  39  mem=6773.0MB  estimate_choice_model: start
[18:30:17] rep=  39  mem=7377.5MB  estimate_choice_model: done
[18:30:17] rep=  39  mem=7377.5MB  compute per_rep + ch_*
[18:30:18] rep=  39  mem=7391.6MB  free big intermediates
[18:30:18] rep=  39  mem=6106.8MB  summarize_boot_rep
[18:30:19] rep=  39  mem=6106.8MB  fwrite csv
[18:30:19] rep=  39  mem=6106.8MB  rep done in 33.5s
[18:30:19] rep=  40  mem=6092.8MB  rep start
[18:30:19] rep=  40  mem=6092.8MB  filter market_data
[18:30:19] rep=  40  mem=6432.8MB  sample ids
[18:30:20] rep=  40  mem=6433.1MB  left_join (many-to-many)
[18:30:20] rep=  40  mem=6773.0MB  estimate_choice_model: start
[18:30:51] rep=  40  mem=7377.5MB  estimate_choice_model: done
[18:30:51] rep=  40  mem=7377.5MB  compute per_rep + ch_*
[18:30:51] rep=  40  mem=7391.5MB  free big intermediates
[18:30:51] rep=  40  mem=6106.8MB  summarize_boot_rep
[18:30:52] rep=  40  mem=6106.8MB  fwrite csv
[18:30:52] rep=  40  mem=6106.8MB  rep done in 33.3s
[18:30:52] rep=  41  mem=6092.8MB  rep start
[18:30:52] rep=  41  mem=6092.8MB  filter market_data
[18:30:53] rep=  41  mem=6432.8MB  sample ids
[18:30:53] rep=  41  mem=6433.1MB  left_join (many-to-many)
[18:30:53] rep=  41  mem=6773.0MB  estimate_choice_model: start
[18:31:24] rep=  41  mem=7377.5MB  estimate_choice_model: done
[18:31:24] rep=  41  mem=7377.5MB  compute per_rep + ch_*
[18:31:25] rep=  41  mem=7391.5MB  free big intermediates
[18:31:25] rep=  41  mem=6106.8MB  summarize_boot_rep
[18:31:26] rep=  41  mem=6106.8MB  fwrite csv
[18:31:26] rep=  41  mem=6106.8MB  rep done in 33.6s
[18:31:26] rep=  42  mem=6092.8MB  rep start
[18:31:26] rep=  42  mem=6092.8MB  filter market_data
[18:31:27] rep=  42  mem=6432.8MB  sample ids
[18:31:27] rep=  42  mem=6433.1MB  left_join (many-to-many)
[18:31:27] rep=  42  mem=6773.0MB  estimate_choice_model: start
[18:31:58] rep=  42  mem=7377.5MB  estimate_choice_model: done
[18:31:58] rep=  42  mem=7377.5MB  compute per_rep + ch_*
[18:31:58] rep=  42  mem=7391.5MB  free big intermediates
[18:31:59] rep=  42  mem=6106.8MB  summarize_boot_rep
[18:31:59] rep=  42  mem=6106.8MB  fwrite csv
[18:31:59] rep=  42  mem=6106.8MB  rep done in 33.4s
[18:32:00] rep=  43  mem=6092.8MB  rep start
[18:32:00] rep=  43  mem=6092.8MB  filter market_data
[18:32:00] rep=  43  mem=6432.8MB  sample ids
[18:32:00] rep=  43  mem=6433.1MB  left_join (many-to-many)
[18:32:01] rep=  43  mem=6773.0MB  estimate_choice_model: start
[18:32:31] rep=  43  mem=7377.5MB  estimate_choice_model: done
[18:32:31] rep=  43  mem=7377.5MB  compute per_rep + ch_*
[18:32:32] rep=  43  mem=7391.5MB  free big intermediates
[18:32:32] rep=  43  mem=6106.8MB  summarize_boot_rep
[18:32:33] rep=  43  mem=6106.8MB  fwrite csv
[18:32:33] rep=  43  mem=6106.8MB  rep done in 33.3s
[18:32:33] rep=  44  mem=6092.8MB  rep start
[18:32:33] rep=  44  mem=6092.8MB  filter market_data
[18:32:34] rep=  44  mem=6432.8MB  sample ids
[18:32:34] rep=  44  mem=6433.1MB  left_join (many-to-many)
[18:32:34] rep=  44  mem=6773.0MB  estimate_choice_model: start
[18:33:05] rep=  44  mem=7377.4MB  estimate_choice_model: done
[18:33:05] rep=  44  mem=7377.4MB  compute per_rep + ch_*
[18:33:05] rep=  44  mem=7391.5MB  free big intermediates
[18:33:06] rep=  44  mem=6106.8MB  summarize_boot_rep
[18:33:06] rep=  44  mem=6106.8MB  fwrite csv
[18:33:06] rep=  44  mem=6106.8MB  rep done in 33.4s
[18:33:06] rep=  45  mem=6092.8MB  rep start
[18:33:07] rep=  45  mem=6092.8MB  filter market_data
[18:33:07] rep=  45  mem=6432.8MB  sample ids
[18:33:07] rep=  45  mem=6433.1MB  left_join (many-to-many)
[18:33:07] rep=  45  mem=6773.0MB  estimate_choice_model: start
[18:33:39] rep=  45  mem=7377.5MB  estimate_choice_model: done
[18:33:39] rep=  45  mem=7377.5MB  compute per_rep + ch_*
[18:33:39] rep=  45  mem=7391.5MB  free big intermediates
[18:33:39] rep=  45  mem=6106.8MB  summarize_boot_rep
[18:33:40] rep=  45  mem=6106.8MB  fwrite csv
[18:33:40] rep=  45  mem=6106.8MB  rep done in 33.8s
[18:33:40] rep=  46  mem=6092.8MB  rep start
[18:33:40] rep=  46  mem=6092.8MB  filter market_data
[18:33:41] rep=  46  mem=6432.8MB  sample ids
[18:33:41] rep=  46  mem=6433.1MB  left_join (many-to-many)
[18:33:41] rep=  46  mem=6773.0MB  estimate_choice_model: start
[18:34:13] rep=  46  mem=7377.5MB  estimate_choice_model: done
[18:34:13] rep=  46  mem=7377.5MB  compute per_rep + ch_*
[18:34:13] rep=  46  mem=7391.5MB  free big intermediates
[18:34:14] rep=  46  mem=6106.8MB  summarize_boot_rep
[18:34:14] rep=  46  mem=6106.8MB  fwrite csv
[18:34:14] rep=  46  mem=6106.8MB  rep done in 34.0s
[18:34:14] rep=  47  mem=6092.8MB  rep start
[18:34:15] rep=  47  mem=6092.8MB  filter market_data
[18:34:15] rep=  47  mem=6432.8MB  sample ids
[18:34:15] rep=  47  mem=6433.1MB  left_join (many-to-many)
[18:34:15] rep=  47  mem=6773.0MB  estimate_choice_model: start
[18:34:47] rep=  47  mem=7377.4MB  estimate_choice_model: done
[18:34:47] rep=  47  mem=7377.4MB  compute per_rep + ch_*
[18:34:47] rep=  47  mem=7391.5MB  free big intermediates
[18:34:47] rep=  47  mem=6106.8MB  summarize_boot_rep
[18:34:48] rep=  47  mem=6106.8MB  fwrite csv
[18:34:48] rep=  47  mem=6106.8MB  rep done in 33.8s
[18:34:48] rep=  48  mem=6092.8MB  rep start
[18:34:48] rep=  48  mem=6092.8MB  filter market_data
[18:34:49] rep=  48  mem=6432.8MB  sample ids
[18:34:49] rep=  48  mem=6433.1MB  left_join (many-to-many)
[18:34:49] rep=  48  mem=6773.0MB  estimate_choice_model: start
[18:35:20] rep=  48  mem=7377.4MB  estimate_choice_model: done
[18:35:20] rep=  48  mem=7377.4MB  compute per_rep + ch_*
[18:35:21] rep=  48  mem=7391.5MB  free big intermediates
[18:35:21] rep=  48  mem=6106.8MB  summarize_boot_rep
[18:35:22] rep=  48  mem=6106.8MB  fwrite csv
[18:35:22] rep=  48  mem=6106.8MB  rep done in 33.5s
[18:35:22] rep=  49  mem=6092.8MB  rep start
[18:35:22] rep=  49  mem=6092.8MB  filter market_data
[18:35:22] rep=  49  mem=6432.8MB  sample ids
[18:35:23] rep=  49  mem=6433.1MB  left_join (many-to-many)
[18:35:23] rep=  49  mem=6773.0MB  estimate_choice_model: start
[18:35:54] rep=  49  mem=7377.5MB  estimate_choice_model: done
[18:35:54] rep=  49  mem=7377.5MB  compute per_rep + ch_*
[18:35:54] rep=  49  mem=7391.6MB  free big intermediates
[18:35:54] rep=  49  mem=6106.8MB  summarize_boot_rep
[18:35:55] rep=  49  mem=6106.8MB  fwrite csv
[18:35:55] rep=  49  mem=6106.8MB  rep done in 33.2s
[18:35:55] rep=  50  mem=6092.8MB  rep start
[18:35:55] rep=  50  mem=6092.8MB  filter market_data
[18:35:56] rep=  50  mem=6432.8MB  sample ids
[18:35:56] rep=  50  mem=6433.1MB  left_join (many-to-many)
[18:35:56] rep=  50  mem=6773.0MB  estimate_choice_model: start
[18:36:27] rep=  50  mem=7377.4MB  estimate_choice_model: done
[18:36:27] rep=  50  mem=7377.4MB  compute per_rep + ch_*
[18:36:27] rep=  50  mem=7391.5MB  free big intermediates
[18:36:28] rep=  50  mem=6106.8MB  summarize_boot_rep
[18:36:28] rep=  50  mem=6106.8MB  fwrite csv
[18:36:28] rep=  50  mem=6106.8MB  rep done in 33.1s
[18:36:29] rep=  51  mem=6092.8MB  rep start
[18:36:29] rep=  51  mem=6092.8MB  filter market_data
[18:36:29] rep=  51  mem=6432.8MB  sample ids
[18:36:29] rep=  51  mem=6433.1MB  left_join (many-to-many)
[18:36:29] rep=  51  mem=6773.0MB  estimate_choice_model: start
[18:37:01] rep=  51  mem=7377.5MB  estimate_choice_model: done
[18:37:01] rep=  51  mem=7377.5MB  compute per_rep + ch_*
[18:37:01] rep=  51  mem=7391.5MB  free big intermediates
[18:37:02] rep=  51  mem=6106.8MB  summarize_boot_rep
[18:37:02] rep=  51  mem=6106.8MB  fwrite csv
[18:37:02] rep=  51  mem=6106.8MB  rep done in 33.8s
[18:37:02] rep=  52  mem=6092.8MB  rep start
[18:37:03] rep=  52  mem=6092.8MB  filter market_data
[18:37:03] rep=  52  mem=6432.8MB  sample ids
[18:37:03] rep=  52  mem=6433.1MB  left_join (many-to-many)
[18:37:03] rep=  52  mem=6773.0MB  estimate_choice_model: start
[18:37:34] rep=  52  mem=7377.5MB  estimate_choice_model: done
[18:37:34] rep=  52  mem=7377.5MB  compute per_rep + ch_*
[18:37:35] rep=  52  mem=7391.5MB  free big intermediates
[18:37:35] rep=  52  mem=6106.8MB  summarize_boot_rep
[18:37:35] rep=  52  mem=6106.8MB  fwrite csv
[18:37:36] rep=  52  mem=6106.8MB  rep done in 33.2s
[18:37:36] rep=  53  mem=6092.8MB  rep start
[18:37:36] rep=  53  mem=6092.8MB  filter market_data
[18:37:36] rep=  53  mem=6432.8MB  sample ids
[18:37:36] rep=  53  mem=6433.1MB  left_join (many-to-many)
[18:37:37] rep=  53  mem=6773.0MB  estimate_choice_model: start
[18:38:08] rep=  53  mem=7377.5MB  estimate_choice_model: done
[18:38:08] rep=  53  mem=7377.5MB  compute per_rep + ch_*
[18:38:08] rep=  53  mem=7391.5MB  free big intermediates
[18:38:09] rep=  53  mem=6106.8MB  summarize_boot_rep
[18:38:09] rep=  53  mem=6106.8MB  fwrite csv
[18:38:09] rep=  53  mem=6106.8MB  rep done in 33.8s
[18:38:10] rep=  54  mem=6092.8MB  rep start
[18:38:10] rep=  54  mem=6092.8MB  filter market_data
[18:38:10] rep=  54  mem=6432.8MB  sample ids
[18:38:10] rep=  54  mem=6433.1MB  left_join (many-to-many)
[18:38:11] rep=  54  mem=6773.0MB  estimate_choice_model: start
[18:38:41] rep=  54  mem=7377.5MB  estimate_choice_model: done
[18:38:41] rep=  54  mem=7377.5MB  compute per_rep + ch_*
[18:38:42] rep=  54  mem=7391.5MB  free big intermediates
[18:38:42] rep=  54  mem=6106.8MB  summarize_boot_rep
[18:38:43] rep=  54  mem=6106.8MB  fwrite csv
[18:38:43] rep=  54  mem=6106.8MB  rep done in 33.3s
[18:38:43] rep=  55  mem=6092.8MB  rep start
[18:38:43] rep=  55  mem=6092.8MB  filter market_data
[18:38:44] rep=  55  mem=6432.8MB  sample ids
[18:38:44] rep=  55  mem=6433.1MB  left_join (many-to-many)
[18:38:44] rep=  55  mem=6773.0MB  estimate_choice_model: start
[18:39:15] rep=  55  mem=7377.5MB  estimate_choice_model: done
[18:39:15] rep=  55  mem=7377.5MB  compute per_rep + ch_*
[18:39:15] rep=  55  mem=7391.5MB  free big intermediates
[18:39:16] rep=  55  mem=6106.8MB  summarize_boot_rep
[18:39:16] rep=  55  mem=6106.8MB  fwrite csv
[18:39:16] rep=  55  mem=6106.8MB  rep done in 33.5s
[18:39:17] rep=  56  mem=6092.8MB  rep start
[18:39:17] rep=  56  mem=6092.8MB  filter market_data
[18:39:17] rep=  56  mem=6432.8MB  sample ids
[18:39:17] rep=  56  mem=6433.1MB  left_join (many-to-many)
[18:39:18] rep=  56  mem=6773.0MB  estimate_choice_model: start
[18:39:48] rep=  56  mem=7377.5MB  estimate_choice_model: done
[18:39:49] rep=  56  mem=7377.5MB  compute per_rep + ch_*
[18:39:49] rep=  56  mem=7391.5MB  free big intermediates
[18:39:49] rep=  56  mem=6106.8MB  summarize_boot_rep
[18:40:11] rep=   0  mem=6087.8MB  === runner start, market = 5 , reps_per_session = 25 ===
[18:40:11] rep=  56  mem=6087.8MB  rep start
[18:40:11] rep=  56  mem=6087.8MB  filter market_data
[18:40:11] rep=  56  mem=6427.8MB  sample ids
[18:40:11] rep=  56  mem=6428.1MB  left_join (many-to-many)
[18:40:12] rep=  56  mem=6768.2MB  estimate_choice_model: start
[18:40:42] rep=  56  mem=7377.1MB  estimate_choice_model: done
[18:40:42] rep=  56  mem=7377.1MB  compute per_rep + ch_*
[18:40:43] rep=  56  mem=7391.1MB  free big intermediates
[18:40:43] rep=  56  mem=6106.4MB  summarize_boot_rep
[18:40:44] rep=  56  mem=6106.7MB  fwrite csv
[18:40:44] rep=  56  mem=6106.7MB  rep done in 33.3s
[18:40:44] rep=  57  mem=6092.8MB  rep start
[18:40:44] rep=  57  mem=6092.8MB  filter market_data
[18:40:45] rep=  57  mem=6432.8MB  sample ids
[18:40:45] rep=  57  mem=6433.1MB  left_join (many-to-many)
[18:40:45] rep=  57  mem=6773.0MB  estimate_choice_model: start
[18:41:16] rep=  57  mem=7377.5MB  estimate_choice_model: done
[18:41:16] rep=  57  mem=7377.5MB  compute per_rep + ch_*
[18:41:16] rep=  57  mem=7391.5MB  free big intermediates
[18:41:16] rep=  57  mem=6106.8MB  summarize_boot_rep
[18:41:17] rep=  57  mem=6106.8MB  fwrite csv
[18:41:17] rep=  57  mem=6106.8MB  rep done in 33.2s
[18:41:17] rep=  58  mem=6092.8MB  rep start
[18:41:18] rep=  58  mem=6092.8MB  filter market_data
[18:41:18] rep=  58  mem=6432.8MB  sample ids
[18:41:18] rep=  58  mem=6433.1MB  left_join (many-to-many)
[18:41:18] rep=  58  mem=6773.0MB  estimate_choice_model: start
[18:41:49] rep=  58  mem=7377.5MB  estimate_choice_model: done
[18:41:49] rep=  58  mem=7377.5MB  compute per_rep + ch_*
[18:41:50] rep=  58  mem=7391.5MB  free big intermediates
[18:41:50] rep=  58  mem=6106.8MB  summarize_boot_rep
[18:41:50] rep=  58  mem=6106.8MB  fwrite csv
[18:41:51] rep=  58  mem=6106.8MB  rep done in 33.3s
[18:41:51] rep=  59  mem=6092.8MB  rep start
[18:41:51] rep=  59  mem=6092.8MB  filter market_data
[18:41:51] rep=  59  mem=6432.8MB  sample ids
[18:41:51] rep=  59  mem=6433.1MB  left_join (many-to-many)
[18:41:52] rep=  59  mem=6773.0MB  estimate_choice_model: start
[18:42:22] rep=  59  mem=7377.5MB  estimate_choice_model: done
[18:42:22] rep=  59  mem=7377.5MB  compute per_rep + ch_*
[18:42:23] rep=  59  mem=7391.5MB  free big intermediates
[18:42:23] rep=  59  mem=6106.8MB  summarize_boot_rep
[18:42:24] rep=  59  mem=6106.8MB  fwrite csv
[18:42:24] rep=  59  mem=6106.8MB  rep done in 33.1s
[18:42:24] rep=  60  mem=6092.8MB  rep start
[18:42:24] rep=  60  mem=6092.8MB  filter market_data
[18:42:24] rep=  60  mem=6432.8MB  sample ids
[18:42:25] rep=  60  mem=6433.1MB  left_join (many-to-many)
[18:42:25] rep=  60  mem=6773.0MB  estimate_choice_model: start
[18:42:55] rep=  60  mem=7377.4MB  estimate_choice_model: done
[18:42:55] rep=  60  mem=7377.4MB  compute per_rep + ch_*
[18:42:56] rep=  60  mem=7391.4MB  free big intermediates
[18:42:56] rep=  60  mem=6106.8MB  summarize_boot_rep
[18:42:57] rep=  60  mem=6106.8MB  fwrite csv
[18:42:57] rep=  60  mem=6106.8MB  rep done in 33.0s
[18:42:57] rep=  61  mem=6092.8MB  rep start
[18:42:57] rep=  61  mem=6092.8MB  filter market_data
[18:42:58] rep=  61  mem=6432.8MB  sample ids
[18:42:58] rep=  61  mem=6433.1MB  left_join (many-to-many)
[18:42:58] rep=  61  mem=6773.0MB  estimate_choice_model: start
[18:43:29] rep=  61  mem=7377.5MB  estimate_choice_model: done
[18:43:29] rep=  61  mem=7377.5MB  compute per_rep + ch_*
[18:43:29] rep=  61  mem=7391.6MB  free big intermediates
[18:43:29] rep=  61  mem=6106.8MB  summarize_boot_rep
[18:43:30] rep=  61  mem=6106.8MB  fwrite csv
[18:43:30] rep=  61  mem=6106.8MB  rep done in 33.2s
[18:43:30] rep=  62  mem=6092.8MB  rep start
[18:43:30] rep=  62  mem=6092.8MB  filter market_data
[18:43:31] rep=  62  mem=6432.8MB  sample ids
[18:43:31] rep=  62  mem=6433.1MB  left_join (many-to-many)
[18:43:31] rep=  62  mem=6773.0MB  estimate_choice_model: start
[18:44:02] rep=  62  mem=7377.5MB  estimate_choice_model: done
[18:44:02] rep=  62  mem=7377.5MB  compute per_rep + ch_*
[18:44:02] rep=  62  mem=7391.5MB  free big intermediates
[18:44:03] rep=  62  mem=6106.8MB  summarize_boot_rep
[18:44:03] rep=  62  mem=6106.8MB  fwrite csv
[18:44:03] rep=  62  mem=6106.8MB  rep done in 33.1s
[18:44:04] rep=  63  mem=6092.8MB  rep start
[18:44:04] rep=  63  mem=6092.8MB  filter market_data
[18:44:04] rep=  63  mem=6432.8MB  sample ids
[18:44:04] rep=  63  mem=6433.1MB  left_join (many-to-many)
[18:44:04] rep=  63  mem=6773.0MB  estimate_choice_model: start
[18:44:35] rep=  63  mem=7377.5MB  estimate_choice_model: done
[18:44:36] rep=  63  mem=7377.5MB  compute per_rep + ch_*
[18:44:36] rep=  63  mem=7391.5MB  free big intermediates
[18:44:36] rep=  63  mem=6106.8MB  summarize_boot_rep
[18:44:37] rep=  63  mem=6106.8MB  fwrite csv
[18:44:37] rep=  63  mem=6106.8MB  rep done in 33.5s
[18:44:37] rep=  64  mem=6092.8MB  rep start
[18:44:37] rep=  64  mem=6092.8MB  filter market_data
[18:44:38] rep=  64  mem=6432.8MB  sample ids
[18:44:38] rep=  64  mem=6433.1MB  left_join (many-to-many)
[18:44:38] rep=  64  mem=6773.0MB  estimate_choice_model: start
[18:45:09] rep=  64  mem=7377.5MB  estimate_choice_model: done
[18:45:09] rep=  64  mem=7377.5MB  compute per_rep + ch_*
[18:45:09] rep=  64  mem=7391.5MB  free big intermediates
[18:45:10] rep=  64  mem=6106.8MB  summarize_boot_rep
[18:45:10] rep=  64  mem=6106.8MB  fwrite csv
[18:45:10] rep=  64  mem=6106.8MB  rep done in 33.4s
[18:45:11] rep=  65  mem=6092.8MB  rep start
[18:45:11] rep=  65  mem=6092.8MB  filter market_data
[18:45:11] rep=  65  mem=6432.8MB  sample ids
[18:45:11] rep=  65  mem=6433.1MB  left_join (many-to-many)
[18:45:12] rep=  65  mem=6773.0MB  estimate_choice_model: start
[18:45:42] rep=  65  mem=7377.4MB  estimate_choice_model: done
[18:45:42] rep=  65  mem=7377.4MB  compute per_rep + ch_*
[18:45:43] rep=  65  mem=7391.4MB  free big intermediates
[18:45:43] rep=  65  mem=6106.8MB  summarize_boot_rep
[18:45:44] rep=  65  mem=6106.8MB  fwrite csv
[18:45:44] rep=  65  mem=6106.8MB  rep done in 33.2s
[18:45:44] rep=  66  mem=6092.8MB  rep start
[18:45:44] rep=  66  mem=6092.8MB  filter market_data
[18:45:45] rep=  66  mem=6432.8MB  sample ids
[18:45:45] rep=  66  mem=6433.1MB  left_join (many-to-many)
[18:45:45] rep=  66  mem=6773.0MB  estimate_choice_model: start
[18:46:16] rep=  66  mem=7377.4MB  estimate_choice_model: done
[18:46:16] rep=  66  mem=7377.4MB  compute per_rep + ch_*
[18:46:16] rep=  66  mem=7391.5MB  free big intermediates
[18:46:17] rep=  66  mem=6106.8MB  summarize_boot_rep
[18:46:17] rep=  66  mem=6106.8MB  fwrite csv
[18:46:17] rep=  66  mem=6106.8MB  rep done in 33.4s
[18:46:17] rep=  67  mem=6092.8MB  rep start
[18:46:18] rep=  67  mem=6092.8MB  filter market_data
[18:46:18] rep=  67  mem=6432.8MB  sample ids
[18:46:18] rep=  67  mem=6433.1MB  left_join (many-to-many)
[18:46:18] rep=  67  mem=6773.0MB  estimate_choice_model: start
[18:46:49] rep=  67  mem=7377.5MB  estimate_choice_model: done
[18:46:49] rep=  67  mem=7377.5MB  compute per_rep + ch_*
[18:46:49] rep=  67  mem=7391.5MB  free big intermediates
[18:46:49] rep=  67  mem=6106.8MB  summarize_boot_rep
[18:46:50] rep=  67  mem=6106.8MB  fwrite csv
[18:46:50] rep=  67  mem=6106.8MB  rep done in 32.8s
[18:46:50] rep=  68  mem=6092.8MB  rep start
[18:46:50] rep=  68  mem=6092.8MB  filter market_data
[18:46:51] rep=  68  mem=6432.8MB  sample ids
[18:46:51] rep=  68  mem=6433.1MB  left_join (many-to-many)
[18:46:51] rep=  68  mem=6773.0MB  estimate_choice_model: start
[18:47:22] rep=  68  mem=7377.5MB  estimate_choice_model: done
[18:47:22] rep=  68  mem=7377.5MB  compute per_rep + ch_*
[18:47:22] rep=  68  mem=7391.5MB  free big intermediates
[18:47:23] rep=  68  mem=6106.8MB  summarize_boot_rep
[18:47:23] rep=  68  mem=6106.8MB  fwrite csv
[18:47:23] rep=  68  mem=6106.8MB  rep done in 33.1s
[18:47:24] rep=  69  mem=6092.8MB  rep start
[18:47:24] rep=  69  mem=6092.8MB  filter market_data
[18:47:24] rep=  69  mem=6432.8MB  sample ids
[18:47:24] rep=  69  mem=6433.1MB  left_join (many-to-many)
[18:47:24] rep=  69  mem=6773.0MB  estimate_choice_model: start
[18:47:55] rep=  69  mem=7377.5MB  estimate_choice_model: done
[18:47:55] rep=  69  mem=7377.5MB  compute per_rep + ch_*
[18:47:56] rep=  69  mem=7391.5MB  free big intermediates
[18:47:56] rep=  69  mem=6106.8MB  summarize_boot_rep
[18:47:57] rep=  69  mem=6106.8MB  fwrite csv
[18:47:57] rep=  69  mem=6106.8MB  rep done in 33.4s
[18:47:57] rep=  70  mem=6092.8MB  rep start
[18:47:57] rep=  70  mem=6092.8MB  filter market_data
[18:47:58] rep=  70  mem=6432.8MB  sample ids
[18:47:58] rep=  70  mem=6433.1MB  left_join (many-to-many)
[18:47:58] rep=  70  mem=6773.0MB  estimate_choice_model: start
[18:48:28] rep=  70  mem=7377.4MB  estimate_choice_model: done
[18:48:28] rep=  70  mem=7377.4MB  compute per_rep + ch_*
[18:48:29] rep=  70  mem=7391.4MB  free big intermediates
[18:48:29] rep=  70  mem=6106.8MB  summarize_boot_rep
[18:48:30] rep=  70  mem=6106.8MB  fwrite csv
[18:48:30] rep=  70  mem=6106.8MB  rep done in 32.9s
[18:48:30] rep=  71  mem=6092.8MB  rep start
[18:48:30] rep=  71  mem=6092.8MB  filter market_data
[18:48:31] rep=  71  mem=6432.8MB  sample ids
[18:48:31] rep=  71  mem=6433.1MB  left_join (many-to-many)
[18:48:31] rep=  71  mem=6773.0MB  estimate_choice_model: start
[18:49:01] rep=  71  mem=7377.4MB  estimate_choice_model: done
[18:49:02] rep=  71  mem=7377.4MB  compute per_rep + ch_*
[18:49:02] rep=  71  mem=7391.5MB  free big intermediates
[18:49:02] rep=  71  mem=6106.8MB  summarize_boot_rep
[18:49:03] rep=  71  mem=6106.8MB  fwrite csv
[18:49:03] rep=  71  mem=6106.8MB  rep done in 33.1s
[18:49:03] rep=  72  mem=6092.8MB  rep start
[18:49:03] rep=  72  mem=6092.8MB  filter market_data
[18:49:04] rep=  72  mem=6432.8MB  sample ids
[18:49:04] rep=  72  mem=6433.1MB  left_join (many-to-many)
[18:49:04] rep=  72  mem=6773.0MB  estimate_choice_model: start
[18:49:37] rep=  72  mem=7377.4MB  estimate_choice_model: done
[18:49:37] rep=  72  mem=7377.4MB  compute per_rep + ch_*
[18:49:37] rep=  72  mem=7391.5MB  free big intermediates
[18:49:38] rep=  72  mem=6106.8MB  summarize_boot_rep
[18:49:38] rep=  72  mem=6106.8MB  fwrite csv
[18:49:38] rep=  72  mem=6106.8MB  rep done in 35.3s
[18:49:39] rep=  73  mem=6092.8MB  rep start
[18:49:39] rep=  73  mem=6092.8MB  filter market_data
[18:49:39] rep=  73  mem=6432.8MB  sample ids
[18:49:39] rep=  73  mem=6433.1MB  left_join (many-to-many)
[18:49:40] rep=  73  mem=6773.0MB  estimate_choice_model: start
[18:50:18] rep=  73  mem=7377.5MB  estimate_choice_model: done
[18:50:18] rep=  73  mem=7377.5MB  compute per_rep + ch_*
[18:50:18] rep=  73  mem=7391.6MB  free big intermediates
[18:50:19] rep=  73  mem=6106.8MB  summarize_boot_rep
[18:50:19] rep=  73  mem=6106.8MB  fwrite csv
[18:50:19] rep=  73  mem=6106.8MB  rep done in 40.8s
[18:50:20] rep=  74  mem=6092.8MB  rep start
[18:50:20] rep=  74  mem=6092.8MB  filter market_data
[18:50:20] rep=  74  mem=6432.8MB  sample ids
[18:50:20] rep=  74  mem=6433.1MB  left_join (many-to-many)
[18:50:21] rep=  74  mem=6773.0MB  estimate_choice_model: start
[18:50:57] rep=  74  mem=7377.5MB  estimate_choice_model: done
[18:50:57] rep=  74  mem=7377.5MB  compute per_rep + ch_*
[18:50:57] rep=  74  mem=7391.5MB  free big intermediates
[18:50:58] rep=  74  mem=6106.8MB  summarize_boot_rep
[18:50:58] rep=  74  mem=6106.8MB  fwrite csv
[18:50:58] rep=  74  mem=6106.8MB  rep done in 38.9s
[18:50:59] rep=  75  mem=6092.8MB  rep start
[18:50:59] rep=  75  mem=6092.8MB  filter market_data
[18:50:59] rep=  75  mem=6432.8MB  sample ids
[18:50:59] rep=  75  mem=6433.1MB  left_join (many-to-many)
[18:51:00] rep=  75  mem=6773.0MB  estimate_choice_model: start
[18:51:34] rep=  75  mem=7377.5MB  estimate_choice_model: done
[18:51:34] rep=  75  mem=7377.5MB  compute per_rep + ch_*
[18:51:35] rep=  75  mem=7391.5MB  free big intermediates
[18:51:35] rep=  75  mem=6106.8MB  summarize_boot_rep
[18:51:36] rep=  75  mem=6106.8MB  fwrite csv
[18:51:36] rep=  75  mem=6106.8MB  rep done in 37.3s
[18:51:36] rep=  76  mem=6092.8MB  rep start
[18:51:36] rep=  76  mem=6092.8MB  filter market_data
[18:51:37] rep=  76  mem=6432.8MB  sample ids
[18:51:37] rep=  76  mem=6433.1MB  left_join (many-to-many)
[18:51:37] rep=  76  mem=6773.0MB  estimate_choice_model: start
[18:52:16] rep=  76  mem=7377.5MB  estimate_choice_model: done
[18:52:16] rep=  76  mem=7377.5MB  compute per_rep + ch_*
[18:52:17] rep=  76  mem=7391.5MB  free big intermediates
[18:52:17] rep=  76  mem=6106.8MB  summarize_boot_rep
[18:52:17] rep=  76  mem=6106.8MB  fwrite csv
[18:52:18] rep=  76  mem=6106.8MB  rep done in 41.7s
[18:52:18] rep=  77  mem=6092.8MB  rep start
[18:52:18] rep=  77  mem=6092.8MB  filter market_data
[18:52:18] rep=  77  mem=6432.8MB  sample ids
[18:52:18] rep=  77  mem=6433.1MB  left_join (many-to-many)
[18:52:19] rep=  77  mem=6773.0MB  estimate_choice_model: start
[18:52:56] rep=  77  mem=7377.5MB  estimate_choice_model: done
[18:52:56] rep=  77  mem=7377.5MB  compute per_rep + ch_*
[18:52:56] rep=  77  mem=7391.5MB  free big intermediates
[18:52:56] rep=  77  mem=6106.8MB  summarize_boot_rep
[18:52:57] rep=  77  mem=6106.8MB  fwrite csv
[18:52:57] rep=  77  mem=6106.8MB  rep done in 39.4s
[18:52:57] rep=  78  mem=6092.8MB  rep start
[18:52:57] rep=  78  mem=6092.8MB  filter market_data
[18:52:58] rep=  78  mem=6432.8MB  sample ids
[18:52:58] rep=  78  mem=6433.1MB  left_join (many-to-many)
[18:52:58] rep=  78  mem=6773.0MB  estimate_choice_model: start
[18:53:31] rep=  78  mem=7377.4MB  estimate_choice_model: done
[18:53:31] rep=  78  mem=7377.4MB  compute per_rep + ch_*
[18:53:32] rep=  78  mem=7391.5MB  free big intermediates
[18:53:32] rep=  78  mem=6106.8MB  summarize_boot_rep
[18:53:33] rep=  78  mem=6106.8MB  fwrite csv
[18:53:33] rep=  78  mem=6106.8MB  rep done in 35.4s
[18:53:33] rep=  79  mem=6092.8MB  rep start
[18:53:33] rep=  79  mem=6092.8MB  filter market_data
[18:53:33] rep=  79  mem=6432.8MB  sample ids
[18:53:34] rep=  79  mem=6433.1MB  left_join (many-to-many)
[18:53:34] rep=  79  mem=6773.0MB  estimate_choice_model: start
[18:54:06] rep=  79  mem=7377.5MB  estimate_choice_model: done
[18:54:07] rep=  79  mem=7377.5MB  compute per_rep + ch_*
[18:54:07] rep=  79  mem=7391.5MB  free big intermediates
[18:54:07] rep=  79  mem=6106.8MB  summarize_boot_rep
[18:54:08] rep=  79  mem=6106.8MB  fwrite csv
[18:54:08] rep=  79  mem=6106.8MB  rep done in 35.2s
[18:54:08] rep=  80  mem=6092.8MB  rep start
[18:54:08] rep=  80  mem=6092.8MB  filter market_data
[18:54:09] rep=  80  mem=6432.8MB  sample ids
[18:54:09] rep=  80  mem=6433.1MB  left_join (many-to-many)
[18:54:09] rep=  80  mem=6773.0MB  estimate_choice_model: start
[18:54:41] rep=  80  mem=7377.5MB  estimate_choice_model: done
[18:54:41] rep=  80  mem=7377.5MB  compute per_rep + ch_*
[18:54:42] rep=  80  mem=7391.5MB  free big intermediates
[18:54:42] rep=  80  mem=6106.8MB  summarize_boot_rep
[18:54:43] rep=  80  mem=6106.8MB  fwrite csv
[18:54:43] rep=  80  mem=6106.8MB  rep done in 34.8s
[18:54:43] rep=   0  mem=6092.8MB  === session quota of 25 reps reached, exiting ===
[18:55:06] rep=   0  mem=6087.8MB  === runner start, market = 5 , reps_per_session = 25 ===
[18:55:06] rep=  81  mem=6087.8MB  rep start
[18:55:06] rep=  81  mem=6087.8MB  filter market_data
[18:55:06] rep=  81  mem=6427.8MB  sample ids
[18:55:07] rep=  81  mem=6428.1MB  left_join (many-to-many)
[18:55:07] rep=  81  mem=6768.2MB  estimate_choice_model: start
[18:55:39] rep=  81  mem=7377.0MB  estimate_choice_model: done
[18:55:39] rep=  81  mem=7377.0MB  compute per_rep + ch_*
[18:55:39] rep=  81  mem=7391.1MB  free big intermediates
[18:55:39] rep=  81  mem=6106.4MB  summarize_boot_rep
[18:55:40] rep=  81  mem=6106.7MB  fwrite csv
[18:55:40] rep=  81  mem=6106.7MB  rep done in 34.4s
[18:55:40] rep=  82  mem=6092.8MB  rep start
[18:55:40] rep=  82  mem=6092.8MB  filter market_data
[18:55:41] rep=  82  mem=6432.8MB  sample ids
[18:55:41] rep=  82  mem=6433.1MB  left_join (many-to-many)
[18:55:41] rep=  82  mem=6773.0MB  estimate_choice_model: start
[18:56:14] rep=  82  mem=7377.5MB  estimate_choice_model: done
[18:56:14] rep=  82  mem=7377.5MB  compute per_rep + ch_*
[18:56:14] rep=  82  mem=7391.5MB  free big intermediates
[18:56:15] rep=  82  mem=6106.8MB  summarize_boot_rep
[18:56:15] rep=  82  mem=6106.8MB  fwrite csv
[18:56:15] rep=  82  mem=6106.8MB  rep done in 35.0s
[18:56:15] rep=  83  mem=6092.8MB  rep start
[18:56:16] rep=  83  mem=6092.8MB  filter market_data
[18:56:16] rep=  83  mem=6432.8MB  sample ids
[18:56:16] rep=  83  mem=6433.1MB  left_join (many-to-many)
[18:56:16] rep=  83  mem=6773.0MB  estimate_choice_model: start
[18:56:48] rep=  83  mem=7377.4MB  estimate_choice_model: done
[18:56:48] rep=  83  mem=7377.4MB  compute per_rep + ch_*
[18:56:48] rep=  83  mem=7391.4MB  free big intermediates
[18:56:49] rep=  83  mem=6106.8MB  summarize_boot_rep
[18:56:49] rep=  83  mem=6106.8MB  fwrite csv
[18:56:50] rep=  83  mem=6106.8MB  rep done in 34.2s
[18:56:50] rep=  84  mem=6092.8MB  rep start
[18:56:50] rep=  84  mem=6092.8MB  filter market_data
[18:56:50] rep=  84  mem=6432.8MB  sample ids
[18:56:50] rep=  84  mem=6433.1MB  left_join (many-to-many)
[18:56:51] rep=  84  mem=6773.0MB  estimate_choice_model: start
[18:57:23] rep=  84  mem=7377.5MB  estimate_choice_model: done
[18:57:23] rep=  84  mem=7377.5MB  compute per_rep + ch_*
[18:57:23] rep=  84  mem=7391.5MB  free big intermediates
[18:57:24] rep=  84  mem=6106.8MB  summarize_boot_rep
[18:57:24] rep=  84  mem=6106.8MB  fwrite csv
[18:57:24] rep=  84  mem=6106.8MB  rep done in 34.8s
[18:57:25] rep=  85  mem=6092.8MB  rep start
[18:57:25] rep=  85  mem=6092.8MB  filter market_data
[18:57:25] rep=  85  mem=6432.8MB  sample ids
[18:57:25] rep=  85  mem=6433.1MB  left_join (many-to-many)
[18:57:26] rep=  85  mem=6773.0MB  estimate_choice_model: start
[18:57:58] rep=  85  mem=7377.4MB  estimate_choice_model: done
[18:57:58] rep=  85  mem=7377.4MB  compute per_rep + ch_*
[18:57:59] rep=  85  mem=7391.5MB  free big intermediates
[18:57:59] rep=  85  mem=6106.8MB  summarize_boot_rep
[18:58:00] rep=  85  mem=6106.8MB  fwrite csv
[18:58:00] rep=  85  mem=6106.8MB  rep done in 35.4s
[18:58:00] rep=  86  mem=6092.8MB  rep start
[18:58:00] rep=  86  mem=6092.8MB  filter market_data
[18:58:01] rep=  86  mem=6432.8MB  sample ids
[18:58:01] rep=  86  mem=6433.1MB  left_join (many-to-many)
[18:58:01] rep=  86  mem=6773.0MB  estimate_choice_model: start
[18:58:34] rep=  86  mem=7377.5MB  estimate_choice_model: done
[18:58:34] rep=  86  mem=7377.5MB  compute per_rep + ch_*
[18:58:34] rep=  86  mem=7391.5MB  free big intermediates
[18:58:34] rep=  86  mem=6106.8MB  summarize_boot_rep
[18:58:35] rep=  86  mem=6106.8MB  fwrite csv
[18:58:35] rep=  86  mem=6106.8MB  rep done in 35.2s
[18:58:35] rep=  87  mem=6092.8MB  rep start
[18:58:36] rep=  87  mem=6092.8MB  filter market_data
[18:58:36] rep=  87  mem=6432.8MB  sample ids
[18:58:36] rep=  87  mem=6433.1MB  left_join (many-to-many)
[18:58:36] rep=  87  mem=6773.0MB  estimate_choice_model: start
[18:59:09] rep=  87  mem=7377.5MB  estimate_choice_model: done
[18:59:09] rep=  87  mem=7377.5MB  compute per_rep + ch_*
[18:59:09] rep=  87  mem=7391.5MB  free big intermediates
[18:59:10] rep=  87  mem=6106.8MB  summarize_boot_rep
[18:59:10] rep=  87  mem=6106.8MB  fwrite csv
[18:59:11] rep=  87  mem=6106.8MB  rep done in 35.2s
[18:59:11] rep=  88  mem=6092.8MB  rep start
[18:59:11] rep=  88  mem=6092.8MB  filter market_data
[18:59:11] rep=  88  mem=6432.8MB  sample ids
[18:59:11] rep=  88  mem=6433.1MB  left_join (many-to-many)
[18:59:12] rep=  88  mem=6773.0MB  estimate_choice_model: start
[18:59:44] rep=  88  mem=7377.5MB  estimate_choice_model: done
[18:59:45] rep=  88  mem=7377.5MB  compute per_rep + ch_*
[18:59:45] rep=  88  mem=7391.5MB  free big intermediates
[18:59:45] rep=  88  mem=6106.8MB  summarize_boot_rep
[18:59:46] rep=  88  mem=6106.8MB  fwrite csv
[18:59:46] rep=  88  mem=6106.8MB  rep done in 35.6s
[18:59:46] rep=  89  mem=6092.8MB  rep start
[18:59:47] rep=  89  mem=6092.8MB  filter market_data
[18:59:47] rep=  89  mem=6432.8MB  sample ids
[18:59:47] rep=  89  mem=6433.1MB  left_join (many-to-many)
[18:59:47] rep=  89  mem=6773.0MB  estimate_choice_model: start
[19:00:20] rep=  89  mem=7377.4MB  estimate_choice_model: done
[19:00:21] rep=  89  mem=7377.4MB  compute per_rep + ch_*
[19:00:21] rep=  89  mem=7391.5MB  free big intermediates
[19:00:21] rep=  89  mem=6106.8MB  summarize_boot_rep
[19:00:22] rep=  89  mem=6106.8MB  fwrite csv
[19:00:22] rep=  89  mem=6106.8MB  rep done in 35.6s
[19:00:22] rep=  90  mem=6092.8MB  rep start
[19:00:22] rep=  90  mem=6092.8MB  filter market_data
[19:00:23] rep=  90  mem=6432.8MB  sample ids
[19:00:23] rep=  90  mem=6433.1MB  left_join (many-to-many)
[19:00:23] rep=  90  mem=6773.0MB  estimate_choice_model: start
[19:00:58] rep=  90  mem=7377.5MB  estimate_choice_model: done
[19:00:58] rep=  90  mem=7377.5MB  compute per_rep + ch_*
[19:00:58] rep=  90  mem=7391.5MB  free big intermediates
[19:00:58] rep=  90  mem=6106.8MB  summarize_boot_rep
[19:00:59] rep=  90  mem=6106.8MB  fwrite csv
[19:00:59] rep=  90  mem=6106.8MB  rep done in 37.0s
[19:00:59] rep=  91  mem=6092.8MB  rep start
[19:00:59] rep=  91  mem=6092.8MB  filter market_data
[19:01:00] rep=  91  mem=6432.8MB  sample ids
[19:01:00] rep=  91  mem=6433.1MB  left_join (many-to-many)
[19:01:00] rep=  91  mem=6773.0MB  estimate_choice_model: start
[19:01:35] rep=  91  mem=7377.5MB  estimate_choice_model: done
[19:01:35] rep=  91  mem=7377.5MB  compute per_rep + ch_*
[19:01:36] rep=  91  mem=7391.5MB  free big intermediates
[19:01:36] rep=  91  mem=6106.8MB  summarize_boot_rep
[19:01:37] rep=  91  mem=6106.8MB  fwrite csv
[19:01:37] rep=  91  mem=6106.8MB  rep done in 37.5s
[19:01:37] rep=  92  mem=6092.8MB  rep start
[19:01:37] rep=  92  mem=6092.8MB  filter market_data
[19:01:38] rep=  92  mem=6432.8MB  sample ids
[19:01:38] rep=  92  mem=6433.1MB  left_join (many-to-many)
[19:01:38] rep=  92  mem=6773.0MB  estimate_choice_model: start
[19:02:13] rep=  92  mem=7377.5MB  estimate_choice_model: done
[19:02:13] rep=  92  mem=7377.5MB  compute per_rep + ch_*
[19:02:13] rep=  92  mem=7391.5MB  free big intermediates
[19:02:14] rep=  92  mem=6106.8MB  summarize_boot_rep
[19:02:14] rep=  92  mem=6106.8MB  fwrite csv
[19:02:15] rep=  92  mem=6106.8MB  rep done in 37.7s
[19:02:15] rep=  93  mem=6092.8MB  rep start
[19:02:15] rep=  93  mem=6092.8MB  filter market_data
[19:02:15] rep=  93  mem=6432.8MB  sample ids
[19:02:16] rep=  93  mem=6433.1MB  left_join (many-to-many)
[19:02:16] rep=  93  mem=6773.0MB  estimate_choice_model: start
[19:02:51] rep=  93  mem=7377.4MB  estimate_choice_model: done
[19:02:51] rep=  93  mem=7377.4MB  compute per_rep + ch_*
[19:02:52] rep=  93  mem=7391.5MB  free big intermediates
[19:02:52] rep=  93  mem=6106.8MB  summarize_boot_rep
[19:02:53] rep=  93  mem=6106.8MB  fwrite csv
[19:02:53] rep=  93  mem=6106.8MB  rep done in 38.0s
[19:02:53] rep=  94  mem=6092.8MB  rep start
[19:02:53] rep=  94  mem=6092.8MB  filter market_data
[19:02:54] rep=  94  mem=6432.8MB  sample ids
[19:02:54] rep=  94  mem=6433.1MB  left_join (many-to-many)
[19:02:54] rep=  94  mem=6773.0MB  estimate_choice_model: start
[19:03:28] rep=  94  mem=7377.4MB  estimate_choice_model: done
[19:03:29] rep=  94  mem=7377.4MB  compute per_rep + ch_*
[19:03:29] rep=  94  mem=7391.4MB  free big intermediates
[19:03:29] rep=  94  mem=6106.8MB  summarize_boot_rep
[19:03:30] rep=  94  mem=6106.8MB  fwrite csv
[19:03:30] rep=  94  mem=6106.8MB  rep done in 37.4s
[19:03:30] rep=  95  mem=6092.8MB  rep start
[19:03:31] rep=  95  mem=6092.8MB  filter market_data
[19:03:31] rep=  95  mem=6432.8MB  sample ids
[19:03:31] rep=  95  mem=6433.1MB  left_join (many-to-many)
[19:03:32] rep=  95  mem=6773.0MB  estimate_choice_model: start
[19:04:08] rep=  95  mem=7377.5MB  estimate_choice_model: done
[19:04:08] rep=  95  mem=7377.5MB  compute per_rep + ch_*
[19:04:08] rep=  95  mem=7391.5MB  free big intermediates
[19:04:09] rep=  95  mem=6106.8MB  summarize_boot_rep
[19:04:09] rep=  95  mem=6106.8MB  fwrite csv
[19:04:10] rep=  95  mem=6106.8MB  rep done in 39.2s
[19:04:10] rep=  96  mem=6092.8MB  rep start
[19:04:10] rep=  96  mem=6092.8MB  filter market_data
[19:04:10] rep=  96  mem=6432.8MB  sample ids
[19:04:10] rep=  96  mem=6433.1MB  left_join (many-to-many)
[19:04:11] rep=  96  mem=6773.0MB  estimate_choice_model: start
[19:04:43] rep=  96  mem=7377.5MB  estimate_choice_model: done
[19:04:43] rep=  96  mem=7377.5MB  compute per_rep + ch_*
[19:04:44] rep=  96  mem=7391.5MB  free big intermediates
[19:04:44] rep=  96  mem=6106.8MB  summarize_boot_rep
[19:04:45] rep=  96  mem=6106.8MB  fwrite csv
[19:04:45] rep=  96  mem=6106.8MB  rep done in 35.2s
[19:04:45] rep=  97  mem=6092.8MB  rep start
[19:04:45] rep=  97  mem=6092.8MB  filter market_data
[19:04:46] rep=  97  mem=6432.8MB  sample ids
[19:04:46] rep=  97  mem=6433.1MB  left_join (many-to-many)
[19:04:46] rep=  97  mem=6773.0MB  estimate_choice_model: start
[20:30:53] rep=   0  mem=6087.8MB  === runner start, market = 5 , reps_per_session = 25 ===
[20:30:53] rep=  97  mem=6087.8MB  rep start
[20:30:54] rep=  97  mem=6087.8MB  filter market_data
[20:30:54] rep=  97  mem=6427.8MB  sample ids
[20:30:54] rep=  97  mem=6428.1MB  left_join (many-to-many)
[20:30:54] rep=  97  mem=6768.2MB  estimate_choice_model: start
[20:31:27] rep=  97  mem=7377.0MB  estimate_choice_model: done
[20:31:27] rep=  97  mem=7377.0MB  compute per_rep + ch_*
[20:31:27] rep=  97  mem=7391.1MB  free big intermediates
[20:31:28] rep=  97  mem=6106.4MB  summarize_boot_rep
[20:31:28] rep=  97  mem=6106.7MB  fwrite csv
[20:31:28] rep=  97  mem=6106.7MB  rep done in 35.0s
[20:31:29] rep=  98  mem=6092.8MB  rep start
[20:31:29] rep=  98  mem=6092.8MB  filter market_data
[20:31:29] rep=  98  mem=6432.8MB  sample ids
[20:31:29] rep=  98  mem=6433.1MB  left_join (many-to-many)
[20:31:29] rep=  98  mem=6773.0MB  estimate_choice_model: start
[20:32:02] rep=  98  mem=7377.5MB  estimate_choice_model: done
[20:32:02] rep=  98  mem=7377.5MB  compute per_rep + ch_*
[20:32:02] rep=  98  mem=7391.5MB  free big intermediates
[20:32:02] rep=  98  mem=6106.8MB  summarize_boot_rep
[20:32:03] rep=  98  mem=6106.8MB  fwrite csv
[20:32:03] rep=  98  mem=6106.8MB  rep done in 34.7s
[20:32:03] rep=  99  mem=6092.8MB  rep start
[20:32:03] rep=  99  mem=6092.8MB  filter market_data
[20:32:04] rep=  99  mem=6432.8MB  sample ids
[20:32:04] rep=  99  mem=6433.1MB  left_join (many-to-many)
[20:32:04] rep=  99  mem=6773.0MB  estimate_choice_model: start
[20:32:37] rep=  99  mem=7377.5MB  estimate_choice_model: done
[20:32:37] rep=  99  mem=7377.5MB  compute per_rep + ch_*
[20:32:37] rep=  99  mem=7391.5MB  free big intermediates
[20:32:38] rep=  99  mem=6106.8MB  summarize_boot_rep
[20:32:38] rep=  99  mem=6106.8MB  fwrite csv
[20:32:39] rep=  99  mem=6106.8MB  rep done in 35.3s
[20:32:39] rep= 100  mem=6092.8MB  rep start
[20:32:39] rep= 100  mem=6092.8MB  filter market_data
[20:32:39] rep= 100  mem=6432.8MB  sample ids
[20:32:39] rep= 100  mem=6433.1MB  left_join (many-to-many)
[20:32:40] rep= 100  mem=6773.0MB  estimate_choice_model: start
[20:33:14] rep= 100  mem=7377.4MB  estimate_choice_model: done
[20:33:14] rep= 100  mem=7377.4MB  compute per_rep + ch_*
[20:33:14] rep= 100  mem=7391.5MB  free big intermediates
[20:33:14] rep= 100  mem=6106.8MB  summarize_boot_rep
[20:33:15] rep= 100  mem=6106.8MB  fwrite csv
[20:33:15] rep= 100  mem=6106.8MB  rep done in 36.6s
[20:33:16] rep= 101  mem=6092.8MB  rep start
[20:33:16] rep= 101  mem=6092.8MB  filter market_data
[20:33:16] rep= 101  mem=6432.8MB  sample ids
[20:33:16] rep= 101  mem=6433.1MB  left_join (many-to-many)
[20:33:16] rep= 101  mem=6773.0MB  estimate_choice_model: start
[20:33:51] rep= 101  mem=7377.5MB  estimate_choice_model: done
[20:33:51] rep= 101  mem=7377.5MB  compute per_rep + ch_*
[20:33:51] rep= 101  mem=7391.5MB  free big intermediates
[20:33:52] rep= 101  mem=6106.8MB  summarize_boot_rep
[20:33:52] rep= 101  mem=6106.8MB  fwrite csv
[20:33:52] rep= 101  mem=6106.8MB  rep done in 37.1s
[20:33:53] rep= 102  mem=6092.8MB  rep start
[20:33:53] rep= 102  mem=6092.8MB  filter market_data
[20:33:53] rep= 102  mem=6432.8MB  sample ids
[20:33:53] rep= 102  mem=6433.1MB  left_join (many-to-many)
[20:33:54] rep= 102  mem=6773.0MB  estimate_choice_model: start
[20:34:28] rep= 102  mem=7377.5MB  estimate_choice_model: done
[20:34:28] rep= 102  mem=7377.5MB  compute per_rep + ch_*
[20:34:28] rep= 102  mem=7391.6MB  free big intermediates
[20:34:28] rep= 102  mem=6106.8MB  summarize_boot_rep
[20:34:29] rep= 102  mem=6106.8MB  fwrite csv
[20:34:29] rep= 102  mem=6106.8MB  rep done in 36.6s
[20:34:29] rep= 103  mem=6092.8MB  rep start
[20:34:30] rep= 103  mem=6092.8MB  filter market_data
[20:34:30] rep= 103  mem=6432.8MB  sample ids
[20:34:30] rep= 103  mem=6433.1MB  left_join (many-to-many)
[20:34:30] rep= 103  mem=6773.0MB  estimate_choice_model: start
[20:35:08] rep= 103  mem=7377.5MB  estimate_choice_model: done
[20:35:09] rep= 103  mem=7377.5MB  compute per_rep + ch_*
[20:35:09] rep= 103  mem=7391.5MB  free big intermediates
[20:35:09] rep= 103  mem=6106.8MB  summarize_boot_rep
[20:35:10] rep= 103  mem=6106.8MB  fwrite csv
[20:35:10] rep= 103  mem=6106.8MB  rep done in 40.7s
[20:35:10] rep= 104  mem=6092.8MB  rep start
[20:35:10] rep= 104  mem=6092.8MB  filter market_data
[20:35:11] rep= 104  mem=6432.8MB  sample ids
[20:35:11] rep= 104  mem=6433.1MB  left_join (many-to-many)
[20:35:11] rep= 104  mem=6773.0MB  estimate_choice_model: start
[20:35:45] rep= 104  mem=7377.5MB  estimate_choice_model: done
[20:35:45] rep= 104  mem=7377.5MB  compute per_rep + ch_*
[20:35:45] rep= 104  mem=7391.5MB  free big intermediates
[20:35:46] rep= 104  mem=6106.8MB  summarize_boot_rep
[20:35:46] rep= 104  mem=6106.8MB  fwrite csv
[20:35:47] rep= 104  mem=6106.8MB  rep done in 36.4s
[20:35:47] rep= 105  mem=6092.8MB  rep start
[20:35:47] rep= 105  mem=6092.8MB  filter market_data
[20:35:47] rep= 105  mem=6432.8MB  sample ids
[20:35:47] rep= 105  mem=6433.1MB  left_join (many-to-many)
[20:35:48] rep= 105  mem=6773.0MB  estimate_choice_model: start
[20:36:22] rep= 105  mem=7377.4MB  estimate_choice_model: done
[20:36:22] rep= 105  mem=7377.4MB  compute per_rep + ch_*
[20:36:22] rep= 105  mem=7391.5MB  free big intermediates
[20:36:23] rep= 105  mem=6106.8MB  summarize_boot_rep
[20:36:23] rep= 105  mem=6106.8MB  fwrite csv
[20:36:24] rep= 105  mem=6106.8MB  rep done in 36.9s
[20:36:24] rep= 106  mem=6092.8MB  rep start
[20:36:24] rep= 106  mem=6092.8MB  filter market_data
[20:36:24] rep= 106  mem=6432.8MB  sample ids
[20:36:25] rep= 106  mem=6433.1MB  left_join (many-to-many)
[20:36:25] rep= 106  mem=6773.0MB  estimate_choice_model: start
[20:36:59] rep= 106  mem=7377.5MB  estimate_choice_model: done
[20:36:59] rep= 106  mem=7377.5MB  compute per_rep + ch_*
[20:37:00] rep= 106  mem=7391.5MB  free big intermediates
[20:37:00] rep= 106  mem=6106.8MB  summarize_boot_rep
[20:37:01] rep= 106  mem=6106.8MB  fwrite csv
[20:37:01] rep= 106  mem=6106.8MB  rep done in 37.0s
[20:37:01] rep= 107  mem=6092.8MB  rep start
[20:37:01] rep= 107  mem=6092.8MB  filter market_data
[20:37:01] rep= 107  mem=6432.8MB  sample ids
[20:37:02] rep= 107  mem=6433.1MB  left_join (many-to-many)
[20:37:02] rep= 107  mem=6773.0MB  estimate_choice_model: start
[20:37:35] rep= 107  mem=7377.4MB  estimate_choice_model: done
[20:37:35] rep= 107  mem=7377.4MB  compute per_rep + ch_*
[20:37:36] rep= 107  mem=7391.4MB  free big intermediates
[20:37:36] rep= 107  mem=6106.8MB  summarize_boot_rep
[20:37:37] rep= 107  mem=6106.8MB  fwrite csv
[20:37:37] rep= 107  mem=6106.8MB  rep done in 36.1s
[20:37:37] rep= 108  mem=6092.8MB  rep start
[20:37:37] rep= 108  mem=6092.8MB  filter market_data
[20:37:38] rep= 108  mem=6432.8MB  sample ids
[20:37:38] rep= 108  mem=6433.1MB  left_join (many-to-many)
[20:37:38] rep= 108  mem=6773.0MB  estimate_choice_model: start
[20:38:11] rep= 108  mem=7377.5MB  estimate_choice_model: done
[20:38:11] rep= 108  mem=7377.5MB  compute per_rep + ch_*
[20:38:11] rep= 108  mem=7391.5MB  free big intermediates
[20:38:12] rep= 108  mem=6106.8MB  summarize_boot_rep
[20:38:12] rep= 108  mem=6106.8MB  fwrite csv
[20:38:12] rep= 108  mem=6106.8MB  rep done in 35.4s
[20:38:13] rep= 109  mem=6092.8MB  rep start
[20:38:13] rep= 109  mem=6092.8MB  filter market_data
[20:38:13] rep= 109  mem=6432.8MB  sample ids
[20:38:13] rep= 109  mem=6433.1MB  left_join (many-to-many)
[20:38:13] rep= 109  mem=6773.0MB  estimate_choice_model: start
[20:38:45] rep= 109  mem=7377.4MB  estimate_choice_model: done
[20:38:45] rep= 109  mem=7377.4MB  compute per_rep + ch_*
[20:38:45] rep= 109  mem=7391.4MB  free big intermediates
[20:38:46] rep= 109  mem=6106.8MB  summarize_boot_rep
[20:38:46] rep= 109  mem=6106.8MB  fwrite csv
[20:38:47] rep= 109  mem=6106.8MB  rep done in 34.1s
[20:38:47] rep= 110  mem=6092.8MB  rep start
[20:38:47] rep= 110  mem=6092.8MB  filter market_data
[20:38:47] rep= 110  mem=6432.8MB  sample ids
[20:38:47] rep= 110  mem=6433.1MB  left_join (many-to-many)
[20:38:48] rep= 110  mem=6773.0MB  estimate_choice_model: start
[20:39:20] rep= 110  mem=7377.5MB  estimate_choice_model: done
[20:39:20] rep= 110  mem=7377.5MB  compute per_rep + ch_*
[20:39:21] rep= 110  mem=7391.5MB  free big intermediates
[20:39:21] rep= 110  mem=6106.8MB  summarize_boot_rep
[20:39:44] rep=   0  mem=6087.8MB  === runner start, market = 5 , reps_per_session = 25 ===
[20:39:44] rep= 110  mem=6087.8MB  rep start
[20:39:44] rep= 110  mem=6087.8MB  filter market_data
[20:39:45] rep= 110  mem=6427.8MB  sample ids
[20:39:45] rep= 110  mem=6428.1MB  left_join (many-to-many)
[20:39:45] rep= 110  mem=6768.2MB  estimate_choice_model: start
[20:40:18] rep= 110  mem=7377.0MB  estimate_choice_model: done
[20:40:18] rep= 110  mem=7377.0MB  compute per_rep + ch_*
[20:40:18] rep= 110  mem=7391.1MB  free big intermediates
[20:40:18] rep= 110  mem=6106.4MB  summarize_boot_rep
[20:40:19] rep= 110  mem=6106.7MB  fwrite csv
[20:40:19] rep= 110  mem=6106.7MB  rep done in 35.0s
[20:40:19] rep= 111  mem=6092.8MB  rep start
[20:40:20] rep= 111  mem=6092.8MB  filter market_data
[20:40:20] rep= 111  mem=6432.8MB  sample ids
[20:40:20] rep= 111  mem=6433.1MB  left_join (many-to-many)
[20:40:20] rep= 111  mem=6773.0MB  estimate_choice_model: start
[20:40:52] rep= 111  mem=7377.5MB  estimate_choice_model: done
[20:40:52] rep= 111  mem=7377.5MB  compute per_rep + ch_*
[20:40:53] rep= 111  mem=7391.5MB  free big intermediates
[20:40:53] rep= 111  mem=6106.8MB  summarize_boot_rep
[20:40:54] rep= 111  mem=6106.8MB  fwrite csv
[20:40:54] rep= 111  mem=6106.8MB  rep done in 34.6s
[20:40:54] rep= 112  mem=6092.8MB  rep start
[20:40:54] rep= 112  mem=6092.8MB  filter market_data
[20:40:55] rep= 112  mem=6432.8MB  sample ids
[20:40:55] rep= 112  mem=6433.1MB  left_join (many-to-many)
[20:40:55] rep= 112  mem=6773.0MB  estimate_choice_model: start
[20:41:28] rep= 112  mem=7377.5MB  estimate_choice_model: done
[20:41:28] rep= 112  mem=7377.5MB  compute per_rep + ch_*
[20:41:29] rep= 112  mem=7391.6MB  free big intermediates
[20:41:29] rep= 112  mem=6106.8MB  summarize_boot_rep
[20:41:30] rep= 112  mem=6106.8MB  fwrite csv
[20:41:30] rep= 112  mem=6106.8MB  rep done in 35.7s
[20:41:30] rep= 113  mem=6092.8MB  rep start
[20:41:30] rep= 113  mem=6092.8MB  filter market_data
[20:41:30] rep= 113  mem=6432.8MB  sample ids
[20:41:31] rep= 113  mem=6433.1MB  left_join (many-to-many)
[20:41:31] rep= 113  mem=6773.0MB  estimate_choice_model: start
[20:42:05] rep= 113  mem=7377.4MB  estimate_choice_model: done
[20:42:05] rep= 113  mem=7377.4MB  compute per_rep + ch_*
[20:42:05] rep= 113  mem=7391.5MB  free big intermediates
[20:42:06] rep= 113  mem=6106.8MB  summarize_boot_rep
[20:42:06] rep= 113  mem=6106.8MB  fwrite csv
[20:42:06] rep= 113  mem=6106.8MB  rep done in 36.6s
[20:42:07] rep= 114  mem=6092.8MB  rep start
[20:42:07] rep= 114  mem=6092.8MB  filter market_data
[20:42:07] rep= 114  mem=6432.8MB  sample ids
[20:42:07] rep= 114  mem=6433.1MB  left_join (many-to-many)
[20:42:08] rep= 114  mem=6773.0MB  estimate_choice_model: start
[20:42:41] rep= 114  mem=7377.5MB  estimate_choice_model: done
[20:42:41] rep= 114  mem=7377.5MB  compute per_rep + ch_*
[20:42:42] rep= 114  mem=7391.5MB  free big intermediates
[20:42:42] rep= 114  mem=6106.8MB  summarize_boot_rep
[20:42:43] rep= 114  mem=6106.8MB  fwrite csv
[20:42:43] rep= 114  mem=6106.8MB  rep done in 36.4s
[20:42:43] rep= 115  mem=6092.8MB  rep start
[20:42:43] rep= 115  mem=6092.8MB  filter market_data
[20:42:44] rep= 115  mem=6432.8MB  sample ids
[20:42:44] rep= 115  mem=6433.1MB  left_join (many-to-many)
[20:42:44] rep= 115  mem=6773.0MB  estimate_choice_model: start
[20:43:18] rep= 115  mem=7377.5MB  estimate_choice_model: done
[20:43:19] rep= 115  mem=7377.5MB  compute per_rep + ch_*
[20:43:19] rep= 115  mem=7391.5MB  free big intermediates
[20:43:19] rep= 115  mem=6106.8MB  summarize_boot_rep
[20:43:20] rep= 115  mem=6106.8MB  fwrite csv
[20:43:20] rep= 115  mem=6106.8MB  rep done in 37.0s
[20:43:20] rep= 116  mem=6092.8MB  rep start
[20:43:20] rep= 116  mem=6092.8MB  filter market_data
[20:43:21] rep= 116  mem=6432.8MB  sample ids
[20:43:21] rep= 116  mem=6433.1MB  left_join (many-to-many)
[20:43:21] rep= 116  mem=6773.0MB  estimate_choice_model: start
[20:43:54] rep= 116  mem=7377.5MB  estimate_choice_model: done
[20:43:55] rep= 116  mem=7377.5MB  compute per_rep + ch_*
[20:43:55] rep= 116  mem=7391.5MB  free big intermediates
[20:43:55] rep= 116  mem=6106.8MB  summarize_boot_rep
[20:43:56] rep= 116  mem=6106.8MB  fwrite csv
[20:43:56] rep= 116  mem=6106.8MB  rep done in 36.0s
[20:43:56] rep= 117  mem=6092.8MB  rep start
[20:43:56] rep= 117  mem=6092.8MB  filter market_data
[20:43:57] rep= 117  mem=6432.8MB  sample ids
[20:43:57] rep= 117  mem=6433.1MB  left_join (many-to-many)
[20:43:57] rep= 117  mem=6773.0MB  estimate_choice_model: start
[20:44:31] rep= 117  mem=7377.4MB  estimate_choice_model: done
[20:44:31] rep= 117  mem=7377.4MB  compute per_rep + ch_*
[20:44:32] rep= 117  mem=7391.5MB  free big intermediates
[20:44:32] rep= 117  mem=6106.8MB  summarize_boot_rep
[20:44:33] rep= 117  mem=6106.8MB  fwrite csv
[20:44:33] rep= 117  mem=6106.8MB  rep done in 36.8s
[20:44:33] rep= 118  mem=6092.8MB  rep start
[20:44:33] rep= 118  mem=6092.8MB  filter market_data
[20:44:34] rep= 118  mem=6432.8MB  sample ids
[20:44:34] rep= 118  mem=6433.1MB  left_join (many-to-many)
[20:44:34] rep= 118  mem=6773.0MB  estimate_choice_model: start
[20:45:09] rep= 118  mem=7377.4MB  estimate_choice_model: done
[20:45:09] rep= 118  mem=7377.4MB  compute per_rep + ch_*
[20:45:09] rep= 118  mem=7391.5MB  free big intermediates
[20:45:09] rep= 118  mem=6106.8MB  summarize_boot_rep
[20:45:10] rep= 118  mem=6106.8MB  fwrite csv
[20:45:10] rep= 118  mem=6106.8MB  rep done in 37.1s
[20:45:10] rep= 119  mem=6092.8MB  rep start
[20:45:11] rep= 119  mem=6092.8MB  filter market_data
[20:45:11] rep= 119  mem=6432.8MB  sample ids
[20:45:11] rep= 119  mem=6433.1MB  left_join (many-to-many)
[20:45:12] rep= 119  mem=6773.0MB  estimate_choice_model: start
[20:45:46] rep= 119  mem=7377.5MB  estimate_choice_model: done
[20:45:46] rep= 119  mem=7377.5MB  compute per_rep + ch_*
[20:45:47] rep= 119  mem=7391.5MB  free big intermediates
[20:45:47] rep= 119  mem=6106.8MB  summarize_boot_rep
[20:45:48] rep= 119  mem=6106.8MB  fwrite csv
[20:45:48] rep= 119  mem=6106.8MB  rep done in 37.6s
[20:45:48] rep= 120  mem=6092.8MB  rep start
[20:45:48] rep= 120  mem=6092.8MB  filter market_data
[20:45:49] rep= 120  mem=6432.8MB  sample ids
[20:45:49] rep= 120  mem=6433.1MB  left_join (many-to-many)
[20:45:49] rep= 120  mem=6773.0MB  estimate_choice_model: start
[20:46:22] rep= 120  mem=7377.4MB  estimate_choice_model: done
[20:46:23] rep= 120  mem=7377.4MB  compute per_rep + ch_*
[20:46:23] rep= 120  mem=7391.5MB  free big intermediates
[20:46:23] rep= 120  mem=6106.8MB  summarize_boot_rep
[20:46:24] rep= 120  mem=6106.8MB  fwrite csv
[20:46:24] rep= 120  mem=6106.8MB  rep done in 36.0s
[20:46:24] rep= 121  mem=6092.8MB  rep start
[20:46:24] rep= 121  mem=6092.8MB  filter market_data
[20:46:25] rep= 121  mem=6432.8MB  sample ids
[20:46:25] rep= 121  mem=6433.1MB  left_join (many-to-many)
[20:46:25] rep= 121  mem=6773.0MB  estimate_choice_model: start
[20:46:59] rep= 121  mem=7377.4MB  estimate_choice_model: done
[20:46:59] rep= 121  mem=7377.4MB  compute per_rep + ch_*
[20:47:00] rep= 121  mem=7391.4MB  free big intermediates
[20:47:00] rep= 121  mem=6106.8MB  summarize_boot_rep
[20:47:01] rep= 121  mem=6106.8MB  fwrite csv
[20:47:01] rep= 121  mem=6106.8MB  rep done in 36.5s
[20:47:01] rep= 122  mem=6092.8MB  rep start
[20:47:01] rep= 122  mem=6092.8MB  filter market_data
[20:47:01] rep= 122  mem=6432.8MB  sample ids
[20:47:02] rep= 122  mem=6433.1MB  left_join (many-to-many)
[20:47:02] rep= 122  mem=6773.0MB  estimate_choice_model: start
[20:47:35] rep= 122  mem=7377.4MB  estimate_choice_model: done
[20:47:36] rep= 122  mem=7377.4MB  compute per_rep + ch_*
[20:47:36] rep= 122  mem=7391.4MB  free big intermediates
[20:47:36] rep= 122  mem=6106.8MB  summarize_boot_rep
[20:47:37] rep= 122  mem=6106.8MB  fwrite csv
[20:47:37] rep= 122  mem=6106.8MB  rep done in 36.4s
[20:47:37] rep= 123  mem=6092.8MB  rep start
[20:47:37] rep= 123  mem=6092.8MB  filter market_data
[20:47:38] rep= 123  mem=6432.8MB  sample ids
[20:47:38] rep= 123  mem=6433.1MB  left_join (many-to-many)
[20:47:38] rep= 123  mem=6773.0MB  estimate_choice_model: start
[20:48:14] rep= 123  mem=7377.5MB  estimate_choice_model: done
[20:48:14] rep= 123  mem=7377.5MB  compute per_rep + ch_*
[20:48:14] rep= 123  mem=7391.5MB  free big intermediates
[20:48:15] rep= 123  mem=6106.8MB  summarize_boot_rep
[20:48:15] rep= 123  mem=6106.8MB  fwrite csv
[20:48:15] rep= 123  mem=6106.8MB  rep done in 38.2s
[20:48:16] rep= 124  mem=6092.8MB  rep start
[20:48:16] rep= 124  mem=6092.8MB  filter market_data
[20:48:16] rep= 124  mem=6432.8MB  sample ids
[20:48:16] rep= 124  mem=6433.1MB  left_join (many-to-many)
[20:48:17] rep= 124  mem=6773.0MB  estimate_choice_model: start
[20:48:50] rep= 124  mem=7377.4MB  estimate_choice_model: done
[20:48:50] rep= 124  mem=7377.4MB  compute per_rep + ch_*
[20:48:51] rep= 124  mem=7391.5MB  free big intermediates
[20:48:51] rep= 124  mem=6106.8MB  summarize_boot_rep
[20:48:52] rep= 124  mem=6106.8MB  fwrite csv
[20:48:52] rep= 124  mem=6106.8MB  rep done in 36.4s
[20:48:52] rep= 125  mem=6092.8MB  rep start
[20:48:52] rep= 125  mem=6092.8MB  filter market_data
[20:48:53] rep= 125  mem=6432.8MB  sample ids
[20:48:53] rep= 125  mem=6433.1MB  left_join (many-to-many)
[20:48:53] rep= 125  mem=6773.0MB  estimate_choice_model: start
[20:49:27] rep= 125  mem=7377.5MB  estimate_choice_model: done
[20:49:28] rep= 125  mem=7377.5MB  compute per_rep + ch_*
[20:49:28] rep= 125  mem=7391.5MB  free big intermediates
[20:49:28] rep= 125  mem=6106.8MB  summarize_boot_rep
[20:49:29] rep= 125  mem=6106.8MB  fwrite csv
[20:49:29] rep= 125  mem=6106.8MB  rep done in 37.0s
[20:49:29] rep= 126  mem=6092.8MB  rep start
[20:49:29] rep= 126  mem=6092.8MB  filter market_data
[20:49:30] rep= 126  mem=6432.8MB  sample ids
[20:49:30] rep= 126  mem=6433.1MB  left_join (many-to-many)
[20:49:30] rep= 126  mem=6773.0MB  estimate_choice_model: start
[20:50:04] rep= 126  mem=7377.5MB  estimate_choice_model: done
[20:50:04] rep= 126  mem=7377.5MB  compute per_rep + ch_*
[20:50:05] rep= 126  mem=7391.5MB  free big intermediates
[20:50:05] rep= 126  mem=6106.8MB  summarize_boot_rep
[20:50:06] rep= 126  mem=6106.8MB  fwrite csv
[20:50:06] rep= 126  mem=6106.8MB  rep done in 36.6s
[20:50:06] rep= 127  mem=6092.8MB  rep start
[20:50:06] rep= 127  mem=6092.8MB  filter market_data
[20:50:07] rep= 127  mem=6432.8MB  sample ids
[20:50:07] rep= 127  mem=6433.1MB  left_join (many-to-many)
[20:50:07] rep= 127  mem=6773.0MB  estimate_choice_model: start
[20:50:41] rep= 127  mem=7377.5MB  estimate_choice_model: done
[20:50:41] rep= 127  mem=7377.5MB  compute per_rep + ch_*
[20:50:42] rep= 127  mem=7391.5MB  free big intermediates
[20:50:42] rep= 127  mem=6106.8MB  summarize_boot_rep
[20:50:43] rep= 127  mem=6106.8MB  fwrite csv
[20:50:43] rep= 127  mem=6106.8MB  rep done in 37.3s
[20:50:43] rep= 128  mem=6092.8MB  rep start
[20:50:43] rep= 128  mem=6092.8MB  filter market_data
[20:50:44] rep= 128  mem=6432.8MB  sample ids
[20:50:44] rep= 128  mem=6433.1MB  left_join (many-to-many)
[20:50:44] rep= 128  mem=6773.0MB  estimate_choice_model: start
[20:51:19] rep= 128  mem=7377.4MB  estimate_choice_model: done
[20:51:19] rep= 128  mem=7377.4MB  compute per_rep + ch_*
[20:51:19] rep= 128  mem=7391.4MB  free big intermediates
[20:51:20] rep= 128  mem=6106.8MB  summarize_boot_rep
[20:51:20] rep= 128  mem=6106.8MB  fwrite csv
[20:51:21] rep= 128  mem=6106.8MB  rep done in 37.3s
[20:51:21] rep= 129  mem=6092.8MB  rep start
[20:51:21] rep= 129  mem=6092.8MB  filter market_data
[20:51:21] rep= 129  mem=6432.8MB  sample ids
[20:51:22] rep= 129  mem=6433.1MB  left_join (many-to-many)
[20:51:22] rep= 129  mem=6773.0MB  estimate_choice_model: start
[20:51:58] rep= 129  mem=7377.5MB  estimate_choice_model: done
[20:51:58] rep= 129  mem=7377.5MB  compute per_rep + ch_*
[20:51:58] rep= 129  mem=7391.5MB  free big intermediates
[20:51:59] rep= 129  mem=6106.8MB  summarize_boot_rep
[20:51:59] rep= 129  mem=6106.8MB  fwrite csv
[20:52:00] rep= 129  mem=6106.8MB  rep done in 38.9s
[20:52:00] rep= 130  mem=6092.8MB  rep start
[20:52:00] rep= 130  mem=6092.8MB  filter market_data
[20:52:00] rep= 130  mem=6432.8MB  sample ids
[20:52:01] rep= 130  mem=6433.1MB  left_join (many-to-many)
[20:52:01] rep= 130  mem=6773.0MB  estimate_choice_model: start
[20:52:35] rep= 130  mem=7377.5MB  estimate_choice_model: done
[20:52:36] rep= 130  mem=7377.5MB  compute per_rep + ch_*
[20:52:36] rep= 130  mem=7391.5MB  free big intermediates
[20:52:36] rep= 130  mem=6106.8MB  summarize_boot_rep
[20:52:37] rep= 130  mem=6106.8MB  fwrite csv
[20:52:37] rep= 130  mem=6106.8MB  rep done in 37.5s
[20:52:37] rep= 131  mem=6092.8MB  rep start
[20:52:38] rep= 131  mem=6092.8MB  filter market_data
[20:52:38] rep= 131  mem=6432.8MB  sample ids
[20:52:38] rep= 131  mem=6433.1MB  left_join (many-to-many)
[20:52:38] rep= 131  mem=6773.0MB  estimate_choice_model: start
[20:53:14] rep= 131  mem=7377.5MB  estimate_choice_model: done
[20:53:14] rep= 131  mem=7377.5MB  compute per_rep + ch_*
[20:53:14] rep= 131  mem=7391.5MB  free big intermediates
[20:53:15] rep= 131  mem=6106.8MB  summarize_boot_rep
[20:53:15] rep= 131  mem=6106.8MB  fwrite csv
[20:53:15] rep= 131  mem=6106.8MB  rep done in 38.0s
[20:53:15] rep= 132  mem=6092.8MB  rep start
[20:53:16] rep= 132  mem=6092.8MB  filter market_data
[20:53:16] rep= 132  mem=6432.8MB  sample ids
[20:53:16] rep= 132  mem=6433.1MB  left_join (many-to-many)
[20:53:16] rep= 132  mem=6773.0MB  estimate_choice_model: start
[20:53:51] rep= 132  mem=7377.5MB  estimate_choice_model: done
[20:53:51] rep= 132  mem=7377.5MB  compute per_rep + ch_*
[20:53:52] rep= 132  mem=7391.5MB  free big intermediates
[20:53:52] rep= 132  mem=6106.8MB  summarize_boot_rep
[20:53:53] rep= 132  mem=6106.8MB  fwrite csv
[20:53:53] rep= 132  mem=6106.8MB  rep done in 37.6s
[20:53:53] rep= 133  mem=6092.8MB  rep start
[20:53:53] rep= 133  mem=6092.8MB  filter market_data
[20:53:54] rep= 133  mem=6432.8MB  sample ids
[20:53:54] rep= 133  mem=6433.1MB  left_join (many-to-many)
[20:53:54] rep= 133  mem=6773.0MB  estimate_choice_model: start
[20:54:28] rep= 133  mem=7377.4MB  estimate_choice_model: done
[20:54:28] rep= 133  mem=7377.4MB  compute per_rep + ch_*
[20:54:28] rep= 133  mem=7391.4MB  free big intermediates
[20:54:29] rep= 133  mem=6106.8MB  summarize_boot_rep
[20:54:29] rep= 133  mem=6106.8MB  fwrite csv
[20:54:30] rep= 133  mem=6106.8MB  rep done in 36.5s
[20:54:30] rep= 134  mem=6092.8MB  rep start
[20:54:30] rep= 134  mem=6092.8MB  filter market_data
[20:54:30] rep= 134  mem=6432.8MB  sample ids
[20:54:30] rep= 134  mem=6433.1MB  left_join (many-to-many)
[20:54:31] rep= 134  mem=6773.0MB  estimate_choice_model: start
[20:55:05] rep= 134  mem=7377.5MB  estimate_choice_model: done
[20:55:05] rep= 134  mem=7377.5MB  compute per_rep + ch_*
[20:55:06] rep= 134  mem=7391.5MB  free big intermediates
[20:55:06] rep= 134  mem=6106.8MB  summarize_boot_rep
[20:55:07] rep= 134  mem=6106.8MB  fwrite csv
[20:55:07] rep= 134  mem=6106.8MB  rep done in 37.2s
[20:55:07] rep=   0  mem=6092.8MB  === session quota of 25 reps reached, exiting ===
[20:55:31] rep=   0  mem=6087.8MB  === runner start, market = 5 , reps_per_session = 25 ===
[20:55:31] rep= 135  mem=6087.8MB  rep start
[20:55:31] rep= 135  mem=6087.8MB  filter market_data
[20:55:31] rep= 135  mem=6427.8MB  sample ids
[20:55:31] rep= 135  mem=6428.1MB  left_join (many-to-many)
[20:55:32] rep= 135  mem=6768.2MB  estimate_choice_model: start
[20:56:06] rep= 135  mem=7377.2MB  estimate_choice_model: done
[20:56:06] rep= 135  mem=7377.2MB  compute per_rep + ch_*
[20:56:07] rep= 135  mem=7391.3MB  free big intermediates
[20:56:07] rep= 135  mem=6106.4MB  summarize_boot_rep
[20:56:08] rep= 135  mem=6106.7MB  fwrite csv
[20:56:08] rep= 135  mem=6106.7MB  rep done in 37.0s
[20:56:08] rep= 136  mem=6092.8MB  rep start
[20:56:08] rep= 136  mem=6092.8MB  filter market_data
[20:56:08] rep= 136  mem=6432.8MB  sample ids
[20:56:09] rep= 136  mem=6433.1MB  left_join (many-to-many)
[20:56:09] rep= 136  mem=6773.0MB  estimate_choice_model: start
[20:56:42] rep= 136  mem=7377.5MB  estimate_choice_model: done
[20:56:42] rep= 136  mem=7377.5MB  compute per_rep + ch_*
[20:56:43] rep= 136  mem=7391.5MB  free big intermediates
[20:56:43] rep= 136  mem=6106.8MB  summarize_boot_rep
[20:56:44] rep= 136  mem=6106.8MB  fwrite csv
[20:56:44] rep= 136  mem=6106.8MB  rep done in 36.1s
[20:56:44] rep= 137  mem=6092.8MB  rep start
[20:56:44] rep= 137  mem=6092.8MB  filter market_data
[20:56:45] rep= 137  mem=6432.8MB  sample ids
[20:56:45] rep= 137  mem=6433.1MB  left_join (many-to-many)
[20:56:45] rep= 137  mem=6773.0MB  estimate_choice_model: start
[20:57:18] rep= 137  mem=7377.5MB  estimate_choice_model: done
[20:57:18] rep= 137  mem=7377.5MB  compute per_rep + ch_*
[20:57:18] rep= 137  mem=7391.5MB  free big intermediates
[20:57:18] rep= 137  mem=6106.8MB  summarize_boot_rep
[20:57:19] rep= 137  mem=6106.8MB  fwrite csv
[20:57:19] rep= 137  mem=6106.8MB  rep done in 35.3s
[20:57:19] rep= 138  mem=6092.8MB  rep start
[20:57:20] rep= 138  mem=6092.8MB  filter market_data
[20:57:20] rep= 138  mem=6432.8MB  sample ids
[20:57:20] rep= 138  mem=6433.1MB  left_join (many-to-many)
[20:57:20] rep= 138  mem=6773.0MB  estimate_choice_model: start
[20:57:53] rep= 138  mem=7377.4MB  estimate_choice_model: done
[20:57:53] rep= 138  mem=7377.4MB  compute per_rep + ch_*
[20:57:54] rep= 138  mem=7391.4MB  free big intermediates
[20:57:54] rep= 138  mem=6106.8MB  summarize_boot_rep
[20:57:55] rep= 138  mem=6106.8MB  fwrite csv
[20:57:55] rep= 138  mem=6106.8MB  rep done in 35.7s
[20:57:55] rep= 139  mem=6092.8MB  rep start
[20:57:55] rep= 139  mem=6092.8MB  filter market_data
[20:57:56] rep= 139  mem=6432.8MB  sample ids
[20:57:56] rep= 139  mem=6433.1MB  left_join (many-to-many)
[20:57:56] rep= 139  mem=6773.0MB  estimate_choice_model: start
[20:58:29] rep= 139  mem=7377.5MB  estimate_choice_model: done
[20:58:29] rep= 139  mem=7377.5MB  compute per_rep + ch_*
[20:58:30] rep= 139  mem=7391.5MB  free big intermediates
[20:58:30] rep= 139  mem=6106.8MB  summarize_boot_rep
[20:58:31] rep= 139  mem=6106.8MB  fwrite csv
[20:58:31] rep= 139  mem=6106.8MB  rep done in 35.7s
[20:58:31] rep= 140  mem=6092.8MB  rep start
[20:58:31] rep= 140  mem=6092.8MB  filter market_data
[20:58:32] rep= 140  mem=6432.8MB  sample ids
[20:58:32] rep= 140  mem=6433.1MB  left_join (many-to-many)
[20:58:32] rep= 140  mem=6773.0MB  estimate_choice_model: start
[20:59:05] rep= 140  mem=7377.4MB  estimate_choice_model: done
[20:59:05] rep= 140  mem=7377.4MB  compute per_rep + ch_*
[20:59:06] rep= 140  mem=7391.5MB  free big intermediates
[20:59:06] rep= 140  mem=6106.8MB  summarize_boot_rep
[20:59:07] rep= 140  mem=6106.8MB  fwrite csv
[20:59:07] rep= 140  mem=6106.8MB  rep done in 36.0s
[20:59:07] rep= 141  mem=6092.8MB  rep start
[20:59:07] rep= 141  mem=6092.8MB  filter market_data
[20:59:08] rep= 141  mem=6432.8MB  sample ids
[20:59:08] rep= 141  mem=6433.1MB  left_join (many-to-many)
[20:59:08] rep= 141  mem=6773.0MB  estimate_choice_model: start
[20:59:41] rep= 141  mem=7377.5MB  estimate_choice_model: done
[20:59:41] rep= 141  mem=7377.5MB  compute per_rep + ch_*
[20:59:42] rep= 141  mem=7391.6MB  free big intermediates
[20:59:42] rep= 141  mem=6106.8MB  summarize_boot_rep
[20:59:43] rep= 141  mem=6106.8MB  fwrite csv
[20:59:43] rep= 141  mem=6106.8MB  rep done in 35.7s
[20:59:43] rep= 142  mem=6092.8MB  rep start
[20:59:43] rep= 142  mem=6092.8MB  filter market_data
[20:59:43] rep= 142  mem=6432.8MB  sample ids
[20:59:44] rep= 142  mem=6433.1MB  left_join (many-to-many)
[20:59:44] rep= 142  mem=6773.0MB  estimate_choice_model: start
[21:00:17] rep= 142  mem=7377.4MB  estimate_choice_model: done
[21:00:18] rep= 142  mem=7377.4MB  compute per_rep + ch_*
[21:00:18] rep= 142  mem=7391.5MB  free big intermediates
[21:00:18] rep= 142  mem=6106.8MB  summarize_boot_rep
[21:00:19] rep= 142  mem=6106.8MB  fwrite csv
[21:00:19] rep= 142  mem=6106.8MB  rep done in 36.2s
[21:00:19] rep= 143  mem=6092.8MB  rep start
[21:00:19] rep= 143  mem=6092.8MB  filter market_data
[21:00:20] rep= 143  mem=6432.8MB  sample ids
[21:00:20] rep= 143  mem=6433.1MB  left_join (many-to-many)
[21:00:20] rep= 143  mem=6773.0MB  estimate_choice_model: start
[21:00:53] rep= 143  mem=7377.5MB  estimate_choice_model: done
[21:00:53] rep= 143  mem=7377.5MB  compute per_rep + ch_*
[21:00:54] rep= 143  mem=7391.5MB  free big intermediates
[21:00:54] rep= 143  mem=6106.8MB  summarize_boot_rep
[21:00:55] rep= 143  mem=6106.8MB  fwrite csv
[21:00:55] rep= 143  mem=6106.8MB  rep done in 35.6s
[21:00:55] rep= 144  mem=6092.8MB  rep start
[21:00:55] rep= 144  mem=6092.8MB  filter market_data
[21:00:56] rep= 144  mem=6432.8MB  sample ids
[21:00:56] rep= 144  mem=6433.1MB  left_join (many-to-many)
[21:00:56] rep= 144  mem=6773.0MB  estimate_choice_model: start
[21:01:29] rep= 144  mem=7377.4MB  estimate_choice_model: done
[21:01:29] rep= 144  mem=7377.4MB  compute per_rep + ch_*
[21:01:30] rep= 144  mem=7391.4MB  free big intermediates
[21:01:30] rep= 144  mem=6106.8MB  summarize_boot_rep
[21:01:31] rep= 144  mem=6106.8MB  fwrite csv
[21:01:31] rep= 144  mem=6106.8MB  rep done in 36.1s
[21:01:31] rep= 145  mem=6092.8MB  rep start
[21:01:31] rep= 145  mem=6092.8MB  filter market_data
[21:01:32] rep= 145  mem=6432.8MB  sample ids
[21:01:32] rep= 145  mem=6433.1MB  left_join (many-to-many)
[21:01:32] rep= 145  mem=6773.0MB  estimate_choice_model: start
[21:02:05] rep= 145  mem=7377.5MB  estimate_choice_model: done
[21:02:05] rep= 145  mem=7377.5MB  compute per_rep + ch_*
[21:02:06] rep= 145  mem=7391.5MB  free big intermediates
[21:02:06] rep= 145  mem=6106.8MB  summarize_boot_rep
[21:02:07] rep= 145  mem=6106.8MB  fwrite csv
[21:02:07] rep= 145  mem=6106.8MB  rep done in 35.9s
[21:02:07] rep= 146  mem=6092.8MB  rep start
[21:02:07] rep= 146  mem=6092.8MB  filter market_data
[21:02:08] rep= 146  mem=6432.8MB  sample ids
[21:02:08] rep= 146  mem=6433.1MB  left_join (many-to-many)
[21:02:08] rep= 146  mem=6773.0MB  estimate_choice_model: start
[21:02:40] rep= 146  mem=7377.5MB  estimate_choice_model: done
[21:02:41] rep= 146  mem=7377.5MB  compute per_rep + ch_*
[21:02:41] rep= 146  mem=7391.5MB  free big intermediates
[21:02:41] rep= 146  mem=6106.8MB  summarize_boot_rep
[21:02:42] rep= 146  mem=6106.8MB  fwrite csv
[21:02:42] rep= 146  mem=6106.8MB  rep done in 35.1s
[21:02:42] rep= 147  mem=6092.8MB  rep start
[21:02:42] rep= 147  mem=6092.8MB  filter market_data
[21:02:43] rep= 147  mem=6432.8MB  sample ids
[21:02:43] rep= 147  mem=6433.1MB  left_join (many-to-many)
[21:02:43] rep= 147  mem=6773.0MB  estimate_choice_model: start
[21:03:16] rep= 147  mem=7377.4MB  estimate_choice_model: done
[21:03:17] rep= 147  mem=7377.4MB  compute per_rep + ch_*
[21:03:17] rep= 147  mem=7391.5MB  free big intermediates
[21:03:17] rep= 147  mem=6106.8MB  summarize_boot_rep
[21:03:18] rep= 147  mem=6106.8MB  fwrite csv
[21:03:18] rep= 147  mem=6106.8MB  rep done in 36.0s
[21:03:18] rep= 148  mem=6092.8MB  rep start
[21:03:18] rep= 148  mem=6092.8MB  filter market_data
[21:03:19] rep= 148  mem=6432.8MB  sample ids
[21:03:19] rep= 148  mem=6433.1MB  left_join (many-to-many)
[21:03:19] rep= 148  mem=6773.0MB  estimate_choice_model: start
[21:03:53] rep= 148  mem=7377.5MB  estimate_choice_model: done
[21:03:53] rep= 148  mem=7377.5MB  compute per_rep + ch_*
[21:03:54] rep= 148  mem=7391.5MB  free big intermediates
[21:03:54] rep= 148  mem=6106.8MB  summarize_boot_rep
[21:03:55] rep= 148  mem=6106.8MB  fwrite csv
[21:03:55] rep= 148  mem=6106.8MB  rep done in 36.7s
[21:03:55] rep= 149  mem=6092.8MB  rep start
[21:03:55] rep= 149  mem=6092.8MB  filter market_data
[21:03:56] rep= 149  mem=6432.8MB  sample ids
[21:03:56] rep= 149  mem=6433.1MB  left_join (many-to-many)
[21:03:56] rep= 149  mem=6773.0MB  estimate_choice_model: start
[21:04:29] rep= 149  mem=7377.5MB  estimate_choice_model: done
[21:04:30] rep= 149  mem=7377.5MB  compute per_rep + ch_*
[21:04:30] rep= 149  mem=7391.5MB  free big intermediates
[21:04:30] rep= 149  mem=6106.8MB  summarize_boot_rep
[21:04:31] rep= 149  mem=6106.8MB  fwrite csv
[21:04:31] rep= 149  mem=6106.8MB  rep done in 36.2s
[21:04:31] rep= 150  mem=6092.8MB  rep start
[21:04:31] rep= 150  mem=6092.8MB  filter market_data
[21:04:32] rep= 150  mem=6432.8MB  sample ids
[21:04:32] rep= 150  mem=6433.1MB  left_join (many-to-many)
[21:04:32] rep= 150  mem=6773.0MB  estimate_choice_model: start
[21:05:08] rep= 150  mem=7377.4MB  estimate_choice_model: done
[21:05:08] rep= 150  mem=7377.4MB  compute per_rep + ch_*
[21:05:08] rep= 150  mem=7391.4MB  free big intermediates
[21:05:08] rep= 150  mem=6106.8MB  summarize_boot_rep
[21:05:09] rep= 150  mem=6106.8MB  fwrite csv
[21:05:09] rep= 150  mem=6106.8MB  rep done in 37.9s
