[12:59:29] rep=   0  mem=6087.5MB  === runner start, market = 2 , reps_per_session = 25 ===
[12:59:30] rep=   1  mem=6087.8MB  rep start
[12:59:30] rep=   1  mem=6087.8MB  filter market_data
[12:59:30] rep=   1  mem=6250.4MB  sample ids
[12:59:30] rep=   1  mem=6250.6MB  left_join (many-to-many)
[12:59:30] rep=   1  mem=6413.3MB  estimate_choice_model: start
[12:59:50] rep=   1  mem=6713.0MB  estimate_choice_model: done
[12:59:50] rep=   1  mem=6713.0MB  compute per_rep + ch_*
[12:59:50] rep=   1  mem=6722.1MB  free big intermediates
[12:59:51] rep=   1  mem=6099.5MB  summarize_boot_rep
[12:59:51] rep=   1  mem=6099.8MB  fwrite csv
[12:59:51] rep=   1  mem=6099.8MB  rep done in 21.9s
[12:59:52] rep=   2  mem=6090.8MB  rep start
[12:59:52] rep=   2  mem=6090.8MB  filter market_data
[12:59:52] rep=   2  mem=6253.4MB  sample ids
[12:59:52] rep=   2  mem=6253.5MB  left_join (many-to-many)
[12:59:52] rep=   2  mem=6416.1MB  estimate_choice_model: start
[13:00:13] rep=   2  mem=6713.2MB  estimate_choice_model: done
[13:00:13] rep=   2  mem=6713.2MB  compute per_rep + ch_*
[13:00:13] rep=   2  mem=6722.3MB  free big intermediates
[13:00:13] rep=   2  mem=6099.9MB  summarize_boot_rep
[13:00:14] rep=   2  mem=6099.9MB  fwrite csv
[13:00:14] rep=   2  mem=6099.9MB  rep done in 22.5s
[13:00:14] rep=   3  mem=6090.8MB  rep start
[13:00:14] rep=   3  mem=6090.8MB  filter market_data
[13:00:15] rep=   3  mem=6253.4MB  sample ids
[13:00:15] rep=   3  mem=6253.5MB  left_join (many-to-many)
[13:00:15] rep=   3  mem=6416.1MB  estimate_choice_model: start
[13:00:35] rep=   3  mem=6713.1MB  estimate_choice_model: done
[13:00:35] rep=   3  mem=6713.1MB  compute per_rep + ch_*
[13:00:36] rep=   3  mem=6722.2MB  free big intermediates
[13:00:36] rep=   3  mem=6099.9MB  summarize_boot_rep
[13:00:37] rep=   3  mem=6099.9MB  fwrite csv
[13:00:37] rep=   3  mem=6099.9MB  rep done in 22.5s
[13:00:37] rep=   4  mem=6090.8MB  rep start
[13:00:37] rep=   4  mem=6090.8MB  filter market_data
[13:00:37] rep=   4  mem=6253.4MB  sample ids
[13:00:38] rep=   4  mem=6253.5MB  left_join (many-to-many)
[13:00:38] rep=   4  mem=6416.1MB  estimate_choice_model: start
[13:00:56] rep=   4  mem=6713.1MB  estimate_choice_model: done
[13:00:56] rep=   4  mem=6713.1MB  compute per_rep + ch_*
[13:00:57] rep=   4  mem=6722.2MB  free big intermediates
[13:00:57] rep=   4  mem=6099.9MB  summarize_boot_rep
[13:00:57] rep=   4  mem=6099.9MB  fwrite csv
[13:00:58] rep=   4  mem=6099.9MB  rep done in 20.8s
[13:00:58] rep=   5  mem=6090.8MB  rep start
[13:00:58] rep=   5  mem=6090.8MB  filter market_data
[13:00:58] rep=   5  mem=6253.4MB  sample ids
[13:00:58] rep=   5  mem=6253.5MB  left_join (many-to-many)
[13:00:59] rep=   5  mem=6416.0MB  estimate_choice_model: start
[13:01:19] rep=   5  mem=6712.9MB  estimate_choice_model: done
[13:01:19] rep=   5  mem=6712.9MB  compute per_rep + ch_*
[13:01:19] rep=   5  mem=6722.0MB  free big intermediates
[13:01:19] rep=   5  mem=6099.9MB  summarize_boot_rep
[13:01:20] rep=   5  mem=6099.9MB  fwrite csv
[13:01:20] rep=   5  mem=6099.9MB  rep done in 22.3s
[13:01:20] rep=   6  mem=6090.8MB  rep start
[13:01:20] rep=   6  mem=6090.8MB  filter market_data
[13:01:21] rep=   6  mem=6253.4MB  sample ids
[13:01:21] rep=   6  mem=6253.5MB  left_join (many-to-many)
[13:01:21] rep=   6  mem=6416.2MB  estimate_choice_model: start
[13:01:42] rep=   6  mem=6713.3MB  estimate_choice_model: done
[13:01:42] rep=   6  mem=6713.3MB  compute per_rep + ch_*
[13:01:43] rep=   6  mem=6722.4MB  free big intermediates
[13:01:43] rep=   6  mem=6099.9MB  summarize_boot_rep
[13:01:43] rep=   6  mem=6099.9MB  fwrite csv
[13:01:44] rep=   6  mem=6099.9MB  rep done in 23.4s
[13:01:44] rep=   7  mem=6090.8MB  rep start
[13:01:44] rep=   7  mem=6090.8MB  filter market_data
[13:01:44] rep=   7  mem=6253.4MB  sample ids
[13:01:44] rep=   7  mem=6253.5MB  left_join (many-to-many)
[13:01:45] rep=   7  mem=6416.1MB  estimate_choice_model: start
[13:02:07] rep=   7  mem=6713.1MB  estimate_choice_model: done
[13:02:07] rep=   7  mem=6713.1MB  compute per_rep + ch_*
[13:02:07] rep=   7  mem=6722.2MB  free big intermediates
[13:02:08] rep=   7  mem=6099.9MB  summarize_boot_rep
[13:02:08] rep=   7  mem=6099.9MB  fwrite csv
[13:02:08] rep=   7  mem=6099.9MB  rep done in 24.6s
[13:02:08] rep=   8  mem=6090.8MB  rep start
[13:02:09] rep=   8  mem=6090.8MB  filter market_data
[13:02:09] rep=   8  mem=6253.4MB  sample ids
[13:02:09] rep=   8  mem=6253.5MB  left_join (many-to-many)
[13:02:09] rep=   8  mem=6416.1MB  estimate_choice_model: start
[13:02:30] rep=   8  mem=6713.3MB  estimate_choice_model: done
[13:02:30] rep=   8  mem=6713.3MB  compute per_rep + ch_*
[13:02:30] rep=   8  mem=6722.4MB  free big intermediates
[13:02:31] rep=   8  mem=6099.9MB  summarize_boot_rep
[13:02:31] rep=   8  mem=6099.9MB  fwrite csv
[13:02:31] rep=   8  mem=6099.9MB  rep done in 23.0s
[13:02:32] rep=   9  mem=6090.8MB  rep start
[13:02:32] rep=   9  mem=6090.8MB  filter market_data
[13:02:32] rep=   9  mem=6253.4MB  sample ids
[13:02:32] rep=   9  mem=6253.5MB  left_join (many-to-many)
[13:02:32] rep=   9  mem=6416.3MB  estimate_choice_model: start
[13:02:51] rep=   9  mem=6713.6MB  estimate_choice_model: done
[13:02:51] rep=   9  mem=6713.6MB  compute per_rep + ch_*
[13:02:51] rep=   9  mem=6722.7MB  free big intermediates
[13:02:51] rep=   9  mem=6099.9MB  summarize_boot_rep
[13:02:52] rep=   9  mem=6099.9MB  fwrite csv
[13:02:52] rep=   9  mem=6099.9MB  rep done in 20.5s
[13:02:52] rep=  10  mem=6090.8MB  rep start
[13:02:52] rep=  10  mem=6090.8MB  filter market_data
[13:02:53] rep=  10  mem=6253.4MB  sample ids
[13:02:53] rep=  10  mem=6253.5MB  left_join (many-to-many)
[13:02:53] rep=  10  mem=6416.2MB  estimate_choice_model: start
[13:03:12] rep=  10  mem=6713.3MB  estimate_choice_model: done
[13:03:12] rep=  10  mem=6713.3MB  compute per_rep + ch_*
[13:03:12] rep=  10  mem=6722.4MB  free big intermediates
[13:03:13] rep=  10  mem=6099.9MB  summarize_boot_rep
[13:03:13] rep=  10  mem=6099.9MB  fwrite csv
[13:03:13] rep=  10  mem=6099.9MB  rep done in 21.3s
[13:03:14] rep=  11  mem=6090.8MB  rep start
[13:03:14] rep=  11  mem=6090.8MB  filter market_data
[13:03:14] rep=  11  mem=6253.4MB  sample ids
[13:03:14] rep=  11  mem=6253.5MB  left_join (many-to-many)
[13:03:14] rep=  11  mem=6416.1MB  estimate_choice_model: start
[13:03:33] rep=  11  mem=6713.1MB  estimate_choice_model: done
[13:03:33] rep=  11  mem=6713.1MB  compute per_rep + ch_*
[13:03:33] rep=  11  mem=6722.3MB  free big intermediates
[13:03:33] rep=  11  mem=6099.9MB  summarize_boot_rep
[13:03:34] rep=  11  mem=6099.9MB  fwrite csv
[13:03:34] rep=  11  mem=6099.9MB  rep done in 20.4s
[13:03:34] rep=  12  mem=6090.8MB  rep start
[13:03:34] rep=  12  mem=6090.8MB  filter market_data
[13:03:35] rep=  12  mem=6253.4MB  sample ids
[13:03:35] rep=  12  mem=6253.5MB  left_join (many-to-many)
[13:03:35] rep=  12  mem=6416.0MB  estimate_choice_model: start
[13:03:54] rep=  12  mem=6713.0MB  estimate_choice_model: done
[13:03:54] rep=  12  mem=6713.0MB  compute per_rep + ch_*
[13:03:54] rep=  12  mem=6722.1MB  free big intermediates
[13:03:55] rep=  12  mem=6099.9MB  summarize_boot_rep
[13:03:55] rep=  12  mem=6099.9MB  fwrite csv
[13:03:55] rep=  12  mem=6099.9MB  rep done in 21.5s
[13:03:56] rep=  13  mem=6090.8MB  rep start
[13:03:56] rep=  13  mem=6090.8MB  filter market_data
[13:03:56] rep=  13  mem=6253.4MB  sample ids
[13:03:56] rep=  13  mem=6253.5MB  left_join (many-to-many)
[13:03:56] rep=  13  mem=6416.1MB  estimate_choice_model: start
[13:04:15] rep=  13  mem=6713.0MB  estimate_choice_model: done
[13:04:16] rep=  13  mem=6713.0MB  compute per_rep + ch_*
[13:04:16] rep=  13  mem=6722.1MB  free big intermediates
[13:04:16] rep=  13  mem=6099.9MB  summarize_boot_rep
[13:04:17] rep=  13  mem=6099.9MB  fwrite csv
[13:04:17] rep=  13  mem=6099.9MB  rep done in 21.2s
[13:04:17] rep=  14  mem=6090.8MB  rep start
[13:04:17] rep=  14  mem=6090.8MB  filter market_data
[13:04:17] rep=  14  mem=6253.4MB  sample ids
[13:04:18] rep=  14  mem=6253.5MB  left_join (many-to-many)
[13:04:18] rep=  14  mem=6416.2MB  estimate_choice_model: start
[13:04:36] rep=  14  mem=6713.4MB  estimate_choice_model: done
[13:04:36] rep=  14  mem=6713.4MB  compute per_rep + ch_*
[13:04:37] rep=  14  mem=6722.5MB  free big intermediates
[13:04:37] rep=  14  mem=6099.9MB  summarize_boot_rep
[13:04:38] rep=  14  mem=6099.9MB  fwrite csv
[13:04:38] rep=  14  mem=6099.9MB  rep done in 20.9s
[13:04:38] rep=  15  mem=6090.8MB  rep start
[13:04:38] rep=  15  mem=6090.8MB  filter market_data
[13:04:38] rep=  15  mem=6253.4MB  sample ids
[13:04:39] rep=  15  mem=6253.5MB  left_join (many-to-many)
[13:04:39] rep=  15  mem=6416.0MB  estimate_choice_model: start
[13:04:57] rep=  15  mem=6712.9MB  estimate_choice_model: done
[13:04:57] rep=  15  mem=6712.9MB  compute per_rep + ch_*
[13:04:57] rep=  15  mem=6722.0MB  free big intermediates
[13:04:58] rep=  15  mem=6099.9MB  summarize_boot_rep
[13:04:58] rep=  15  mem=6099.9MB  fwrite csv
[13:04:58] rep=  15  mem=6099.9MB  rep done in 20.6s
[13:04:59] rep=  16  mem=6090.8MB  rep start
[13:04:59] rep=  16  mem=6090.8MB  filter market_data
[13:04:59] rep=  16  mem=6253.4MB  sample ids
[13:04:59] rep=  16  mem=6253.5MB  left_join (many-to-many)
[13:04:59] rep=  16  mem=6416.0MB  estimate_choice_model: start
[13:05:18] rep=  16  mem=6712.7MB  estimate_choice_model: done
[13:05:18] rep=  16  mem=6712.7MB  compute per_rep + ch_*
[13:05:18] rep=  16  mem=6721.8MB  free big intermediates
[13:05:18] rep=  16  mem=6099.9MB  summarize_boot_rep
[13:05:19] rep=  16  mem=6099.9MB  fwrite csv
[13:05:19] rep=  16  mem=6099.9MB  rep done in 20.4s
[13:05:19] rep=  17  mem=6090.8MB  rep start
[13:05:19] rep=  17  mem=6090.8MB  filter market_data
[13:05:20] rep=  17  mem=6253.4MB  sample ids
[13:05:20] rep=  17  mem=6253.5MB  left_join (many-to-many)
[13:05:20] rep=  17  mem=6416.1MB  estimate_choice_model: start
[13:05:37] rep=  17  mem=6713.1MB  estimate_choice_model: done
[13:05:37] rep=  17  mem=6713.1MB  compute per_rep + ch_*
[13:05:37] rep=  17  mem=6722.2MB  free big intermediates
[13:05:38] rep=  17  mem=6099.9MB  summarize_boot_rep
[13:05:38] rep=  17  mem=6099.9MB  fwrite csv
[13:05:38] rep=  17  mem=6099.9MB  rep done in 19.2s
[13:05:38] rep=  18  mem=6090.8MB  rep start
[13:05:38] rep=  18  mem=6090.8MB  filter market_data
[13:05:39] rep=  18  mem=6253.4MB  sample ids
[13:05:39] rep=  18  mem=6253.5MB  left_join (many-to-many)
[13:05:39] rep=  18  mem=6416.1MB  estimate_choice_model: start
[13:05:57] rep=  18  mem=6713.2MB  estimate_choice_model: done
[13:05:57] rep=  18  mem=6713.2MB  compute per_rep + ch_*
[13:05:58] rep=  18  mem=6722.3MB  free big intermediates
[13:05:58] rep=  18  mem=6099.9MB  summarize_boot_rep
[13:05:58] rep=  18  mem=6099.9MB  fwrite csv
[13:05:58] rep=  18  mem=6099.9MB  rep done in 20.2s
[13:05:59] rep=  19  mem=6090.8MB  rep start
[13:05:59] rep=  19  mem=6090.8MB  filter market_data
[13:05:59] rep=  19  mem=6253.4MB  sample ids
[13:05:59] rep=  19  mem=6253.5MB  left_join (many-to-many)
[13:05:59] rep=  19  mem=6416.1MB  estimate_choice_model: start
[13:06:19] rep=  19  mem=6713.1MB  estimate_choice_model: done
[13:06:19] rep=  19  mem=6713.1MB  compute per_rep + ch_*
[13:06:19] rep=  19  mem=6722.2MB  free big intermediates
[13:06:19] rep=  19  mem=6099.9MB  summarize_boot_rep
[13:06:20] rep=  19  mem=6099.9MB  fwrite csv
[13:06:20] rep=  19  mem=6099.9MB  rep done in 21.4s
[13:06:20] rep=  20  mem=6090.8MB  rep start
[13:06:20] rep=  20  mem=6090.8MB  filter market_data
[13:06:21] rep=  20  mem=6253.4MB  sample ids
[13:06:21] rep=  20  mem=6253.5MB  left_join (many-to-many)
[13:06:21] rep=  20  mem=6416.1MB  estimate_choice_model: start
[13:06:39] rep=  20  mem=6713.0MB  estimate_choice_model: done
[13:06:39] rep=  20  mem=6713.0MB  compute per_rep + ch_*
[13:06:39] rep=  20  mem=6722.1MB  free big intermediates
[13:06:40] rep=  20  mem=6099.9MB  summarize_boot_rep
[13:06:40] rep=  20  mem=6099.9MB  fwrite csv
[13:06:40] rep=  20  mem=6099.9MB  rep done in 20.1s
[13:06:40] rep=  21  mem=6090.8MB  rep start
[13:06:41] rep=  21  mem=6090.8MB  filter market_data
[13:06:41] rep=  21  mem=6253.4MB  sample ids
[13:06:41] rep=  21  mem=6253.5MB  left_join (many-to-many)
[13:06:41] rep=  21  mem=6416.1MB  estimate_choice_model: start
[13:07:00] rep=  21  mem=6713.0MB  estimate_choice_model: done
[13:07:00] rep=  21  mem=6713.0MB  compute per_rep + ch_*
[13:07:01] rep=  21  mem=6722.1MB  free big intermediates
[13:07:01] rep=  21  mem=6099.9MB  summarize_boot_rep
[13:07:01] rep=  21  mem=6099.9MB  fwrite csv
[13:07:01] rep=  21  mem=6099.9MB  rep done in 21.2s
[13:07:02] rep=  22  mem=6090.8MB  rep start
[13:07:02] rep=  22  mem=6090.8MB  filter market_data
[13:07:02] rep=  22  mem=6253.4MB  sample ids
[13:07:02] rep=  22  mem=6253.5MB  left_join (many-to-many)
[13:07:03] rep=  22  mem=6416.1MB  estimate_choice_model: start
[13:07:21] rep=  22  mem=6713.2MB  estimate_choice_model: done
[13:07:21] rep=  22  mem=6713.2MB  compute per_rep + ch_*
[13:07:21] rep=  22  mem=6722.3MB  free big intermediates
[13:07:21] rep=  22  mem=6099.9MB  summarize_boot_rep
[13:07:22] rep=  22  mem=6099.9MB  fwrite csv
[13:07:22] rep=  22  mem=6099.9MB  rep done in 20.3s
[13:07:22] rep=  23  mem=6090.8MB  rep start
[13:07:22] rep=  23  mem=6090.8MB  filter market_data
[13:07:23] rep=  23  mem=6253.4MB  sample ids
[13:07:23] rep=  23  mem=6253.5MB  left_join (many-to-many)
[13:07:23] rep=  23  mem=6416.1MB  estimate_choice_model: start
[13:07:40] rep=  23  mem=6713.1MB  estimate_choice_model: done
[13:07:41] rep=  23  mem=6713.1MB  compute per_rep + ch_*
[13:07:41] rep=  23  mem=6722.2MB  free big intermediates
[13:07:41] rep=  23  mem=6099.9MB  summarize_boot_rep
[13:07:42] rep=  23  mem=6099.9MB  fwrite csv
[13:07:42] rep=  23  mem=6099.9MB  rep done in 19.6s
[13:07:42] rep=  24  mem=6090.8MB  rep start
[13:07:42] rep=  24  mem=6090.8MB  filter market_data
[13:07:42] rep=  24  mem=6253.4MB  sample ids
[13:07:42] rep=  24  mem=6253.5MB  left_join (many-to-many)
[13:07:43] rep=  24  mem=6416.2MB  estimate_choice_model: start
[13:08:02] rep=  24  mem=6713.3MB  estimate_choice_model: done
[13:08:02] rep=  24  mem=6713.3MB  compute per_rep + ch_*
[13:08:02] rep=  24  mem=6722.4MB  free big intermediates
[13:08:02] rep=  24  mem=6099.9MB  summarize_boot_rep
[13:08:03] rep=  24  mem=6099.9MB  fwrite csv
[13:08:03] rep=  24  mem=6099.9MB  rep done in 21.1s
[13:08:03] rep=  25  mem=6090.8MB  rep start
[13:08:03] rep=  25  mem=6090.8MB  filter market_data
[13:08:04] rep=  25  mem=6253.4MB  sample ids
[13:08:04] rep=  25  mem=6253.5MB  left_join (many-to-many)
[13:08:04] rep=  25  mem=6416.1MB  estimate_choice_model: start
[13:08:23] rep=  25  mem=6713.1MB  estimate_choice_model: done
[13:08:23] rep=  25  mem=6713.1MB  compute per_rep + ch_*
[13:08:23] rep=  25  mem=6722.3MB  free big intermediates
[13:08:23] rep=  25  mem=6099.9MB  summarize_boot_rep
[13:08:24] rep=  25  mem=6099.9MB  fwrite csv
[13:08:24] rep=  25  mem=6099.9MB  rep done in 21.0s
[13:08:24] rep=   0  mem=6090.8MB  === session quota of 25 reps reached, exiting ===
[13:08:48] rep=   0  mem=6087.5MB  === runner start, market = 2 , reps_per_session = 25 ===
[13:08:48] rep=  26  mem=6087.8MB  rep start
[13:08:48] rep=  26  mem=6087.8MB  filter market_data
[13:08:48] rep=  26  mem=6250.4MB  sample ids
[13:08:48] rep=  26  mem=6250.6MB  left_join (many-to-many)
[13:08:49] rep=  26  mem=6413.4MB  estimate_choice_model: start
[13:09:07] rep=  26  mem=6713.3MB  estimate_choice_model: done
[13:09:07] rep=  26  mem=6713.3MB  compute per_rep + ch_*
[13:09:07] rep=  26  mem=6722.5MB  free big intermediates
[13:09:07] rep=  26  mem=6099.5MB  summarize_boot_rep
[13:09:08] rep=  26  mem=6099.8MB  fwrite csv
[13:09:08] rep=  26  mem=6099.8MB  rep done in 20.3s
[13:09:08] rep=  27  mem=6090.8MB  rep start
[13:09:08] rep=  27  mem=6090.8MB  filter market_data
[13:09:09] rep=  27  mem=6253.4MB  sample ids
[13:09:09] rep=  27  mem=6253.5MB  left_join (many-to-many)
[13:09:09] rep=  27  mem=6416.1MB  estimate_choice_model: start
[13:09:26] rep=  27  mem=6713.0MB  estimate_choice_model: done
[13:09:26] rep=  27  mem=6713.0MB  compute per_rep + ch_*
[13:09:27] rep=  27  mem=6722.1MB  free big intermediates
[13:09:27] rep=  27  mem=6099.9MB  summarize_boot_rep
[13:09:27] rep=  27  mem=6099.9MB  fwrite csv
[13:09:28] rep=  27  mem=6099.9MB  rep done in 19.5s
[13:09:28] rep=  28  mem=6090.8MB  rep start
[13:09:28] rep=  28  mem=6090.8MB  filter market_data
[13:09:28] rep=  28  mem=6253.4MB  sample ids
[13:09:28] rep=  28  mem=6253.5MB  left_join (many-to-many)
[13:09:29] rep=  28  mem=6416.1MB  estimate_choice_model: start
[14:13:02] rep=   0  mem=6087.5MB  === runner start, market = 2 , reps_per_session = 25 ===
[14:13:02] rep=  28  mem=6087.8MB  rep start
[14:13:02] rep=  28  mem=6087.8MB  filter market_data
[14:13:02] rep=  28  mem=6250.4MB  sample ids
[14:13:02] rep=  28  mem=6250.6MB  left_join (many-to-many)
[14:13:03] rep=  28  mem=6413.3MB  estimate_choice_model: start
[14:13:21] rep=  28  mem=6712.7MB  estimate_choice_model: done
[14:13:22] rep=  28  mem=6712.7MB  compute per_rep + ch_*
[14:13:22] rep=  28  mem=6721.8MB  free big intermediates
[14:13:22] rep=  28  mem=6099.5MB  summarize_boot_rep
[14:13:23] rep=  28  mem=6099.8MB  fwrite csv
[14:13:23] rep=  28  mem=6099.8MB  rep done in 20.9s
[14:13:23] rep=  29  mem=6090.8MB  rep start
[14:13:23] rep=  29  mem=6090.8MB  filter market_data
[14:13:23] rep=  29  mem=6253.4MB  sample ids
[14:13:23] rep=  29  mem=6253.5MB  left_join (many-to-many)
[14:13:24] rep=  29  mem=6416.1MB  estimate_choice_model: start
[14:13:43] rep=  29  mem=6713.0MB  estimate_choice_model: done
[14:13:43] rep=  29  mem=6713.0MB  compute per_rep + ch_*
[14:13:43] rep=  29  mem=6722.1MB  free big intermediates
[14:13:43] rep=  29  mem=6099.9MB  summarize_boot_rep
[14:13:44] rep=  29  mem=6099.9MB  fwrite csv
[14:13:44] rep=  29  mem=6099.9MB  rep done in 21.0s
[14:13:44] rep=  30  mem=6090.8MB  rep start
[14:13:44] rep=  30  mem=6090.8MB  filter market_data
[14:13:45] rep=  30  mem=6253.4MB  sample ids
[14:13:45] rep=  30  mem=6253.5MB  left_join (many-to-many)
[14:13:45] rep=  30  mem=6416.2MB  estimate_choice_model: start
[14:14:04] rep=  30  mem=6713.3MB  estimate_choice_model: done
[14:14:04] rep=  30  mem=6713.3MB  compute per_rep + ch_*
[14:14:04] rep=  30  mem=6722.4MB  free big intermediates
[14:14:04] rep=  30  mem=6099.9MB  summarize_boot_rep
[14:14:05] rep=  30  mem=6099.9MB  fwrite csv
[14:14:05] rep=  30  mem=6099.9MB  rep done in 21.2s
[14:14:05] rep=  31  mem=6090.8MB  rep start
[14:14:05] rep=  31  mem=6090.8MB  filter market_data
[14:14:06] rep=  31  mem=6253.4MB  sample ids
[14:14:06] rep=  31  mem=6253.5MB  left_join (many-to-many)
[14:14:06] rep=  31  mem=6416.1MB  estimate_choice_model: start
[14:14:25] rep=  31  mem=6713.2MB  estimate_choice_model: done
[14:14:25] rep=  31  mem=6713.2MB  compute per_rep + ch_*
[14:14:25] rep=  31  mem=6722.3MB  free big intermediates
[14:14:26] rep=  31  mem=6099.9MB  summarize_boot_rep
[14:14:26] rep=  31  mem=6099.9MB  fwrite csv
[14:14:26] rep=  31  mem=6099.9MB  rep done in 21.0s
[14:14:26] rep=  32  mem=6090.8MB  rep start
[14:14:27] rep=  32  mem=6090.8MB  filter market_data
[14:14:27] rep=  32  mem=6253.4MB  sample ids
[14:14:27] rep=  32  mem=6253.5MB  left_join (many-to-many)
[14:14:27] rep=  32  mem=6416.1MB  estimate_choice_model: start
[14:14:46] rep=  32  mem=6713.0MB  estimate_choice_model: done
[14:14:46] rep=  32  mem=6713.0MB  compute per_rep + ch_*
[14:14:46] rep=  32  mem=6722.1MB  free big intermediates
[14:14:46] rep=  32  mem=6099.9MB  summarize_boot_rep
[14:14:47] rep=  32  mem=6099.9MB  fwrite csv
[14:14:47] rep=  32  mem=6099.9MB  rep done in 20.7s
[14:14:47] rep=  33  mem=6090.8MB  rep start
[14:14:47] rep=  33  mem=6090.8MB  filter market_data
[14:14:48] rep=  33  mem=6253.4MB  sample ids
[14:14:48] rep=  33  mem=6253.5MB  left_join (many-to-many)
[14:14:48] rep=  33  mem=6416.1MB  estimate_choice_model: start
[14:15:07] rep=  33  mem=6713.1MB  estimate_choice_model: done
[14:15:07] rep=  33  mem=6713.1MB  compute per_rep + ch_*
[14:15:07] rep=  33  mem=6722.2MB  free big intermediates
[14:15:08] rep=  33  mem=6099.9MB  summarize_boot_rep
[14:15:08] rep=  33  mem=6099.9MB  fwrite csv
[14:15:08] rep=  33  mem=6099.9MB  rep done in 21.2s
[14:15:09] rep=  34  mem=6090.8MB  rep start
[14:15:09] rep=  34  mem=6090.8MB  filter market_data
[14:15:09] rep=  34  mem=6253.4MB  sample ids
[14:15:09] rep=  34  mem=6253.5MB  left_join (many-to-many)
[14:15:09] rep=  34  mem=6416.2MB  estimate_choice_model: start
[14:15:29] rep=  34  mem=6713.4MB  estimate_choice_model: done
[14:15:29] rep=  34  mem=6713.4MB  compute per_rep + ch_*
[14:15:29] rep=  34  mem=6722.5MB  free big intermediates
[14:15:29] rep=  34  mem=6099.9MB  summarize_boot_rep
[14:15:30] rep=  34  mem=6099.9MB  fwrite csv
[14:15:30] rep=  34  mem=6099.9MB  rep done in 21.6s
[14:15:30] rep=  35  mem=6090.8MB  rep start
[14:15:30] rep=  35  mem=6090.8MB  filter market_data
[14:15:31] rep=  35  mem=6253.4MB  sample ids
[14:15:31] rep=  35  mem=6253.5MB  left_join (many-to-many)
[14:15:31] rep=  35  mem=6416.1MB  estimate_choice_model: start
[14:15:50] rep=  35  mem=6713.2MB  estimate_choice_model: done
[14:15:50] rep=  35  mem=6713.2MB  compute per_rep + ch_*
[14:15:51] rep=  35  mem=6722.3MB  free big intermediates
[14:15:51] rep=  35  mem=6099.9MB  summarize_boot_rep
[14:15:52] rep=  35  mem=6099.9MB  fwrite csv
[14:15:52] rep=  35  mem=6099.9MB  rep done in 21.5s
[14:15:52] rep=  36  mem=6090.8MB  rep start
[14:15:52] rep=  36  mem=6090.8MB  filter market_data
[14:15:52] rep=  36  mem=6253.4MB  sample ids
[14:15:52] rep=  36  mem=6253.5MB  left_join (many-to-many)
[14:15:53] rep=  36  mem=6416.1MB  estimate_choice_model: start
[14:16:11] rep=  36  mem=6713.1MB  estimate_choice_model: done
[14:16:11] rep=  36  mem=6713.1MB  compute per_rep + ch_*
[14:16:12] rep=  36  mem=6722.2MB  free big intermediates
[14:16:12] rep=  36  mem=6099.9MB  summarize_boot_rep
[14:16:12] rep=  36  mem=6099.9MB  fwrite csv
[14:16:13] rep=  36  mem=6099.9MB  rep done in 20.9s
[14:16:13] rep=  37  mem=6090.8MB  rep start
[14:16:13] rep=  37  mem=6090.8MB  filter market_data
[14:16:13] rep=  37  mem=6253.4MB  sample ids
[14:16:13] rep=  37  mem=6253.5MB  left_join (many-to-many)
[14:16:14] rep=  37  mem=6416.1MB  estimate_choice_model: start
[14:16:31] rep=  37  mem=6713.0MB  estimate_choice_model: done
[14:16:31] rep=  37  mem=6713.0MB  compute per_rep + ch_*
[14:16:32] rep=  37  mem=6722.1MB  free big intermediates
[14:16:32] rep=  37  mem=6099.9MB  summarize_boot_rep
[14:16:32] rep=  37  mem=6099.9MB  fwrite csv
[14:16:33] rep=  37  mem=6099.9MB  rep done in 19.9s
[14:16:33] rep=  38  mem=6090.8MB  rep start
[14:16:33] rep=  38  mem=6090.8MB  filter market_data
[14:16:33] rep=  38  mem=6253.4MB  sample ids
[14:16:33] rep=  38  mem=6253.5MB  left_join (many-to-many)
[14:16:34] rep=  38  mem=6416.2MB  estimate_choice_model: start
[14:16:51] rep=  38  mem=6713.3MB  estimate_choice_model: done
[14:16:51] rep=  38  mem=6713.3MB  compute per_rep + ch_*
[14:16:52] rep=  38  mem=6722.4MB  free big intermediates
[14:16:52] rep=  38  mem=6099.9MB  summarize_boot_rep
[14:16:52] rep=  38  mem=6099.9MB  fwrite csv
[14:16:53] rep=  38  mem=6099.9MB  rep done in 19.9s
[14:16:53] rep=  39  mem=6090.8MB  rep start
[14:16:53] rep=  39  mem=6090.8MB  filter market_data
[14:16:53] rep=  39  mem=6253.4MB  sample ids
[14:16:53] rep=  39  mem=6253.5MB  left_join (many-to-many)
[14:16:54] rep=  39  mem=6416.1MB  estimate_choice_model: start
[14:17:11] rep=  39  mem=6713.2MB  estimate_choice_model: done
[14:17:11] rep=  39  mem=6713.2MB  compute per_rep + ch_*
[14:17:11] rep=  39  mem=6722.3MB  free big intermediates
[14:17:12] rep=  39  mem=6099.9MB  summarize_boot_rep
[14:17:12] rep=  39  mem=6099.9MB  fwrite csv
[14:17:12] rep=  39  mem=6099.9MB  rep done in 19.6s
[14:17:13] rep=  40  mem=6090.8MB  rep start
[14:17:13] rep=  40  mem=6090.8MB  filter market_data
[14:17:13] rep=  40  mem=6253.4MB  sample ids
[14:17:13] rep=  40  mem=6253.5MB  left_join (many-to-many)
[14:17:13] rep=  40  mem=6416.1MB  estimate_choice_model: start
[14:17:32] rep=  40  mem=6713.0MB  estimate_choice_model: done
[14:17:33] rep=  40  mem=6713.0MB  compute per_rep + ch_*
[14:17:33] rep=  40  mem=6722.1MB  free big intermediates
[14:17:33] rep=  40  mem=6099.9MB  summarize_boot_rep
[14:17:34] rep=  40  mem=6099.9MB  fwrite csv
[14:17:34] rep=  40  mem=6099.9MB  rep done in 21.4s
[14:17:34] rep=  41  mem=6090.8MB  rep start
[14:17:34] rep=  41  mem=6090.8MB  filter market_data
[14:17:34] rep=  41  mem=6253.4MB  sample ids
[14:17:35] rep=  41  mem=6253.5MB  left_join (many-to-many)
[14:17:35] rep=  41  mem=6416.0MB  estimate_choice_model: start
[14:17:53] rep=  41  mem=6712.9MB  estimate_choice_model: done
[14:17:53] rep=  41  mem=6712.9MB  compute per_rep + ch_*
[14:17:53] rep=  41  mem=6722.0MB  free big intermediates
[14:17:53] rep=  41  mem=6099.9MB  summarize_boot_rep
[14:17:54] rep=  41  mem=6099.9MB  fwrite csv
[14:17:54] rep=  41  mem=6099.9MB  rep done in 20.2s
[14:17:54] rep=  42  mem=6090.8MB  rep start
[14:17:54] rep=  42  mem=6090.8MB  filter market_data
[14:17:55] rep=  42  mem=6253.4MB  sample ids
[14:17:55] rep=  42  mem=6253.5MB  left_join (many-to-many)
[14:17:55] rep=  42  mem=6416.1MB  estimate_choice_model: start
[14:18:13] rep=  42  mem=6713.0MB  estimate_choice_model: done
[14:18:13] rep=  42  mem=6713.0MB  compute per_rep + ch_*
[14:18:13] rep=  42  mem=6722.1MB  free big intermediates
[14:18:13] rep=  42  mem=6099.9MB  summarize_boot_rep
[14:18:14] rep=  42  mem=6099.9MB  fwrite csv
[14:18:14] rep=  42  mem=6099.9MB  rep done in 19.6s
[14:18:14] rep=  43  mem=6090.8MB  rep start
[14:18:14] rep=  43  mem=6090.8MB  filter market_data
[14:18:14] rep=  43  mem=6253.4MB  sample ids
[14:18:15] rep=  43  mem=6253.5MB  left_join (many-to-many)
[14:18:15] rep=  43  mem=6416.1MB  estimate_choice_model: start
[14:18:33] rep=  43  mem=6713.0MB  estimate_choice_model: done
[14:18:33] rep=  43  mem=6713.0MB  compute per_rep + ch_*
[14:18:33] rep=  43  mem=6722.1MB  free big intermediates
[14:18:33] rep=  43  mem=6099.9MB  summarize_boot_rep
[14:18:34] rep=  43  mem=6099.9MB  fwrite csv
[14:18:34] rep=  43  mem=6099.9MB  rep done in 20.0s
[14:18:34] rep=  44  mem=6090.8MB  rep start
[14:18:34] rep=  44  mem=6090.8MB  filter market_data
[14:18:35] rep=  44  mem=6253.4MB  sample ids
[14:18:35] rep=  44  mem=6253.5MB  left_join (many-to-many)
[14:18:35] rep=  44  mem=6416.1MB  estimate_choice_model: start
[14:18:53] rep=  44  mem=6713.0MB  estimate_choice_model: done
[14:18:53] rep=  44  mem=6713.0MB  compute per_rep + ch_*
[14:18:53] rep=  44  mem=6722.1MB  free big intermediates
[14:18:53] rep=  44  mem=6099.9MB  summarize_boot_rep
[14:18:54] rep=  44  mem=6099.9MB  fwrite csv
[14:18:54] rep=  44  mem=6099.9MB  rep done in 19.9s
[14:18:54] rep=  45  mem=6090.8MB  rep start
[14:18:54] rep=  45  mem=6090.8MB  filter market_data
[14:18:55] rep=  45  mem=6253.4MB  sample ids
[14:18:55] rep=  45  mem=6253.5MB  left_join (many-to-many)
[14:18:55] rep=  45  mem=6416.1MB  estimate_choice_model: start
[14:19:13] rep=  45  mem=6713.0MB  estimate_choice_model: done
[14:19:13] rep=  45  mem=6713.0MB  compute per_rep + ch_*
[14:19:13] rep=  45  mem=6722.1MB  free big intermediates
[14:19:13] rep=  45  mem=6099.9MB  summarize_boot_rep
[14:19:14] rep=  45  mem=6099.9MB  fwrite csv
[14:19:14] rep=  45  mem=6099.9MB  rep done in 19.9s
[14:19:14] rep=  46  mem=6090.8MB  rep start
[14:19:14] rep=  46  mem=6090.8MB  filter market_data
[14:19:15] rep=  46  mem=6253.4MB  sample ids
[14:19:15] rep=  46  mem=6253.5MB  left_join (many-to-many)
[14:19:15] rep=  46  mem=6416.2MB  estimate_choice_model: start
[14:19:34] rep=  46  mem=6713.3MB  estimate_choice_model: done
[14:19:34] rep=  46  mem=6713.3MB  compute per_rep + ch_*
[14:19:34] rep=  46  mem=6722.4MB  free big intermediates
[14:19:34] rep=  46  mem=6099.9MB  summarize_boot_rep
[14:19:35] rep=  46  mem=6099.9MB  fwrite csv
[14:19:35] rep=  46  mem=6099.9MB  rep done in 20.9s
[14:19:35] rep=  47  mem=6090.8MB  rep start
[14:19:35] rep=  47  mem=6090.8MB  filter market_data
[14:19:36] rep=  47  mem=6253.4MB  sample ids
[14:19:36] rep=  47  mem=6253.5MB  left_join (many-to-many)
[14:19:36] rep=  47  mem=6416.1MB  estimate_choice_model: start
[14:19:54] rep=  47  mem=6713.0MB  estimate_choice_model: done
[14:19:55] rep=  47  mem=6713.0MB  compute per_rep + ch_*
[14:19:55] rep=  47  mem=6722.1MB  free big intermediates
[14:19:55] rep=  47  mem=6099.9MB  summarize_boot_rep
[14:19:56] rep=  47  mem=6099.9MB  fwrite csv
[14:19:56] rep=  47  mem=6099.9MB  rep done in 20.8s
[14:19:56] rep=  48  mem=6090.8MB  rep start
[14:19:56] rep=  48  mem=6090.8MB  filter market_data
[14:19:57] rep=  48  mem=6253.4MB  sample ids
[14:19:57] rep=  48  mem=6253.5MB  left_join (many-to-many)
[14:19:57] rep=  48  mem=6416.1MB  estimate_choice_model: start
[14:20:17] rep=  48  mem=6713.2MB  estimate_choice_model: done
[14:20:17] rep=  48  mem=6713.2MB  compute per_rep + ch_*
[14:20:17] rep=  48  mem=6722.4MB  free big intermediates
[14:20:18] rep=  48  mem=6099.9MB  summarize_boot_rep
[14:20:18] rep=  48  mem=6099.9MB  fwrite csv
[14:20:18] rep=  48  mem=6099.9MB  rep done in 22.2s
[14:20:18] rep=  49  mem=6090.8MB  rep start
[14:20:18] rep=  49  mem=6090.8MB  filter market_data
[14:20:19] rep=  49  mem=6253.4MB  sample ids
[14:20:19] rep=  49  mem=6253.5MB  left_join (many-to-many)
[14:20:19] rep=  49  mem=6416.1MB  estimate_choice_model: start
[14:20:38] rep=  49  mem=6713.0MB  estimate_choice_model: done
[14:20:38] rep=  49  mem=6713.0MB  compute per_rep + ch_*
[14:20:39] rep=  49  mem=6722.1MB  free big intermediates
[14:20:39] rep=  49  mem=6099.9MB  summarize_boot_rep
[14:20:39] rep=  49  mem=6099.9MB  fwrite csv
[14:20:40] rep=  49  mem=6099.9MB  rep done in 21.3s
[14:20:40] rep=  50  mem=6090.8MB  rep start
[14:20:40] rep=  50  mem=6090.8MB  filter market_data
[14:20:40] rep=  50  mem=6253.4MB  sample ids
[14:20:40] rep=  50  mem=6253.5MB  left_join (many-to-many)
[14:20:41] rep=  50  mem=6416.1MB  estimate_choice_model: start
[14:20:59] rep=  50  mem=6713.1MB  estimate_choice_model: done
[14:20:59] rep=  50  mem=6713.1MB  compute per_rep + ch_*
[14:20:59] rep=  50  mem=6722.2MB  free big intermediates
[14:21:00] rep=  50  mem=6099.9MB  summarize_boot_rep
[14:21:00] rep=  50  mem=6099.9MB  fwrite csv
[14:21:00] rep=  50  mem=6099.9MB  rep done in 20.6s
[14:21:00] rep=  51  mem=6090.8MB  rep start
[14:21:01] rep=  51  mem=6090.8MB  filter market_data
[14:21:01] rep=  51  mem=6253.4MB  sample ids
[14:21:01] rep=  51  mem=6253.5MB  left_join (many-to-many)
[14:21:01] rep=  51  mem=6416.2MB  estimate_choice_model: start
[14:21:20] rep=  51  mem=6713.5MB  estimate_choice_model: done
[14:21:20] rep=  51  mem=6713.5MB  compute per_rep + ch_*
[14:21:20] rep=  51  mem=6722.6MB  free big intermediates
[14:21:21] rep=  51  mem=6099.9MB  summarize_boot_rep
[14:21:21] rep=  51  mem=6099.9MB  fwrite csv
[14:21:21] rep=  51  mem=6099.9MB  rep done in 21.0s
[14:21:22] rep=  52  mem=6090.8MB  rep start
[14:21:22] rep=  52  mem=6090.8MB  filter market_data
[14:21:22] rep=  52  mem=6253.4MB  sample ids
[14:21:22] rep=  52  mem=6253.5MB  left_join (many-to-many)
[14:21:22] rep=  52  mem=6416.2MB  estimate_choice_model: start
[14:21:41] rep=  52  mem=6713.5MB  estimate_choice_model: done
[14:21:41] rep=  52  mem=6713.5MB  compute per_rep + ch_*
[14:21:42] rep=  52  mem=6722.6MB  free big intermediates
[14:21:42] rep=  52  mem=6099.9MB  summarize_boot_rep
[14:21:42] rep=  52  mem=6099.9MB  fwrite csv
[14:21:42] rep=  52  mem=6099.9MB  rep done in 20.9s
[14:21:43] rep=   0  mem=6090.8MB  === session quota of 25 reps reached, exiting ===
[14:22:08] rep=   0  mem=6087.5MB  === runner start, market = 2 , reps_per_session = 25 ===
[14:22:08] rep=  53  mem=6087.8MB  rep start
[14:22:08] rep=  53  mem=6087.8MB  filter market_data
[14:22:09] rep=  53  mem=6250.4MB  sample ids
[14:22:09] rep=  53  mem=6250.6MB  left_join (many-to-many)
[14:22:09] rep=  53  mem=6413.1MB  estimate_choice_model: start
[14:22:27] rep=  53  mem=6712.4MB  estimate_choice_model: done
[14:22:27] rep=  53  mem=6712.4MB  compute per_rep + ch_*
[14:22:28] rep=  53  mem=6721.5MB  free big intermediates
[14:22:28] rep=  53  mem=6099.5MB  summarize_boot_rep
[14:22:28] rep=  53  mem=6099.8MB  fwrite csv
[14:22:29] rep=  53  mem=6099.8MB  rep done in 20.5s
[14:22:29] rep=  54  mem=6090.8MB  rep start
[14:22:29] rep=  54  mem=6090.8MB  filter market_data
[14:22:29] rep=  54  mem=6253.4MB  sample ids
[14:22:29] rep=  54  mem=6253.5MB  left_join (many-to-many)
[14:22:29] rep=  54  mem=6416.2MB  estimate_choice_model: start
[14:22:48] rep=  54  mem=6713.5MB  estimate_choice_model: done
[14:22:48] rep=  54  mem=6713.5MB  compute per_rep + ch_*
[14:22:48] rep=  54  mem=6722.6MB  free big intermediates
[14:22:49] rep=  54  mem=6099.9MB  summarize_boot_rep
[14:22:49] rep=  54  mem=6099.9MB  fwrite csv
[14:22:49] rep=  54  mem=6099.9MB  rep done in 20.5s
[14:22:49] rep=  55  mem=6090.8MB  rep start
[14:22:49] rep=  55  mem=6090.8MB  filter market_data
[14:22:50] rep=  55  mem=6253.4MB  sample ids
[14:22:50] rep=  55  mem=6253.5MB  left_join (many-to-many)
[14:22:50] rep=  55  mem=6416.2MB  estimate_choice_model: start
[14:23:09] rep=  55  mem=6713.3MB  estimate_choice_model: done
[14:23:09] rep=  55  mem=6713.3MB  compute per_rep + ch_*
[14:23:09] rep=  55  mem=6722.4MB  free big intermediates
[14:23:10] rep=  55  mem=6099.9MB  summarize_boot_rep
[14:23:10] rep=  55  mem=6099.9MB  fwrite csv
[14:23:10] rep=  55  mem=6099.9MB  rep done in 21.2s
[14:23:11] rep=  56  mem=6090.8MB  rep start
[14:23:11] rep=  56  mem=6090.8MB  filter market_data
[14:23:11] rep=  56  mem=6253.4MB  sample ids
[14:23:11] rep=  56  mem=6253.5MB  left_join (many-to-many)
[14:23:12] rep=  56  mem=6416.2MB  estimate_choice_model: start
[14:23:32] rep=  56  mem=6713.4MB  estimate_choice_model: done
[14:23:32] rep=  56  mem=6713.4MB  compute per_rep + ch_*
[14:23:32] rep=  56  mem=6722.5MB  free big intermediates
[14:23:33] rep=  56  mem=6099.9MB  summarize_boot_rep
[14:23:33] rep=  56  mem=6099.9MB  fwrite csv
[14:23:33] rep=  56  mem=6099.9MB  rep done in 22.6s
[14:23:33] rep=  57  mem=6090.8MB  rep start
[14:23:33] rep=  57  mem=6090.8MB  filter market_data
[14:23:34] rep=  57  mem=6253.4MB  sample ids
[14:23:34] rep=  57  mem=6253.5MB  left_join (many-to-many)
[14:23:34] rep=  57  mem=6416.2MB  estimate_choice_model: start
[14:23:53] rep=  57  mem=6713.4MB  estimate_choice_model: done
[14:23:53] rep=  57  mem=6713.4MB  compute per_rep + ch_*
[14:23:53] rep=  57  mem=6722.5MB  free big intermediates
[14:23:54] rep=  57  mem=6099.9MB  summarize_boot_rep
[14:23:54] rep=  57  mem=6099.9MB  fwrite csv
[14:23:54] rep=  57  mem=6099.9MB  rep done in 20.9s
[14:23:54] rep=  58  mem=6090.8MB  rep start
[14:23:54] rep=  58  mem=6090.8MB  filter market_data
[14:23:55] rep=  58  mem=6253.4MB  sample ids
[14:23:55] rep=  58  mem=6253.5MB  left_join (many-to-many)
[14:23:55] rep=  58  mem=6416.3MB  estimate_choice_model: start
[14:24:13] rep=  58  mem=6713.5MB  estimate_choice_model: done
[14:24:13] rep=  58  mem=6713.5MB  compute per_rep + ch_*
[14:24:13] rep=  58  mem=6722.6MB  free big intermediates
[14:24:14] rep=  58  mem=6099.9MB  summarize_boot_rep
[14:24:14] rep=  58  mem=6099.9MB  fwrite csv
[14:24:14] rep=  58  mem=6099.9MB  rep done in 20.1s
[14:24:15] rep=  59  mem=6090.8MB  rep start
[14:24:15] rep=  59  mem=6090.8MB  filter market_data
[14:24:15] rep=  59  mem=6253.4MB  sample ids
[14:24:15] rep=  59  mem=6253.5MB  left_join (many-to-many)
[14:24:15] rep=  59  mem=6416.4MB  estimate_choice_model: start
[14:24:34] rep=  59  mem=6714.0MB  estimate_choice_model: done
[14:24:34] rep=  59  mem=6714.0MB  compute per_rep + ch_*
[14:24:34] rep=  59  mem=6723.1MB  free big intermediates
[14:24:34] rep=  59  mem=6099.9MB  summarize_boot_rep
[14:24:35] rep=  59  mem=6099.9MB  fwrite csv
[14:24:35] rep=  59  mem=6099.9MB  rep done in 20.4s
[14:24:35] rep=  60  mem=6090.8MB  rep start
[14:24:35] rep=  60  mem=6090.8MB  filter market_data
[14:24:36] rep=  60  mem=6253.4MB  sample ids
[14:24:36] rep=  60  mem=6253.5MB  left_join (many-to-many)
[14:24:36] rep=  60  mem=6416.2MB  estimate_choice_model: start
[14:24:54] rep=  60  mem=6713.3MB  estimate_choice_model: done
[14:24:54] rep=  60  mem=6713.3MB  compute per_rep + ch_*
[14:24:54] rep=  60  mem=6722.4MB  free big intermediates
[14:24:54] rep=  60  mem=6099.9MB  summarize_boot_rep
[14:24:55] rep=  60  mem=6099.9MB  fwrite csv
[14:24:55] rep=  60  mem=6099.9MB  rep done in 19.9s
[14:24:55] rep=  61  mem=6090.8MB  rep start
[14:24:55] rep=  61  mem=6090.8MB  filter market_data
[14:24:56] rep=  61  mem=6253.4MB  sample ids
[14:24:56] rep=  61  mem=6253.5MB  left_join (many-to-many)
[14:24:56] rep=  61  mem=6416.2MB  estimate_choice_model: start
[14:25:14] rep=  61  mem=6713.4MB  estimate_choice_model: done
[14:25:14] rep=  61  mem=6713.4MB  compute per_rep + ch_*
[14:25:14] rep=  61  mem=6722.5MB  free big intermediates
[14:25:15] rep=  61  mem=6099.9MB  summarize_boot_rep
[14:25:15] rep=  61  mem=6099.9MB  fwrite csv
[14:25:15] rep=  61  mem=6099.9MB  rep done in 20.3s
[14:25:15] rep=  62  mem=6090.8MB  rep start
[14:25:16] rep=  62  mem=6090.8MB  filter market_data
[14:25:16] rep=  62  mem=6253.4MB  sample ids
[14:25:16] rep=  62  mem=6253.5MB  left_join (many-to-many)
[14:25:16] rep=  62  mem=6416.2MB  estimate_choice_model: start
[14:25:35] rep=  62  mem=6713.2MB  estimate_choice_model: done
[14:25:35] rep=  62  mem=6713.2MB  compute per_rep + ch_*
[14:25:36] rep=  62  mem=6722.4MB  free big intermediates
[14:25:36] rep=  62  mem=6099.9MB  summarize_boot_rep
[14:26:00] rep=   0  mem=6087.6MB  === runner start, market = 2 , reps_per_session = 25 ===
[14:26:00] rep=  62  mem=6087.8MB  rep start
[14:26:00] rep=  62  mem=6087.8MB  filter market_data
[14:26:00] rep=  62  mem=6250.4MB  sample ids
[14:26:00] rep=  62  mem=6250.6MB  left_join (many-to-many)
[14:26:01] rep=  62  mem=6413.3MB  estimate_choice_model: start
[14:26:21] rep=  62  mem=6712.8MB  estimate_choice_model: done
[14:26:21] rep=  62  mem=6712.8MB  compute per_rep + ch_*
[14:26:21] rep=  62  mem=6721.9MB  free big intermediates
[14:26:21] rep=  62  mem=6099.5MB  summarize_boot_rep
[14:26:22] rep=  62  mem=6099.8MB  fwrite csv
[14:26:22] rep=  62  mem=6099.8MB  rep done in 22.3s
[14:26:22] rep=  63  mem=6090.8MB  rep start
[14:26:22] rep=  63  mem=6090.8MB  filter market_data
[14:26:23] rep=  63  mem=6253.4MB  sample ids
[14:26:23] rep=  63  mem=6253.5MB  left_join (many-to-many)
[14:26:23] rep=  63  mem=6416.1MB  estimate_choice_model: start
[14:26:42] rep=  63  mem=6713.0MB  estimate_choice_model: done
[14:26:42] rep=  63  mem=6713.0MB  compute per_rep + ch_*
[14:26:42] rep=  63  mem=6722.1MB  free big intermediates
[14:26:43] rep=  63  mem=6099.9MB  summarize_boot_rep
[14:26:43] rep=  63  mem=6099.9MB  fwrite csv
[14:26:43] rep=  63  mem=6099.9MB  rep done in 21.1s
[14:26:43] rep=  64  mem=6090.8MB  rep start
[14:26:44] rep=  64  mem=6090.8MB  filter market_data
[14:26:44] rep=  64  mem=6253.4MB  sample ids
[14:26:44] rep=  64  mem=6253.5MB  left_join (many-to-many)
[14:26:44] rep=  64  mem=6416.3MB  estimate_choice_model: start
[14:27:02] rep=  64  mem=6713.6MB  estimate_choice_model: done
[14:27:02] rep=  64  mem=6713.6MB  compute per_rep + ch_*
[14:27:03] rep=  64  mem=6722.7MB  free big intermediates
[14:27:03] rep=  64  mem=6099.9MB  summarize_boot_rep
[14:27:04] rep=  64  mem=6099.9MB  fwrite csv
[14:27:04] rep=  64  mem=6099.9MB  rep done in 20.3s
[14:27:04] rep=  65  mem=6090.8MB  rep start
[14:27:04] rep=  65  mem=6090.8MB  filter market_data
[14:27:04] rep=  65  mem=6253.4MB  sample ids
[14:27:04] rep=  65  mem=6253.5MB  left_join (many-to-many)
[14:27:05] rep=  65  mem=6416.2MB  estimate_choice_model: start
[14:27:23] rep=  65  mem=6713.5MB  estimate_choice_model: done
[14:27:23] rep=  65  mem=6713.5MB  compute per_rep + ch_*
[14:27:24] rep=  65  mem=6722.6MB  free big intermediates
[14:27:24] rep=  65  mem=6099.9MB  summarize_boot_rep
[14:27:24] rep=  65  mem=6099.9MB  fwrite csv
[14:27:24] rep=  65  mem=6099.9MB  rep done in 20.6s
[14:27:25] rep=  66  mem=6090.8MB  rep start
[14:27:25] rep=  66  mem=6090.8MB  filter market_data
[14:27:25] rep=  66  mem=6253.4MB  sample ids
[14:27:25] rep=  66  mem=6253.5MB  left_join (many-to-many)
[14:27:25] rep=  66  mem=6416.2MB  estimate_choice_model: start
[14:27:44] rep=  66  mem=6713.3MB  estimate_choice_model: done
[14:27:44] rep=  66  mem=6713.3MB  compute per_rep + ch_*
[14:27:45] rep=  66  mem=6722.4MB  free big intermediates
[14:27:45] rep=  66  mem=6099.9MB  summarize_boot_rep
[14:27:45] rep=  66  mem=6099.9MB  fwrite csv
[14:27:46] rep=  66  mem=6099.9MB  rep done in 21.1s
[14:27:46] rep=  67  mem=6090.8MB  rep start
[14:27:46] rep=  67  mem=6090.8MB  filter market_data
[14:27:46] rep=  67  mem=6253.4MB  sample ids
[14:27:46] rep=  67  mem=6253.5MB  left_join (many-to-many)
[14:27:47] rep=  67  mem=6416.0MB  estimate_choice_model: start
[14:28:06] rep=  67  mem=6712.7MB  estimate_choice_model: done
[14:28:06] rep=  67  mem=6712.7MB  compute per_rep + ch_*
[14:28:06] rep=  67  mem=6721.8MB  free big intermediates
[14:28:06] rep=  67  mem=6099.9MB  summarize_boot_rep
[14:28:07] rep=  67  mem=6099.9MB  fwrite csv
[14:28:07] rep=  67  mem=6099.9MB  rep done in 21.3s
[14:28:07] rep=  68  mem=6090.8MB  rep start
[14:28:07] rep=  68  mem=6090.8MB  filter market_data
[14:28:08] rep=  68  mem=6253.4MB  sample ids
[14:28:08] rep=  68  mem=6253.5MB  left_join (many-to-many)
[14:28:08] rep=  68  mem=6416.2MB  estimate_choice_model: start
[14:28:26] rep=  68  mem=6713.4MB  estimate_choice_model: done
[14:28:27] rep=  68  mem=6713.4MB  compute per_rep + ch_*
[14:28:27] rep=  68  mem=6722.5MB  free big intermediates
[14:28:27] rep=  68  mem=6099.9MB  summarize_boot_rep
[14:28:28] rep=  68  mem=6099.9MB  fwrite csv
[14:28:28] rep=  68  mem=6099.9MB  rep done in 20.5s
[14:28:28] rep=  69  mem=6090.8MB  rep start
[14:28:28] rep=  69  mem=6090.8MB  filter market_data
[14:28:28] rep=  69  mem=6253.4MB  sample ids
[14:28:28] rep=  69  mem=6253.5MB  left_join (many-to-many)
[14:28:29] rep=  69  mem=6416.2MB  estimate_choice_model: start
[14:28:47] rep=  69  mem=6713.4MB  estimate_choice_model: done
[14:28:47] rep=  69  mem=6713.4MB  compute per_rep + ch_*
[14:28:47] rep=  69  mem=6722.5MB  free big intermediates
[14:28:48] rep=  69  mem=6099.9MB  summarize_boot_rep
[14:28:48] rep=  69  mem=6099.9MB  fwrite csv
[14:28:48] rep=  69  mem=6099.9MB  rep done in 20.6s
[14:28:49] rep=  70  mem=6090.8MB  rep start
[14:28:49] rep=  70  mem=6090.8MB  filter market_data
[14:28:49] rep=  70  mem=6253.4MB  sample ids
[14:28:49] rep=  70  mem=6253.5MB  left_join (many-to-many)
[14:28:50] rep=  70  mem=6416.1MB  estimate_choice_model: start
[14:29:10] rep=  70  mem=6713.0MB  estimate_choice_model: done
[14:29:10] rep=  70  mem=6713.0MB  compute per_rep + ch_*
[14:29:10] rep=  70  mem=6722.1MB  free big intermediates
[14:29:11] rep=  70  mem=6099.9MB  summarize_boot_rep
[14:29:11] rep=  70  mem=6099.9MB  fwrite csv
[14:29:11] rep=  70  mem=6099.9MB  rep done in 22.9s
[14:29:12] rep=  71  mem=6090.8MB  rep start
[14:29:12] rep=  71  mem=6090.8MB  filter market_data
[14:29:12] rep=  71  mem=6253.4MB  sample ids
[14:29:12] rep=  71  mem=6253.5MB  left_join (many-to-many)
[14:29:13] rep=  71  mem=6416.3MB  estimate_choice_model: start
[14:29:32] rep=  71  mem=6713.6MB  estimate_choice_model: done
[14:29:32] rep=  71  mem=6713.6MB  compute per_rep + ch_*
[14:29:32] rep=  71  mem=6722.7MB  free big intermediates
[14:29:33] rep=  71  mem=6099.9MB  summarize_boot_rep
[14:29:33] rep=  71  mem=6099.9MB  fwrite csv
[14:29:33] rep=  71  mem=6099.9MB  rep done in 21.8s
[14:29:34] rep=  72  mem=6090.8MB  rep start
[14:29:34] rep=  72  mem=6090.8MB  filter market_data
[14:29:34] rep=  72  mem=6253.4MB  sample ids
[14:29:34] rep=  72  mem=6253.5MB  left_join (many-to-many)
[14:29:34] rep=  72  mem=6416.0MB  estimate_choice_model: start
[14:29:53] rep=  72  mem=6712.8MB  estimate_choice_model: done
[14:29:53] rep=  72  mem=6712.8MB  compute per_rep + ch_*
[14:29:54] rep=  72  mem=6721.9MB  free big intermediates
[14:29:54] rep=  72  mem=6099.9MB  summarize_boot_rep
[14:29:54] rep=  72  mem=6099.9MB  fwrite csv
[14:29:54] rep=  72  mem=6099.9MB  rep done in 21.0s
[14:29:55] rep=  73  mem=6090.8MB  rep start
[14:29:55] rep=  73  mem=6090.8MB  filter market_data
[14:29:55] rep=  73  mem=6253.4MB  sample ids
[14:29:55] rep=  73  mem=6253.5MB  left_join (many-to-many)
[14:29:55] rep=  73  mem=6416.1MB  estimate_choice_model: start
[14:30:13] rep=  73  mem=6713.1MB  estimate_choice_model: done
[14:30:13] rep=  73  mem=6713.1MB  compute per_rep + ch_*
[14:30:13] rep=  73  mem=6722.2MB  free big intermediates
[14:30:14] rep=  73  mem=6099.9MB  summarize_boot_rep
[14:30:14] rep=  73  mem=6099.9MB  fwrite csv
[14:30:14] rep=  73  mem=6099.9MB  rep done in 19.8s
[14:30:15] rep=  74  mem=6090.8MB  rep start
[14:30:15] rep=  74  mem=6090.8MB  filter market_data
[14:30:15] rep=  74  mem=6253.4MB  sample ids
[14:30:15] rep=  74  mem=6253.5MB  left_join (many-to-many)
[14:30:15] rep=  74  mem=6416.2MB  estimate_choice_model: start
[14:30:34] rep=  74  mem=6713.4MB  estimate_choice_model: done
[14:30:34] rep=  74  mem=6713.4MB  compute per_rep + ch_*
[14:30:34] rep=  74  mem=6722.5MB  free big intermediates
[14:30:34] rep=  74  mem=6099.9MB  summarize_boot_rep
[14:30:35] rep=  74  mem=6099.9MB  fwrite csv
[14:30:35] rep=  74  mem=6099.9MB  rep done in 20.5s
[14:30:35] rep=  75  mem=6090.8MB  rep start
[14:30:35] rep=  75  mem=6090.8MB  filter market_data
[14:30:36] rep=  75  mem=6253.4MB  sample ids
[14:30:36] rep=  75  mem=6253.5MB  left_join (many-to-many)
[14:30:36] rep=  75  mem=6416.1MB  estimate_choice_model: start
[14:31:17] rep=   0  mem=6087.6MB  === runner start, market = 2 , reps_per_session = 25 ===
[14:31:17] rep=  75  mem=6087.8MB  rep start
[14:31:17] rep=  75  mem=6087.8MB  filter market_data
[14:31:17] rep=  75  mem=6250.4MB  sample ids
[14:31:17] rep=  75  mem=6250.6MB  left_join (many-to-many)
[14:31:17] rep=  75  mem=6413.2MB  estimate_choice_model: start
[14:31:36] rep=  75  mem=6712.6MB  estimate_choice_model: done
[14:31:36] rep=  75  mem=6712.6MB  compute per_rep + ch_*
[14:31:36] rep=  75  mem=6721.7MB  free big intermediates
[14:31:37] rep=  75  mem=6099.5MB  summarize_boot_rep
[14:31:37] rep=  75  mem=6099.8MB  fwrite csv
[14:31:37] rep=  75  mem=6099.8MB  rep done in 20.7s
[14:31:37] rep=  76  mem=6090.8MB  rep start
[14:31:38] rep=  76  mem=6090.8MB  filter market_data
[14:31:38] rep=  76  mem=6253.4MB  sample ids
[14:31:38] rep=  76  mem=6253.5MB  left_join (many-to-many)
[14:31:38] rep=  76  mem=6416.1MB  estimate_choice_model: start
[14:31:56] rep=  76  mem=6713.2MB  estimate_choice_model: done
[14:31:56] rep=  76  mem=6713.2MB  compute per_rep + ch_*
[14:31:57] rep=  76  mem=6722.3MB  free big intermediates
[14:31:57] rep=  76  mem=6099.9MB  summarize_boot_rep
[14:31:57] rep=  76  mem=6099.9MB  fwrite csv
[14:31:58] rep=  76  mem=6099.9MB  rep done in 20.3s
[14:31:58] rep=  77  mem=6090.8MB  rep start
[14:31:58] rep=  77  mem=6090.8MB  filter market_data
[14:31:58] rep=  77  mem=6253.4MB  sample ids
[14:31:58] rep=  77  mem=6253.5MB  left_join (many-to-many)
[14:31:59] rep=  77  mem=6416.1MB  estimate_choice_model: start
[14:32:17] rep=  77  mem=6713.1MB  estimate_choice_model: done
[14:32:17] rep=  77  mem=6713.1MB  compute per_rep + ch_*
[14:32:17] rep=  77  mem=6722.2MB  free big intermediates
[14:32:17] rep=  77  mem=6099.9MB  summarize_boot_rep
[14:32:18] rep=  77  mem=6099.9MB  fwrite csv
[14:32:18] rep=  77  mem=6099.9MB  rep done in 20.0s
[14:32:18] rep=  78  mem=6090.8MB  rep start
[14:32:18] rep=  78  mem=6090.8MB  filter market_data
[14:32:18] rep=  78  mem=6253.4MB  sample ids
[14:32:19] rep=  78  mem=6253.5MB  left_join (many-to-many)
[14:32:19] rep=  78  mem=6416.0MB  estimate_choice_model: start
[14:32:36] rep=  78  mem=6713.0MB  estimate_choice_model: done
[14:32:36] rep=  78  mem=6713.0MB  compute per_rep + ch_*
[14:32:36] rep=  78  mem=6722.1MB  free big intermediates
[14:32:37] rep=  78  mem=6099.9MB  summarize_boot_rep
[14:32:37] rep=  78  mem=6099.9MB  fwrite csv
[14:32:37] rep=  78  mem=6099.9MB  rep done in 19.4s
[14:32:37] rep=  79  mem=6090.8MB  rep start
[14:32:38] rep=  79  mem=6090.8MB  filter market_data
[14:32:38] rep=  79  mem=6253.4MB  sample ids
[14:32:38] rep=  79  mem=6253.5MB  left_join (many-to-many)
[14:32:38] rep=  79  mem=6416.2MB  estimate_choice_model: start
[14:32:57] rep=  79  mem=6713.3MB  estimate_choice_model: done
[14:32:57] rep=  79  mem=6713.3MB  compute per_rep + ch_*
[14:32:57] rep=  79  mem=6722.4MB  free big intermediates
[14:32:58] rep=  79  mem=6099.9MB  summarize_boot_rep
[14:32:58] rep=  79  mem=6099.9MB  fwrite csv
[14:32:58] rep=  79  mem=6099.9MB  rep done in 20.9s
[14:32:59] rep=  80  mem=6090.8MB  rep start
[14:32:59] rep=  80  mem=6090.8MB  filter market_data
[14:32:59] rep=  80  mem=6253.4MB  sample ids
[14:32:59] rep=  80  mem=6253.5MB  left_join (many-to-many)
[14:32:59] rep=  80  mem=6416.1MB  estimate_choice_model: start
[14:33:20] rep=  80  mem=6713.1MB  estimate_choice_model: done
[14:33:20] rep=  80  mem=6713.1MB  compute per_rep + ch_*
[14:33:20] rep=  80  mem=6722.2MB  free big intermediates
[14:33:21] rep=  80  mem=6099.9MB  summarize_boot_rep
[14:33:21] rep=  80  mem=6099.9MB  fwrite csv
[14:33:21] rep=  80  mem=6099.9MB  rep done in 22.8s
[14:33:21] rep=  81  mem=6090.8MB  rep start
[14:33:22] rep=  81  mem=6090.8MB  filter market_data
[14:33:22] rep=  81  mem=6253.4MB  sample ids
[14:33:22] rep=  81  mem=6253.5MB  left_join (many-to-many)
[14:33:22] rep=  81  mem=6416.1MB  estimate_choice_model: start
[14:33:42] rep=  81  mem=6713.1MB  estimate_choice_model: done
[14:33:42] rep=  81  mem=6713.1MB  compute per_rep + ch_*
[14:33:42] rep=  81  mem=6722.2MB  free big intermediates
[14:33:42] rep=  81  mem=6099.9MB  summarize_boot_rep
[14:33:43] rep=  81  mem=6099.9MB  fwrite csv
[14:33:43] rep=  81  mem=6099.9MB  rep done in 21.7s
[14:33:43] rep=  82  mem=6090.8MB  rep start
[14:33:43] rep=  82  mem=6090.8MB  filter market_data
[14:33:44] rep=  82  mem=6253.4MB  sample ids
[14:33:44] rep=  82  mem=6253.5MB  left_join (many-to-many)
[14:33:44] rep=  82  mem=6416.0MB  estimate_choice_model: start
[14:34:04] rep=  82  mem=6712.9MB  estimate_choice_model: done
[14:34:04] rep=  82  mem=6712.9MB  compute per_rep + ch_*
[14:34:04] rep=  82  mem=6722.0MB  free big intermediates
[14:34:04] rep=  82  mem=6099.9MB  summarize_boot_rep
[14:34:05] rep=  82  mem=6099.9MB  fwrite csv
[14:34:05] rep=  82  mem=6099.9MB  rep done in 21.8s
[14:34:05] rep=  83  mem=6090.8MB  rep start
[14:34:05] rep=  83  mem=6090.8MB  filter market_data
[14:34:06] rep=  83  mem=6253.4MB  sample ids
[14:34:06] rep=  83  mem=6253.5MB  left_join (many-to-many)
[14:34:06] rep=  83  mem=6416.1MB  estimate_choice_model: start
[14:34:25] rep=  83  mem=6713.1MB  estimate_choice_model: done
[14:34:25] rep=  83  mem=6713.1MB  compute per_rep + ch_*
[14:34:25] rep=  83  mem=6722.2MB  free big intermediates
[14:34:26] rep=  83  mem=6099.9MB  summarize_boot_rep
[14:34:26] rep=  83  mem=6099.9MB  fwrite csv
[14:34:26] rep=  83  mem=6099.9MB  rep done in 21.0s
[14:34:26] rep=  84  mem=6090.8MB  rep start
[14:34:26] rep=  84  mem=6090.8MB  filter market_data
[14:34:27] rep=  84  mem=6253.4MB  sample ids
[14:34:27] rep=  84  mem=6253.5MB  left_join (many-to-many)
[14:34:27] rep=  84  mem=6416.2MB  estimate_choice_model: start
[14:34:46] rep=  84  mem=6713.3MB  estimate_choice_model: done
[14:34:46] rep=  84  mem=6713.3MB  compute per_rep + ch_*
[14:34:46] rep=  84  mem=6722.4MB  free big intermediates
[14:34:47] rep=  84  mem=6099.9MB  summarize_boot_rep
[14:34:47] rep=  84  mem=6099.9MB  fwrite csv
[14:34:47] rep=  84  mem=6099.9MB  rep done in 21.2s
[14:34:48] rep=  85  mem=6090.8MB  rep start
[14:34:48] rep=  85  mem=6090.8MB  filter market_data
[14:34:48] rep=  85  mem=6253.4MB  sample ids
[14:34:48] rep=  85  mem=6253.5MB  left_join (many-to-many)
[14:34:48] rep=  85  mem=6416.1MB  estimate_choice_model: start
[14:35:08] rep=  85  mem=6713.2MB  estimate_choice_model: done
[14:35:08] rep=  85  mem=6713.2MB  compute per_rep + ch_*
[14:35:08] rep=  85  mem=6722.3MB  free big intermediates
[14:35:08] rep=  85  mem=6099.9MB  summarize_boot_rep
[14:35:09] rep=  85  mem=6099.9MB  fwrite csv
[14:35:09] rep=  85  mem=6099.9MB  rep done in 21.6s
[14:35:09] rep=  86  mem=6090.8MB  rep start
[14:35:09] rep=  86  mem=6090.8MB  filter market_data
[14:35:10] rep=  86  mem=6253.4MB  sample ids
[14:35:10] rep=  86  mem=6253.5MB  left_join (many-to-many)
[14:35:10] rep=  86  mem=6416.2MB  estimate_choice_model: start
[14:35:30] rep=  86  mem=6713.4MB  estimate_choice_model: done
[14:35:30] rep=  86  mem=6713.4MB  compute per_rep + ch_*
[14:35:30] rep=  86  mem=6722.6MB  free big intermediates
[14:35:30] rep=  86  mem=6099.9MB  summarize_boot_rep
[14:35:31] rep=  86  mem=6099.9MB  fwrite csv
[14:35:31] rep=  86  mem=6099.9MB  rep done in 21.9s
[14:35:31] rep=  87  mem=6090.8MB  rep start
[14:35:31] rep=  87  mem=6090.8MB  filter market_data
[14:35:32] rep=  87  mem=6253.4MB  sample ids
[14:35:32] rep=  87  mem=6253.5MB  left_join (many-to-many)
[14:35:32] rep=  87  mem=6416.1MB  estimate_choice_model: start
[14:35:52] rep=  87  mem=6713.2MB  estimate_choice_model: done
[14:35:53] rep=  87  mem=6713.2MB  compute per_rep + ch_*
[14:35:53] rep=  87  mem=6722.3MB  free big intermediates
[14:35:53] rep=  87  mem=6099.9MB  summarize_boot_rep
[14:35:54] rep=  87  mem=6099.9MB  fwrite csv
[14:35:54] rep=  87  mem=6099.9MB  rep done in 22.6s
[14:35:54] rep=  88  mem=6090.8MB  rep start
[14:35:54] rep=  88  mem=6090.8MB  filter market_data
[14:35:55] rep=  88  mem=6253.4MB  sample ids
[14:35:55] rep=  88  mem=6253.5MB  left_join (many-to-many)
[14:35:55] rep=  88  mem=6416.0MB  estimate_choice_model: start
[14:36:13] rep=  88  mem=6712.9MB  estimate_choice_model: done
[14:36:14] rep=  88  mem=6712.9MB  compute per_rep + ch_*
[14:36:14] rep=  88  mem=6722.0MB  free big intermediates
[14:36:14] rep=  88  mem=6099.9MB  summarize_boot_rep
[14:36:15] rep=  88  mem=6099.9MB  fwrite csv
[14:36:15] rep=  88  mem=6099.9MB  rep done in 20.8s
[14:36:15] rep=  89  mem=6090.8MB  rep start
[14:36:15] rep=  89  mem=6090.8MB  filter market_data
[14:36:15] rep=  89  mem=6253.4MB  sample ids
[14:36:16] rep=  89  mem=6253.5MB  left_join (many-to-many)
[14:36:16] rep=  89  mem=6416.1MB  estimate_choice_model: start
[14:36:34] rep=  89  mem=6713.2MB  estimate_choice_model: done
[14:36:35] rep=  89  mem=6713.2MB  compute per_rep + ch_*
[14:36:35] rep=  89  mem=6722.3MB  free big intermediates
[14:36:35] rep=  89  mem=6099.9MB  summarize_boot_rep
[14:36:36] rep=  89  mem=6099.9MB  fwrite csv
[14:36:36] rep=  89  mem=6099.9MB  rep done in 20.9s
[14:36:36] rep=  90  mem=6090.8MB  rep start
[14:36:36] rep=  90  mem=6090.8MB  filter market_data
[14:36:36] rep=  90  mem=6253.4MB  sample ids
[14:36:37] rep=  90  mem=6253.5MB  left_join (many-to-many)
[14:36:37] rep=  90  mem=6416.2MB  estimate_choice_model: start
[14:36:55] rep=  90  mem=6713.3MB  estimate_choice_model: done
[14:36:55] rep=  90  mem=6713.3MB  compute per_rep + ch_*
[14:36:56] rep=  90  mem=6722.4MB  free big intermediates
[14:36:56] rep=  90  mem=6099.9MB  summarize_boot_rep
[14:36:56] rep=  90  mem=6099.9MB  fwrite csv
[14:36:57] rep=  90  mem=6099.9MB  rep done in 20.7s
[14:36:57] rep=  91  mem=6090.8MB  rep start
[14:36:57] rep=  91  mem=6090.8MB  filter market_data
[14:36:57] rep=  91  mem=6253.4MB  sample ids
[14:36:57] rep=  91  mem=6253.5MB  left_join (many-to-many)
[14:36:57] rep=  91  mem=6416.2MB  estimate_choice_model: start
[14:37:15] rep=  91  mem=6713.4MB  estimate_choice_model: done
[14:37:15] rep=  91  mem=6713.4MB  compute per_rep + ch_*
[14:37:16] rep=  91  mem=6722.5MB  free big intermediates
[14:37:16] rep=  91  mem=6099.9MB  summarize_boot_rep
[14:37:16] rep=  91  mem=6099.9MB  fwrite csv
[14:37:16] rep=  91  mem=6099.9MB  rep done in 19.8s
[14:37:17] rep=  92  mem=6090.8MB  rep start
[14:37:17] rep=  92  mem=6090.8MB  filter market_data
[14:37:17] rep=  92  mem=6253.4MB  sample ids
[14:37:17] rep=  92  mem=6253.5MB  left_join (many-to-many)
[14:37:18] rep=  92  mem=6416.0MB  estimate_choice_model: start
[14:37:36] rep=  92  mem=6712.9MB  estimate_choice_model: done
[14:37:36] rep=  92  mem=6712.9MB  compute per_rep + ch_*
[14:37:36] rep=  92  mem=6722.0MB  free big intermediates
[14:37:37] rep=  92  mem=6099.9MB  summarize_boot_rep
[14:37:37] rep=  92  mem=6099.9MB  fwrite csv
[14:37:37] rep=  92  mem=6099.9MB  rep done in 20.8s
[14:37:38] rep=  93  mem=6090.8MB  rep start
[14:37:38] rep=  93  mem=6090.8MB  filter market_data
[14:37:38] rep=  93  mem=6253.4MB  sample ids
[14:37:38] rep=  93  mem=6253.5MB  left_join (many-to-many)
[14:37:38] rep=  93  mem=6416.0MB  estimate_choice_model: start
[14:37:57] rep=  93  mem=6713.0MB  estimate_choice_model: done
[14:37:57] rep=  93  mem=6713.0MB  compute per_rep + ch_*
[14:37:58] rep=  93  mem=6722.1MB  free big intermediates
[14:37:58] rep=  93  mem=6099.9MB  summarize_boot_rep
[14:37:58] rep=  93  mem=6099.9MB  fwrite csv
[14:37:58] rep=  93  mem=6099.9MB  rep done in 20.9s
[14:37:59] rep=  94  mem=6090.8MB  rep start
[14:37:59] rep=  94  mem=6090.8MB  filter market_data
[14:37:59] rep=  94  mem=6253.4MB  sample ids
[14:37:59] rep=  94  mem=6253.5MB  left_join (many-to-many)
[14:37:59] rep=  94  mem=6416.2MB  estimate_choice_model: start
[14:38:18] rep=  94  mem=6713.4MB  estimate_choice_model: done
[14:38:19] rep=  94  mem=6713.4MB  compute per_rep + ch_*
[14:38:19] rep=  94  mem=6722.5MB  free big intermediates
[14:38:19] rep=  94  mem=6099.9MB  summarize_boot_rep
[14:38:20] rep=  94  mem=6099.9MB  fwrite csv
[14:38:20] rep=  94  mem=6099.9MB  rep done in 21.3s
[14:38:20] rep=  95  mem=6090.8MB  rep start
[14:38:20] rep=  95  mem=6090.8MB  filter market_data
[14:38:21] rep=  95  mem=6253.4MB  sample ids
[14:38:21] rep=  95  mem=6253.5MB  left_join (many-to-many)
[14:38:21] rep=  95  mem=6416.1MB  estimate_choice_model: start
[14:38:39] rep=  95  mem=6713.0MB  estimate_choice_model: done
[14:38:39] rep=  95  mem=6713.0MB  compute per_rep + ch_*
[14:38:40] rep=  95  mem=6722.1MB  free big intermediates
[14:38:40] rep=  95  mem=6099.9MB  summarize_boot_rep
[14:38:40] rep=  95  mem=6099.9MB  fwrite csv
[14:38:41] rep=  95  mem=6099.9MB  rep done in 20.6s
[14:38:41] rep=  96  mem=6090.8MB  rep start
[14:38:41] rep=  96  mem=6090.8MB  filter market_data
[14:38:41] rep=  96  mem=6253.4MB  sample ids
[14:38:41] rep=  96  mem=6253.5MB  left_join (many-to-many)
[14:38:41] rep=  96  mem=6416.1MB  estimate_choice_model: start
[14:39:00] rep=  96  mem=6713.1MB  estimate_choice_model: done
[14:39:01] rep=  96  mem=6713.1MB  compute per_rep + ch_*
[14:39:01] rep=  96  mem=6722.2MB  free big intermediates
[14:39:01] rep=  96  mem=6099.9MB  summarize_boot_rep
[14:39:02] rep=  96  mem=6099.9MB  fwrite csv
[14:39:02] rep=  96  mem=6099.9MB  rep done in 21.1s
[14:39:02] rep=  97  mem=6090.8MB  rep start
[14:39:02] rep=  97  mem=6090.8MB  filter market_data
[14:39:02] rep=  97  mem=6253.4MB  sample ids
[14:39:02] rep=  97  mem=6253.5MB  left_join (many-to-many)
[14:39:03] rep=  97  mem=6416.1MB  estimate_choice_model: start
[14:39:21] rep=  97  mem=6713.0MB  estimate_choice_model: done
[14:39:22] rep=  97  mem=6713.0MB  compute per_rep + ch_*
[14:39:22] rep=  97  mem=6722.1MB  free big intermediates
[14:39:22] rep=  97  mem=6099.9MB  summarize_boot_rep
[14:39:23] rep=  97  mem=6099.9MB  fwrite csv
[14:39:23] rep=  97  mem=6099.9MB  rep done in 20.9s
[14:39:23] rep=  98  mem=6090.8MB  rep start
[14:39:23] rep=  98  mem=6090.8MB  filter market_data
[14:39:23] rep=  98  mem=6253.4MB  sample ids
[14:39:24] rep=  98  mem=6253.5MB  left_join (many-to-many)
[14:39:24] rep=  98  mem=6416.1MB  estimate_choice_model: start
[14:39:43] rep=  98  mem=6713.1MB  estimate_choice_model: done
[14:39:43] rep=  98  mem=6713.1MB  compute per_rep + ch_*
[14:39:43] rep=  98  mem=6722.2MB  free big intermediates
[14:39:43] rep=  98  mem=6099.9MB  summarize_boot_rep
[14:39:44] rep=  98  mem=6099.9MB  fwrite csv
[14:39:44] rep=  98  mem=6099.9MB  rep done in 21.2s
[14:39:44] rep=  99  mem=6090.8MB  rep start
[14:39:44] rep=  99  mem=6090.8MB  filter market_data
[14:39:45] rep=  99  mem=6253.4MB  sample ids
[14:39:45] rep=  99  mem=6253.5MB  left_join (many-to-many)
[14:39:45] rep=  99  mem=6416.2MB  estimate_choice_model: start
[14:40:05] rep=  99  mem=6713.3MB  estimate_choice_model: done
[14:40:05] rep=  99  mem=6713.3MB  compute per_rep + ch_*
[14:40:05] rep=  99  mem=6722.4MB  free big intermediates
[14:40:06] rep=  99  mem=6099.9MB  summarize_boot_rep
[14:40:06] rep=  99  mem=6099.9MB  fwrite csv
[14:40:06] rep=  99  mem=6099.9MB  rep done in 22.0s
[14:40:06] rep=   0  mem=6090.8MB  === session quota of 25 reps reached, exiting ===
[14:40:30] rep=   0  mem=6087.6MB  === runner start, market = 2 , reps_per_session = 25 ===
[14:40:30] rep= 100  mem=6087.8MB  rep start
[14:40:30] rep= 100  mem=6087.8MB  filter market_data
[14:40:30] rep= 100  mem=6250.4MB  sample ids
[14:40:31] rep= 100  mem=6250.6MB  left_join (many-to-many)
[14:40:31] rep= 100  mem=6413.3MB  estimate_choice_model: start
[14:40:49] rep= 100  mem=6712.8MB  estimate_choice_model: done
[14:40:49] rep= 100  mem=6712.8MB  compute per_rep + ch_*
[14:40:49] rep= 100  mem=6721.9MB  free big intermediates
[14:40:50] rep= 100  mem=6099.5MB  summarize_boot_rep
[14:40:50] rep= 100  mem=6099.8MB  fwrite csv
[14:40:50] rep= 100  mem=6099.8MB  rep done in 20.5s
[14:40:51] rep= 101  mem=6090.8MB  rep start
[14:40:51] rep= 101  mem=6090.8MB  filter market_data
[14:40:51] rep= 101  mem=6253.4MB  sample ids
[14:40:51] rep= 101  mem=6253.5MB  left_join (many-to-many)
[14:40:51] rep= 101  mem=6416.3MB  estimate_choice_model: start
[14:41:12] rep= 101  mem=6713.6MB  estimate_choice_model: done
[14:41:12] rep= 101  mem=6713.6MB  compute per_rep + ch_*
[14:41:12] rep= 101  mem=6722.7MB  free big intermediates
[14:41:12] rep= 101  mem=6099.9MB  summarize_boot_rep
[14:41:13] rep= 101  mem=6099.9MB  fwrite csv
[14:41:13] rep= 101  mem=6099.9MB  rep done in 22.5s
[14:41:13] rep= 102  mem=6090.8MB  rep start
[14:41:13] rep= 102  mem=6090.8MB  filter market_data
[14:41:14] rep= 102  mem=6253.4MB  sample ids
[14:41:14] rep= 102  mem=6253.5MB  left_join (many-to-many)
[14:41:14] rep= 102  mem=6416.2MB  estimate_choice_model: start
[14:41:33] rep= 102  mem=6713.4MB  estimate_choice_model: done
[14:41:33] rep= 102  mem=6713.4MB  compute per_rep + ch_*
[14:41:33] rep= 102  mem=6722.5MB  free big intermediates
[14:41:33] rep= 102  mem=6099.9MB  summarize_boot_rep
[14:41:34] rep= 102  mem=6099.9MB  fwrite csv
[14:41:34] rep= 102  mem=6099.9MB  rep done in 20.9s
[14:41:34] rep= 103  mem=6090.8MB  rep start
[14:41:34] rep= 103  mem=6090.8MB  filter market_data
[14:41:35] rep= 103  mem=6253.4MB  sample ids
[14:41:35] rep= 103  mem=6253.5MB  left_join (many-to-many)
[14:41:35] rep= 103  mem=6416.2MB  estimate_choice_model: start
[14:41:54] rep= 103  mem=6713.4MB  estimate_choice_model: done
[14:41:54] rep= 103  mem=6713.4MB  compute per_rep + ch_*
[14:41:54] rep= 103  mem=6722.5MB  free big intermediates
[14:41:55] rep= 103  mem=6099.9MB  summarize_boot_rep
[14:41:55] rep= 103  mem=6099.9MB  fwrite csv
[14:41:55] rep= 103  mem=6099.9MB  rep done in 21.2s
[14:41:56] rep= 104  mem=6090.8MB  rep start
[14:41:56] rep= 104  mem=6090.8MB  filter market_data
[14:41:56] rep= 104  mem=6253.4MB  sample ids
[14:41:56] rep= 104  mem=6253.5MB  left_join (many-to-many)
[14:41:56] rep= 104  mem=6416.2MB  estimate_choice_model: start
[14:42:16] rep= 104  mem=6713.3MB  estimate_choice_model: done
[14:42:16] rep= 104  mem=6713.3MB  compute per_rep + ch_*
[14:42:17] rep= 104  mem=6722.4MB  free big intermediates
[14:42:17] rep= 104  mem=6099.9MB  summarize_boot_rep
[14:42:17] rep= 104  mem=6099.9MB  fwrite csv
[14:42:18] rep= 104  mem=6099.9MB  rep done in 22.2s
[14:42:18] rep= 105  mem=6090.8MB  rep start
[14:42:18] rep= 105  mem=6090.8MB  filter market_data
[14:42:18] rep= 105  mem=6253.4MB  sample ids
[14:42:18] rep= 105  mem=6253.5MB  left_join (many-to-many)
[14:42:19] rep= 105  mem=6416.2MB  estimate_choice_model: start
[14:42:39] rep= 105  mem=6713.4MB  estimate_choice_model: done
[14:42:39] rep= 105  mem=6713.4MB  compute per_rep + ch_*
[14:42:39] rep= 105  mem=6722.5MB  free big intermediates
[14:42:39] rep= 105  mem=6099.9MB  summarize_boot_rep
[14:42:40] rep= 105  mem=6099.9MB  fwrite csv
[14:42:40] rep= 105  mem=6099.9MB  rep done in 22.4s
[14:42:40] rep= 106  mem=6090.8MB  rep start
[14:42:40] rep= 106  mem=6090.8MB  filter market_data
[14:42:41] rep= 106  mem=6253.4MB  sample ids
[14:42:41] rep= 106  mem=6253.5MB  left_join (many-to-many)
[14:42:41] rep= 106  mem=6416.1MB  estimate_choice_model: start
[14:43:01] rep= 106  mem=6713.0MB  estimate_choice_model: done
[14:43:01] rep= 106  mem=6713.0MB  compute per_rep + ch_*
[14:43:01] rep= 106  mem=6722.1MB  free big intermediates
[14:43:01] rep= 106  mem=6099.9MB  summarize_boot_rep
[14:43:02] rep= 106  mem=6099.9MB  fwrite csv
[14:43:02] rep= 106  mem=6099.9MB  rep done in 21.8s
[14:43:02] rep= 107  mem=6090.8MB  rep start
[14:43:02] rep= 107  mem=6090.8MB  filter market_data
[14:43:03] rep= 107  mem=6253.4MB  sample ids
[14:43:03] rep= 107  mem=6253.5MB  left_join (many-to-many)
[14:43:03] rep= 107  mem=6416.2MB  estimate_choice_model: start
[14:43:22] rep= 107  mem=6713.3MB  estimate_choice_model: done
[14:43:22] rep= 107  mem=6713.3MB  compute per_rep + ch_*
[14:43:22] rep= 107  mem=6722.4MB  free big intermediates
[14:43:22] rep= 107  mem=6099.9MB  summarize_boot_rep
[14:43:23] rep= 107  mem=6099.9MB  fwrite csv
[14:43:23] rep= 107  mem=6099.9MB  rep done in 20.9s
[14:43:23] rep= 108  mem=6090.8MB  rep start
[14:43:23] rep= 108  mem=6090.8MB  filter market_data
[14:43:24] rep= 108  mem=6253.4MB  sample ids
[14:43:24] rep= 108  mem=6253.5MB  left_join (many-to-many)
[14:43:24] rep= 108  mem=6416.2MB  estimate_choice_model: start
[14:43:43] rep= 108  mem=6713.3MB  estimate_choice_model: done
[14:43:43] rep= 108  mem=6713.3MB  compute per_rep + ch_*
[14:43:44] rep= 108  mem=6722.4MB  free big intermediates
[14:43:44] rep= 108  mem=6099.9MB  summarize_boot_rep
[14:43:45] rep= 108  mem=6099.9MB  fwrite csv
[14:43:45] rep= 108  mem=6099.9MB  rep done in 21.5s
[14:43:45] rep= 109  mem=6090.8MB  rep start
[14:43:45] rep= 109  mem=6090.8MB  filter market_data
[14:43:45] rep= 109  mem=6253.4MB  sample ids
[14:43:45] rep= 109  mem=6253.5MB  left_join (many-to-many)
[14:43:46] rep= 109  mem=6416.1MB  estimate_choice_model: start
[14:44:05] rep= 109  mem=6713.1MB  estimate_choice_model: done
[14:44:05] rep= 109  mem=6713.1MB  compute per_rep + ch_*
[14:44:05] rep= 109  mem=6722.2MB  free big intermediates
[14:44:05] rep= 109  mem=6099.9MB  summarize_boot_rep
[14:44:06] rep= 109  mem=6099.9MB  fwrite csv
[14:44:06] rep= 109  mem=6099.9MB  rep done in 21.0s
[14:44:06] rep= 110  mem=6090.8MB  rep start
[14:44:06] rep= 110  mem=6090.8MB  filter market_data
[14:44:06] rep= 110  mem=6253.4MB  sample ids
[14:44:07] rep= 110  mem=6253.5MB  left_join (many-to-many)
[14:44:07] rep= 110  mem=6416.0MB  estimate_choice_model: start
[14:44:27] rep= 110  mem=6712.9MB  estimate_choice_model: done
[14:44:27] rep= 110  mem=6712.9MB  compute per_rep + ch_*
[14:44:28] rep= 110  mem=6722.0MB  free big intermediates
[14:44:28] rep= 110  mem=6099.9MB  summarize_boot_rep
[14:44:29] rep= 110  mem=6099.9MB  fwrite csv
[14:44:29] rep= 110  mem=6099.9MB  rep done in 22.7s
[14:44:29] rep= 111  mem=6090.8MB  rep start
[14:44:29] rep= 111  mem=6090.8MB  filter market_data
[14:44:29] rep= 111  mem=6253.4MB  sample ids
[14:44:30] rep= 111  mem=6253.5MB  left_join (many-to-many)
[14:44:30] rep= 111  mem=6416.2MB  estimate_choice_model: start
[14:44:49] rep= 111  mem=6713.3MB  estimate_choice_model: done
[14:44:49] rep= 111  mem=6713.3MB  compute per_rep + ch_*
[14:44:49] rep= 111  mem=6722.4MB  free big intermediates
[14:44:50] rep= 111  mem=6099.9MB  summarize_boot_rep
[14:44:50] rep= 111  mem=6099.9MB  fwrite csv
[14:44:50] rep= 111  mem=6099.9MB  rep done in 21.6s
[14:44:51] rep= 112  mem=6090.8MB  rep start
[14:44:51] rep= 112  mem=6090.8MB  filter market_data
[14:44:51] rep= 112  mem=6253.4MB  sample ids
[14:44:51] rep= 112  mem=6253.5MB  left_join (many-to-many)
[14:44:51] rep= 112  mem=6416.1MB  estimate_choice_model: start
[14:45:09] rep= 112  mem=6713.1MB  estimate_choice_model: done
[14:45:10] rep= 112  mem=6713.1MB  compute per_rep + ch_*
[14:45:10] rep= 112  mem=6722.2MB  free big intermediates
[14:45:10] rep= 112  mem=6099.9MB  summarize_boot_rep
[14:45:11] rep= 112  mem=6099.9MB  fwrite csv
[14:45:11] rep= 112  mem=6099.9MB  rep done in 20.2s
[14:45:11] rep= 113  mem=6090.8MB  rep start
[14:45:11] rep= 113  mem=6090.8MB  filter market_data
[14:45:11] rep= 113  mem=6253.4MB  sample ids
[14:45:11] rep= 113  mem=6253.5MB  left_join (many-to-many)
[14:45:12] rep= 113  mem=6416.1MB  estimate_choice_model: start
[14:45:31] rep= 113  mem=6713.1MB  estimate_choice_model: done
[14:45:31] rep= 113  mem=6713.1MB  compute per_rep + ch_*
[14:45:32] rep= 113  mem=6722.2MB  free big intermediates
[14:45:32] rep= 113  mem=6099.9MB  summarize_boot_rep
[14:45:32] rep= 113  mem=6099.9MB  fwrite csv
[14:45:33] rep= 113  mem=6099.9MB  rep done in 21.8s
[14:45:33] rep= 114  mem=6090.8MB  rep start
[14:45:33] rep= 114  mem=6090.8MB  filter market_data
[14:45:33] rep= 114  mem=6253.4MB  sample ids
[14:45:33] rep= 114  mem=6253.5MB  left_join (many-to-many)
[14:45:34] rep= 114  mem=6416.1MB  estimate_choice_model: start
[14:45:52] rep= 114  mem=6713.2MB  estimate_choice_model: done
[14:45:52] rep= 114  mem=6713.2MB  compute per_rep + ch_*
[14:45:53] rep= 114  mem=6722.3MB  free big intermediates
[14:45:53] rep= 114  mem=6099.9MB  summarize_boot_rep
[14:45:53] rep= 114  mem=6099.9MB  fwrite csv
[14:45:54] rep= 114  mem=6099.9MB  rep done in 20.8s
[14:45:54] rep= 115  mem=6090.8MB  rep start
[14:45:54] rep= 115  mem=6090.8MB  filter market_data
[14:45:54] rep= 115  mem=6253.4MB  sample ids
[14:45:54] rep= 115  mem=6253.5MB  left_join (many-to-many)
[14:45:55] rep= 115  mem=6416.1MB  estimate_choice_model: start
[14:46:12] rep= 115  mem=6713.2MB  estimate_choice_model: done
[14:46:13] rep= 115  mem=6713.2MB  compute per_rep + ch_*
[14:46:13] rep= 115  mem=6722.3MB  free big intermediates
[14:46:13] rep= 115  mem=6099.9MB  summarize_boot_rep
[14:46:14] rep= 115  mem=6099.9MB  fwrite csv
[14:46:14] rep= 115  mem=6099.9MB  rep done in 20.1s
[14:46:14] rep= 116  mem=6090.8MB  rep start
[14:46:14] rep= 116  mem=6090.8MB  filter market_data
[14:46:14] rep= 116  mem=6253.4MB  sample ids
[14:46:15] rep= 116  mem=6253.5MB  left_join (many-to-many)
[14:46:15] rep= 116  mem=6416.1MB  estimate_choice_model: start
[14:46:33] rep= 116  mem=6713.1MB  estimate_choice_model: done
[14:46:33] rep= 116  mem=6713.1MB  compute per_rep + ch_*
[14:46:33] rep= 116  mem=6722.2MB  free big intermediates
[14:46:33] rep= 116  mem=6099.9MB  summarize_boot_rep
[14:46:34] rep= 116  mem=6099.9MB  fwrite csv
[14:46:34] rep= 116  mem=6099.9MB  rep done in 20.2s
[14:46:34] rep= 117  mem=6090.8MB  rep start
[14:46:34] rep= 117  mem=6090.8MB  filter market_data
[14:46:35] rep= 117  mem=6253.4MB  sample ids
[14:46:35] rep= 117  mem=6253.5MB  left_join (many-to-many)
[14:46:35] rep= 117  mem=6416.1MB  estimate_choice_model: start
[14:46:53] rep= 117  mem=6713.1MB  estimate_choice_model: done
[14:46:54] rep= 117  mem=6713.1MB  compute per_rep + ch_*
[14:46:54] rep= 117  mem=6722.2MB  free big intermediates
[14:46:54] rep= 117  mem=6099.9MB  summarize_boot_rep
[14:46:55] rep= 117  mem=6099.9MB  fwrite csv
[14:46:55] rep= 117  mem=6099.9MB  rep done in 20.6s
[14:46:55] rep= 118  mem=6090.8MB  rep start
[14:46:55] rep= 118  mem=6090.8MB  filter market_data
[14:46:56] rep= 118  mem=6253.4MB  sample ids
[14:46:56] rep= 118  mem=6253.5MB  left_join (many-to-many)
[14:46:56] rep= 118  mem=6416.1MB  estimate_choice_model: start
[14:47:18] rep= 118  mem=6713.2MB  estimate_choice_model: done
[14:47:18] rep= 118  mem=6713.2MB  compute per_rep + ch_*
[14:47:18] rep= 118  mem=6722.3MB  free big intermediates
[14:47:18] rep= 118  mem=6099.9MB  summarize_boot_rep
[14:47:19] rep= 118  mem=6099.9MB  fwrite csv
[14:47:19] rep= 118  mem=6099.9MB  rep done in 23.9s
[14:47:19] rep= 119  mem=6090.8MB  rep start
[14:47:19] rep= 119  mem=6090.8MB  filter market_data
[14:47:20] rep= 119  mem=6253.4MB  sample ids
[14:47:20] rep= 119  mem=6253.5MB  left_join (many-to-many)
[14:47:20] rep= 119  mem=6416.2MB  estimate_choice_model: start
[14:47:40] rep= 119  mem=6713.4MB  estimate_choice_model: done
[14:47:40] rep= 119  mem=6713.4MB  compute per_rep + ch_*
[14:47:40] rep= 119  mem=6722.5MB  free big intermediates
[14:47:40] rep= 119  mem=6099.9MB  summarize_boot_rep
[14:47:41] rep= 119  mem=6099.9MB  fwrite csv
[14:47:41] rep= 119  mem=6099.9MB  rep done in 22.0s
[14:47:41] rep= 120  mem=6090.8MB  rep start
[14:47:41] rep= 120  mem=6090.8MB  filter market_data
[14:47:42] rep= 120  mem=6253.4MB  sample ids
[14:47:42] rep= 120  mem=6253.5MB  left_join (many-to-many)
[14:47:42] rep= 120  mem=6416.1MB  estimate_choice_model: start
[14:48:01] rep= 120  mem=6713.1MB  estimate_choice_model: done
[14:48:01] rep= 120  mem=6713.1MB  compute per_rep + ch_*
[14:48:01] rep= 120  mem=6722.2MB  free big intermediates
[14:48:02] rep= 120  mem=6099.9MB  summarize_boot_rep
[14:48:02] rep= 120  mem=6099.9MB  fwrite csv
[14:48:02] rep= 120  mem=6099.9MB  rep done in 21.2s
[14:48:02] rep= 121  mem=6090.8MB  rep start
[14:48:03] rep= 121  mem=6090.8MB  filter market_data
[14:48:03] rep= 121  mem=6253.4MB  sample ids
[14:48:03] rep= 121  mem=6253.5MB  left_join (many-to-many)
[14:48:03] rep= 121  mem=6416.2MB  estimate_choice_model: start
[14:48:22] rep= 121  mem=6713.3MB  estimate_choice_model: done
[14:48:22] rep= 121  mem=6713.3MB  compute per_rep + ch_*
[14:48:23] rep= 121  mem=6722.4MB  free big intermediates
[14:48:23] rep= 121  mem=6099.9MB  summarize_boot_rep
[14:48:23] rep= 121  mem=6099.9MB  fwrite csv
[14:48:24] rep= 121  mem=6099.9MB  rep done in 21.1s
[14:48:24] rep= 122  mem=6090.8MB  rep start
[14:48:24] rep= 122  mem=6090.8MB  filter market_data
[14:48:24] rep= 122  mem=6253.4MB  sample ids
[14:48:24] rep= 122  mem=6253.5MB  left_join (many-to-many)
[14:48:25] rep= 122  mem=6416.1MB  estimate_choice_model: start
[14:48:44] rep= 122  mem=6713.1MB  estimate_choice_model: done
[14:48:45] rep= 122  mem=6713.1MB  compute per_rep + ch_*
[14:48:45] rep= 122  mem=6722.2MB  free big intermediates
[14:48:45] rep= 122  mem=6099.9MB  summarize_boot_rep
[14:48:46] rep= 122  mem=6099.9MB  fwrite csv
[14:48:46] rep= 122  mem=6099.9MB  rep done in 22.1s
[14:48:46] rep= 123  mem=6090.8MB  rep start
[14:48:46] rep= 123  mem=6090.8MB  filter market_data
[14:48:46] rep= 123  mem=6253.4MB  sample ids
[14:48:47] rep= 123  mem=6253.5MB  left_join (many-to-many)
[14:48:47] rep= 123  mem=6416.2MB  estimate_choice_model: start
[14:49:06] rep= 123  mem=6713.4MB  estimate_choice_model: done
[14:49:06] rep= 123  mem=6713.4MB  compute per_rep + ch_*
[14:49:07] rep= 123  mem=6722.5MB  free big intermediates
[14:49:07] rep= 123  mem=6099.9MB  summarize_boot_rep
[14:49:07] rep= 123  mem=6099.9MB  fwrite csv
[14:49:07] rep= 123  mem=6099.9MB  rep done in 21.5s
[14:49:08] rep= 124  mem=6090.8MB  rep start
[14:49:08] rep= 124  mem=6090.8MB  filter market_data
[14:49:08] rep= 124  mem=6253.4MB  sample ids
[14:49:08] rep= 124  mem=6253.5MB  left_join (many-to-many)
[14:49:08] rep= 124  mem=6416.2MB  estimate_choice_model: start
[14:49:27] rep= 124  mem=6713.3MB  estimate_choice_model: done
[14:49:27] rep= 124  mem=6713.3MB  compute per_rep + ch_*
[14:49:28] rep= 124  mem=6722.4MB  free big intermediates
[14:49:28] rep= 124  mem=6099.9MB  summarize_boot_rep
[14:49:28] rep= 124  mem=6099.9MB  fwrite csv
[14:49:29] rep= 124  mem=6099.9MB  rep done in 21.0s
[14:49:29] rep=   0  mem=6090.8MB  === session quota of 25 reps reached, exiting ===
[14:49:52] rep=   0  mem=6087.6MB  === runner start, market = 2 , reps_per_session = 25 ===
[14:49:52] rep= 125  mem=6087.8MB  rep start
[14:49:52] rep= 125  mem=6087.8MB  filter market_data
[14:49:53] rep= 125  mem=6250.4MB  sample ids
[14:49:53] rep= 125  mem=6250.6MB  left_join (many-to-many)
[14:49:53] rep= 125  mem=6413.4MB  estimate_choice_model: start
[14:50:12] rep= 125  mem=6713.3MB  estimate_choice_model: done
[14:50:12] rep= 125  mem=6713.3MB  compute per_rep + ch_*
[14:50:13] rep= 125  mem=6722.4MB  free big intermediates
[14:50:13] rep= 125  mem=6099.5MB  summarize_boot_rep
[14:50:13] rep= 125  mem=6099.8MB  fwrite csv
[14:50:14] rep= 125  mem=6099.8MB  rep done in 21.4s
[14:50:14] rep= 126  mem=6090.8MB  rep start
[14:50:14] rep= 126  mem=6090.8MB  filter market_data
[14:50:14] rep= 126  mem=6253.4MB  sample ids
[14:50:14] rep= 126  mem=6253.6MB  left_join (many-to-many)
[14:50:15] rep= 126  mem=6416.2MB  estimate_choice_model: start
[14:50:34] rep= 126  mem=6713.4MB  estimate_choice_model: done
[14:50:34] rep= 126  mem=6713.4MB  compute per_rep + ch_*
[14:50:34] rep= 126  mem=6722.5MB  free big intermediates
[14:50:34] rep= 126  mem=6099.9MB  summarize_boot_rep
[14:50:35] rep= 126  mem=6099.9MB  fwrite csv
[14:50:35] rep= 126  mem=6099.9MB  rep done in 21.2s
[14:50:35] rep= 127  mem=6090.8MB  rep start
[14:50:35] rep= 127  mem=6090.8MB  filter market_data
[14:50:35] rep= 127  mem=6253.4MB  sample ids
[14:50:36] rep= 127  mem=6253.6MB  left_join (many-to-many)
[14:50:36] rep= 127  mem=6416.3MB  estimate_choice_model: start
[14:50:54] rep= 127  mem=6713.5MB  estimate_choice_model: done
[14:50:54] rep= 127  mem=6713.5MB  compute per_rep + ch_*
[14:50:55] rep= 127  mem=6722.6MB  free big intermediates
[14:50:55] rep= 127  mem=6099.9MB  summarize_boot_rep
[14:50:55] rep= 127  mem=6099.9MB  fwrite csv
[14:50:55] rep= 127  mem=6099.9MB  rep done in 20.5s
[14:50:56] rep= 128  mem=6090.8MB  rep start
[14:50:56] rep= 128  mem=6090.8MB  filter market_data
[14:50:56] rep= 128  mem=6253.4MB  sample ids
[14:50:56] rep= 128  mem=6253.6MB  left_join (many-to-many)
[14:50:56] rep= 128  mem=6416.2MB  estimate_choice_model: start
[14:51:15] rep= 128  mem=6713.5MB  estimate_choice_model: done
[14:51:15] rep= 128  mem=6713.5MB  compute per_rep + ch_*
[14:51:15] rep= 128  mem=6722.6MB  free big intermediates
[14:51:15] rep= 128  mem=6099.9MB  summarize_boot_rep
[14:51:16] rep= 128  mem=6099.9MB  fwrite csv
[14:51:16] rep= 128  mem=6099.9MB  rep done in 20.4s
[14:51:16] rep= 129  mem=6090.8MB  rep start
[14:51:16] rep= 129  mem=6090.8MB  filter market_data
[14:51:17] rep= 129  mem=6253.4MB  sample ids
[14:51:17] rep= 129  mem=6253.6MB  left_join (many-to-many)
[14:51:17] rep= 129  mem=6416.2MB  estimate_choice_model: start
[14:51:36] rep= 129  mem=6713.3MB  estimate_choice_model: done
[14:51:36] rep= 129  mem=6713.3MB  compute per_rep + ch_*
[14:51:36] rep= 129  mem=6722.4MB  free big intermediates
[14:51:36] rep= 129  mem=6099.9MB  summarize_boot_rep
[14:51:37] rep= 129  mem=6099.9MB  fwrite csv
[14:51:37] rep= 129  mem=6099.9MB  rep done in 21.1s
[14:51:37] rep= 130  mem=6090.8MB  rep start
[14:51:37] rep= 130  mem=6090.8MB  filter market_data
[14:51:38] rep= 130  mem=6253.4MB  sample ids
[14:51:38] rep= 130  mem=6253.6MB  left_join (many-to-many)
[14:51:38] rep= 130  mem=6416.2MB  estimate_choice_model: start
[14:51:57] rep= 130  mem=6713.3MB  estimate_choice_model: done
[14:51:57] rep= 130  mem=6713.3MB  compute per_rep + ch_*
[14:51:57] rep= 130  mem=6722.4MB  free big intermediates
[14:51:57] rep= 130  mem=6099.9MB  summarize_boot_rep
[14:51:58] rep= 130  mem=6099.9MB  fwrite csv
[14:51:58] rep= 130  mem=6099.9MB  rep done in 20.7s
[14:51:58] rep= 131  mem=6090.8MB  rep start
[14:51:58] rep= 131  mem=6090.8MB  filter market_data
[14:51:59] rep= 131  mem=6253.4MB  sample ids
[14:51:59] rep= 131  mem=6253.6MB  left_join (many-to-many)
[14:51:59] rep= 131  mem=6416.1MB  estimate_choice_model: start
[14:52:17] rep= 131  mem=6713.1MB  estimate_choice_model: done
[14:52:18] rep= 131  mem=6713.2MB  compute per_rep + ch_*
[14:52:18] rep= 131  mem=6722.3MB  free big intermediates
[14:52:18] rep= 131  mem=6099.9MB  summarize_boot_rep
[14:52:19] rep= 131  mem=6099.9MB  fwrite csv
[14:52:19] rep= 131  mem=6099.9MB  rep done in 20.8s
[14:52:19] rep= 132  mem=6090.8MB  rep start
[14:52:19] rep= 132  mem=6090.8MB  filter market_data
[14:52:19] rep= 132  mem=6253.4MB  sample ids
[14:52:20] rep= 132  mem=6253.6MB  left_join (many-to-many)
[14:52:20] rep= 132  mem=6416.1MB  estimate_choice_model: start
[14:52:38] rep= 132  mem=6713.2MB  estimate_choice_model: done
[14:52:38] rep= 132  mem=6713.2MB  compute per_rep + ch_*
[14:52:39] rep= 132  mem=6722.3MB  free big intermediates
[14:52:39] rep= 132  mem=6099.9MB  summarize_boot_rep
[14:52:39] rep= 132  mem=6099.9MB  fwrite csv
[14:52:39] rep= 132  mem=6099.9MB  rep done in 20.6s
[14:52:40] rep= 133  mem=6090.8MB  rep start
[14:52:40] rep= 133  mem=6090.8MB  filter market_data
[14:52:40] rep= 133  mem=6253.4MB  sample ids
[14:52:40] rep= 133  mem=6253.6MB  left_join (many-to-many)
[14:52:40] rep= 133  mem=6416.0MB  estimate_choice_model: start
[14:52:59] rep= 133  mem=6712.9MB  estimate_choice_model: done
[14:52:59] rep= 133  mem=6712.9MB  compute per_rep + ch_*
[14:53:00] rep= 133  mem=6722.0MB  free big intermediates
[14:53:00] rep= 133  mem=6099.9MB  summarize_boot_rep
[14:53:00] rep= 133  mem=6099.9MB  fwrite csv
[14:53:01] rep= 133  mem=6099.9MB  rep done in 21.0s
[14:53:01] rep= 134  mem=6090.8MB  rep start
[14:53:01] rep= 134  mem=6090.8MB  filter market_data
[14:53:01] rep= 134  mem=6253.4MB  sample ids
[14:53:01] rep= 134  mem=6253.6MB  left_join (many-to-many)
[14:53:02] rep= 134  mem=6416.3MB  estimate_choice_model: start
[14:53:21] rep= 134  mem=6713.5MB  estimate_choice_model: done
[14:53:21] rep= 134  mem=6713.5MB  compute per_rep + ch_*
[14:53:21] rep= 134  mem=6722.6MB  free big intermediates
[14:53:21] rep= 134  mem=6099.9MB  summarize_boot_rep
[14:53:22] rep= 134  mem=6099.9MB  fwrite csv
[14:53:22] rep= 134  mem=6099.9MB  rep done in 21.2s
[14:53:22] rep= 135  mem=6090.8MB  rep start
[14:53:22] rep= 135  mem=6090.8MB  filter market_data
[14:53:23] rep= 135  mem=6253.4MB  sample ids
[14:53:23] rep= 135  mem=6253.6MB  left_join (many-to-many)
[14:53:23] rep= 135  mem=6416.2MB  estimate_choice_model: start
[14:53:43] rep= 135  mem=6713.3MB  estimate_choice_model: done
[14:53:43] rep= 135  mem=6713.3MB  compute per_rep + ch_*
[14:53:43] rep= 135  mem=6722.4MB  free big intermediates
[14:53:43] rep= 135  mem=6099.9MB  summarize_boot_rep
[14:53:44] rep= 135  mem=6099.9MB  fwrite csv
[14:53:44] rep= 135  mem=6099.9MB  rep done in 21.8s
[14:53:44] rep= 136  mem=6090.8MB  rep start
[14:53:44] rep= 136  mem=6090.8MB  filter market_data
[14:53:44] rep= 136  mem=6253.4MB  sample ids
[14:53:45] rep= 136  mem=6253.6MB  left_join (many-to-many)
[14:53:45] rep= 136  mem=6416.3MB  estimate_choice_model: start
[14:54:03] rep= 136  mem=6713.5MB  estimate_choice_model: done
[14:54:03] rep= 136  mem=6713.5MB  compute per_rep + ch_*
[14:54:03] rep= 136  mem=6722.6MB  free big intermediates
[14:54:04] rep= 136  mem=6099.9MB  summarize_boot_rep
[14:54:04] rep= 136  mem=6099.9MB  fwrite csv
[14:54:04] rep= 136  mem=6099.9MB  rep done in 20.4s
[14:54:04] rep= 137  mem=6090.8MB  rep start
[14:54:05] rep= 137  mem=6090.8MB  filter market_data
[14:54:05] rep= 137  mem=6253.4MB  sample ids
[14:54:05] rep= 137  mem=6253.6MB  left_join (many-to-many)
[14:54:05] rep= 137  mem=6416.2MB  estimate_choice_model: start
[14:54:24] rep= 137  mem=6713.4MB  estimate_choice_model: done
[14:54:24] rep= 137  mem=6713.4MB  compute per_rep + ch_*
[14:54:24] rep= 137  mem=6722.6MB  free big intermediates
[14:54:24] rep= 137  mem=6099.9MB  summarize_boot_rep
[14:54:25] rep= 137  mem=6099.9MB  fwrite csv
[14:54:25] rep= 137  mem=6099.9MB  rep done in 20.5s
[14:54:25] rep= 138  mem=6090.8MB  rep start
[14:54:25] rep= 138  mem=6090.8MB  filter market_data
[14:54:25] rep= 138  mem=6253.4MB  sample ids
[14:54:26] rep= 138  mem=6253.6MB  left_join (many-to-many)
[14:54:26] rep= 138  mem=6416.1MB  estimate_choice_model: start
[14:54:45] rep= 138  mem=6713.0MB  estimate_choice_model: done
[14:54:45] rep= 138  mem=6713.0MB  compute per_rep + ch_*
[14:54:45] rep= 138  mem=6722.1MB  free big intermediates
[14:54:45] rep= 138  mem=6099.9MB  summarize_boot_rep
[14:54:46] rep= 138  mem=6099.9MB  fwrite csv
[14:54:46] rep= 138  mem=6099.9MB  rep done in 21.0s
[14:54:46] rep= 139  mem=6090.8MB  rep start
[14:54:46] rep= 139  mem=6090.8MB  filter market_data
[14:54:47] rep= 139  mem=6253.4MB  sample ids
[14:54:47] rep= 139  mem=6253.6MB  left_join (many-to-many)
[14:54:47] rep= 139  mem=6416.2MB  estimate_choice_model: start
[14:55:06] rep= 139  mem=6713.4MB  estimate_choice_model: done
[14:55:06] rep= 139  mem=6713.4MB  compute per_rep + ch_*
[14:55:06] rep= 139  mem=6722.6MB  free big intermediates
[14:55:06] rep= 139  mem=6099.9MB  summarize_boot_rep
[14:55:07] rep= 139  mem=6099.9MB  fwrite csv
[14:55:07] rep= 139  mem=6099.9MB  rep done in 21.1s
[14:55:07] rep= 140  mem=6090.8MB  rep start
[14:55:07] rep= 140  mem=6090.8MB  filter market_data
[14:55:08] rep= 140  mem=6253.4MB  sample ids
[14:55:08] rep= 140  mem=6253.6MB  left_join (many-to-many)
[14:55:08] rep= 140  mem=6416.1MB  estimate_choice_model: start
[14:55:27] rep= 140  mem=6713.2MB  estimate_choice_model: done
[14:55:27] rep= 140  mem=6713.2MB  compute per_rep + ch_*
[14:55:27] rep= 140  mem=6722.3MB  free big intermediates
[14:55:27] rep= 140  mem=6099.9MB  summarize_boot_rep
[14:55:28] rep= 140  mem=6099.9MB  fwrite csv
[14:55:28] rep= 140  mem=6099.9MB  rep done in 20.6s
[14:55:28] rep= 141  mem=6090.8MB  rep start
[14:55:28] rep= 141  mem=6090.8MB  filter market_data
[14:55:28] rep= 141  mem=6253.4MB  sample ids
[14:55:29] rep= 141  mem=6253.6MB  left_join (many-to-many)
[14:55:29] rep= 141  mem=6416.0MB  estimate_choice_model: start
[14:55:47] rep= 141  mem=6713.0MB  estimate_choice_model: done
[14:55:47] rep= 141  mem=6713.0MB  compute per_rep + ch_*
[14:55:48] rep= 141  mem=6722.1MB  free big intermediates
[14:55:48] rep= 141  mem=6099.9MB  summarize_boot_rep
[14:55:48] rep= 141  mem=6099.9MB  fwrite csv
[14:55:48] rep= 141  mem=6099.9MB  rep done in 20.4s
[14:55:49] rep= 142  mem=6090.8MB  rep start
[14:55:49] rep= 142  mem=6090.8MB  filter market_data
[14:55:49] rep= 142  mem=6253.4MB  sample ids
[14:55:49] rep= 142  mem=6253.6MB  left_join (many-to-many)
[14:55:49] rep= 142  mem=6416.0MB  estimate_choice_model: start
[14:56:08] rep= 142  mem=6712.9MB  estimate_choice_model: done
[14:56:08] rep= 142  mem=6712.9MB  compute per_rep + ch_*
[14:56:08] rep= 142  mem=6722.0MB  free big intermediates
[14:56:08] rep= 142  mem=6099.9MB  summarize_boot_rep
[14:56:09] rep= 142  mem=6099.9MB  fwrite csv
[14:56:09] rep= 142  mem=6099.9MB  rep done in 20.6s
[14:56:09] rep= 143  mem=6090.8MB  rep start
[14:56:09] rep= 143  mem=6090.8MB  filter market_data
[14:56:10] rep= 143  mem=6253.4MB  sample ids
[14:56:10] rep= 143  mem=6253.6MB  left_join (many-to-many)
[14:56:10] rep= 143  mem=6416.1MB  estimate_choice_model: start
[14:56:29] rep= 143  mem=6713.1MB  estimate_choice_model: done
[14:56:29] rep= 143  mem=6713.1MB  compute per_rep + ch_*
[14:56:29] rep= 143  mem=6722.2MB  free big intermediates
[14:56:29] rep= 143  mem=6099.9MB  summarize_boot_rep
[14:56:30] rep= 143  mem=6099.9MB  fwrite csv
[14:56:30] rep= 143  mem=6099.9MB  rep done in 20.7s
[14:56:30] rep= 144  mem=6090.8MB  rep start
[14:56:30] rep= 144  mem=6090.8MB  filter market_data
[14:56:31] rep= 144  mem=6253.4MB  sample ids
[14:56:31] rep= 144  mem=6253.6MB  left_join (many-to-many)
[14:56:31] rep= 144  mem=6416.1MB  estimate_choice_model: start
[14:56:50] rep= 144  mem=6713.2MB  estimate_choice_model: done
[14:56:50] rep= 144  mem=6713.2MB  compute per_rep + ch_*
[14:56:50] rep= 144  mem=6722.3MB  free big intermediates
[14:56:51] rep= 144  mem=6099.9MB  summarize_boot_rep
[14:56:51] rep= 144  mem=6099.9MB  fwrite csv
[14:56:51] rep= 144  mem=6099.9MB  rep done in 21.3s
[14:56:52] rep= 145  mem=6090.8MB  rep start
[14:56:52] rep= 145  mem=6090.8MB  filter market_data
[14:56:52] rep= 145  mem=6253.4MB  sample ids
[14:56:52] rep= 145  mem=6253.6MB  left_join (many-to-many)
[14:56:52] rep= 145  mem=6416.2MB  estimate_choice_model: start
[14:57:11] rep= 145  mem=6713.3MB  estimate_choice_model: done
[14:57:12] rep= 145  mem=6713.3MB  compute per_rep + ch_*
[14:57:12] rep= 145  mem=6722.4MB  free big intermediates
[14:57:12] rep= 145  mem=6099.9MB  summarize_boot_rep
[14:57:13] rep= 145  mem=6099.9MB  fwrite csv
[14:57:13] rep= 145  mem=6099.9MB  rep done in 21.2s
[14:57:13] rep= 146  mem=6090.8MB  rep start
[14:57:13] rep= 146  mem=6090.8MB  filter market_data
[14:57:13] rep= 146  mem=6253.4MB  sample ids
[14:57:13] rep= 146  mem=6253.6MB  left_join (many-to-many)
[14:57:14] rep= 146  mem=6416.2MB  estimate_choice_model: start
[14:57:32] rep= 146  mem=6713.3MB  estimate_choice_model: done
[14:57:32] rep= 146  mem=6713.3MB  compute per_rep + ch_*
[14:57:32] rep= 146  mem=6722.4MB  free big intermediates
[14:57:33] rep= 146  mem=6099.9MB  summarize_boot_rep
[14:57:33] rep= 146  mem=6099.9MB  fwrite csv
[14:57:33] rep= 146  mem=6099.9MB  rep done in 20.3s
[14:57:33] rep= 147  mem=6090.8MB  rep start
[14:57:33] rep= 147  mem=6090.8MB  filter market_data
[14:57:34] rep= 147  mem=6253.4MB  sample ids
[14:57:34] rep= 147  mem=6253.6MB  left_join (many-to-many)
[14:57:34] rep= 147  mem=6416.0MB  estimate_choice_model: start
[14:57:53] rep= 147  mem=6712.9MB  estimate_choice_model: done
[14:57:53] rep= 147  mem=6712.9MB  compute per_rep + ch_*
[14:57:53] rep= 147  mem=6722.0MB  free big intermediates
[14:57:53] rep= 147  mem=6099.9MB  summarize_boot_rep
[14:57:54] rep= 147  mem=6099.9MB  fwrite csv
[14:57:54] rep= 147  mem=6099.9MB  rep done in 20.8s
[14:57:54] rep= 148  mem=6090.8MB  rep start
[14:57:54] rep= 148  mem=6090.8MB  filter market_data
[14:57:55] rep= 148  mem=6253.4MB  sample ids
[14:57:55] rep= 148  mem=6253.6MB  left_join (many-to-many)
[14:57:55] rep= 148  mem=6416.1MB  estimate_choice_model: start
[14:58:15] rep= 148  mem=6713.1MB  estimate_choice_model: done
[14:58:15] rep= 148  mem=6713.1MB  compute per_rep + ch_*
[14:58:15] rep= 148  mem=6722.2MB  free big intermediates
[14:58:15] rep= 148  mem=6099.9MB  summarize_boot_rep
[14:58:16] rep= 148  mem=6099.9MB  fwrite csv
[14:58:16] rep= 148  mem=6099.9MB  rep done in 21.7s
[14:58:16] rep= 149  mem=6090.8MB  rep start
[14:58:16] rep= 149  mem=6090.8MB  filter market_data
[14:58:17] rep= 149  mem=6253.4MB  sample ids
[14:58:17] rep= 149  mem=6253.6MB  left_join (many-to-many)
[14:58:17] rep= 149  mem=6416.1MB  estimate_choice_model: start
[14:58:36] rep= 149  mem=6713.0MB  estimate_choice_model: done
[14:58:36] rep= 149  mem=6713.0MB  compute per_rep + ch_*
[14:58:36] rep= 149  mem=6722.1MB  free big intermediates
[14:58:37] rep= 149  mem=6099.9MB  summarize_boot_rep
[14:58:37] rep= 149  mem=6099.9MB  fwrite csv
[14:58:37] rep= 149  mem=6099.9MB  rep done in 21.3s
[14:58:37] rep=   0  mem=6090.8MB  === session quota of 25 reps reached, exiting ===
[14:59:00] rep=   0  mem=6087.6MB  === runner start, market = 2 , reps_per_session = 25 ===
[14:59:00] rep= 150  mem=6087.8MB  rep start
[14:59:01] rep= 150  mem=6087.8MB  filter market_data
[14:59:01] rep= 150  mem=6250.4MB  sample ids
[14:59:01] rep= 150  mem=6250.6MB  left_join (many-to-many)
[14:59:01] rep= 150  mem=6413.3MB  estimate_choice_model: start
[14:59:20] rep= 150  mem=6713.0MB  estimate_choice_model: done
[14:59:20] rep= 150  mem=6713.0MB  compute per_rep + ch_*
[14:59:20] rep= 150  mem=6722.2MB  free big intermediates
[14:59:21] rep= 150  mem=6099.5MB  summarize_boot_rep
[14:59:21] rep= 150  mem=6099.8MB  fwrite csv
[14:59:21] rep= 150  mem=6099.8MB  rep done in 20.9s
[14:59:22] rep=   0  mem=6090.7MB  === all reps complete ===
