[23:00:20] rep=   0  mem=6090.8MB  === runner start, market = 10 , reps_per_session = 25 ===
[23:00:20] rep=   1  mem=6090.8MB  rep start
[23:00:20] rep=   1  mem=6090.8MB  filter market_data
[23:00:20] rep=   1  mem=6119.3MB  sample ids
[23:00:21] rep=   1  mem=6119.4MB  left_join (many-to-many)
[23:00:21] rep=   1  mem=6147.9MB  estimate_choice_model: start
[23:00:26] rep=   1  mem=6200.1MB  estimate_choice_model: done
[23:00:26] rep=   1  mem=6200.1MB  compute per_rep + ch_*
[23:00:26] rep=   1  mem=6204.8MB  free big intermediates
[23:00:27] rep=   1  mem=6095.5MB  summarize_boot_rep
[23:00:27] rep=   1  mem=6095.5MB  fwrite csv
[23:00:27] rep=   1  mem=6095.5MB  rep done in 7.0s
[23:00:27] rep=   2  mem=6090.8MB  rep start
[23:00:27] rep=   2  mem=6090.8MB  filter market_data
[23:00:28] rep=   2  mem=6119.3MB  sample ids
[23:00:28] rep=   2  mem=6119.4MB  left_join (many-to-many)
[23:00:28] rep=   2  mem=6147.9MB  estimate_choice_model: start
[23:00:34] rep=   2  mem=6200.1MB  estimate_choice_model: done
[23:00:34] rep=   2  mem=6200.1MB  compute per_rep + ch_*
[23:00:34] rep=   2  mem=6204.8MB  free big intermediates
[23:00:34] rep=   2  mem=6095.5MB  summarize_boot_rep
[23:00:34] rep=   2  mem=6095.5MB  fwrite csv
[23:00:34] rep=   2  mem=6095.5MB  rep done in 7.4s
[23:00:35] rep=   3  mem=6090.8MB  rep start
[23:00:35] rep=   3  mem=6090.8MB  filter market_data
[23:00:35] rep=   3  mem=6119.3MB  sample ids
[23:00:35] rep=   3  mem=6119.4MB  left_join (many-to-many)
[23:00:35] rep=   3  mem=6147.9MB  estimate_choice_model: start
[23:00:41] rep=   3  mem=6200.1MB  estimate_choice_model: done
[23:00:41] rep=   3  mem=6200.1MB  compute per_rep + ch_*
[23:00:41] rep=   3  mem=6204.8MB  free big intermediates
[23:00:41] rep=   3  mem=6095.5MB  summarize_boot_rep
[23:00:42] rep=   3  mem=6095.5MB  fwrite csv
[23:00:42] rep=   3  mem=6095.5MB  rep done in 7.2s
[23:00:42] rep=   4  mem=6090.8MB  rep start
[23:00:42] rep=   4  mem=6090.8MB  filter market_data
[23:00:42] rep=   4  mem=6119.3MB  sample ids
[23:00:42] rep=   4  mem=6119.4MB  left_join (many-to-many)
[23:00:43] rep=   4  mem=6147.9MB  estimate_choice_model: start
[23:01:09] rep=   0  mem=6087.8MB  === runner start, market = 10 , reps_per_session = 25 ===
[23:01:09] rep=   4  mem=6087.8MB  rep start
[23:01:09] rep=   4  mem=6087.8MB  filter market_data
[23:01:10] rep=   4  mem=6116.4MB  sample ids
[23:01:10] rep=   4  mem=6116.4MB  left_join (many-to-many)
[23:01:10] rep=   4  mem=6145.1MB  estimate_choice_model: start
[23:01:15] rep=   4  mem=6198.2MB  estimate_choice_model: done
[23:01:15] rep=   4  mem=6198.2MB  compute per_rep + ch_*
[23:01:16] rep=   4  mem=6202.9MB  free big intermediates
[23:01:16] rep=   4  mem=6093.6MB  summarize_boot_rep
[23:01:16] rep=   4  mem=6093.9MB  fwrite csv
[23:01:16] rep=   4  mem=6093.9MB  rep done in 7.0s
[23:01:16] rep=   5  mem=6089.3MB  rep start
[23:01:17] rep=   5  mem=6089.3MB  filter market_data
[23:01:17] rep=   5  mem=6117.8MB  sample ids
[23:01:17] rep=   5  mem=6117.9MB  left_join (many-to-many)
[23:01:17] rep=   5  mem=6146.4MB  estimate_choice_model: start
[23:01:22] rep=   5  mem=6198.6MB  estimate_choice_model: done
[23:01:22] rep=   5  mem=6198.6MB  compute per_rep + ch_*
[23:01:23] rep=   5  mem=6203.3MB  free big intermediates
[23:01:23] rep=   5  mem=6094.0MB  summarize_boot_rep
[23:01:23] rep=   5  mem=6094.0MB  fwrite csv
[23:01:23] rep=   5  mem=6094.0MB  rep done in 7.0s
[23:01:23] rep=   6  mem=6089.3MB  rep start
[23:01:24] rep=   6  mem=6089.3MB  filter market_data
[23:01:24] rep=   6  mem=6117.8MB  sample ids
[23:01:24] rep=   6  mem=6117.9MB  left_join (many-to-many)
[23:01:24] rep=   6  mem=6146.4MB  estimate_choice_model: start
[23:01:29] rep=   6  mem=6198.6MB  estimate_choice_model: done
[23:01:30] rep=   6  mem=6198.6MB  compute per_rep + ch_*
[23:01:30] rep=   6  mem=6203.3MB  free big intermediates
[23:01:30] rep=   6  mem=6094.0MB  summarize_boot_rep
[23:01:30] rep=   6  mem=6094.0MB  fwrite csv
[23:01:30] rep=   6  mem=6094.0MB  rep done in 7.0s
[23:01:31] rep=   7  mem=6089.3MB  rep start
[23:01:31] rep=   7  mem=6089.3MB  filter market_data
[23:01:31] rep=   7  mem=6117.8MB  sample ids
[23:01:31] rep=   7  mem=6117.9MB  left_join (many-to-many)
[23:01:31] rep=   7  mem=6146.4MB  estimate_choice_model: start
[23:01:37] rep=   7  mem=6198.6MB  estimate_choice_model: done
[23:01:37] rep=   7  mem=6198.6MB  compute per_rep + ch_*
[23:01:37] rep=   7  mem=6203.3MB  free big intermediates
[23:01:37] rep=   7  mem=6094.0MB  summarize_boot_rep
[23:01:37] rep=   7  mem=6094.0MB  fwrite csv
[23:01:38] rep=   7  mem=6094.0MB  rep done in 7.1s
[23:01:38] rep=   8  mem=6089.3MB  rep start
[23:01:38] rep=   8  mem=6089.3MB  filter market_data
[23:01:38] rep=   8  mem=6117.8MB  sample ids
[23:01:38] rep=   8  mem=6117.9MB  left_join (many-to-many)
[23:01:38] rep=   8  mem=6146.4MB  estimate_choice_model: start
[23:01:44] rep=   8  mem=6198.6MB  estimate_choice_model: done
[23:01:44] rep=   8  mem=6198.6MB  compute per_rep + ch_*
[23:01:44] rep=   8  mem=6203.3MB  free big intermediates
[23:01:44] rep=   8  mem=6094.0MB  summarize_boot_rep
[23:01:45] rep=   8  mem=6094.0MB  fwrite csv
[23:01:45] rep=   8  mem=6094.0MB  rep done in 7.0s
[23:01:45] rep=   9  mem=6089.3MB  rep start
[23:01:45] rep=   9  mem=6089.3MB  filter market_data
[23:01:45] rep=   9  mem=6117.8MB  sample ids
[23:01:45] rep=   9  mem=6117.9MB  left_join (many-to-many)
[23:01:45] rep=   9  mem=6146.4MB  estimate_choice_model: start
[23:01:51] rep=   9  mem=6198.6MB  estimate_choice_model: done
[23:01:51] rep=   9  mem=6198.6MB  compute per_rep + ch_*
[23:01:51] rep=   9  mem=6203.3MB  free big intermediates
[23:01:51] rep=   9  mem=6094.0MB  summarize_boot_rep
[23:01:52] rep=   9  mem=6094.0MB  fwrite csv
[23:01:52] rep=   9  mem=6094.0MB  rep done in 6.9s
[23:01:52] rep=  10  mem=6089.3MB  rep start
[23:01:52] rep=  10  mem=6089.3MB  filter market_data
[23:01:52] rep=  10  mem=6117.8MB  sample ids
[23:01:52] rep=  10  mem=6117.9MB  left_join (many-to-many)
[23:01:52] rep=  10  mem=6146.4MB  estimate_choice_model: start
[23:01:58] rep=  10  mem=6198.6MB  estimate_choice_model: done
[23:01:58] rep=  10  mem=6198.6MB  compute per_rep + ch_*
[23:01:58] rep=  10  mem=6203.3MB  free big intermediates
[23:01:58] rep=  10  mem=6094.0MB  summarize_boot_rep
[23:01:59] rep=  10  mem=6094.0MB  fwrite csv
[23:01:59] rep=  10  mem=6094.0MB  rep done in 6.9s
[23:01:59] rep=  11  mem=6089.3MB  rep start
[23:01:59] rep=  11  mem=6089.3MB  filter market_data
[23:01:59] rep=  11  mem=6117.8MB  sample ids
[23:01:59] rep=  11  mem=6117.9MB  left_join (many-to-many)
[23:01:59] rep=  11  mem=6146.4MB  estimate_choice_model: start
[23:02:05] rep=  11  mem=6198.6MB  estimate_choice_model: done
[23:02:05] rep=  11  mem=6198.6MB  compute per_rep + ch_*
[23:02:05] rep=  11  mem=6203.3MB  free big intermediates
[23:02:05] rep=  11  mem=6094.0MB  summarize_boot_rep
[23:02:06] rep=  11  mem=6094.0MB  fwrite csv
[23:02:06] rep=  11  mem=6094.0MB  rep done in 7.0s
[23:02:06] rep=  12  mem=6089.3MB  rep start
[23:02:06] rep=  12  mem=6089.3MB  filter market_data
[23:02:06] rep=  12  mem=6117.8MB  sample ids
[23:02:06] rep=  12  mem=6117.9MB  left_join (many-to-many)
[23:02:06] rep=  12  mem=6146.4MB  estimate_choice_model: start
[23:02:12] rep=  12  mem=6198.6MB  estimate_choice_model: done
[23:02:12] rep=  12  mem=6198.6MB  compute per_rep + ch_*
[23:02:12] rep=  12  mem=6203.3MB  free big intermediates
[23:02:12] rep=  12  mem=6094.0MB  summarize_boot_rep
[23:02:13] rep=  12  mem=6094.0MB  fwrite csv
[23:02:13] rep=  12  mem=6094.0MB  rep done in 6.9s
[23:02:13] rep=  13  mem=6089.3MB  rep start
[23:02:13] rep=  13  mem=6089.3MB  filter market_data
[23:02:13] rep=  13  mem=6117.8MB  sample ids
[23:02:13] rep=  13  mem=6117.9MB  left_join (many-to-many)
[23:02:13] rep=  13  mem=6146.4MB  estimate_choice_model: start
[23:02:19] rep=  13  mem=6198.6MB  estimate_choice_model: done
[23:02:19] rep=  13  mem=6198.6MB  compute per_rep + ch_*
[23:02:19] rep=  13  mem=6203.3MB  free big intermediates
[23:02:19] rep=  13  mem=6094.0MB  summarize_boot_rep
[23:02:20] rep=  13  mem=6094.0MB  fwrite csv
[23:02:20] rep=  13  mem=6094.0MB  rep done in 7.1s
[23:02:20] rep=  14  mem=6089.3MB  rep start
[23:02:20] rep=  14  mem=6089.3MB  filter market_data
[23:02:20] rep=  14  mem=6117.8MB  sample ids
[23:02:21] rep=  14  mem=6117.9MB  left_join (many-to-many)
[23:02:21] rep=  14  mem=6146.4MB  estimate_choice_model: start
[23:02:26] rep=  14  mem=6198.6MB  estimate_choice_model: done
[23:02:26] rep=  14  mem=6198.6MB  compute per_rep + ch_*
[23:02:26] rep=  14  mem=6203.3MB  free big intermediates
[23:02:27] rep=  14  mem=6094.0MB  summarize_boot_rep
[23:02:27] rep=  14  mem=6094.0MB  fwrite csv
[23:02:27] rep=  14  mem=6094.0MB  rep done in 7.1s
[23:02:27] rep=  15  mem=6089.3MB  rep start
[23:02:27] rep=  15  mem=6089.3MB  filter market_data
[23:02:28] rep=  15  mem=6117.8MB  sample ids
[23:02:28] rep=  15  mem=6117.9MB  left_join (many-to-many)
[23:02:28] rep=  15  mem=6146.4MB  estimate_choice_model: start
[23:02:33] rep=  15  mem=6198.6MB  estimate_choice_model: done
[23:02:33] rep=  15  mem=6198.6MB  compute per_rep + ch_*
[23:02:33] rep=  15  mem=6203.3MB  free big intermediates
[23:02:34] rep=  15  mem=6094.0MB  summarize_boot_rep
[23:02:34] rep=  15  mem=6094.0MB  fwrite csv
[23:02:34] rep=  15  mem=6094.0MB  rep done in 6.9s
[23:02:34] rep=  16  mem=6089.3MB  rep start
[23:02:34] rep=  16  mem=6089.3MB  filter market_data
[23:02:35] rep=  16  mem=6117.8MB  sample ids
[23:02:35] rep=  16  mem=6117.9MB  left_join (many-to-many)
[23:02:35] rep=  16  mem=6146.4MB  estimate_choice_model: start
[23:02:40] rep=  16  mem=6198.6MB  estimate_choice_model: done
[23:02:40] rep=  16  mem=6198.6MB  compute per_rep + ch_*
[23:02:41] rep=  16  mem=6203.3MB  free big intermediates
[23:02:41] rep=  16  mem=6094.0MB  summarize_boot_rep
[23:02:41] rep=  16  mem=6094.0MB  fwrite csv
[23:02:41] rep=  16  mem=6094.0MB  rep done in 7.0s
[23:02:41] rep=  17  mem=6089.3MB  rep start
[23:02:42] rep=  17  mem=6089.3MB  filter market_data
[23:02:42] rep=  17  mem=6117.8MB  sample ids
[23:02:42] rep=  17  mem=6117.9MB  left_join (many-to-many)
[23:02:42] rep=  17  mem=6146.4MB  estimate_choice_model: start
[23:02:47] rep=  17  mem=6198.6MB  estimate_choice_model: done
[23:02:47] rep=  17  mem=6198.6MB  compute per_rep + ch_*
[23:02:48] rep=  17  mem=6203.3MB  free big intermediates
[23:02:48] rep=  17  mem=6094.0MB  summarize_boot_rep
[23:02:48] rep=  17  mem=6094.0MB  fwrite csv
[23:02:48] rep=  17  mem=6094.0MB  rep done in 6.9s
[23:02:48] rep=  18  mem=6089.3MB  rep start
[23:02:49] rep=  18  mem=6089.3MB  filter market_data
[23:02:49] rep=  18  mem=6117.8MB  sample ids
[23:02:49] rep=  18  mem=6117.9MB  left_join (many-to-many)
[23:02:49] rep=  18  mem=6146.4MB  estimate_choice_model: start
[23:02:54] rep=  18  mem=6198.6MB  estimate_choice_model: done
[23:02:54] rep=  18  mem=6198.6MB  compute per_rep + ch_*
[23:02:55] rep=  18  mem=6203.3MB  free big intermediates
[23:02:55] rep=  18  mem=6094.0MB  summarize_boot_rep
[23:02:55] rep=  18  mem=6094.0MB  fwrite csv
[23:02:55] rep=  18  mem=6094.0MB  rep done in 6.9s
[23:02:55] rep=  19  mem=6089.3MB  rep start
[23:02:56] rep=  19  mem=6089.3MB  filter market_data
[23:02:56] rep=  19  mem=6117.8MB  sample ids
[23:02:56] rep=  19  mem=6117.9MB  left_join (many-to-many)
[23:02:56] rep=  19  mem=6146.4MB  estimate_choice_model: start
[23:03:01] rep=  19  mem=6198.6MB  estimate_choice_model: done
[23:03:02] rep=  19  mem=6198.6MB  compute per_rep + ch_*
[23:03:02] rep=  19  mem=6203.3MB  free big intermediates
[23:03:02] rep=  19  mem=6094.0MB  summarize_boot_rep
[23:03:02] rep=  19  mem=6094.0MB  fwrite csv
[23:03:02] rep=  19  mem=6094.0MB  rep done in 7.0s
[23:03:03] rep=  20  mem=6089.3MB  rep start
[23:03:03] rep=  20  mem=6089.3MB  filter market_data
[23:03:03] rep=  20  mem=6117.8MB  sample ids
[23:03:03] rep=  20  mem=6117.9MB  left_join (many-to-many)
[23:03:03] rep=  20  mem=6146.4MB  estimate_choice_model: start
[23:03:09] rep=  20  mem=6198.6MB  estimate_choice_model: done
[23:03:09] rep=  20  mem=6198.6MB  compute per_rep + ch_*
[23:03:09] rep=  20  mem=6203.3MB  free big intermediates
[23:03:09] rep=  20  mem=6094.0MB  summarize_boot_rep
[23:03:09] rep=  20  mem=6094.0MB  fwrite csv
[23:03:10] rep=  20  mem=6094.0MB  rep done in 7.1s
[23:03:10] rep=  21  mem=6089.3MB  rep start
[23:03:10] rep=  21  mem=6089.3MB  filter market_data
[23:03:10] rep=  21  mem=6117.8MB  sample ids
[23:03:10] rep=  21  mem=6117.9MB  left_join (many-to-many)
[23:03:10] rep=  21  mem=6146.4MB  estimate_choice_model: start
[23:03:16] rep=  21  mem=6198.6MB  estimate_choice_model: done
[23:03:16] rep=  21  mem=6198.6MB  compute per_rep + ch_*
[23:03:16] rep=  21  mem=6203.3MB  free big intermediates
[23:03:16] rep=  21  mem=6094.0MB  summarize_boot_rep
[23:03:16] rep=  21  mem=6094.0MB  fwrite csv
[23:03:17] rep=  21  mem=6094.0MB  rep done in 6.9s
[23:03:17] rep=  22  mem=6089.3MB  rep start
[23:03:17] rep=  22  mem=6089.3MB  filter market_data
[23:03:17] rep=  22  mem=6117.8MB  sample ids
[23:03:17] rep=  22  mem=6117.9MB  left_join (many-to-many)
[23:03:17] rep=  22  mem=6146.4MB  estimate_choice_model: start
[23:03:23] rep=  22  mem=6198.6MB  estimate_choice_model: done
[23:03:23] rep=  22  mem=6198.6MB  compute per_rep + ch_*
[23:03:23] rep=  22  mem=6203.3MB  free big intermediates
[23:03:23] rep=  22  mem=6094.0MB  summarize_boot_rep
[23:03:24] rep=  22  mem=6094.0MB  fwrite csv
[23:03:24] rep=  22  mem=6094.0MB  rep done in 7.1s
[23:03:24] rep=  23  mem=6089.3MB  rep start
[23:03:24] rep=  23  mem=6089.3MB  filter market_data
[23:03:24] rep=  23  mem=6117.8MB  sample ids
[23:03:24] rep=  23  mem=6117.9MB  left_join (many-to-many)
[23:03:25] rep=  23  mem=6146.4MB  estimate_choice_model: start
[23:03:30] rep=  23  mem=6198.6MB  estimate_choice_model: done
[23:03:30] rep=  23  mem=6198.6MB  compute per_rep + ch_*
[23:03:30] rep=  23  mem=6203.3MB  free big intermediates
[23:03:30] rep=  23  mem=6094.0MB  summarize_boot_rep
[23:03:31] rep=  23  mem=6094.0MB  fwrite csv
[23:03:31] rep=  23  mem=6094.0MB  rep done in 6.9s
[23:03:31] rep=  24  mem=6089.3MB  rep start
[23:03:31] rep=  24  mem=6089.3MB  filter market_data
[23:03:31] rep=  24  mem=6117.8MB  sample ids
[23:03:32] rep=  24  mem=6117.9MB  left_join (many-to-many)
[23:03:32] rep=  24  mem=6146.4MB  estimate_choice_model: start
[23:03:37] rep=  24  mem=6198.6MB  estimate_choice_model: done
[23:03:37] rep=  24  mem=6198.6MB  compute per_rep + ch_*
[23:03:37] rep=  24  mem=6203.3MB  free big intermediates
[23:03:38] rep=  24  mem=6094.0MB  summarize_boot_rep
[23:03:38] rep=  24  mem=6094.0MB  fwrite csv
[23:03:38] rep=  24  mem=6094.0MB  rep done in 7.0s
[23:03:38] rep=  25  mem=6089.3MB  rep start
[23:03:38] rep=  25  mem=6089.3MB  filter market_data
[23:03:39] rep=  25  mem=6117.8MB  sample ids
[23:03:39] rep=  25  mem=6117.9MB  left_join (many-to-many)
[23:03:39] rep=  25  mem=6146.4MB  estimate_choice_model: start
[23:03:44] rep=  25  mem=6198.6MB  estimate_choice_model: done
[23:03:44] rep=  25  mem=6198.6MB  compute per_rep + ch_*
[23:03:44] rep=  25  mem=6203.3MB  free big intermediates
[23:03:45] rep=  25  mem=6094.0MB  summarize_boot_rep
[23:03:45] rep=  25  mem=6094.0MB  fwrite csv
[23:03:45] rep=  25  mem=6094.0MB  rep done in 7.0s
[23:03:45] rep=  26  mem=6089.3MB  rep start
[23:03:45] rep=  26  mem=6089.3MB  filter market_data
[23:03:46] rep=  26  mem=6117.8MB  sample ids
[23:03:46] rep=  26  mem=6117.9MB  left_join (many-to-many)
[23:03:46] rep=  26  mem=6146.4MB  estimate_choice_model: start
[23:03:51] rep=  26  mem=6198.6MB  estimate_choice_model: done
[23:03:51] rep=  26  mem=6198.6MB  compute per_rep + ch_*
[23:03:51] rep=  26  mem=6203.3MB  free big intermediates
[23:03:52] rep=  26  mem=6094.0MB  summarize_boot_rep
[23:03:52] rep=  26  mem=6094.0MB  fwrite csv
[23:03:52] rep=  26  mem=6094.0MB  rep done in 6.9s
[23:03:52] rep=  27  mem=6089.3MB  rep start
[23:03:52] rep=  27  mem=6089.3MB  filter market_data
[23:03:53] rep=  27  mem=6117.8MB  sample ids
[23:03:53] rep=  27  mem=6117.9MB  left_join (many-to-many)
[23:03:53] rep=  27  mem=6146.4MB  estimate_choice_model: start
[23:03:58] rep=  27  mem=6198.6MB  estimate_choice_model: done
[23:03:58] rep=  27  mem=6198.6MB  compute per_rep + ch_*
[23:03:59] rep=  27  mem=6203.3MB  free big intermediates
[23:03:59] rep=  27  mem=6094.0MB  summarize_boot_rep
[23:03:59] rep=  27  mem=6094.0MB  fwrite csv
[23:03:59] rep=  27  mem=6094.0MB  rep done in 7.0s
[23:03:59] rep=  28  mem=6089.3MB  rep start
[23:04:00] rep=  28  mem=6089.3MB  filter market_data
[23:04:00] rep=  28  mem=6117.8MB  sample ids
[23:04:00] rep=  28  mem=6117.9MB  left_join (many-to-many)
[23:04:00] rep=  28  mem=6146.4MB  estimate_choice_model: start
[23:04:05] rep=  28  mem=6198.6MB  estimate_choice_model: done
[23:04:05] rep=  28  mem=6198.6MB  compute per_rep + ch_*
[23:04:06] rep=  28  mem=6203.3MB  free big intermediates
[23:04:06] rep=  28  mem=6094.0MB  summarize_boot_rep
[23:04:06] rep=  28  mem=6094.0MB  fwrite csv
[23:04:06] rep=  28  mem=6094.0MB  rep done in 6.9s
[23:04:06] rep=   0  mem=6089.3MB  === session quota of 25 reps reached, exiting ===
[23:04:28] rep=   0  mem=6087.8MB  === runner start, market = 10 , reps_per_session = 25 ===
[23:04:29] rep=  29  mem=6087.8MB  rep start
[23:04:29] rep=  29  mem=6087.8MB  filter market_data
[23:04:29] rep=  29  mem=6116.4MB  sample ids
[23:04:29] rep=  29  mem=6116.4MB  left_join (many-to-many)
[23:04:29] rep=  29  mem=6145.1MB  estimate_choice_model: start
[23:04:35] rep=  29  mem=6198.2MB  estimate_choice_model: done
[23:04:35] rep=  29  mem=6198.2MB  compute per_rep + ch_*
[23:04:35] rep=  29  mem=6202.9MB  free big intermediates
[23:04:35] rep=  29  mem=6093.6MB  summarize_boot_rep
[23:04:35] rep=  29  mem=6093.9MB  fwrite csv
[23:04:35] rep=  29  mem=6093.9MB  rep done in 7.0s
[23:04:36] rep=  30  mem=6089.3MB  rep start
[23:04:36] rep=  30  mem=6089.3MB  filter market_data
[23:04:36] rep=  30  mem=6117.8MB  sample ids
[23:04:36] rep=  30  mem=6117.9MB  left_join (many-to-many)
[23:04:36] rep=  30  mem=6146.4MB  estimate_choice_model: start
[23:04:42] rep=  30  mem=6198.6MB  estimate_choice_model: done
[23:04:42] rep=  30  mem=6198.6MB  compute per_rep + ch_*
[23:04:42] rep=  30  mem=6203.3MB  free big intermediates
[23:04:42] rep=  30  mem=6094.0MB  summarize_boot_rep
[23:04:42] rep=  30  mem=6094.0MB  fwrite csv
[23:04:43] rep=  30  mem=6094.0MB  rep done in 7.0s
[23:04:43] rep=  31  mem=6089.3MB  rep start
[23:04:43] rep=  31  mem=6089.3MB  filter market_data
[23:04:43] rep=  31  mem=6117.8MB  sample ids
[23:04:43] rep=  31  mem=6117.9MB  left_join (many-to-many)
[23:04:43] rep=  31  mem=6146.4MB  estimate_choice_model: start
[23:04:49] rep=  31  mem=6198.6MB  estimate_choice_model: done
[23:04:49] rep=  31  mem=6198.6MB  compute per_rep + ch_*
[23:04:49] rep=  31  mem=6203.3MB  free big intermediates
[23:04:49] rep=  31  mem=6094.0MB  summarize_boot_rep
[23:04:49] rep=  31  mem=6094.0MB  fwrite csv
[23:04:50] rep=  31  mem=6094.0MB  rep done in 6.9s
[23:04:50] rep=  32  mem=6089.3MB  rep start
[23:04:50] rep=  32  mem=6089.3MB  filter market_data
[23:04:50] rep=  32  mem=6117.8MB  sample ids
[23:04:50] rep=  32  mem=6117.9MB  left_join (many-to-many)
[23:04:50] rep=  32  mem=6146.4MB  estimate_choice_model: start
[23:04:56] rep=  32  mem=6198.6MB  estimate_choice_model: done
[23:04:56] rep=  32  mem=6198.6MB  compute per_rep + ch_*
[23:04:56] rep=  32  mem=6203.3MB  free big intermediates
[23:04:56] rep=  32  mem=6094.0MB  summarize_boot_rep
[23:04:57] rep=  32  mem=6094.0MB  fwrite csv
[23:04:57] rep=  32  mem=6094.0MB  rep done in 7.0s
[23:04:57] rep=  33  mem=6089.3MB  rep start
[23:04:57] rep=  33  mem=6089.3MB  filter market_data
[23:04:57] rep=  33  mem=6117.8MB  sample ids
[23:04:57] rep=  33  mem=6117.9MB  left_join (many-to-many)
[23:04:57] rep=  33  mem=6146.4MB  estimate_choice_model: start
[23:05:03] rep=  33  mem=6198.6MB  estimate_choice_model: done
[23:05:03] rep=  33  mem=6198.6MB  compute per_rep + ch_*
[23:05:03] rep=  33  mem=6203.3MB  free big intermediates
[23:05:03] rep=  33  mem=6094.0MB  summarize_boot_rep
[23:05:03] rep=  33  mem=6094.0MB  fwrite csv
[23:05:03] rep=  33  mem=6094.0MB  rep done in 6.7s
[23:05:04] rep=  34  mem=6089.3MB  rep start
[23:05:04] rep=  34  mem=6089.3MB  filter market_data
[23:05:04] rep=  34  mem=6117.8MB  sample ids
[23:05:04] rep=  34  mem=6117.9MB  left_join (many-to-many)
[23:05:04] rep=  34  mem=6146.4MB  estimate_choice_model: start
[23:05:10] rep=  34  mem=6198.6MB  estimate_choice_model: done
[23:05:10] rep=  34  mem=6198.6MB  compute per_rep + ch_*
[23:05:10] rep=  34  mem=6203.3MB  free big intermediates
[23:05:10] rep=  34  mem=6094.0MB  summarize_boot_rep
[23:05:10] rep=  34  mem=6094.0MB  fwrite csv
[23:05:11] rep=  34  mem=6094.0MB  rep done in 6.9s
[23:05:11] rep=  35  mem=6089.3MB  rep start
[23:05:11] rep=  35  mem=6089.3MB  filter market_data
[23:05:11] rep=  35  mem=6117.8MB  sample ids
[23:05:11] rep=  35  mem=6117.9MB  left_join (many-to-many)
[23:05:11] rep=  35  mem=6146.4MB  estimate_choice_model: start
[23:05:17] rep=  35  mem=6198.6MB  estimate_choice_model: done
[23:05:17] rep=  35  mem=6198.6MB  compute per_rep + ch_*
[23:05:17] rep=  35  mem=6203.3MB  free big intermediates
[23:05:17] rep=  35  mem=6094.0MB  summarize_boot_rep
[23:05:17] rep=  35  mem=6094.0MB  fwrite csv
[23:05:18] rep=  35  mem=6094.0MB  rep done in 6.9s
[23:05:18] rep=  36  mem=6089.3MB  rep start
[23:05:18] rep=  36  mem=6089.3MB  filter market_data
[23:05:18] rep=  36  mem=6117.8MB  sample ids
[23:05:18] rep=  36  mem=6117.9MB  left_join (many-to-many)
[23:05:18] rep=  36  mem=6146.4MB  estimate_choice_model: start
[23:05:24] rep=  36  mem=6198.6MB  estimate_choice_model: done
[23:05:24] rep=  36  mem=6198.6MB  compute per_rep + ch_*
[23:05:24] rep=  36  mem=6203.3MB  free big intermediates
[23:05:24] rep=  36  mem=6094.0MB  summarize_boot_rep
[23:05:25] rep=  36  mem=6094.0MB  fwrite csv
[23:05:25] rep=  36  mem=6094.0MB  rep done in 7.1s
[23:05:25] rep=  37  mem=6089.3MB  rep start
[23:05:25] rep=  37  mem=6089.3MB  filter market_data
[23:05:25] rep=  37  mem=6117.8MB  sample ids
[23:05:25] rep=  37  mem=6117.9MB  left_join (many-to-many)
[23:05:26] rep=  37  mem=6146.4MB  estimate_choice_model: start
[23:05:31] rep=  37  mem=6198.6MB  estimate_choice_model: done
[23:05:31] rep=  37  mem=6198.6MB  compute per_rep + ch_*
[23:05:31] rep=  37  mem=6203.3MB  free big intermediates
[23:05:31] rep=  37  mem=6094.0MB  summarize_boot_rep
[23:05:32] rep=  37  mem=6094.0MB  fwrite csv
[23:05:32] rep=  37  mem=6094.0MB  rep done in 7.0s
[23:05:32] rep=  38  mem=6089.3MB  rep start
[23:05:32] rep=  38  mem=6089.3MB  filter market_data
[23:05:32] rep=  38  mem=6117.8MB  sample ids
[23:05:33] rep=  38  mem=6117.9MB  left_join (many-to-many)
[23:05:33] rep=  38  mem=6146.4MB  estimate_choice_model: start
[23:05:38] rep=  38  mem=6198.6MB  estimate_choice_model: done
[23:05:38] rep=  38  mem=6198.6MB  compute per_rep + ch_*
[23:05:38] rep=  38  mem=6203.3MB  free big intermediates
[23:05:38] rep=  38  mem=6094.0MB  summarize_boot_rep
[23:05:39] rep=  38  mem=6094.0MB  fwrite csv
[23:05:39] rep=  38  mem=6094.0MB  rep done in 6.9s
[23:05:39] rep=  39  mem=6089.3MB  rep start
[23:05:39] rep=  39  mem=6089.3MB  filter market_data
[23:05:39] rep=  39  mem=6117.8MB  sample ids
[23:05:40] rep=  39  mem=6117.9MB  left_join (many-to-many)
[23:05:40] rep=  39  mem=6146.4MB  estimate_choice_model: start
[23:05:45] rep=  39  mem=6198.6MB  estimate_choice_model: done
[23:05:45] rep=  39  mem=6198.6MB  compute per_rep + ch_*
[23:05:45] rep=  39  mem=6203.3MB  free big intermediates
[23:05:46] rep=  39  mem=6094.0MB  summarize_boot_rep
[23:08:26] rep=   0  mem=6087.8MB  === runner start, market = 10 , reps_per_session = 25 ===
[23:08:26] rep=  39  mem=6087.8MB  rep start
[23:08:26] rep=  39  mem=6087.8MB  filter market_data
[23:08:27] rep=  39  mem=6116.4MB  sample ids
[23:08:27] rep=  39  mem=6116.4MB  left_join (many-to-many)
[23:08:27] rep=  39  mem=6145.1MB  estimate_choice_model: start
[23:08:32] rep=  39  mem=6198.2MB  estimate_choice_model: done
[23:08:32] rep=  39  mem=6198.2MB  compute per_rep + ch_*
[23:08:32] rep=  39  mem=6202.9MB  free big intermediates
[23:08:33] rep=  39  mem=6093.6MB  summarize_boot_rep
[23:08:33] rep=  39  mem=6093.9MB  fwrite csv
[23:08:33] rep=  39  mem=6093.9MB  rep done in 7.0s
[23:08:33] rep=  40  mem=6089.3MB  rep start
[23:08:33] rep=  40  mem=6089.3MB  filter market_data
[23:08:34] rep=  40  mem=6117.8MB  sample ids
[23:08:34] rep=  40  mem=6117.9MB  left_join (many-to-many)
[23:08:34] rep=  40  mem=6146.4MB  estimate_choice_model: start
[23:08:39] rep=  40  mem=6198.6MB  estimate_choice_model: done
[23:08:39] rep=  40  mem=6198.6MB  compute per_rep + ch_*
[23:08:39] rep=  40  mem=6203.3MB  free big intermediates
[23:08:40] rep=  40  mem=6094.0MB  summarize_boot_rep
[23:08:40] rep=  40  mem=6094.0MB  fwrite csv
[23:08:40] rep=  40  mem=6094.0MB  rep done in 7.0s
[23:08:40] rep=  41  mem=6089.3MB  rep start
[23:08:40] rep=  41  mem=6089.3MB  filter market_data
[23:08:41] rep=  41  mem=6117.8MB  sample ids
[23:08:41] rep=  41  mem=6117.9MB  left_join (many-to-many)
[23:08:41] rep=  41  mem=6146.4MB  estimate_choice_model: start
[23:08:46] rep=  41  mem=6198.6MB  estimate_choice_model: done
[23:08:46] rep=  41  mem=6198.6MB  compute per_rep + ch_*
[23:08:47] rep=  41  mem=6203.3MB  free big intermediates
[23:08:47] rep=  41  mem=6094.0MB  summarize_boot_rep
[23:09:09] rep=   0  mem=6087.8MB  === runner start, market = 10 , reps_per_session = 25 ===
[23:09:09] rep=  41  mem=6087.8MB  rep start
[23:09:09] rep=  41  mem=6087.8MB  filter market_data
[23:09:09] rep=  41  mem=6116.4MB  sample ids
[23:09:09] rep=  41  mem=6116.4MB  left_join (many-to-many)
[23:09:09] rep=  41  mem=6145.1MB  estimate_choice_model: start
[23:09:15] rep=  41  mem=6198.2MB  estimate_choice_model: done
[23:09:15] rep=  41  mem=6198.2MB  compute per_rep + ch_*
[23:09:15] rep=  41  mem=6202.9MB  free big intermediates
[23:09:15] rep=  41  mem=6093.6MB  summarize_boot_rep
[23:09:15] rep=  41  mem=6093.9MB  fwrite csv
[23:09:15] rep=  41  mem=6093.9MB  rep done in 7.0s
[23:09:16] rep=  42  mem=6089.3MB  rep start
[23:09:16] rep=  42  mem=6089.3MB  filter market_data
[23:09:16] rep=  42  mem=6117.8MB  sample ids
[23:09:16] rep=  42  mem=6117.9MB  left_join (many-to-many)
[23:09:16] rep=  42  mem=6146.4MB  estimate_choice_model: start
[23:09:22] rep=  42  mem=6198.6MB  estimate_choice_model: done
[23:09:22] rep=  42  mem=6198.6MB  compute per_rep + ch_*
[23:09:22] rep=  42  mem=6203.3MB  free big intermediates
[23:09:22] rep=  42  mem=6094.0MB  summarize_boot_rep
[23:09:22] rep=  42  mem=6094.0MB  fwrite csv
[23:09:23] rep=  42  mem=6094.0MB  rep done in 6.9s
[23:09:23] rep=  43  mem=6089.3MB  rep start
[23:09:23] rep=  43  mem=6089.3MB  filter market_data
[23:09:23] rep=  43  mem=6117.8MB  sample ids
[23:09:23] rep=  43  mem=6117.9MB  left_join (many-to-many)
[23:09:23] rep=  43  mem=6146.4MB  estimate_choice_model: start
[23:09:29] rep=  43  mem=6198.6MB  estimate_choice_model: done
[23:09:29] rep=  43  mem=6198.6MB  compute per_rep + ch_*
[23:09:29] rep=  43  mem=6203.3MB  free big intermediates
[23:09:29] rep=  43  mem=6094.0MB  summarize_boot_rep
[23:09:29] rep=  43  mem=6094.0MB  fwrite csv
[23:09:30] rep=  43  mem=6094.0MB  rep done in 7.0s
[23:09:30] rep=  44  mem=6089.3MB  rep start
[23:09:30] rep=  44  mem=6089.3MB  filter market_data
[23:09:30] rep=  44  mem=6117.8MB  sample ids
[23:09:30] rep=  44  mem=6117.9MB  left_join (many-to-many)
[23:09:30] rep=  44  mem=6146.4MB  estimate_choice_model: start
[23:09:36] rep=  44  mem=6198.6MB  estimate_choice_model: done
[23:09:36] rep=  44  mem=6198.6MB  compute per_rep + ch_*
[23:09:36] rep=  44  mem=6203.3MB  free big intermediates
[23:09:36] rep=  44  mem=6094.0MB  summarize_boot_rep
[23:09:37] rep=  44  mem=6094.0MB  fwrite csv
[23:09:37] rep=  44  mem=6094.0MB  rep done in 7.0s
[23:09:37] rep=  45  mem=6089.3MB  rep start
[23:09:37] rep=  45  mem=6089.3MB  filter market_data
[23:09:37] rep=  45  mem=6117.8MB  sample ids
[23:09:37] rep=  45  mem=6117.9MB  left_join (many-to-many)
[23:09:37] rep=  45  mem=6146.4MB  estimate_choice_model: start
[23:09:43] rep=  45  mem=6198.6MB  estimate_choice_model: done
[23:09:43] rep=  45  mem=6198.6MB  compute per_rep + ch_*
[23:09:43] rep=  45  mem=6203.3MB  free big intermediates
[23:09:43] rep=  45  mem=6094.0MB  summarize_boot_rep
[23:09:43] rep=  45  mem=6094.0MB  fwrite csv
[23:09:44] rep=  45  mem=6094.0MB  rep done in 6.9s
[23:09:44] rep=  46  mem=6089.3MB  rep start
[23:09:44] rep=  46  mem=6089.3MB  filter market_data
[23:09:44] rep=  46  mem=6117.8MB  sample ids
[23:09:44] rep=  46  mem=6117.9MB  left_join (many-to-many)
[23:09:44] rep=  46  mem=6146.4MB  estimate_choice_model: start
[23:09:50] rep=  46  mem=6198.6MB  estimate_choice_model: done
[23:09:50] rep=  46  mem=6198.6MB  compute per_rep + ch_*
[23:09:50] rep=  46  mem=6203.3MB  free big intermediates
[23:09:50] rep=  46  mem=6094.0MB  summarize_boot_rep
[23:09:51] rep=  46  mem=6094.0MB  fwrite csv
[23:09:51] rep=  46  mem=6094.0MB  rep done in 6.9s
[23:09:51] rep=  47  mem=6089.3MB  rep start
[23:09:51] rep=  47  mem=6089.3MB  filter market_data
[23:09:51] rep=  47  mem=6117.8MB  sample ids
[23:09:51] rep=  47  mem=6117.9MB  left_join (many-to-many)
[23:09:51] rep=  47  mem=6146.4MB  estimate_choice_model: start
[23:09:57] rep=  47  mem=6198.6MB  estimate_choice_model: done
[23:09:57] rep=  47  mem=6198.6MB  compute per_rep + ch_*
[23:09:57] rep=  47  mem=6203.3MB  free big intermediates
[23:09:57] rep=  47  mem=6094.0MB  summarize_boot_rep
[23:09:58] rep=  47  mem=6094.0MB  fwrite csv
[23:09:58] rep=  47  mem=6094.0MB  rep done in 7.0s
[23:09:58] rep=  48  mem=6089.3MB  rep start
[23:09:58] rep=  48  mem=6089.3MB  filter market_data
[23:09:58] rep=  48  mem=6117.8MB  sample ids
[23:09:58] rep=  48  mem=6117.9MB  left_join (many-to-many)
[23:09:59] rep=  48  mem=6146.4MB  estimate_choice_model: start
[23:10:04] rep=  48  mem=6198.6MB  estimate_choice_model: done
[23:10:04] rep=  48  mem=6198.6MB  compute per_rep + ch_*
[23:10:04] rep=  48  mem=6203.3MB  free big intermediates
[23:10:04] rep=  48  mem=6094.0MB  summarize_boot_rep
[23:10:05] rep=  48  mem=6094.0MB  fwrite csv
[23:10:05] rep=  48  mem=6094.0MB  rep done in 7.1s
[23:10:05] rep=  49  mem=6089.3MB  rep start
[23:10:05] rep=  49  mem=6089.3MB  filter market_data
[23:10:05] rep=  49  mem=6117.8MB  sample ids
[23:10:06] rep=  49  mem=6117.9MB  left_join (many-to-many)
[23:10:06] rep=  49  mem=6146.4MB  estimate_choice_model: start
[23:10:11] rep=  49  mem=6198.6MB  estimate_choice_model: done
[23:10:11] rep=  49  mem=6198.6MB  compute per_rep + ch_*
[23:10:11] rep=  49  mem=6203.3MB  free big intermediates
[23:10:12] rep=  49  mem=6094.0MB  summarize_boot_rep
[23:10:12] rep=  49  mem=6094.0MB  fwrite csv
[23:10:12] rep=  49  mem=6094.0MB  rep done in 7.1s
[23:10:12] rep=  50  mem=6089.3MB  rep start
[23:10:12] rep=  50  mem=6089.3MB  filter market_data
[23:10:13] rep=  50  mem=6117.8MB  sample ids
[23:10:13] rep=  50  mem=6117.9MB  left_join (many-to-many)
[23:10:13] rep=  50  mem=6146.4MB  estimate_choice_model: start
[23:10:18] rep=  50  mem=6198.6MB  estimate_choice_model: done
[23:10:18] rep=  50  mem=6198.6MB  compute per_rep + ch_*
[23:10:18] rep=  50  mem=6203.3MB  free big intermediates
[23:10:19] rep=  50  mem=6094.0MB  summarize_boot_rep
[23:10:19] rep=  50  mem=6094.0MB  fwrite csv
[23:10:19] rep=  50  mem=6094.0MB  rep done in 6.9s
[23:10:19] rep=  51  mem=6089.3MB  rep start
[23:10:19] rep=  51  mem=6089.3MB  filter market_data
[23:10:20] rep=  51  mem=6117.8MB  sample ids
[23:10:20] rep=  51  mem=6117.9MB  left_join (many-to-many)
[23:10:20] rep=  51  mem=6146.4MB  estimate_choice_model: start
[23:10:25] rep=  51  mem=6198.6MB  estimate_choice_model: done
[23:10:25] rep=  51  mem=6198.6MB  compute per_rep + ch_*
[23:10:26] rep=  51  mem=6203.3MB  free big intermediates
[23:10:26] rep=  51  mem=6094.0MB  summarize_boot_rep
[23:10:26] rep=  51  mem=6094.0MB  fwrite csv
[23:10:26] rep=  51  mem=6094.0MB  rep done in 7.0s
[23:10:26] rep=  52  mem=6089.3MB  rep start
[23:10:27] rep=  52  mem=6089.3MB  filter market_data
[23:10:27] rep=  52  mem=6117.8MB  sample ids
[23:10:27] rep=  52  mem=6117.9MB  left_join (many-to-many)
[23:10:27] rep=  52  mem=6146.4MB  estimate_choice_model: start
[23:10:32] rep=  52  mem=6198.6MB  estimate_choice_model: done
[23:10:32] rep=  52  mem=6198.6MB  compute per_rep + ch_*
[23:10:33] rep=  52  mem=6203.3MB  free big intermediates
[23:10:33] rep=  52  mem=6094.0MB  summarize_boot_rep
[23:10:33] rep=  52  mem=6094.0MB  fwrite csv
[23:10:33] rep=  52  mem=6094.0MB  rep done in 6.9s
[23:10:33] rep=  53  mem=6089.3MB  rep start
[23:10:34] rep=  53  mem=6089.3MB  filter market_data
[23:10:34] rep=  53  mem=6117.8MB  sample ids
[23:10:34] rep=  53  mem=6117.9MB  left_join (many-to-many)
[23:10:34] rep=  53  mem=6146.4MB  estimate_choice_model: start
[23:10:40] rep=  53  mem=6198.6MB  estimate_choice_model: done
[23:10:40] rep=  53  mem=6198.6MB  compute per_rep + ch_*
[23:10:40] rep=  53  mem=6203.3MB  free big intermediates
[23:10:40] rep=  53  mem=6094.0MB  summarize_boot_rep
[23:10:40] rep=  53  mem=6094.0MB  fwrite csv
[23:10:40] rep=  53  mem=6094.0MB  rep done in 7.1s
[23:10:41] rep=  54  mem=6089.3MB  rep start
[23:10:41] rep=  54  mem=6089.3MB  filter market_data
[23:10:41] rep=  54  mem=6117.8MB  sample ids
[23:10:41] rep=  54  mem=6117.9MB  left_join (many-to-many)
[23:10:41] rep=  54  mem=6146.4MB  estimate_choice_model: start
[23:10:47] rep=  54  mem=6198.6MB  estimate_choice_model: done
[23:10:47] rep=  54  mem=6198.6MB  compute per_rep + ch_*
[23:10:47] rep=  54  mem=6203.3MB  free big intermediates
[23:10:47] rep=  54  mem=6094.0MB  summarize_boot_rep
[23:10:47] rep=  54  mem=6094.0MB  fwrite csv
[23:10:47] rep=  54  mem=6094.0MB  rep done in 7.0s
[23:10:48] rep=  55  mem=6089.3MB  rep start
[23:10:48] rep=  55  mem=6089.3MB  filter market_data
[23:10:48] rep=  55  mem=6117.8MB  sample ids
[23:10:48] rep=  55  mem=6117.9MB  left_join (many-to-many)
[23:10:48] rep=  55  mem=6146.4MB  estimate_choice_model: start
[23:10:54] rep=  55  mem=6198.6MB  estimate_choice_model: done
[23:10:54] rep=  55  mem=6198.6MB  compute per_rep + ch_*
[23:10:54] rep=  55  mem=6203.3MB  free big intermediates
[23:10:54] rep=  55  mem=6094.0MB  summarize_boot_rep
[23:10:54] rep=  55  mem=6094.0MB  fwrite csv
[23:10:54] rep=  55  mem=6094.0MB  rep done in 6.8s
[23:10:55] rep=  56  mem=6089.3MB  rep start
[23:10:55] rep=  56  mem=6089.3MB  filter market_data
[23:10:55] rep=  56  mem=6117.8MB  sample ids
[23:10:55] rep=  56  mem=6117.9MB  left_join (many-to-many)
[23:10:55] rep=  56  mem=6146.4MB  estimate_choice_model: start
[23:11:01] rep=  56  mem=6198.6MB  estimate_choice_model: done
[23:11:01] rep=  56  mem=6198.6MB  compute per_rep + ch_*
[23:11:01] rep=  56  mem=6203.3MB  free big intermediates
[23:11:01] rep=  56  mem=6094.0MB  summarize_boot_rep
[23:11:01] rep=  56  mem=6094.0MB  fwrite csv
[23:11:01] rep=  56  mem=6094.0MB  rep done in 6.9s
[23:11:02] rep=  57  mem=6089.3MB  rep start
[23:11:02] rep=  57  mem=6089.3MB  filter market_data
[23:11:02] rep=  57  mem=6117.8MB  sample ids
[23:11:02] rep=  57  mem=6117.9MB  left_join (many-to-many)
[23:11:02] rep=  57  mem=6146.4MB  estimate_choice_model: start
[23:11:08] rep=  57  mem=6198.6MB  estimate_choice_model: done
[23:11:08] rep=  57  mem=6198.6MB  compute per_rep + ch_*
[23:11:08] rep=  57  mem=6203.3MB  free big intermediates
[23:11:08] rep=  57  mem=6094.0MB  summarize_boot_rep
[23:11:08] rep=  57  mem=6094.0MB  fwrite csv
[23:11:08] rep=  57  mem=6094.0MB  rep done in 6.9s
[23:11:09] rep=  58  mem=6089.3MB  rep start
[23:11:09] rep=  58  mem=6089.3MB  filter market_data
[23:11:09] rep=  58  mem=6117.8MB  sample ids
[23:11:09] rep=  58  mem=6117.9MB  left_join (many-to-many)
[23:11:09] rep=  58  mem=6146.4MB  estimate_choice_model: start
[23:11:15] rep=  58  mem=6198.6MB  estimate_choice_model: done
[23:11:15] rep=  58  mem=6198.6MB  compute per_rep + ch_*
[23:11:15] rep=  58  mem=6203.3MB  free big intermediates
[23:11:15] rep=  58  mem=6094.0MB  summarize_boot_rep
[23:11:15] rep=  58  mem=6094.0MB  fwrite csv
[23:11:16] rep=  58  mem=6094.0MB  rep done in 7.0s
[23:11:16] rep=  59  mem=6089.3MB  rep start
[23:11:16] rep=  59  mem=6089.3MB  filter market_data
[23:11:16] rep=  59  mem=6117.8MB  sample ids
[23:11:16] rep=  59  mem=6117.9MB  left_join (many-to-many)
[23:11:16] rep=  59  mem=6146.4MB  estimate_choice_model: start
[23:11:22] rep=  59  mem=6198.6MB  estimate_choice_model: done
[23:11:22] rep=  59  mem=6198.6MB  compute per_rep + ch_*
[23:11:22] rep=  59  mem=6203.3MB  free big intermediates
[23:11:22] rep=  59  mem=6094.0MB  summarize_boot_rep
[23:11:23] rep=  59  mem=6094.0MB  fwrite csv
[23:11:23] rep=  59  mem=6094.0MB  rep done in 7.0s
[23:11:23] rep=  60  mem=6089.3MB  rep start
[23:11:23] rep=  60  mem=6089.3MB  filter market_data
[23:11:23] rep=  60  mem=6117.8MB  sample ids
[23:11:23] rep=  60  mem=6117.9MB  left_join (many-to-many)
[23:11:23] rep=  60  mem=6146.4MB  estimate_choice_model: start
[23:11:29] rep=  60  mem=6198.6MB  estimate_choice_model: done
[23:11:29] rep=  60  mem=6198.6MB  compute per_rep + ch_*
[23:11:29] rep=  60  mem=6203.3MB  free big intermediates
[23:11:29] rep=  60  mem=6094.0MB  summarize_boot_rep
[23:11:29] rep=  60  mem=6094.0MB  fwrite csv
[23:11:30] rep=  60  mem=6094.0MB  rep done in 6.9s
[23:11:30] rep=  61  mem=6089.3MB  rep start
[23:11:30] rep=  61  mem=6089.3MB  filter market_data
[23:11:30] rep=  61  mem=6117.8MB  sample ids
[23:11:30] rep=  61  mem=6117.9MB  left_join (many-to-many)
[23:11:30] rep=  61  mem=6146.4MB  estimate_choice_model: start
[23:11:36] rep=  61  mem=6198.6MB  estimate_choice_model: done
[23:11:36] rep=  61  mem=6198.6MB  compute per_rep + ch_*
[23:11:36] rep=  61  mem=6203.3MB  free big intermediates
[23:11:36] rep=  61  mem=6094.0MB  summarize_boot_rep
[23:11:37] rep=  61  mem=6094.0MB  fwrite csv
[23:11:37] rep=  61  mem=6094.0MB  rep done in 7.0s
[23:11:37] rep=  62  mem=6089.3MB  rep start
[23:11:37] rep=  62  mem=6089.3MB  filter market_data
[23:11:37] rep=  62  mem=6117.8MB  sample ids
[23:11:37] rep=  62  mem=6117.9MB  left_join (many-to-many)
[23:11:37] rep=  62  mem=6146.4MB  estimate_choice_model: start
[23:11:43] rep=  62  mem=6198.6MB  estimate_choice_model: done
[23:11:43] rep=  62  mem=6198.6MB  compute per_rep + ch_*
[23:11:43] rep=  62  mem=6203.3MB  free big intermediates
[23:11:43] rep=  62  mem=6094.0MB  summarize_boot_rep
[23:11:44] rep=  62  mem=6094.0MB  fwrite csv
[23:11:44] rep=  62  mem=6094.0MB  rep done in 7.0s
[23:11:44] rep=  63  mem=6089.3MB  rep start
[23:11:44] rep=  63  mem=6089.3MB  filter market_data
[23:11:44] rep=  63  mem=6117.8MB  sample ids
[23:11:44] rep=  63  mem=6117.9MB  left_join (many-to-many)
[23:11:45] rep=  63  mem=6146.4MB  estimate_choice_model: start
[23:11:50] rep=  63  mem=6198.6MB  estimate_choice_model: done
[23:11:50] rep=  63  mem=6198.6MB  compute per_rep + ch_*
[23:11:50] rep=  63  mem=6203.3MB  free big intermediates
[23:11:51] rep=  63  mem=6094.0MB  summarize_boot_rep
[23:11:51] rep=  63  mem=6094.0MB  fwrite csv
[23:11:51] rep=  63  mem=6094.0MB  rep done in 7.1s
[23:11:51] rep=  64  mem=6089.3MB  rep start
[23:11:51] rep=  64  mem=6089.3MB  filter market_data
[23:11:52] rep=  64  mem=6117.8MB  sample ids
[23:11:52] rep=  64  mem=6117.9MB  left_join (many-to-many)
[23:11:52] rep=  64  mem=6146.4MB  estimate_choice_model: start
[23:11:57] rep=  64  mem=6198.6MB  estimate_choice_model: done
[23:11:57] rep=  64  mem=6198.6MB  compute per_rep + ch_*
[23:11:57] rep=  64  mem=6203.3MB  free big intermediates
[23:11:58] rep=  64  mem=6094.0MB  summarize_boot_rep
[23:11:58] rep=  64  mem=6094.0MB  fwrite csv
[23:11:58] rep=  64  mem=6094.0MB  rep done in 6.9s
[23:11:58] rep=  65  mem=6089.3MB  rep start
[23:11:58] rep=  65  mem=6089.3MB  filter market_data
[23:11:59] rep=  65  mem=6117.8MB  sample ids
[23:11:59] rep=  65  mem=6117.9MB  left_join (many-to-many)
[23:11:59] rep=  65  mem=6146.4MB  estimate_choice_model: start
[23:12:04] rep=  65  mem=6198.6MB  estimate_choice_model: done
[23:12:04] rep=  65  mem=6198.6MB  compute per_rep + ch_*
[23:12:04] rep=  65  mem=6203.3MB  free big intermediates
[23:12:05] rep=  65  mem=6094.0MB  summarize_boot_rep
[23:12:05] rep=  65  mem=6094.0MB  fwrite csv
[23:12:05] rep=  65  mem=6094.0MB  rep done in 6.9s
[23:12:05] rep=   0  mem=6089.3MB  === session quota of 25 reps reached, exiting ===
[23:12:27] rep=   0  mem=6087.8MB  === runner start, market = 10 , reps_per_session = 25 ===
[23:12:27] rep=  66  mem=6087.8MB  rep start
[23:12:27] rep=  66  mem=6087.8MB  filter market_data
[23:12:28] rep=  66  mem=6116.4MB  sample ids
[23:12:28] rep=  66  mem=6116.4MB  left_join (many-to-many)
[23:12:28] rep=  66  mem=6145.1MB  estimate_choice_model: start
[23:12:33] rep=  66  mem=6198.2MB  estimate_choice_model: done
[23:12:33] rep=  66  mem=6198.2MB  compute per_rep + ch_*
[23:12:34] rep=  66  mem=6202.9MB  free big intermediates
[23:12:34] rep=  66  mem=6093.6MB  summarize_boot_rep
[23:12:34] rep=  66  mem=6093.9MB  fwrite csv
[23:12:34] rep=  66  mem=6093.9MB  rep done in 7.0s
[23:12:34] rep=  67  mem=6089.3MB  rep start
[23:12:35] rep=  67  mem=6089.3MB  filter market_data
[23:12:35] rep=  67  mem=6117.8MB  sample ids
[23:12:35] rep=  67  mem=6117.9MB  left_join (many-to-many)
[23:12:35] rep=  67  mem=6146.4MB  estimate_choice_model: start
[23:12:41] rep=  67  mem=6198.6MB  estimate_choice_model: done
[23:12:41] rep=  67  mem=6198.6MB  compute per_rep + ch_*
[23:12:41] rep=  67  mem=6203.3MB  free big intermediates
[23:12:41] rep=  67  mem=6094.0MB  summarize_boot_rep
[23:12:41] rep=  67  mem=6094.0MB  fwrite csv
[23:12:42] rep=  67  mem=6094.0MB  rep done in 7.1s
[23:12:42] rep=  68  mem=6089.3MB  rep start
[23:12:42] rep=  68  mem=6089.3MB  filter market_data
[23:12:42] rep=  68  mem=6117.8MB  sample ids
[23:12:42] rep=  68  mem=6117.9MB  left_join (many-to-many)
[23:12:42] rep=  68  mem=6146.4MB  estimate_choice_model: start
[23:12:48] rep=  68  mem=6198.6MB  estimate_choice_model: done
[23:12:48] rep=  68  mem=6198.6MB  compute per_rep + ch_*
[23:12:48] rep=  68  mem=6203.3MB  free big intermediates
[23:12:48] rep=  68  mem=6094.0MB  summarize_boot_rep
[23:12:49] rep=  68  mem=6094.0MB  fwrite csv
[23:12:49] rep=  68  mem=6094.0MB  rep done in 7.0s
[23:12:49] rep=  69  mem=6089.3MB  rep start
[23:12:49] rep=  69  mem=6089.3MB  filter market_data
[23:12:49] rep=  69  mem=6117.8MB  sample ids
[23:12:49] rep=  69  mem=6117.9MB  left_join (many-to-many)
[23:12:49] rep=  69  mem=6146.4MB  estimate_choice_model: start
[23:12:55] rep=  69  mem=6198.6MB  estimate_choice_model: done
[23:12:55] rep=  69  mem=6198.6MB  compute per_rep + ch_*
[23:12:55] rep=  69  mem=6203.3MB  free big intermediates
[23:12:55] rep=  69  mem=6094.0MB  summarize_boot_rep
[23:12:56] rep=  69  mem=6094.0MB  fwrite csv
[23:12:56] rep=  69  mem=6094.0MB  rep done in 7.0s
[23:12:56] rep=  70  mem=6089.3MB  rep start
[23:12:56] rep=  70  mem=6089.3MB  filter market_data
[23:12:56] rep=  70  mem=6117.8MB  sample ids
[23:12:56] rep=  70  mem=6117.9MB  left_join (many-to-many)
[23:12:56] rep=  70  mem=6146.4MB  estimate_choice_model: start
[23:13:02] rep=  70  mem=6198.6MB  estimate_choice_model: done
[23:13:02] rep=  70  mem=6198.6MB  compute per_rep + ch_*
[23:13:02] rep=  70  mem=6203.3MB  free big intermediates
[23:13:02] rep=  70  mem=6094.0MB  summarize_boot_rep
[23:13:03] rep=  70  mem=6094.0MB  fwrite csv
[23:13:03] rep=  70  mem=6094.0MB  rep done in 6.9s
[23:13:03] rep=  71  mem=6089.3MB  rep start
[23:13:03] rep=  71  mem=6089.3MB  filter market_data
[23:13:03] rep=  71  mem=6117.8MB  sample ids
[23:13:03] rep=  71  mem=6117.9MB  left_join (many-to-many)
[23:13:03] rep=  71  mem=6146.4MB  estimate_choice_model: start
[23:13:09] rep=  71  mem=6198.6MB  estimate_choice_model: done
[23:13:09] rep=  71  mem=6198.6MB  compute per_rep + ch_*
[23:13:09] rep=  71  mem=6203.3MB  free big intermediates
[23:13:09] rep=  71  mem=6094.0MB  summarize_boot_rep
[23:13:10] rep=  71  mem=6094.0MB  fwrite csv
[23:13:10] rep=  71  mem=6094.0MB  rep done in 7.0s
[23:13:10] rep=  72  mem=6089.3MB  rep start
[23:13:10] rep=  72  mem=6089.3MB  filter market_data
[23:13:10] rep=  72  mem=6117.8MB  sample ids
[23:13:10] rep=  72  mem=6117.9MB  left_join (many-to-many)
[23:13:11] rep=  72  mem=6146.4MB  estimate_choice_model: start
[23:13:16] rep=  72  mem=6198.6MB  estimate_choice_model: done
[23:13:16] rep=  72  mem=6198.6MB  compute per_rep + ch_*
[23:13:16] rep=  72  mem=6203.3MB  free big intermediates
[23:13:16] rep=  72  mem=6094.0MB  summarize_boot_rep
[23:13:17] rep=  72  mem=6094.0MB  fwrite csv
[23:13:17] rep=  72  mem=6094.0MB  rep done in 7.0s
[23:13:17] rep=  73  mem=6089.3MB  rep start
[23:13:17] rep=  73  mem=6089.3MB  filter market_data
[23:13:17] rep=  73  mem=6117.8MB  sample ids
[23:13:18] rep=  73  mem=6117.9MB  left_join (many-to-many)
[23:13:18] rep=  73  mem=6146.4MB  estimate_choice_model: start
[23:13:23] rep=  73  mem=6198.6MB  estimate_choice_model: done
[23:13:23] rep=  73  mem=6198.6MB  compute per_rep + ch_*
[23:13:23] rep=  73  mem=6203.3MB  free big intermediates
[23:13:24] rep=  73  mem=6094.0MB  summarize_boot_rep
[23:13:24] rep=  73  mem=6094.0MB  fwrite csv
[23:13:24] rep=  73  mem=6094.0MB  rep done in 7.1s
[23:13:24] rep=  74  mem=6089.3MB  rep start
[23:13:24] rep=  74  mem=6089.3MB  filter market_data
[23:13:25] rep=  74  mem=6117.8MB  sample ids
[23:13:25] rep=  74  mem=6117.9MB  left_join (many-to-many)
[23:13:25] rep=  74  mem=6146.4MB  estimate_choice_model: start
[23:13:30] rep=  74  mem=6198.6MB  estimate_choice_model: done
[23:13:30] rep=  74  mem=6198.6MB  compute per_rep + ch_*
[23:13:31] rep=  74  mem=6203.3MB  free big intermediates
[23:13:31] rep=  74  mem=6094.0MB  summarize_boot_rep
[23:13:31] rep=  74  mem=6094.0MB  fwrite csv
[23:13:31] rep=  74  mem=6094.0MB  rep done in 7.0s
[23:13:31] rep=  75  mem=6089.3MB  rep start
[23:13:31] rep=  75  mem=6089.3MB  filter market_data
[23:13:32] rep=  75  mem=6117.8MB  sample ids
[23:13:32] rep=  75  mem=6117.9MB  left_join (many-to-many)
[23:13:32] rep=  75  mem=6146.4MB  estimate_choice_model: start
[23:13:37] rep=  75  mem=6198.6MB  estimate_choice_model: done
[23:13:38] rep=  75  mem=6198.6MB  compute per_rep + ch_*
[23:13:38] rep=  75  mem=6203.3MB  free big intermediates
[23:13:38] rep=  75  mem=6094.0MB  summarize_boot_rep
[23:13:38] rep=  75  mem=6094.0MB  fwrite csv
[23:13:38] rep=  75  mem=6094.0MB  rep done in 7.0s
[23:13:39] rep=  76  mem=6089.3MB  rep start
[23:13:39] rep=  76  mem=6089.3MB  filter market_data
[23:13:39] rep=  76  mem=6117.8MB  sample ids
[23:13:39] rep=  76  mem=6117.9MB  left_join (many-to-many)
[23:13:39] rep=  76  mem=6146.4MB  estimate_choice_model: start
[23:13:45] rep=  76  mem=6198.6MB  estimate_choice_model: done
[23:13:45] rep=  76  mem=6198.6MB  compute per_rep + ch_*
[23:13:45] rep=  76  mem=6203.3MB  free big intermediates
[23:13:45] rep=  76  mem=6094.0MB  summarize_boot_rep
[23:13:45] rep=  76  mem=6094.0MB  fwrite csv
[23:13:45] rep=  76  mem=6094.0MB  rep done in 7.0s
[23:13:46] rep=  77  mem=6089.3MB  rep start
[23:13:46] rep=  77  mem=6089.3MB  filter market_data
[23:13:46] rep=  77  mem=6117.8MB  sample ids
[23:13:46] rep=  77  mem=6117.9MB  left_join (many-to-many)
[23:13:46] rep=  77  mem=6146.4MB  estimate_choice_model: start
[23:13:52] rep=  77  mem=6198.6MB  estimate_choice_model: done
[23:13:52] rep=  77  mem=6198.6MB  compute per_rep + ch_*
[23:13:52] rep=  77  mem=6203.3MB  free big intermediates
[23:13:52] rep=  77  mem=6094.0MB  summarize_boot_rep
[23:13:52] rep=  77  mem=6094.0MB  fwrite csv
[23:13:52] rep=  77  mem=6094.0MB  rep done in 6.9s
[23:13:53] rep=  78  mem=6089.3MB  rep start
[23:13:53] rep=  78  mem=6089.3MB  filter market_data
[23:13:53] rep=  78  mem=6117.8MB  sample ids
[23:13:53] rep=  78  mem=6117.9MB  left_join (many-to-many)
[23:13:53] rep=  78  mem=6146.4MB  estimate_choice_model: start
[23:13:59] rep=  78  mem=6198.6MB  estimate_choice_model: done
[23:13:59] rep=  78  mem=6198.6MB  compute per_rep + ch_*
[23:13:59] rep=  78  mem=6203.3MB  free big intermediates
[23:13:59] rep=  78  mem=6094.0MB  summarize_boot_rep
[23:13:59] rep=  78  mem=6094.0MB  fwrite csv
[23:13:59] rep=  78  mem=6094.0MB  rep done in 6.9s
[23:14:00] rep=  79  mem=6089.3MB  rep start
[23:14:00] rep=  79  mem=6089.3MB  filter market_data
[23:14:00] rep=  79  mem=6117.8MB  sample ids
[23:14:00] rep=  79  mem=6117.9MB  left_join (many-to-many)
[23:14:00] rep=  79  mem=6146.4MB  estimate_choice_model: start
[23:14:06] rep=  79  mem=6198.6MB  estimate_choice_model: done
[23:14:06] rep=  79  mem=6198.6MB  compute per_rep + ch_*
[23:14:06] rep=  79  mem=6203.3MB  free big intermediates
[23:14:06] rep=  79  mem=6094.0MB  summarize_boot_rep
[23:14:06] rep=  79  mem=6094.0MB  fwrite csv
[23:14:07] rep=  79  mem=6094.0MB  rep done in 7.0s
[23:14:07] rep=  80  mem=6089.3MB  rep start
[23:14:07] rep=  80  mem=6089.3MB  filter market_data
[23:14:07] rep=  80  mem=6117.8MB  sample ids
[23:14:07] rep=  80  mem=6117.9MB  left_join (many-to-many)
[23:14:07] rep=  80  mem=6146.4MB  estimate_choice_model: start
[23:14:13] rep=  80  mem=6198.6MB  estimate_choice_model: done
[23:14:13] rep=  80  mem=6198.6MB  compute per_rep + ch_*
[23:14:13] rep=  80  mem=6203.3MB  free big intermediates
[23:14:13] rep=  80  mem=6094.0MB  summarize_boot_rep
[23:14:14] rep=  80  mem=6094.0MB  fwrite csv
[23:14:14] rep=  80  mem=6094.0MB  rep done in 7.1s
[23:14:14] rep=  81  mem=6089.3MB  rep start
[23:14:14] rep=  81  mem=6089.3MB  filter market_data
[23:14:14] rep=  81  mem=6117.8MB  sample ids
[23:14:14] rep=  81  mem=6117.9MB  left_join (many-to-many)
[23:14:14] rep=  81  mem=6146.4MB  estimate_choice_model: start
[23:14:20] rep=  81  mem=6198.6MB  estimate_choice_model: done
[23:14:20] rep=  81  mem=6198.6MB  compute per_rep + ch_*
[23:14:20] rep=  81  mem=6203.3MB  free big intermediates
[23:14:20] rep=  81  mem=6094.0MB  summarize_boot_rep
[23:14:21] rep=  81  mem=6094.0MB  fwrite csv
[23:14:21] rep=  81  mem=6094.0MB  rep done in 7.0s
[23:14:21] rep=  82  mem=6089.3MB  rep start
[23:14:21] rep=  82  mem=6089.3MB  filter market_data
[23:14:21] rep=  82  mem=6117.8MB  sample ids
[23:14:21] rep=  82  mem=6117.9MB  left_join (many-to-many)
[23:14:22] rep=  82  mem=6146.4MB  estimate_choice_model: start
[23:14:27] rep=  82  mem=6198.6MB  estimate_choice_model: done
[23:14:27] rep=  82  mem=6198.6MB  compute per_rep + ch_*
[23:14:27] rep=  82  mem=6203.3MB  free big intermediates
[23:14:27] rep=  82  mem=6094.0MB  summarize_boot_rep
[23:14:28] rep=  82  mem=6094.0MB  fwrite csv
[23:14:28] rep=  82  mem=6094.0MB  rep done in 7.0s
[23:14:28] rep=  83  mem=6089.3MB  rep start
[23:14:28] rep=  83  mem=6089.3MB  filter market_data
[23:14:28] rep=  83  mem=6117.8MB  sample ids
[23:14:29] rep=  83  mem=6117.9MB  left_join (many-to-many)
[23:14:29] rep=  83  mem=6146.4MB  estimate_choice_model: start
[23:14:34] rep=  83  mem=6198.6MB  estimate_choice_model: done
[23:14:34] rep=  83  mem=6198.6MB  compute per_rep + ch_*
[23:14:34] rep=  83  mem=6203.3MB  free big intermediates
[23:14:35] rep=  83  mem=6094.0MB  summarize_boot_rep
[23:14:35] rep=  83  mem=6094.0MB  fwrite csv
[23:14:35] rep=  83  mem=6094.0MB  rep done in 6.9s
[23:14:35] rep=  84  mem=6089.3MB  rep start
[23:14:35] rep=  84  mem=6089.3MB  filter market_data
[23:14:36] rep=  84  mem=6117.8MB  sample ids
[23:14:36] rep=  84  mem=6117.9MB  left_join (many-to-many)
[23:14:36] rep=  84  mem=6146.4MB  estimate_choice_model: start
[23:14:41] rep=  84  mem=6198.6MB  estimate_choice_model: done
[23:14:41] rep=  84  mem=6198.6MB  compute per_rep + ch_*
[23:14:41] rep=  84  mem=6203.3MB  free big intermediates
[23:14:42] rep=  84  mem=6094.0MB  summarize_boot_rep
[23:14:42] rep=  84  mem=6094.0MB  fwrite csv
[23:14:42] rep=  84  mem=6094.0MB  rep done in 6.9s
[23:14:42] rep=  85  mem=6089.3MB  rep start
[23:14:42] rep=  85  mem=6089.3MB  filter market_data
[23:14:43] rep=  85  mem=6117.8MB  sample ids
[23:14:43] rep=  85  mem=6117.9MB  left_join (many-to-many)
[23:14:43] rep=  85  mem=6146.4MB  estimate_choice_model: start
[23:14:48] rep=  85  mem=6198.6MB  estimate_choice_model: done
[23:14:48] rep=  85  mem=6198.6MB  compute per_rep + ch_*
[23:14:48] rep=  85  mem=6203.3MB  free big intermediates
[23:14:49] rep=  85  mem=6094.0MB  summarize_boot_rep
[23:14:49] rep=  85  mem=6094.0MB  fwrite csv
[23:14:49] rep=  85  mem=6094.0MB  rep done in 7.0s
[23:14:49] rep=  86  mem=6089.3MB  rep start
[23:14:49] rep=  86  mem=6089.3MB  filter market_data
[23:14:50] rep=  86  mem=6117.8MB  sample ids
[23:14:50] rep=  86  mem=6117.9MB  left_join (many-to-many)
[23:14:50] rep=  86  mem=6146.4MB  estimate_choice_model: start
[23:14:55] rep=  86  mem=6198.6MB  estimate_choice_model: done
[23:14:55] rep=  86  mem=6198.6MB  compute per_rep + ch_*
[23:14:56] rep=  86  mem=6203.3MB  free big intermediates
[23:14:56] rep=  86  mem=6094.0MB  summarize_boot_rep
[23:14:56] rep=  86  mem=6094.0MB  fwrite csv
[23:14:56] rep=  86  mem=6094.0MB  rep done in 7.0s
[23:14:56] rep=  87  mem=6089.3MB  rep start
[23:14:56] rep=  87  mem=6089.3MB  filter market_data
[23:14:57] rep=  87  mem=6117.8MB  sample ids
[23:14:57] rep=  87  mem=6117.9MB  left_join (many-to-many)
[23:14:57] rep=  87  mem=6146.4MB  estimate_choice_model: start
[23:15:02] rep=  87  mem=6198.6MB  estimate_choice_model: done
[23:15:03] rep=  87  mem=6198.6MB  compute per_rep + ch_*
[23:15:03] rep=  87  mem=6203.3MB  free big intermediates
[23:15:03] rep=  87  mem=6094.0MB  summarize_boot_rep
[23:15:03] rep=  87  mem=6094.0MB  fwrite csv
[23:15:03] rep=  87  mem=6094.0MB  rep done in 7.0s
[23:15:04] rep=  88  mem=6089.3MB  rep start
[23:15:04] rep=  88  mem=6089.3MB  filter market_data
[23:15:04] rep=  88  mem=6117.8MB  sample ids
[23:15:04] rep=  88  mem=6117.9MB  left_join (many-to-many)
[23:15:04] rep=  88  mem=6146.4MB  estimate_choice_model: start
[23:15:09] rep=  88  mem=6198.6MB  estimate_choice_model: done
[23:15:10] rep=  88  mem=6198.6MB  compute per_rep + ch_*
[23:15:10] rep=  88  mem=6203.3MB  free big intermediates
[23:15:10] rep=  88  mem=6094.0MB  summarize_boot_rep
[23:15:10] rep=  88  mem=6094.0MB  fwrite csv
[23:15:10] rep=  88  mem=6094.0MB  rep done in 6.9s
[23:15:11] rep=  89  mem=6089.3MB  rep start
[23:15:11] rep=  89  mem=6089.3MB  filter market_data
[23:15:11] rep=  89  mem=6117.8MB  sample ids
[23:15:11] rep=  89  mem=6117.9MB  left_join (many-to-many)
[23:15:11] rep=  89  mem=6146.4MB  estimate_choice_model: start
[23:15:17] rep=  89  mem=6198.6MB  estimate_choice_model: done
[23:15:17] rep=  89  mem=6198.6MB  compute per_rep + ch_*
[23:15:17] rep=  89  mem=6203.3MB  free big intermediates
[23:15:17] rep=  89  mem=6094.0MB  summarize_boot_rep
[23:15:17] rep=  89  mem=6094.0MB  fwrite csv
[23:15:17] rep=  89  mem=6094.0MB  rep done in 7.1s
[23:15:18] rep=  90  mem=6089.3MB  rep start
[23:15:18] rep=  90  mem=6089.3MB  filter market_data
[23:15:18] rep=  90  mem=6117.8MB  sample ids
[23:15:18] rep=  90  mem=6117.9MB  left_join (many-to-many)
[23:15:18] rep=  90  mem=6146.4MB  estimate_choice_model: start
[23:15:24] rep=  90  mem=6198.6MB  estimate_choice_model: done
[23:15:24] rep=  90  mem=6198.6MB  compute per_rep + ch_*
[23:15:24] rep=  90  mem=6203.3MB  free big intermediates
[23:15:24] rep=  90  mem=6094.0MB  summarize_boot_rep
[23:15:24] rep=  90  mem=6094.0MB  fwrite csv
[23:15:24] rep=  90  mem=6094.0MB  rep done in 6.9s
[23:15:25] rep=   0  mem=6089.3MB  === session quota of 25 reps reached, exiting ===
[23:15:47] rep=   0  mem=6087.8MB  === runner start, market = 10 , reps_per_session = 25 ===
[23:15:47] rep=  91  mem=6087.8MB  rep start
[23:15:47] rep=  91  mem=6087.8MB  filter market_data
[23:15:47] rep=  91  mem=6116.4MB  sample ids
[23:15:47] rep=  91  mem=6116.4MB  left_join (many-to-many)
[23:15:47] rep=  91  mem=6145.1MB  estimate_choice_model: start
[23:15:53] rep=  91  mem=6198.2MB  estimate_choice_model: done
[23:15:53] rep=  91  mem=6198.2MB  compute per_rep + ch_*
[23:15:53] rep=  91  mem=6202.9MB  free big intermediates
[23:15:53] rep=  91  mem=6093.6MB  summarize_boot_rep
[23:15:54] rep=  91  mem=6093.9MB  fwrite csv
[23:15:54] rep=  91  mem=6093.9MB  rep done in 7.0s
[23:15:54] rep=  92  mem=6089.3MB  rep start
[23:15:54] rep=  92  mem=6089.3MB  filter market_data
[23:15:54] rep=  92  mem=6117.8MB  sample ids
[23:15:54] rep=  92  mem=6117.9MB  left_join (many-to-many)
[23:15:55] rep=  92  mem=6146.4MB  estimate_choice_model: start
[23:16:00] rep=  92  mem=6198.6MB  estimate_choice_model: done
[23:16:00] rep=  92  mem=6198.6MB  compute per_rep + ch_*
[23:16:00] rep=  92  mem=6203.3MB  free big intermediates
[23:16:01] rep=  92  mem=6094.0MB  summarize_boot_rep
[23:16:01] rep=  92  mem=6094.0MB  fwrite csv
[23:16:01] rep=  92  mem=6094.0MB  rep done in 7.1s
[23:16:01] rep=  93  mem=6089.3MB  rep start
[23:16:01] rep=  93  mem=6089.3MB  filter market_data
[23:16:02] rep=  93  mem=6117.8MB  sample ids
[23:16:02] rep=  93  mem=6117.9MB  left_join (many-to-many)
[23:16:02] rep=  93  mem=6146.4MB  estimate_choice_model: start
[23:16:07] rep=  93  mem=6198.6MB  estimate_choice_model: done
[23:16:07] rep=  93  mem=6198.6MB  compute per_rep + ch_*
[23:16:07] rep=  93  mem=6203.3MB  free big intermediates
[23:16:08] rep=  93  mem=6094.0MB  summarize_boot_rep
[23:16:08] rep=  93  mem=6094.0MB  fwrite csv
[23:16:08] rep=  93  mem=6094.0MB  rep done in 7.0s
[23:16:08] rep=  94  mem=6089.3MB  rep start
[23:16:08] rep=  94  mem=6089.3MB  filter market_data
[23:16:09] rep=  94  mem=6117.8MB  sample ids
[23:16:09] rep=  94  mem=6117.9MB  left_join (many-to-many)
[23:16:09] rep=  94  mem=6146.4MB  estimate_choice_model: start
[23:16:14] rep=  94  mem=6198.6MB  estimate_choice_model: done
[23:16:14] rep=  94  mem=6198.6MB  compute per_rep + ch_*
[23:16:14] rep=  94  mem=6203.3MB  free big intermediates
[23:16:15] rep=  94  mem=6094.0MB  summarize_boot_rep
[23:16:15] rep=  94  mem=6094.0MB  fwrite csv
[23:16:15] rep=  94  mem=6094.0MB  rep done in 7.0s
[23:16:15] rep=  95  mem=6089.3MB  rep start
[23:16:15] rep=  95  mem=6089.3MB  filter market_data
[23:16:16] rep=  95  mem=6117.8MB  sample ids
[23:16:16] rep=  95  mem=6117.9MB  left_join (many-to-many)
[23:16:16] rep=  95  mem=6146.4MB  estimate_choice_model: start
[23:16:21] rep=  95  mem=6198.6MB  estimate_choice_model: done
[23:16:21] rep=  95  mem=6198.6MB  compute per_rep + ch_*
[23:16:21] rep=  95  mem=6203.3MB  free big intermediates
[23:16:22] rep=  95  mem=6094.0MB  summarize_boot_rep
[23:16:22] rep=  95  mem=6094.0MB  fwrite csv
[23:16:22] rep=  95  mem=6094.0MB  rep done in 6.9s
[23:16:22] rep=  96  mem=6089.3MB  rep start
[23:16:22] rep=  96  mem=6089.3MB  filter market_data
[23:16:23] rep=  96  mem=6117.8MB  sample ids
[23:16:23] rep=  96  mem=6117.9MB  left_join (many-to-many)
[23:16:23] rep=  96  mem=6146.4MB  estimate_choice_model: start
[23:16:28] rep=  96  mem=6198.6MB  estimate_choice_model: done
[23:16:28] rep=  96  mem=6198.6MB  compute per_rep + ch_*
[23:16:29] rep=  96  mem=6203.3MB  free big intermediates
[23:16:29] rep=  96  mem=6094.0MB  summarize_boot_rep
[23:16:29] rep=  96  mem=6094.0MB  fwrite csv
[23:16:29] rep=  96  mem=6094.0MB  rep done in 7.0s
[23:16:29] rep=  97  mem=6089.3MB  rep start
[23:16:30] rep=  97  mem=6089.3MB  filter market_data
[23:16:30] rep=  97  mem=6117.8MB  sample ids
[23:16:30] rep=  97  mem=6117.9MB  left_join (many-to-many)
[23:16:30] rep=  97  mem=6146.4MB  estimate_choice_model: start
[23:16:35] rep=  97  mem=6198.6MB  estimate_choice_model: done
[23:16:35] rep=  97  mem=6198.6MB  compute per_rep + ch_*
[23:16:36] rep=  97  mem=6203.3MB  free big intermediates
[23:16:36] rep=  97  mem=6094.0MB  summarize_boot_rep
[23:16:36] rep=  97  mem=6094.0MB  fwrite csv
[23:16:36] rep=  97  mem=6094.0MB  rep done in 6.9s
[23:16:36] rep=  98  mem=6089.3MB  rep start
[23:16:37] rep=  98  mem=6089.3MB  filter market_data
[23:16:37] rep=  98  mem=6117.8MB  sample ids
[23:16:37] rep=  98  mem=6117.9MB  left_join (many-to-many)
[23:16:37] rep=  98  mem=6146.4MB  estimate_choice_model: start
[23:16:42] rep=  98  mem=6198.6MB  estimate_choice_model: done
[23:16:43] rep=  98  mem=6198.6MB  compute per_rep + ch_*
[23:16:43] rep=  98  mem=6203.3MB  free big intermediates
[23:16:43] rep=  98  mem=6094.0MB  summarize_boot_rep
[23:16:43] rep=  98  mem=6094.0MB  fwrite csv
[23:16:43] rep=  98  mem=6094.0MB  rep done in 7.0s
[23:16:44] rep=  99  mem=6089.3MB  rep start
[23:16:44] rep=  99  mem=6089.3MB  filter market_data
[23:16:44] rep=  99  mem=6117.8MB  sample ids
[23:16:44] rep=  99  mem=6117.9MB  left_join (many-to-many)
[23:16:44] rep=  99  mem=6146.4MB  estimate_choice_model: start
[23:16:50] rep=  99  mem=6198.6MB  estimate_choice_model: done
[23:16:50] rep=  99  mem=6198.6MB  compute per_rep + ch_*
[23:16:50] rep=  99  mem=6203.3MB  free big intermediates
[23:16:50] rep=  99  mem=6094.0MB  summarize_boot_rep
[23:16:50] rep=  99  mem=6094.0MB  fwrite csv
[23:16:50] rep=  99  mem=6094.0MB  rep done in 7.0s
[23:16:51] rep= 100  mem=6089.3MB  rep start
[23:16:51] rep= 100  mem=6089.3MB  filter market_data
[23:16:51] rep= 100  mem=6117.8MB  sample ids
[23:16:51] rep= 100  mem=6117.9MB  left_join (many-to-many)
[23:16:51] rep= 100  mem=6146.4MB  estimate_choice_model: start
[23:16:57] rep= 100  mem=6198.6MB  estimate_choice_model: done
[23:16:57] rep= 100  mem=6198.6MB  compute per_rep + ch_*
[23:16:57] rep= 100  mem=6203.3MB  free big intermediates
[23:16:57] rep= 100  mem=6094.0MB  summarize_boot_rep
[23:16:57] rep= 100  mem=6094.0MB  fwrite csv
[23:16:57] rep= 100  mem=6094.0MB  rep done in 6.8s
[23:16:58] rep= 101  mem=6089.3MB  rep start
[23:16:58] rep= 101  mem=6089.3MB  filter market_data
[23:16:58] rep= 101  mem=6117.8MB  sample ids
[23:16:58] rep= 101  mem=6117.9MB  left_join (many-to-many)
[23:16:58] rep= 101  mem=6146.4MB  estimate_choice_model: start
[23:17:04] rep= 101  mem=6198.6MB  estimate_choice_model: done
[23:17:04] rep= 101  mem=6198.6MB  compute per_rep + ch_*
[23:17:04] rep= 101  mem=6203.3MB  free big intermediates
[23:17:04] rep= 101  mem=6094.0MB  summarize_boot_rep
[23:17:04] rep= 101  mem=6094.0MB  fwrite csv
[23:17:05] rep= 101  mem=6094.0MB  rep done in 7.0s
[23:17:05] rep= 102  mem=6089.3MB  rep start
[23:17:05] rep= 102  mem=6089.3MB  filter market_data
[23:17:05] rep= 102  mem=6117.8MB  sample ids
[23:17:05] rep= 102  mem=6117.9MB  left_join (many-to-many)
[23:17:05] rep= 102  mem=6146.4MB  estimate_choice_model: start
[23:17:11] rep= 102  mem=6198.6MB  estimate_choice_model: done
[23:17:11] rep= 102  mem=6198.6MB  compute per_rep + ch_*
[23:17:11] rep= 102  mem=6203.3MB  free big intermediates
[23:17:11] rep= 102  mem=6094.0MB  summarize_boot_rep
[23:17:11] rep= 102  mem=6094.0MB  fwrite csv
[23:17:12] rep= 102  mem=6094.0MB  rep done in 6.9s
[23:17:12] rep= 103  mem=6089.3MB  rep start
[23:17:12] rep= 103  mem=6089.3MB  filter market_data
[23:17:12] rep= 103  mem=6117.8MB  sample ids
[23:17:12] rep= 103  mem=6117.9MB  left_join (many-to-many)
[23:17:12] rep= 103  mem=6146.4MB  estimate_choice_model: start
[23:17:18] rep= 103  mem=6198.6MB  estimate_choice_model: done
[23:17:18] rep= 103  mem=6198.6MB  compute per_rep + ch_*
[23:17:18] rep= 103  mem=6203.3MB  free big intermediates
[23:17:18] rep= 103  mem=6094.0MB  summarize_boot_rep
[23:17:19] rep= 103  mem=6094.0MB  fwrite csv
[23:17:19] rep= 103  mem=6094.0MB  rep done in 7.0s
[23:17:19] rep= 104  mem=6089.3MB  rep start
[23:17:19] rep= 104  mem=6089.3MB  filter market_data
[23:17:19] rep= 104  mem=6117.8MB  sample ids
[23:17:19] rep= 104  mem=6117.9MB  left_join (many-to-many)
[23:17:19] rep= 104  mem=6146.4MB  estimate_choice_model: start
[23:17:25] rep= 104  mem=6198.6MB  estimate_choice_model: done
[23:17:25] rep= 104  mem=6198.6MB  compute per_rep + ch_*
[23:17:25] rep= 104  mem=6203.3MB  free big intermediates
[23:17:25] rep= 104  mem=6094.0MB  summarize_boot_rep
[23:17:26] rep= 104  mem=6094.0MB  fwrite csv
[23:17:26] rep= 104  mem=6094.0MB  rep done in 7.1s
[23:17:26] rep= 105  mem=6089.3MB  rep start
[23:17:26] rep= 105  mem=6089.3MB  filter market_data
[23:17:26] rep= 105  mem=6117.8MB  sample ids
[23:17:26] rep= 105  mem=6117.9MB  left_join (many-to-many)
[23:17:27] rep= 105  mem=6146.4MB  estimate_choice_model: start
[23:17:32] rep= 105  mem=6198.6MB  estimate_choice_model: done
[23:17:32] rep= 105  mem=6198.6MB  compute per_rep + ch_*
[23:17:32] rep= 105  mem=6203.3MB  free big intermediates
[23:17:32] rep= 105  mem=6094.0MB  summarize_boot_rep
[23:17:33] rep= 105  mem=6094.0MB  fwrite csv
[23:17:33] rep= 105  mem=6094.0MB  rep done in 6.9s
[23:17:33] rep= 106  mem=6089.3MB  rep start
[23:17:33] rep= 106  mem=6089.3MB  filter market_data
[23:17:33] rep= 106  mem=6117.8MB  sample ids
[23:17:34] rep= 106  mem=6117.9MB  left_join (many-to-many)
[23:17:34] rep= 106  mem=6146.4MB  estimate_choice_model: start
[23:17:39] rep= 106  mem=6198.6MB  estimate_choice_model: done
[23:17:39] rep= 106  mem=6198.6MB  compute per_rep + ch_*
[23:17:39] rep= 106  mem=6203.3MB  free big intermediates
[23:17:39] rep= 106  mem=6094.0MB  summarize_boot_rep
[23:17:40] rep= 106  mem=6094.0MB  fwrite csv
[23:17:40] rep= 106  mem=6094.0MB  rep done in 7.0s
[23:17:40] rep= 107  mem=6089.3MB  rep start
[23:17:40] rep= 107  mem=6089.3MB  filter market_data
[23:17:40] rep= 107  mem=6117.8MB  sample ids
[23:17:41] rep= 107  mem=6117.9MB  left_join (many-to-many)
[23:17:41] rep= 107  mem=6146.4MB  estimate_choice_model: start
[23:17:46] rep= 107  mem=6198.6MB  estimate_choice_model: done
[23:17:46] rep= 107  mem=6198.6MB  compute per_rep + ch_*
[23:17:46] rep= 107  mem=6203.3MB  free big intermediates
[23:17:46] rep= 107  mem=6094.0MB  summarize_boot_rep
[23:17:47] rep= 107  mem=6094.0MB  fwrite csv
[23:17:47] rep= 107  mem=6094.0MB  rep done in 6.9s
[23:17:47] rep= 108  mem=6089.3MB  rep start
[23:17:47] rep= 108  mem=6089.3MB  filter market_data
[23:17:47] rep= 108  mem=6117.8MB  sample ids
[23:17:48] rep= 108  mem=6117.9MB  left_join (many-to-many)
[23:17:48] rep= 108  mem=6146.4MB  estimate_choice_model: start
[23:17:53] rep= 108  mem=6198.6MB  estimate_choice_model: done
[23:17:53] rep= 108  mem=6198.6MB  compute per_rep + ch_*
[23:17:53] rep= 108  mem=6203.3MB  free big intermediates
[23:17:53] rep= 108  mem=6094.0MB  summarize_boot_rep
[23:17:54] rep= 108  mem=6094.0MB  fwrite csv
[23:17:54] rep= 108  mem=6094.0MB  rep done in 6.9s
[23:17:54] rep= 109  mem=6089.3MB  rep start
[23:17:54] rep= 109  mem=6089.3MB  filter market_data
[23:17:54] rep= 109  mem=6117.8MB  sample ids
[23:17:55] rep= 109  mem=6117.9MB  left_join (many-to-many)
[23:17:55] rep= 109  mem=6146.4MB  estimate_choice_model: start
[23:18:00] rep= 109  mem=6198.6MB  estimate_choice_model: done
[23:18:00] rep= 109  mem=6198.6MB  compute per_rep + ch_*
[23:18:00] rep= 109  mem=6203.3MB  free big intermediates
[23:18:00] rep= 109  mem=6094.0MB  summarize_boot_rep
[23:18:01] rep= 109  mem=6094.0MB  fwrite csv
[23:18:01] rep= 109  mem=6094.0MB  rep done in 6.9s
[23:18:01] rep= 110  mem=6089.3MB  rep start
[23:18:01] rep= 110  mem=6089.3MB  filter market_data
[23:18:01] rep= 110  mem=6117.8MB  sample ids
[23:18:02] rep= 110  mem=6117.9MB  left_join (many-to-many)
[23:18:02] rep= 110  mem=6146.4MB  estimate_choice_model: start
[23:18:07] rep= 110  mem=6198.6MB  estimate_choice_model: done
[23:18:07] rep= 110  mem=6198.6MB  compute per_rep + ch_*
[23:18:07] rep= 110  mem=6203.3MB  free big intermediates
[23:18:08] rep= 110  mem=6094.0MB  summarize_boot_rep
[23:18:08] rep= 110  mem=6094.0MB  fwrite csv
[23:18:08] rep= 110  mem=6094.0MB  rep done in 7.0s
[23:18:08] rep= 111  mem=6089.3MB  rep start
[23:18:08] rep= 111  mem=6089.3MB  filter market_data
[23:18:09] rep= 111  mem=6117.8MB  sample ids
[23:18:09] rep= 111  mem=6117.9MB  left_join (many-to-many)
[23:18:09] rep= 111  mem=6146.4MB  estimate_choice_model: start
[23:18:14] rep= 111  mem=6198.6MB  estimate_choice_model: done
[23:18:14] rep= 111  mem=6198.6MB  compute per_rep + ch_*
[23:18:15] rep= 111  mem=6203.3MB  free big intermediates
[23:18:15] rep= 111  mem=6094.0MB  summarize_boot_rep
[23:18:15] rep= 111  mem=6094.0MB  fwrite csv
[23:18:15] rep= 111  mem=6094.0MB  rep done in 7.1s
[23:18:15] rep= 112  mem=6089.3MB  rep start
[23:18:15] rep= 112  mem=6089.3MB  filter market_data
[23:18:16] rep= 112  mem=6117.8MB  sample ids
[23:18:16] rep= 112  mem=6117.9MB  left_join (many-to-many)
[23:18:16] rep= 112  mem=6146.4MB  estimate_choice_model: start
[23:18:21] rep= 112  mem=6198.6MB  estimate_choice_model: done
[23:18:22] rep= 112  mem=6198.6MB  compute per_rep + ch_*
[23:18:22] rep= 112  mem=6203.3MB  free big intermediates
[23:18:22] rep= 112  mem=6094.0MB  summarize_boot_rep
[23:18:22] rep= 112  mem=6094.0MB  fwrite csv
[23:18:22] rep= 112  mem=6094.0MB  rep done in 7.0s
[23:18:23] rep= 113  mem=6089.3MB  rep start
[23:18:23] rep= 113  mem=6089.3MB  filter market_data
[23:18:23] rep= 113  mem=6117.8MB  sample ids
[23:18:23] rep= 113  mem=6117.9MB  left_join (many-to-many)
[23:18:23] rep= 113  mem=6146.4MB  estimate_choice_model: start
[23:18:28] rep= 113  mem=6198.6MB  estimate_choice_model: done
[23:18:29] rep= 113  mem=6198.6MB  compute per_rep + ch_*
[23:18:29] rep= 113  mem=6203.3MB  free big intermediates
[23:18:29] rep= 113  mem=6094.0MB  summarize_boot_rep
[23:18:29] rep= 113  mem=6094.0MB  fwrite csv
[23:18:29] rep= 113  mem=6094.0MB  rep done in 6.9s
[23:18:30] rep= 114  mem=6089.3MB  rep start
[23:18:30] rep= 114  mem=6089.3MB  filter market_data
[23:18:30] rep= 114  mem=6117.8MB  sample ids
[23:18:30] rep= 114  mem=6117.9MB  left_join (many-to-many)
[23:18:30] rep= 114  mem=6146.4MB  estimate_choice_model: start
[23:18:36] rep= 114  mem=6198.6MB  estimate_choice_model: done
[23:18:36] rep= 114  mem=6198.6MB  compute per_rep + ch_*
[23:18:36] rep= 114  mem=6203.3MB  free big intermediates
[23:18:36] rep= 114  mem=6094.0MB  summarize_boot_rep
[23:18:36] rep= 114  mem=6094.0MB  fwrite csv
[23:18:36] rep= 114  mem=6094.0MB  rep done in 7.0s
[23:18:37] rep= 115  mem=6089.3MB  rep start
[23:18:37] rep= 115  mem=6089.3MB  filter market_data
[23:18:37] rep= 115  mem=6117.8MB  sample ids
[23:18:37] rep= 115  mem=6117.9MB  left_join (many-to-many)
[23:18:37] rep= 115  mem=6146.4MB  estimate_choice_model: start
[23:18:42] rep= 115  mem=6198.6MB  estimate_choice_model: done
[23:18:43] rep= 115  mem=6198.6MB  compute per_rep + ch_*
[23:18:43] rep= 115  mem=6203.3MB  free big intermediates
[23:18:43] rep= 115  mem=6094.0MB  summarize_boot_rep
[23:18:43] rep= 115  mem=6094.0MB  fwrite csv
[23:18:43] rep= 115  mem=6094.0MB  rep done in 6.8s
[23:18:44] rep=   0  mem=6089.3MB  === session quota of 25 reps reached, exiting ===
[23:19:05] rep=   0  mem=6087.8MB  === runner start, market = 10 , reps_per_session = 25 ===
[23:19:05] rep= 116  mem=6087.8MB  rep start
[23:19:05] rep= 116  mem=6087.8MB  filter market_data
[23:19:06] rep= 116  mem=6116.4MB  sample ids
[23:19:06] rep= 116  mem=6116.4MB  left_join (many-to-many)
[23:19:06] rep= 116  mem=6145.1MB  estimate_choice_model: start
[23:19:11] rep= 116  mem=6198.2MB  estimate_choice_model: done
[23:19:12] rep= 116  mem=6198.2MB  compute per_rep + ch_*
[23:19:12] rep= 116  mem=6202.9MB  free big intermediates
[23:19:12] rep= 116  mem=6093.6MB  summarize_boot_rep
[23:19:12] rep= 116  mem=6093.9MB  fwrite csv
[23:19:12] rep= 116  mem=6093.9MB  rep done in 7.1s
[23:19:13] rep= 117  mem=6089.3MB  rep start
[23:19:13] rep= 117  mem=6089.3MB  filter market_data
[23:19:13] rep= 117  mem=6117.8MB  sample ids
[23:19:13] rep= 117  mem=6117.9MB  left_join (many-to-many)
[23:19:13] rep= 117  mem=6146.4MB  estimate_choice_model: start
[23:19:42] rep=   0  mem=6087.8MB  === runner start, market = 10 , reps_per_session = 25 ===
[23:19:42] rep= 117  mem=6087.8MB  rep start
[23:19:42] rep= 117  mem=6087.8MB  filter market_data
[23:19:43] rep= 117  mem=6116.4MB  sample ids
[23:19:43] rep= 117  mem=6116.4MB  left_join (many-to-many)
[23:19:43] rep= 117  mem=6145.1MB  estimate_choice_model: start
[23:19:48] rep= 117  mem=6198.2MB  estimate_choice_model: done
[23:19:48] rep= 117  mem=6198.2MB  compute per_rep + ch_*
[23:19:48] rep= 117  mem=6202.9MB  free big intermediates
[23:19:49] rep= 117  mem=6093.6MB  summarize_boot_rep
[23:19:49] rep= 117  mem=6093.9MB  fwrite csv
[23:19:49] rep= 117  mem=6093.9MB  rep done in 7.0s
[23:19:49] rep= 118  mem=6089.3MB  rep start
[23:19:49] rep= 118  mem=6089.3MB  filter market_data
[23:19:50] rep= 118  mem=6117.8MB  sample ids
[23:19:50] rep= 118  mem=6117.9MB  left_join (many-to-many)
[23:19:50] rep= 118  mem=6146.4MB  estimate_choice_model: start
[23:19:55] rep= 118  mem=6198.6MB  estimate_choice_model: done
[23:19:55] rep= 118  mem=6198.6MB  compute per_rep + ch_*
[23:19:56] rep= 118  mem=6203.3MB  free big intermediates
[23:19:56] rep= 118  mem=6094.0MB  summarize_boot_rep
[23:19:56] rep= 118  mem=6094.0MB  fwrite csv
[23:19:56] rep= 118  mem=6094.0MB  rep done in 7.0s
[23:19:56] rep= 119  mem=6089.3MB  rep start
[23:19:57] rep= 119  mem=6089.3MB  filter market_data
[23:19:57] rep= 119  mem=6117.8MB  sample ids
[23:19:57] rep= 119  mem=6117.9MB  left_join (many-to-many)
[23:19:57] rep= 119  mem=6146.4MB  estimate_choice_model: start
[23:20:02] rep= 119  mem=6198.6MB  estimate_choice_model: done
[23:20:03] rep= 119  mem=6198.6MB  compute per_rep + ch_*
[23:20:03] rep= 119  mem=6203.3MB  free big intermediates
[23:20:03] rep= 119  mem=6094.0MB  summarize_boot_rep
[23:20:03] rep= 119  mem=6094.0MB  fwrite csv
[23:20:03] rep= 119  mem=6094.0MB  rep done in 7.0s
[23:20:04] rep= 120  mem=6089.3MB  rep start
[23:20:04] rep= 120  mem=6089.3MB  filter market_data
[23:20:04] rep= 120  mem=6117.8MB  sample ids
[23:20:04] rep= 120  mem=6117.9MB  left_join (many-to-many)
[23:20:04] rep= 120  mem=6146.4MB  estimate_choice_model: start
[23:20:10] rep= 120  mem=6198.6MB  estimate_choice_model: done
[23:20:10] rep= 120  mem=6198.6MB  compute per_rep + ch_*
[23:20:10] rep= 120  mem=6203.3MB  free big intermediates
[23:20:10] rep= 120  mem=6094.0MB  summarize_boot_rep
[23:20:10] rep= 120  mem=6094.0MB  fwrite csv
[23:20:10] rep= 120  mem=6094.0MB  rep done in 7.0s
[23:20:11] rep= 121  mem=6089.3MB  rep start
[23:20:11] rep= 121  mem=6089.3MB  filter market_data
[23:20:11] rep= 121  mem=6117.8MB  sample ids
[23:20:11] rep= 121  mem=6117.9MB  left_join (many-to-many)
[23:20:11] rep= 121  mem=6146.4MB  estimate_choice_model: start
[23:20:17] rep= 121  mem=6198.6MB  estimate_choice_model: done
[23:20:17] rep= 121  mem=6198.6MB  compute per_rep + ch_*
[23:20:17] rep= 121  mem=6203.3MB  free big intermediates
[23:20:17] rep= 121  mem=6094.0MB  summarize_boot_rep
[23:20:17] rep= 121  mem=6094.0MB  fwrite csv
[23:20:17] rep= 121  mem=6094.0MB  rep done in 6.9s
[23:20:18] rep= 122  mem=6089.3MB  rep start
[23:20:18] rep= 122  mem=6089.3MB  filter market_data
[23:20:18] rep= 122  mem=6117.8MB  sample ids
[23:20:18] rep= 122  mem=6117.9MB  left_join (many-to-many)
[23:20:18] rep= 122  mem=6146.4MB  estimate_choice_model: start
[23:20:24] rep= 122  mem=6198.6MB  estimate_choice_model: done
[23:20:24] rep= 122  mem=6198.6MB  compute per_rep + ch_*
[23:20:24] rep= 122  mem=6203.3MB  free big intermediates
[23:20:24] rep= 122  mem=6094.0MB  summarize_boot_rep
[23:20:24] rep= 122  mem=6094.0MB  fwrite csv
[23:20:25] rep= 122  mem=6094.0MB  rep done in 7.0s
[23:20:25] rep= 123  mem=6089.3MB  rep start
[23:20:25] rep= 123  mem=6089.3MB  filter market_data
[23:20:25] rep= 123  mem=6117.8MB  sample ids
[23:20:25] rep= 123  mem=6117.9MB  left_join (many-to-many)
[23:20:25] rep= 123  mem=6146.4MB  estimate_choice_model: start
[23:20:31] rep= 123  mem=6198.6MB  estimate_choice_model: done
[23:20:31] rep= 123  mem=6198.6MB  compute per_rep + ch_*
[23:20:31] rep= 123  mem=6203.3MB  free big intermediates
[23:20:31] rep= 123  mem=6094.0MB  summarize_boot_rep
[23:20:31] rep= 123  mem=6094.0MB  fwrite csv
[23:20:32] rep= 123  mem=6094.0MB  rep done in 6.9s
[23:20:32] rep= 124  mem=6089.3MB  rep start
[23:20:32] rep= 124  mem=6089.3MB  filter market_data
[23:20:32] rep= 124  mem=6117.8MB  sample ids
[23:20:32] rep= 124  mem=6117.9MB  left_join (many-to-many)
[23:20:32] rep= 124  mem=6146.4MB  estimate_choice_model: start
[23:20:38] rep= 124  mem=6198.6MB  estimate_choice_model: done
[23:20:38] rep= 124  mem=6198.6MB  compute per_rep + ch_*
[23:20:38] rep= 124  mem=6203.3MB  free big intermediates
[23:20:38] rep= 124  mem=6094.0MB  summarize_boot_rep
[23:20:39] rep= 124  mem=6094.0MB  fwrite csv
[23:20:39] rep= 124  mem=6094.0MB  rep done in 7.0s
[23:20:39] rep= 125  mem=6089.3MB  rep start
[23:20:39] rep= 125  mem=6089.3MB  filter market_data
[23:20:39] rep= 125  mem=6117.8MB  sample ids
[23:20:39] rep= 125  mem=6117.9MB  left_join (many-to-many)
[23:20:40] rep= 125  mem=6146.4MB  estimate_choice_model: start
[23:20:45] rep= 125  mem=6198.6MB  estimate_choice_model: done
[23:20:45] rep= 125  mem=6198.6MB  compute per_rep + ch_*
[23:20:45] rep= 125  mem=6203.3MB  free big intermediates
[23:20:45] rep= 125  mem=6094.0MB  summarize_boot_rep
[23:20:46] rep= 125  mem=6094.0MB  fwrite csv
[23:20:46] rep= 125  mem=6094.0MB  rep done in 6.9s
[23:20:46] rep= 126  mem=6089.3MB  rep start
[23:20:46] rep= 126  mem=6089.3MB  filter market_data
[23:20:46] rep= 126  mem=6117.8MB  sample ids
[23:20:46] rep= 126  mem=6117.9MB  left_join (many-to-many)
[23:20:47] rep= 126  mem=6146.4MB  estimate_choice_model: start
[23:20:52] rep= 126  mem=6198.6MB  estimate_choice_model: done
[23:20:52] rep= 126  mem=6198.6MB  compute per_rep + ch_*
[23:20:52] rep= 126  mem=6203.3MB  free big intermediates
[23:20:52] rep= 126  mem=6094.0MB  summarize_boot_rep
[23:20:53] rep= 126  mem=6094.0MB  fwrite csv
[23:20:53] rep= 126  mem=6094.0MB  rep done in 7.0s
[23:20:53] rep= 127  mem=6089.3MB  rep start
[23:20:53] rep= 127  mem=6089.3MB  filter market_data
[23:20:53] rep= 127  mem=6117.8MB  sample ids
[23:20:54] rep= 127  mem=6117.9MB  left_join (many-to-many)
[23:20:54] rep= 127  mem=6146.4MB  estimate_choice_model: start
[23:20:59] rep= 127  mem=6198.6MB  estimate_choice_model: done
[23:20:59] rep= 127  mem=6198.6MB  compute per_rep + ch_*
[23:20:59] rep= 127  mem=6203.3MB  free big intermediates
[23:21:00] rep= 127  mem=6094.0MB  summarize_boot_rep
[23:21:00] rep= 127  mem=6094.0MB  fwrite csv
[23:21:00] rep= 127  mem=6094.0MB  rep done in 7.0s
[23:21:00] rep= 128  mem=6089.3MB  rep start
[23:21:00] rep= 128  mem=6089.3MB  filter market_data
[23:21:01] rep= 128  mem=6117.8MB  sample ids
[23:21:01] rep= 128  mem=6117.9MB  left_join (many-to-many)
[23:21:01] rep= 128  mem=6146.4MB  estimate_choice_model: start
[23:21:06] rep= 128  mem=6198.6MB  estimate_choice_model: done
[23:21:06] rep= 128  mem=6198.6MB  compute per_rep + ch_*
[23:21:06] rep= 128  mem=6203.3MB  free big intermediates
[23:21:07] rep= 128  mem=6094.0MB  summarize_boot_rep
[23:21:07] rep= 128  mem=6094.0MB  fwrite csv
[23:21:07] rep= 128  mem=6094.0MB  rep done in 6.9s
[23:21:07] rep= 129  mem=6089.3MB  rep start
[23:21:07] rep= 129  mem=6089.3MB  filter market_data
[23:21:08] rep= 129  mem=6117.8MB  sample ids
[23:21:08] rep= 129  mem=6117.9MB  left_join (many-to-many)
[23:21:08] rep= 129  mem=6146.4MB  estimate_choice_model: start
[23:21:13] rep= 129  mem=6198.6MB  estimate_choice_model: done
[23:21:13] rep= 129  mem=6198.6MB  compute per_rep + ch_*
[23:21:13] rep= 129  mem=6203.3MB  free big intermediates
[23:21:14] rep= 129  mem=6094.0MB  summarize_boot_rep
[23:21:14] rep= 129  mem=6094.0MB  fwrite csv
[23:21:14] rep= 129  mem=6094.0MB  rep done in 7.0s
[23:21:14] rep= 130  mem=6089.3MB  rep start
[23:21:14] rep= 130  mem=6089.3MB  filter market_data
[23:21:15] rep= 130  mem=6117.8MB  sample ids
[23:21:15] rep= 130  mem=6117.9MB  left_join (many-to-many)
[23:21:15] rep= 130  mem=6146.4MB  estimate_choice_model: start
[23:21:20] rep= 130  mem=6198.6MB  estimate_choice_model: done
[23:21:20] rep= 130  mem=6198.6MB  compute per_rep + ch_*
[23:21:21] rep= 130  mem=6203.3MB  free big intermediates
[23:21:21] rep= 130  mem=6094.0MB  summarize_boot_rep
[23:21:21] rep= 130  mem=6094.0MB  fwrite csv
[23:21:21] rep= 130  mem=6094.0MB  rep done in 7.0s
[23:21:21] rep= 131  mem=6089.3MB  rep start
[23:21:21] rep= 131  mem=6089.3MB  filter market_data
[23:21:22] rep= 131  mem=6117.8MB  sample ids
[23:21:22] rep= 131  mem=6117.9MB  left_join (many-to-many)
[23:21:22] rep= 131  mem=6146.4MB  estimate_choice_model: start
[23:21:27] rep= 131  mem=6198.6MB  estimate_choice_model: done
[23:21:27] rep= 131  mem=6198.6MB  compute per_rep + ch_*
[23:21:28] rep= 131  mem=6203.3MB  free big intermediates
[23:21:28] rep= 131  mem=6094.0MB  summarize_boot_rep
[23:21:28] rep= 131  mem=6094.0MB  fwrite csv
[23:21:28] rep= 131  mem=6094.0MB  rep done in 7.0s
[23:21:28] rep= 132  mem=6089.3MB  rep start
[23:21:29] rep= 132  mem=6089.3MB  filter market_data
[23:21:29] rep= 132  mem=6117.8MB  sample ids
[23:21:29] rep= 132  mem=6117.9MB  left_join (many-to-many)
[23:21:29] rep= 132  mem=6146.4MB  estimate_choice_model: start
[23:21:35] rep= 132  mem=6198.6MB  estimate_choice_model: done
[23:21:35] rep= 132  mem=6198.6MB  compute per_rep + ch_*
[23:21:35] rep= 132  mem=6203.3MB  free big intermediates
[23:21:35] rep= 132  mem=6094.0MB  summarize_boot_rep
[23:21:35] rep= 132  mem=6094.0MB  fwrite csv
[23:21:35] rep= 132  mem=6094.0MB  rep done in 7.0s
[23:21:36] rep= 133  mem=6089.3MB  rep start
[23:21:36] rep= 133  mem=6089.3MB  filter market_data
[23:21:36] rep= 133  mem=6117.8MB  sample ids
[23:21:36] rep= 133  mem=6117.9MB  left_join (many-to-many)
[23:21:36] rep= 133  mem=6146.4MB  estimate_choice_model: start
[23:21:42] rep= 133  mem=6198.6MB  estimate_choice_model: done
[23:21:42] rep= 133  mem=6198.6MB  compute per_rep + ch_*
[23:21:42] rep= 133  mem=6203.3MB  free big intermediates
[23:21:42] rep= 133  mem=6094.0MB  summarize_boot_rep
[23:21:42] rep= 133  mem=6094.0MB  fwrite csv
[23:21:43] rep= 133  mem=6094.0MB  rep done in 7.0s
[23:21:43] rep= 134  mem=6089.3MB  rep start
[23:21:43] rep= 134  mem=6089.3MB  filter market_data
[23:21:43] rep= 134  mem=6117.8MB  sample ids
[23:21:43] rep= 134  mem=6117.9MB  left_join (many-to-many)
[23:21:43] rep= 134  mem=6146.4MB  estimate_choice_model: start
[23:21:49] rep= 134  mem=6198.6MB  estimate_choice_model: done
[23:21:49] rep= 134  mem=6198.6MB  compute per_rep + ch_*
[23:21:49] rep= 134  mem=6203.3MB  free big intermediates
[23:21:49] rep= 134  mem=6094.0MB  summarize_boot_rep
[23:21:49] rep= 134  mem=6094.0MB  fwrite csv
[23:21:49] rep= 134  mem=6094.0MB  rep done in 6.9s
[23:21:50] rep= 135  mem=6089.3MB  rep start
[23:21:50] rep= 135  mem=6089.3MB  filter market_data
[23:21:50] rep= 135  mem=6117.8MB  sample ids
[23:21:50] rep= 135  mem=6117.9MB  left_join (many-to-many)
[23:21:50] rep= 135  mem=6146.4MB  estimate_choice_model: start
[23:21:56] rep= 135  mem=6198.6MB  estimate_choice_model: done
[23:21:56] rep= 135  mem=6198.6MB  compute per_rep + ch_*
[23:21:56] rep= 135  mem=6203.3MB  free big intermediates
[23:21:56] rep= 135  mem=6094.0MB  summarize_boot_rep
[23:21:56] rep= 135  mem=6094.0MB  fwrite csv
[23:21:57] rep= 135  mem=6094.0MB  rep done in 7.0s
[23:21:57] rep= 136  mem=6089.3MB  rep start
[23:21:57] rep= 136  mem=6089.3MB  filter market_data
[23:21:57] rep= 136  mem=6117.8MB  sample ids
[23:21:57] rep= 136  mem=6117.9MB  left_join (many-to-many)
[23:21:57] rep= 136  mem=6146.4MB  estimate_choice_model: start
[23:22:03] rep= 136  mem=6198.6MB  estimate_choice_model: done
[23:22:03] rep= 136  mem=6198.6MB  compute per_rep + ch_*
[23:22:03] rep= 136  mem=6203.3MB  free big intermediates
[23:22:03] rep= 136  mem=6094.0MB  summarize_boot_rep
[23:22:03] rep= 136  mem=6094.0MB  fwrite csv
[23:22:04] rep= 136  mem=6094.0MB  rep done in 6.9s
[23:22:04] rep= 137  mem=6089.3MB  rep start
[23:22:04] rep= 137  mem=6089.3MB  filter market_data
[23:22:04] rep= 137  mem=6117.8MB  sample ids
[23:22:04] rep= 137  mem=6117.9MB  left_join (many-to-many)
[23:22:04] rep= 137  mem=6146.4MB  estimate_choice_model: start
[23:22:10] rep= 137  mem=6198.6MB  estimate_choice_model: done
[23:22:10] rep= 137  mem=6198.6MB  compute per_rep + ch_*
[23:22:10] rep= 137  mem=6203.3MB  free big intermediates
[23:22:10] rep= 137  mem=6094.0MB  summarize_boot_rep
[23:22:11] rep= 137  mem=6094.0MB  fwrite csv
[23:22:11] rep= 137  mem=6094.0MB  rep done in 7.0s
[23:22:11] rep= 138  mem=6089.3MB  rep start
[23:22:11] rep= 138  mem=6089.3MB  filter market_data
[23:22:11] rep= 138  mem=6117.8MB  sample ids
[23:22:11] rep= 138  mem=6117.9MB  left_join (many-to-many)
[23:22:11] rep= 138  mem=6146.4MB  estimate_choice_model: start
[23:22:17] rep= 138  mem=6198.6MB  estimate_choice_model: done
[23:22:17] rep= 138  mem=6198.6MB  compute per_rep + ch_*
[23:22:17] rep= 138  mem=6203.3MB  free big intermediates
[23:22:17] rep= 138  mem=6094.0MB  summarize_boot_rep
[23:22:18] rep= 138  mem=6094.0MB  fwrite csv
[23:22:18] rep= 138  mem=6094.0MB  rep done in 7.1s
[23:22:18] rep= 139  mem=6089.3MB  rep start
[23:22:18] rep= 139  mem=6089.3MB  filter market_data
[23:22:18] rep= 139  mem=6117.8MB  sample ids
[23:22:19] rep= 139  mem=6117.9MB  left_join (many-to-many)
[23:22:19] rep= 139  mem=6146.4MB  estimate_choice_model: start
[23:22:24] rep= 139  mem=6198.6MB  estimate_choice_model: done
[23:22:25] rep= 139  mem=6198.6MB  compute per_rep + ch_*
[23:22:25] rep= 139  mem=6203.3MB  free big intermediates
[23:22:25] rep= 139  mem=6094.0MB  summarize_boot_rep
[23:22:25] rep= 139  mem=6094.0MB  fwrite csv
[23:22:25] rep= 139  mem=6094.0MB  rep done in 7.3s
[23:22:26] rep= 140  mem=6089.3MB  rep start
[23:22:26] rep= 140  mem=6089.3MB  filter market_data
[23:22:26] rep= 140  mem=6117.8MB  sample ids
[23:22:26] rep= 140  mem=6117.9MB  left_join (many-to-many)
[23:22:26] rep= 140  mem=6146.4MB  estimate_choice_model: start
[23:22:32] rep= 140  mem=6198.6MB  estimate_choice_model: done
[23:22:32] rep= 140  mem=6198.6MB  compute per_rep + ch_*
[23:22:32] rep= 140  mem=6203.3MB  free big intermediates
[23:22:32] rep= 140  mem=6094.0MB  summarize_boot_rep
[23:22:32] rep= 140  mem=6094.0MB  fwrite csv
[23:22:32] rep= 140  mem=6094.0MB  rep done in 7.0s
[23:22:33] rep= 141  mem=6089.3MB  rep start
[23:22:33] rep= 141  mem=6089.3MB  filter market_data
[23:22:33] rep= 141  mem=6117.8MB  sample ids
[23:22:33] rep= 141  mem=6117.9MB  left_join (many-to-many)
[23:22:33] rep= 141  mem=6146.4MB  estimate_choice_model: start
[23:22:39] rep= 141  mem=6198.6MB  estimate_choice_model: done
[23:22:39] rep= 141  mem=6198.6MB  compute per_rep + ch_*
[23:22:39] rep= 141  mem=6203.3MB  free big intermediates
[23:22:39] rep= 141  mem=6094.0MB  summarize_boot_rep
[23:22:39] rep= 141  mem=6094.0MB  fwrite csv
[23:22:39] rep= 141  mem=6094.0MB  rep done in 6.9s
[23:22:40] rep=   0  mem=6089.3MB  === session quota of 25 reps reached, exiting ===
[23:23:01] rep=   0  mem=6087.8MB  === runner start, market = 10 , reps_per_session = 25 ===
[23:23:02] rep= 142  mem=6087.8MB  rep start
[23:23:02] rep= 142  mem=6087.8MB  filter market_data
[23:23:02] rep= 142  mem=6116.4MB  sample ids
[23:23:02] rep= 142  mem=6116.4MB  left_join (many-to-many)
[23:23:02] rep= 142  mem=6145.1MB  estimate_choice_model: start
[23:23:08] rep= 142  mem=6198.2MB  estimate_choice_model: done
[23:23:08] rep= 142  mem=6198.2MB  compute per_rep + ch_*
[23:23:08] rep= 142  mem=6202.9MB  free big intermediates
[23:23:08] rep= 142  mem=6093.6MB  summarize_boot_rep
[23:23:08] rep= 142  mem=6093.9MB  fwrite csv
[23:23:08] rep= 142  mem=6093.9MB  rep done in 7.0s
[23:23:09] rep= 143  mem=6089.3MB  rep start
[23:23:09] rep= 143  mem=6089.3MB  filter market_data
[23:23:09] rep= 143  mem=6117.8MB  sample ids
[23:23:09] rep= 143  mem=6117.9MB  left_join (many-to-many)
[23:23:09] rep= 143  mem=6146.4MB  estimate_choice_model: start
[23:23:15] rep= 143  mem=6198.6MB  estimate_choice_model: done
[23:23:15] rep= 143  mem=6198.6MB  compute per_rep + ch_*
[23:23:15] rep= 143  mem=6203.3MB  free big intermediates
[23:23:15] rep= 143  mem=6094.0MB  summarize_boot_rep
[23:23:16] rep= 143  mem=6094.0MB  fwrite csv
[23:23:16] rep= 143  mem=6094.0MB  rep done in 7.1s
[23:23:16] rep= 144  mem=6089.3MB  rep start
[23:23:16] rep= 144  mem=6089.3MB  filter market_data
[23:23:16] rep= 144  mem=6117.8MB  sample ids
[23:23:16] rep= 144  mem=6117.9MB  left_join (many-to-many)
[23:23:16] rep= 144  mem=6146.4MB  estimate_choice_model: start
[23:23:22] rep= 144  mem=6198.6MB  estimate_choice_model: done
[23:23:22] rep= 144  mem=6198.6MB  compute per_rep + ch_*
[23:23:22] rep= 144  mem=6203.3MB  free big intermediates
[23:23:22] rep= 144  mem=6094.0MB  summarize_boot_rep
[23:23:23] rep= 144  mem=6094.0MB  fwrite csv
[23:23:23] rep= 144  mem=6094.0MB  rep done in 7.0s
[23:23:23] rep= 145  mem=6089.3MB  rep start
[23:23:23] rep= 145  mem=6089.3MB  filter market_data
[23:23:23] rep= 145  mem=6117.8MB  sample ids
[23:23:23] rep= 145  mem=6117.9MB  left_join (many-to-many)
[23:23:24] rep= 145  mem=6146.4MB  estimate_choice_model: start
[23:23:29] rep= 145  mem=6198.6MB  estimate_choice_model: done
[23:23:29] rep= 145  mem=6198.6MB  compute per_rep + ch_*
[23:23:29] rep= 145  mem=6203.3MB  free big intermediates
[23:23:29] rep= 145  mem=6094.0MB  summarize_boot_rep
[23:23:51] rep=   0  mem=6087.8MB  === runner start, market = 10 , reps_per_session = 25 ===
[23:23:51] rep= 145  mem=6087.8MB  rep start
[23:23:51] rep= 145  mem=6087.8MB  filter market_data
[23:23:52] rep= 145  mem=6116.4MB  sample ids
[23:23:52] rep= 145  mem=6116.4MB  left_join (many-to-many)
[23:23:52] rep= 145  mem=6145.1MB  estimate_choice_model: start
[23:23:57] rep= 145  mem=6198.2MB  estimate_choice_model: done
[23:23:57] rep= 145  mem=6198.2MB  compute per_rep + ch_*
[23:23:57] rep= 145  mem=6202.9MB  free big intermediates
[23:23:58] rep= 145  mem=6093.6MB  summarize_boot_rep
[23:23:58] rep= 145  mem=6093.9MB  fwrite csv
[23:23:58] rep= 145  mem=6093.9MB  rep done in 7.0s
[23:23:58] rep= 146  mem=6089.3MB  rep start
[23:23:58] rep= 146  mem=6089.3MB  filter market_data
[23:23:59] rep= 146  mem=6117.8MB  sample ids
[23:23:59] rep= 146  mem=6117.9MB  left_join (many-to-many)
[23:23:59] rep= 146  mem=6146.4MB  estimate_choice_model: start
[23:24:04] rep= 146  mem=6198.6MB  estimate_choice_model: done
[23:24:04] rep= 146  mem=6198.6MB  compute per_rep + ch_*
[23:24:05] rep= 146  mem=6203.3MB  free big intermediates
[23:24:05] rep= 146  mem=6094.0MB  summarize_boot_rep
[23:24:05] rep= 146  mem=6094.0MB  fwrite csv
[23:24:05] rep= 146  mem=6094.0MB  rep done in 7.0s
[23:24:05] rep= 147  mem=6089.3MB  rep start
[23:24:05] rep= 147  mem=6089.3MB  filter market_data
[23:24:06] rep= 147  mem=6117.8MB  sample ids
[23:24:06] rep= 147  mem=6117.9MB  left_join (many-to-many)
[23:24:06] rep= 147  mem=6146.4MB  estimate_choice_model: start
[23:24:11] rep= 147  mem=6198.6MB  estimate_choice_model: done
[23:24:12] rep= 147  mem=6198.6MB  compute per_rep + ch_*
[23:24:12] rep= 147  mem=6203.3MB  free big intermediates
[23:24:12] rep= 147  mem=6094.0MB  summarize_boot_rep
[23:24:12] rep= 147  mem=6094.0MB  fwrite csv
[23:24:12] rep= 147  mem=6094.0MB  rep done in 7.0s
[23:24:12] rep= 148  mem=6089.3MB  rep start
[23:24:13] rep= 148  mem=6089.3MB  filter market_data
[23:24:13] rep= 148  mem=6117.8MB  sample ids
[23:24:13] rep= 148  mem=6117.9MB  left_join (many-to-many)
[23:24:13] rep= 148  mem=6146.4MB  estimate_choice_model: start
[23:24:19] rep= 148  mem=6198.6MB  estimate_choice_model: done
[23:24:19] rep= 148  mem=6198.6MB  compute per_rep + ch_*
[23:24:19] rep= 148  mem=6203.3MB  free big intermediates
[23:24:19] rep= 148  mem=6094.0MB  summarize_boot_rep
[23:24:19] rep= 148  mem=6094.0MB  fwrite csv
[23:24:19] rep= 148  mem=6094.0MB  rep done in 7.1s
[23:24:20] rep= 149  mem=6089.3MB  rep start
[23:24:20] rep= 149  mem=6089.3MB  filter market_data
[23:24:20] rep= 149  mem=6117.8MB  sample ids
[23:24:20] rep= 149  mem=6117.9MB  left_join (many-to-many)
[23:24:20] rep= 149  mem=6146.4MB  estimate_choice_model: start
[23:24:26] rep= 149  mem=6198.6MB  estimate_choice_model: done
[23:24:26] rep= 149  mem=6198.6MB  compute per_rep + ch_*
[23:24:26] rep= 149  mem=6203.3MB  free big intermediates
[23:24:26] rep= 149  mem=6094.0MB  summarize_boot_rep
[23:24:26] rep= 149  mem=6094.0MB  fwrite csv
[23:24:26] rep= 149  mem=6094.0MB  rep done in 6.9s
[23:24:27] rep= 150  mem=6089.3MB  rep start
[23:24:27] rep= 150  mem=6089.3MB  filter market_data
[23:24:27] rep= 150  mem=6117.8MB  sample ids
[23:24:27] rep= 150  mem=6117.9MB  left_join (many-to-many)
[23:24:27] rep= 150  mem=6146.4MB  estimate_choice_model: start
[23:24:33] rep= 150  mem=6198.6MB  estimate_choice_model: done
[23:24:33] rep= 150  mem=6198.6MB  compute per_rep + ch_*
[23:24:33] rep= 150  mem=6203.3MB  free big intermediates
[23:24:33] rep= 150  mem=6094.0MB  summarize_boot_rep
[23:24:33] rep= 150  mem=6094.0MB  fwrite csv
[23:24:34] rep= 150  mem=6094.0MB  rep done in 7.0s
